Vivado Simulator 2019.2
Copyright 1986-1999, 2001-2019 Xilinx, Inc. All Rights Reserved.
Running: C:/Xilinx/Vivado/2019.2/bin/unwrapped/win64.o/xelab.exe -wto 445c04171bff4277ad120979d24676fb --incr --debug typical --relax --mt 2 --maxdelay -L xil_defaultlib -L simprims_ver -L secureip --snapshot multiplyXBar_tb_time_impl -transport_int_delays -pulse_r 0 -pulse_int_r 0 -pulse_e 0 -pulse_int_e 0 xil_defaultlib.multiplyXBar_tb xil_defaultlib.glbl -log elaborate.log 
Using 2 slave threads.
Starting static elaboration
Pass Through NonSizing Optimizer
Completed static elaboration
Starting simulation data flow analysis
Completed simulation data flow analysis
INFO: [XSIM 43-3451] SDF backannotation process started with SDF file "multiplyXBar_tb_time_impl.sdf", for root module "multiplyXBar_tb/uut".
INFO: [XSIM 43-3452] SDF backannotation was successful for SDF file "multiplyXBar_tb_time_impl.sdf", for root module "multiplyXBar_tb/uut".
Time Resolution for simulation is 1ps
Compiling module simprims_ver.x_lut2_mux4
Compiling module simprims_ver.LUT2
Compiling module simprims_ver.CARRY4
Compiling module simprims_ver.LUT6
Compiling module simprims_ver.LUT4
Compiling module simprims_ver.FDRE_default
Compiling module xil_defaultlib.multiplyComputePynq_32
Compiling module xil_defaultlib.SingleBuffer_34
Compiling module xil_defaultlib.SingleBuffer_35
Compiling module xil_defaultlib.ParallelBuffer_33
Compiling module xil_defaultlib.integercomputeBlockPynq
Compiling module xil_defaultlib.multiplyComputePynq_28
Compiling module xil_defaultlib.SingleBuffer_30
Compiling module xil_defaultlib.SingleBuffer_31
Compiling module xil_defaultlib.ParallelBuffer_29
Compiling module xil_defaultlib.integercomputeBlockPynq_0
Compiling module xil_defaultlib.multiplyComputePynq_24
Compiling module xil_defaultlib.SingleBuffer_26
Compiling module xil_defaultlib.SingleBuffer_27
Compiling module xil_defaultlib.ParallelBuffer_25
Compiling module xil_defaultlib.integercomputeBlockPynq_1
Compiling module xil_defaultlib.multiplyComputePynq_20
Compiling module xil_defaultlib.SingleBuffer_22
Compiling module xil_defaultlib.SingleBuffer_23
Compiling module xil_defaultlib.ParallelBuffer_21
Compiling module xil_defaultlib.integercomputeBlockPynq_2
Compiling module xil_defaultlib.multiplyComputePynq_16
Compiling module xil_defaultlib.SingleBuffer_18
Compiling module xil_defaultlib.SingleBuffer_19
Compiling module xil_defaultlib.ParallelBuffer_17
Compiling module xil_defaultlib.integercomputeBlockPynq_3
Compiling module xil_defaultlib.multiplyComputePynq_12
Compiling module xil_defaultlib.SingleBuffer_14
Compiling module xil_defaultlib.SingleBuffer_15
Compiling module xil_defaultlib.ParallelBuffer_13
Compiling module xil_defaultlib.integercomputeBlockPynq_4
Compiling module xil_defaultlib.multiplyComputePynq_8
Compiling module xil_defaultlib.SingleBuffer_10
Compiling module xil_defaultlib.SingleBuffer_11
Compiling module xil_defaultlib.ParallelBuffer_9
Compiling module xil_defaultlib.integercomputeBlockPynq_5
Compiling module xil_defaultlib.multiplyComputePynq
Compiling module xil_defaultlib.SingleBuffer
Compiling module xil_defaultlib.SingleBuffer_7
Compiling module xil_defaultlib.ParallelBuffer
Compiling module xil_defaultlib.integercomputeBlockPynq_6
Compiling module simprims_ver.IBUF
Compiling module simprims_ver.BUFG
Compiling module simprims_ver.OBUF
Compiling module xil_defaultlib.mux
Compiling module simprims_ver.latchsre_ldce
Compiling module simprims_ver.LDCE
Compiling module simprims_ver.x_lut3_mux8
Compiling module simprims_ver.LUT3
Compiling module simprims_ver.MUXF8
Compiling module simprims_ver.MUXF7
Compiling module simprims_ver.LUT5
Compiling module xil_defaultlib.XBar
Compiling module xil_defaultlib.multiplyXBar
Compiling module xil_defaultlib.multiplyXBar_tb
Compiling module xil_defaultlib.glbl
Built simulation snapshot multiplyXBar_tb_time_impl
