Copyright 1986-2020 Xilinx, Inc. All Rights Reserved.
----------------------------------------------------------------------------------------------------------------------------------------------------
| Tool Version     : Vivado v.2020.1 (win64) Build 2902540 Wed May 27 19:54:49 MDT 2020
| Date             : Tue May 11 16:22:44 2021
| Host             : DESKTOP-RPQ2DOT running 64-bit major release  (build 9200)
| Command          : report_power -file top_simple_power_routed.rpt -pb top_simple_power_summary_routed.pb -rpx top_simple_power_routed.rpx
| Design           : top_simple
| Device           : xc7z020clg400-1
| Design State     : routed
| Grade            : commercial
| Process          : typical
| Characterization : Production
----------------------------------------------------------------------------------------------------------------------------------------------------

Power Report

Table of Contents
-----------------
1. Summary
1.1 On-Chip Components
1.2 Power Supply Summary
1.3 Confidence Level
2. Settings
2.1 Environment
2.2 Clock Constraints
3. Detailed Reports
3.1 By Hierarchy

1. Summary
----------

+--------------------------+--------------+
| Total On-Chip Power (W)  | 1.781        |
| Design Power Budget (W)  | Unspecified* |
| Power Budget Margin (W)  | NA           |
| Dynamic (W)              | 1.633        |
| Device Static (W)        | 0.149        |
| Effective TJA (C/W)      | 11.5         |
| Max Ambient (C)          | 64.5         |
| Junction Temperature (C) | 45.5         |
| Confidence Level         | Medium       |
| Setting File             | ---          |
| Simulation Activity File | ---          |
| Design Nets Matched      | NA           |
+--------------------------+--------------+
* Specify Design Power Budget using, set_operating_conditions -design_power_budget <value in Watts>


1.1 On-Chip Components
----------------------

+--------------------------+-----------+----------+-----------+-----------------+
| On-Chip                  | Power (W) | Used     | Available | Utilization (%) |
+--------------------------+-----------+----------+-----------+-----------------+
| Clocks                   |     0.149 |        4 |       --- |             --- |
| Slice Logic              |     0.084 |   112581 |       --- |             --- |
|   LUT as Logic           |     0.072 |    40271 |     53200 |           75.70 |
|   LUT as Distributed RAM |     0.004 |     1430 |     17400 |            8.22 |
|   Register               |     0.003 |    48784 |    106400 |           45.85 |
|   CARRY4                 |     0.002 |     1123 |     13300 |            8.44 |
|   LUT as Shift Register  |     0.001 |     2831 |     17400 |           16.27 |
|   F7/F8 Muxes            |     0.001 |     2579 |     53200 |            4.85 |
|   Others                 |     0.000 |     4291 |       --- |             --- |
| Signals                  |     0.113 |    80038 |       --- |             --- |
| Block RAM                |     0.030 |       48 |       140 |           34.29 |
| DSPs                     |    <0.001 |       18 |       220 |            8.18 |
| PS7                      |     1.256 |        1 |       --- |             --- |
| Static Power             |     0.149 |          |           |                 |
| Total                    |     1.781 |          |           |                 |
+--------------------------+-----------+----------+-----------+-----------------+


1.2 Power Supply Summary
------------------------

+-----------+-------------+-----------+-------------+------------+-------------+-------------+------------+
| Source    | Voltage (V) | Total (A) | Dynamic (A) | Static (A) | Powerup (A) | Budget (A)  | Margin (A) |
+-----------+-------------+-----------+-------------+------------+-------------+-------------+------------+
| Vccint    |       1.000 |     0.391 |       0.374 |      0.017 |       NA    | Unspecified | NA         |
| Vccaux    |       1.800 |     0.016 |       0.000 |      0.016 |       NA    | Unspecified | NA         |
| Vcco33    |       3.300 |     0.000 |       0.000 |      0.000 |       NA    | Unspecified | NA         |
| Vcco25    |       2.500 |     0.000 |       0.000 |      0.000 |       NA    | Unspecified | NA         |
| Vcco18    |       1.800 |     0.000 |       0.000 |      0.000 |       NA    | Unspecified | NA         |
| Vcco15    |       1.500 |     0.000 |       0.000 |      0.000 |       NA    | Unspecified | NA         |
| Vcco135   |       1.350 |     0.000 |       0.000 |      0.000 |       NA    | Unspecified | NA         |
| Vcco12    |       1.200 |     0.000 |       0.000 |      0.000 |       NA    | Unspecified | NA         |
| Vccaux_io |       1.800 |     0.000 |       0.000 |      0.000 |       NA    | Unspecified | NA         |
| Vccbram   |       1.000 |     0.006 |       0.002 |      0.004 |       NA    | Unspecified | NA         |
| MGTAVcc   |       1.000 |     0.000 |       0.000 |      0.000 |       NA    | Unspecified | NA         |
| MGTAVtt   |       1.200 |     0.000 |       0.000 |      0.000 |       NA    | Unspecified | NA         |
| MGTVccaux |       1.800 |     0.000 |       0.000 |      0.000 |       NA    | Unspecified | NA         |
| Vccpint   |       1.000 |     0.678 |       0.647 |      0.031 |       NA    | Unspecified | NA         |
| Vccpaux   |       1.800 |     0.036 |       0.026 |      0.010 |       NA    | Unspecified | NA         |
| Vccpll    |       1.800 |     0.017 |       0.014 |      0.003 |       NA    | Unspecified | NA         |
| Vcco_ddr  |       1.500 |     0.354 |       0.352 |      0.002 |       NA    | Unspecified | NA         |
| Vcco_mio0 |       3.300 |     0.003 |       0.002 |      0.001 |       NA    | Unspecified | NA         |
| Vcco_mio1 |       1.800 |     0.003 |       0.002 |      0.001 |       NA    | Unspecified | NA         |
| Vccadc    |       1.800 |     0.020 |       0.000 |      0.020 |       NA    | Unspecified | NA         |
+-----------+-------------+-----------+-------------+------------+-------------+-------------+------------+


1.3 Confidence Level
--------------------

+-----------------------------+------------+------------------------------------------------+------------------------------------------------------------------------------------------------------------+
| User Input Data             | Confidence | Details                                        | Action                                                                                                     |
+-----------------------------+------------+------------------------------------------------+------------------------------------------------------------------------------------------------------------+
| Design implementation state | High       | Design is routed                               |                                                                                                            |
| Clock nodes activity        | High       | User specified more than 95% of clocks         |                                                                                                            |
| I/O nodes activity          | High       | User specified more than 95% of inputs         |                                                                                                            |
| Internal nodes activity     | Medium     | User specified less than 25% of internal nodes | Provide missing internal nodes activity with simulation results or by editing the "By Resource Type" views |
| Device models               | High       | Device models are Production                   |                                                                                                            |
|                             |            |                                                |                                                                                                            |
| Overall confidence level    | Medium     |                                                |                                                                                                            |
+-----------------------------+------------+------------------------------------------------+------------------------------------------------------------------------------------------------------------+


2. Settings
-----------

2.1 Environment
---------------

+-----------------------+------------------------+
| Ambient Temp (C)      | 25.0                   |
| ThetaJA (C/W)         | 11.5                   |
| Airflow (LFM)         | 250                    |
| Heat Sink             | none                   |
| ThetaSA (C/W)         | 0.0                    |
| Board Selection       | medium (10"x10")       |
| # of Board Layers     | 8to11 (8 to 11 Layers) |
| Board Temperature (C) | 25.0                   |
+-----------------------+------------------------+


2.2 Clock Constraints
---------------------

+--------------------------------------------------------------------------------------------+----------------------------------------------------------------------------+-----------------+
| Clock                                                                                      | Domain                                                                     | Constraint (ns) |
+--------------------------------------------------------------------------------------------+----------------------------------------------------------------------------+-----------------+
| clk_fpga_0                                                                                 | nolabel_line46/design_2_i/processing_system7_0/inst/FCLK_CLK_unbuffered[0] |            10.0 |
| dbg_hub/inst/BSCANID.u_xsdbm_id/SWITCH_N_EXT_BSCAN.bscan_inst/SERIES7_BSCAN.bscan_inst/TCK | dbg_hub/inst/BSCANID.u_xsdbm_id/SWITCH_N_EXT_BSCAN.bscan_inst/tck_bs       |            33.0 |
+--------------------------------------------------------------------------------------------+----------------------------------------------------------------------------+-----------------+


3. Detailed Reports
-------------------

3.1 By Hierarchy
----------------

+-----------------------------+-----------+
| Name                        | Power (W) |
+-----------------------------+-----------+
| top_simple                  |     1.633 |
|   conv_layer1               |     0.020 |
|     conv_controller         |     0.020 |
|       genblk1[0].br_coupler |     0.001 |
|       genblk1[0].bram_ila   |     0.008 |
|   conv_layer3               |     0.037 |
|     conv_controller         |     0.037 |
|       genblk1[0].br_coupler |     0.001 |
|       genblk1[0].bram_ila   |     0.008 |
|   dbg_hub                   |     0.003 |
|     inst                    |     0.003 |
|       BSCANID.u_xsdbm_id    |     0.003 |
|   nolabel_line46            |     1.520 |
|     design_2_i              |     1.480 |
|       axi_dma_0             |     0.006 |
|       ila_0                 |     0.021 |
|       ila_1                 |     0.007 |
|       ila_2                 |     0.007 |
|       ila_3                 |     0.021 |
|       ila_4                 |     0.021 |
|       ila_5                 |     0.021 |
|       processing_system7_0  |     1.257 |
|       smartconnect_0        |     0.098 |
|       smartconnect_1        |     0.022 |
|   pool_layer2               |     0.022 |
|     pool_controller         |     0.022 |
|       genblk1[0].br_coupler |     0.003 |
|   pool_layer4               |     0.018 |
|     pool_controller         |     0.018 |
|       genblk1[0].br_coupler |     0.002 |
+-----------------------------+-----------+


