
*** Running vivado
    with args -log design_1_dvi2rgb_0_0.vds -m64 -product Vivado -mode batch -messageDb vivado.pb -notrace -source design_1_dvi2rgb_0_0.tcl



****** Vivado v2020.1 (64-bit)
  **** SW Build 2902540 on Wed May 27 19:54:49 MDT 2020
  **** IP Build 2902112 on Wed May 27 22:43:36 MDT 2020
    ** Copyright 1986-2020 Xilinx, Inc. All Rights Reserved.

source design_1_dvi2rgb_0_0.tcl -notrace
INFO: [IP_Flow 19-234] Refreshing IP repositories
INFO: [IP_Flow 19-1700] Loaded user IP repository 'c:/Users/monke/Downloads/SobelPTDemoReady.xpr/SobelPTDemoReady/SobelPTDemoReady.ipdefs/digilentRepo_0'.
INFO: [IP_Flow 19-2313] Loaded Vivado IP repository 'C:/Xilinx/Vivado/2020.1/data/ip'.
WARNING: [IP_Flow 19-4995] The host OS only allows 260 characters in a normal path. The IP cache path is more than 80 characters. If you experience issues with IP caching, please consider changing the IP cache to a location with a shorter path. Alternately consider using the OS subst command to map part of the path to a drive letter. 
Current IP cache path is c:/Users/monke/Downloads/SobelPTDemoReady.xpr/SobelPTDemoReady/SobelPTDemoReady.cache/ip 
Command: synth_design -top design_1_dvi2rgb_0_0 -part xc7z020clg400-1 -mode out_of_context
Starting synth_design
Attempting to get a license for feature 'Synthesis' and/or device 'xc7z020'
INFO: [Common 17-349] Got license for feature 'Synthesis' and/or device 'xc7z020'
INFO: [Device 21-403] Loading part xc7z020clg400-1
INFO: [Synth 8-7079] Multithreading enabled for synth_design using a maximum of 2 processes.
INFO: [Synth 8-7078] Launching helper process for spawning children vivado processes
INFO: [Synth 8-7075] Helper process launched with PID 7688
---------------------------------------------------------------------------------
Starting RTL Elaboration : Time (s): cpu = 00:00:08 ; elapsed = 00:00:09 . Memory (MB): peak = 1105.984 ; gain = 25.105
---------------------------------------------------------------------------------
WARNING: [Synth 8-1565] actual for formal port arst is neither a static name nor a globally static expression [c:/Users/monke/Downloads/SobelPTDemoReady.xpr/SobelPTDemoReady/SobelPTDemoReady.srcs/sources_1/bd/design_1/ipshared/80ae/src/TMDS_Clocking.vhd:139]
WARNING: [Synth 8-1565] actual for formal port arst is neither a static name nor a globally static expression [c:/Users/monke/Downloads/SobelPTDemoReady.xpr/SobelPTDemoReady/SobelPTDemoReady.srcs/sources_1/bd/design_1/ipshared/80ae/src/dvi2rgb.vhd:211]
WARNING: [Synth 8-1565] actual for formal port potherchrdy is neither a static name nor a globally static expression [c:/Users/monke/Downloads/SobelPTDemoReady.xpr/SobelPTDemoReady/SobelPTDemoReady.srcs/sources_1/bd/design_1/ipshared/80ae/src/dvi2rgb.vhd:232]
WARNING: [Synth 8-1565] actual for formal port potherchvld is neither a static name nor a globally static expression [c:/Users/monke/Downloads/SobelPTDemoReady.xpr/SobelPTDemoReady/SobelPTDemoReady.srcs/sources_1/bd/design_1/ipshared/80ae/src/dvi2rgb.vhd:233]
INFO: [Synth 8-638] synthesizing module 'design_1_dvi2rgb_0_0' [c:/Users/monke/Downloads/SobelPTDemoReady.xpr/SobelPTDemoReady/SobelPTDemoReady.srcs/sources_1/bd/design_1/ip/design_1_dvi2rgb_0_0/synth/design_1_dvi2rgb_0_0.vhd:80]
	Parameter kEmulateDDC bound to: 1 - type: bool 
	Parameter kRstActiveHigh bound to: 0 - type: bool 
	Parameter kClkRange bound to: 2 - type: integer 
	Parameter kIDLY_TapValuePs bound to: 78 - type: integer 
	Parameter kIDLY_TapWidth bound to: 5 - type: integer 
	Parameter kAddBUFG bound to: 1 - type: bool 
	Parameter kEdidFileName bound to: dgl_720p_cea.data - type: string 
	Parameter kDebug bound to: 0 - type: bool 
INFO: [Synth 8-3491] module 'dvi2rgb' declared at 'c:/Users/monke/Downloads/SobelPTDemoReady.xpr/SobelPTDemoReady/SobelPTDemoReady.srcs/sources_1/bd/design_1/ipshared/80ae/src/dvi2rgb.vhd:64' bound to instance 'U0' of component 'dvi2rgb' [c:/Users/monke/Downloads/SobelPTDemoReady.xpr/SobelPTDemoReady/SobelPTDemoReady.srcs/sources_1/bd/design_1/ip/design_1_dvi2rgb_0_0/synth/design_1_dvi2rgb_0_0.vhd:151]
INFO: [Synth 8-638] synthesizing module 'dvi2rgb' [c:/Users/monke/Downloads/SobelPTDemoReady.xpr/SobelPTDemoReady/SobelPTDemoReady.srcs/sources_1/bd/design_1/ipshared/80ae/src/dvi2rgb.vhd:111]
	Parameter kEmulateDDC bound to: 1 - type: bool 
	Parameter kRstActiveHigh bound to: 0 - type: bool 
	Parameter kAddBUFG bound to: 1 - type: bool 
	Parameter kClkRange bound to: 2 - type: integer 
	Parameter kEdidFileName bound to: dgl_720p_cea.data - type: string 
	Parameter kDebug bound to: 0 - type: bool 
	Parameter kIDLY_TapValuePs bound to: 78 - type: integer 
	Parameter kIDLY_TapWidth bound to: 5 - type: integer 
INFO: [Synth 8-638] synthesizing module 'TMDS_Clocking' [c:/Users/monke/Downloads/SobelPTDemoReady.xpr/SobelPTDemoReady/SobelPTDemoReady.srcs/sources_1/bd/design_1/ipshared/80ae/src/TMDS_Clocking.vhd:84]
	Parameter kClkRange bound to: 2 - type: integer 
INFO: [Synth 8-638] synthesizing module 'ResetBridge' [c:/Users/monke/Downloads/SobelPTDemoReady.xpr/SobelPTDemoReady/SobelPTDemoReady.srcs/sources_1/bd/design_1/ipshared/80ae/src/SyncAsyncReset.vhd:72]
	Parameter kPolarity bound to: 1'b1 
INFO: [Synth 8-638] synthesizing module 'SyncAsync' [c:/Users/monke/Downloads/SobelPTDemoReady.xpr/SobelPTDemoReady/SobelPTDemoReady.srcs/sources_1/bd/design_1/ipshared/80ae/src/SyncAsync.vhd:72]
	Parameter kResetTo bound to: 1'b1 
	Parameter kStages bound to: 2 - type: integer 
INFO: [Synth 8-256] done synthesizing module 'SyncAsync' (1#1) [c:/Users/monke/Downloads/SobelPTDemoReady.xpr/SobelPTDemoReady/SobelPTDemoReady.srcs/sources_1/bd/design_1/ipshared/80ae/src/SyncAsync.vhd:72]
INFO: [Synth 8-256] done synthesizing module 'ResetBridge' (2#1) [c:/Users/monke/Downloads/SobelPTDemoReady.xpr/SobelPTDemoReady/SobelPTDemoReady.srcs/sources_1/bd/design_1/ipshared/80ae/src/SyncAsyncReset.vhd:72]
	Parameter SIM_DEVICE bound to: 7SERIES - type: string 
INFO: [Synth 8-113] binding component instance 'IDelayCtrlX' to cell 'IDELAYCTRL' [c:/Users/monke/Downloads/SobelPTDemoReady.xpr/SobelPTDemoReady/SobelPTDemoReady.srcs/sources_1/bd/design_1/ipshared/80ae/src/TMDS_Clocking.vhd:129]
	Parameter CAPACITANCE bound to: DONT_CARE - type: string 
	Parameter DIFF_TERM bound to: 0 - type: bool 
	Parameter DQS_BIAS bound to: FALSE - type: string 
	Parameter IBUF_DELAY_VALUE bound to: 0 - type: string 
	Parameter IBUF_LOW_PWR bound to: 1 - type: bool 
	Parameter IFD_DELAY_VALUE bound to: AUTO - type: string 
	Parameter IOSTANDARD bound to: TMDS_33 - type: string 
INFO: [Synth 8-113] binding component instance 'InputBuffer' to cell 'IBUFDS' [c:/Users/monke/Downloads/SobelPTDemoReady.xpr/SobelPTDemoReady/SobelPTDemoReady.srcs/sources_1/bd/design_1/ipshared/80ae/src/TMDS_Clocking.vhd:143]
	Parameter BANDWIDTH bound to: OPTIMIZED - type: string 
	Parameter CLKFBOUT_MULT_F bound to: 10.000000 - type: double 
	Parameter CLKFBOUT_PHASE bound to: 0.000000 - type: double 
	Parameter CLKFBOUT_USE_FINE_PS bound to: 0 - type: bool 
	Parameter CLKIN1_PERIOD bound to: 12.000000 - type: double 
	Parameter CLKIN2_PERIOD bound to: 0.000000 - type: double 
	Parameter CLKOUT0_DIVIDE_F bound to: 2.000000 - type: double 
	Parameter CLKOUT0_DUTY_CYCLE bound to: 0.500000 - type: double 
	Parameter CLKOUT0_PHASE bound to: 0.000000 - type: double 
	Parameter CLKOUT0_USE_FINE_PS bound to: 0 - type: bool 
	Parameter CLKOUT1_DIVIDE bound to: 1 - type: integer 
	Parameter CLKOUT1_DUTY_CYCLE bound to: 0.500000 - type: double 
	Parameter CLKOUT1_PHASE bound to: 0.000000 - type: double 
	Parameter CLKOUT1_USE_FINE_PS bound to: 0 - type: bool 
	Parameter CLKOUT2_DIVIDE bound to: 1 - type: integer 
	Parameter CLKOUT2_DUTY_CYCLE bound to: 0.500000 - type: double 
	Parameter CLKOUT2_PHASE bound to: 0.000000 - type: double 
	Parameter CLKOUT2_USE_FINE_PS bound to: 0 - type: bool 
	Parameter CLKOUT3_DIVIDE bound to: 1 - type: integer 
	Parameter CLKOUT3_DUTY_CYCLE bound to: 0.500000 - type: double 
	Parameter CLKOUT3_PHASE bound to: 0.000000 - type: double 
	Parameter CLKOUT3_USE_FINE_PS bound to: 0 - type: bool 
	Parameter CLKOUT4_CASCADE bound to: 0 - type: bool 
	Parameter CLKOUT4_DIVIDE bound to: 1 - type: integer 
	Parameter CLKOUT4_DUTY_CYCLE bound to: 0.500000 - type: double 
	Parameter CLKOUT4_PHASE bound to: 0.000000 - type: double 
	Parameter CLKOUT4_USE_FINE_PS bound to: 0 - type: bool 
	Parameter CLKOUT5_DIVIDE bound to: 1 - type: integer 
	Parameter CLKOUT5_DUTY_CYCLE bound to: 0.500000 - type: double 
	Parameter CLKOUT5_PHASE bound to: 0.000000 - type: double 
	Parameter CLKOUT5_USE_FINE_PS bound to: 0 - type: bool 
	Parameter CLKOUT6_DIVIDE bound to: 1 - type: integer 
	Parameter CLKOUT6_DUTY_CYCLE bound to: 0.500000 - type: double 
	Parameter CLKOUT6_PHASE bound to: 0.000000 - type: double 
	Parameter CLKOUT6_USE_FINE_PS bound to: 0 - type: bool 
	Parameter COMPENSATION bound to: ZHOLD - type: string 
	Parameter DIVCLK_DIVIDE bound to: 1 - type: integer 
	Parameter IS_CLKINSEL_INVERTED bound to: 1'b0 
	Parameter IS_PSEN_INVERTED bound to: 1'b0 
	Parameter IS_PSINCDEC_INVERTED bound to: 1'b0 
	Parameter IS_PWRDWN_INVERTED bound to: 1'b0 
	Parameter IS_RST_INVERTED bound to: 1'b0 
	Parameter REF_JITTER1 bound to: 0.010000 - type: double 
	Parameter REF_JITTER2 bound to: 0.000000 - type: double 
	Parameter SS_EN bound to: FALSE - type: string 
	Parameter SS_MODE bound to: CENTER_HIGH - type: string 
	Parameter SS_MOD_PERIOD bound to: 10000 - type: integer 
	Parameter STARTUP_WAIT bound to: 0 - type: bool 
INFO: [Synth 8-113] binding component instance 'DVI_ClkGenerator' to cell 'MMCME2_ADV' [c:/Users/monke/Downloads/SobelPTDemoReady.xpr/SobelPTDemoReady/SobelPTDemoReady.srcs/sources_1/bd/design_1/ipshared/80ae/src/TMDS_Clocking.vhd:184]
INFO: [Synth 8-113] binding component instance 'SerialClkBuffer' to cell 'BUFIO' [c:/Users/monke/Downloads/SobelPTDemoReady.xpr/SobelPTDemoReady/SobelPTDemoReady.srcs/sources_1/bd/design_1/ipshared/80ae/src/TMDS_Clocking.vhd:243]
	Parameter BUFR_DIVIDE bound to: 5 - type: string 
	Parameter SIM_DEVICE bound to: 7SERIES - type: string 
INFO: [Synth 8-113] binding component instance 'PixelClkBuffer' to cell 'BUFR' [c:/Users/monke/Downloads/SobelPTDemoReady.xpr/SobelPTDemoReady/SobelPTDemoReady.srcs/sources_1/bd/design_1/ipshared/80ae/src/TMDS_Clocking.vhd:249]
INFO: [Synth 8-638] synthesizing module 'SyncAsync__parameterized0' [c:/Users/monke/Downloads/SobelPTDemoReady.xpr/SobelPTDemoReady/SobelPTDemoReady.srcs/sources_1/bd/design_1/ipshared/80ae/src/SyncAsync.vhd:72]
	Parameter kResetTo bound to: 1'b0 
	Parameter kStages bound to: 2 - type: integer 
INFO: [Synth 8-256] done synthesizing module 'SyncAsync__parameterized0' (2#1) [c:/Users/monke/Downloads/SobelPTDemoReady.xpr/SobelPTDemoReady/SobelPTDemoReady.srcs/sources_1/bd/design_1/ipshared/80ae/src/SyncAsync.vhd:72]
INFO: [Synth 8-256] done synthesizing module 'TMDS_Clocking' (3#1) [c:/Users/monke/Downloads/SobelPTDemoReady.xpr/SobelPTDemoReady/SobelPTDemoReady.srcs/sources_1/bd/design_1/ipshared/80ae/src/TMDS_Clocking.vhd:84]
INFO: [Synth 8-638] synthesizing module 'TMDS_Decoder' [c:/Users/monke/Downloads/SobelPTDemoReady.xpr/SobelPTDemoReady/SobelPTDemoReady.srcs/sources_1/bd/design_1/ipshared/80ae/src/TMDS_Decoder.vhd:98]
	Parameter kCtlTknCount bound to: 128 - type: integer 
	Parameter kTimeoutMs bound to: 50 - type: integer 
	Parameter kRefClkFrqMHz bound to: 200 - type: integer 
	Parameter kIDLY_TapValuePs bound to: 78 - type: integer 
	Parameter kIDLY_TapWidth bound to: 5 - type: integer 
INFO: [Synth 8-638] synthesizing module 'InputSERDES' [c:/Users/monke/Downloads/SobelPTDemoReady.xpr/SobelPTDemoReady/SobelPTDemoReady.srcs/sources_1/bd/design_1/ipshared/80ae/src/InputSERDES.vhd:85]
	Parameter kIDLY_TapWidth bound to: 5 - type: integer 
	Parameter kParallelWidth bound to: 10 - type: integer 
	Parameter CAPACITANCE bound to: DONT_CARE - type: string 
	Parameter DIFF_TERM bound to: 0 - type: bool 
	Parameter DQS_BIAS bound to: FALSE - type: string 
	Parameter IBUF_DELAY_VALUE bound to: 0 - type: string 
	Parameter IBUF_LOW_PWR bound to: 1 - type: bool 
	Parameter IFD_DELAY_VALUE bound to: AUTO - type: string 
	Parameter IOSTANDARD bound to: TMDS_33 - type: string 
INFO: [Synth 8-113] binding component instance 'InputBuffer' to cell 'IBUFDS' [c:/Users/monke/Downloads/SobelPTDemoReady.xpr/SobelPTDemoReady/SobelPTDemoReady.srcs/sources_1/bd/design_1/ipshared/80ae/src/InputSERDES.vhd:92]
	Parameter CINVCTRL_SEL bound to: FALSE - type: string 
	Parameter DELAY_SRC bound to: IDATAIN - type: string 
	Parameter HIGH_PERFORMANCE_MODE bound to: TRUE - type: string 
	Parameter IDELAY_TYPE bound to: VARIABLE - type: string 
	Parameter IDELAY_VALUE bound to: 0 - type: integer 
	Parameter IS_C_INVERTED bound to: 1'b0 
	Parameter IS_DATAIN_INVERTED bound to: 1'b0 
	Parameter IS_IDATAIN_INVERTED bound to: 1'b0 
	Parameter PIPE_SEL bound to: FALSE - type: string 
	Parameter REFCLK_FREQUENCY bound to: 200.000000 - type: double 
	Parameter SIGNAL_PATTERN bound to: DATA - type: string 
INFO: [Synth 8-113] binding component instance 'InputDelay' to cell 'IDELAYE2' [c:/Users/monke/Downloads/SobelPTDemoReady.xpr/SobelPTDemoReady/SobelPTDemoReady.srcs/sources_1/bd/design_1/ipshared/80ae/src/InputSERDES.vhd:102]
	Parameter DATA_RATE bound to: DDR - type: string 
	Parameter DATA_WIDTH bound to: 10 - type: integer 
	Parameter DYN_CLKDIV_INV_EN bound to: FALSE - type: string 
	Parameter DYN_CLK_INV_EN bound to: FALSE - type: string 
	Parameter INIT_Q1 bound to: 1'b0 
	Parameter INIT_Q2 bound to: 1'b0 
	Parameter INIT_Q3 bound to: 1'b0 
	Parameter INIT_Q4 bound to: 1'b0 
	Parameter INTERFACE_TYPE bound to: NETWORKING - type: string 
	Parameter IOBDELAY bound to: IFD - type: string 
	Parameter IS_CLKB_INVERTED bound to: 1'b0 
	Parameter IS_CLKDIVP_INVERTED bound to: 1'b0 
	Parameter IS_CLKDIV_INVERTED bound to: 1'b0 
	Parameter IS_CLK_INVERTED bound to: 1'b0 
	Parameter IS_D_INVERTED bound to: 1'b0 
	Parameter IS_OCLKB_INVERTED bound to: 1'b0 
	Parameter IS_OCLK_INVERTED bound to: 1'b0 
	Parameter NUM_CE bound to: 2 - type: integer 
	Parameter OFB_USED bound to: FALSE - type: string 
	Parameter SERDES_MODE bound to: MASTER - type: string 
	Parameter SRVAL_Q1 bound to: 1'b0 
	Parameter SRVAL_Q2 bound to: 1'b0 
	Parameter SRVAL_Q3 bound to: 1'b0 
	Parameter SRVAL_Q4 bound to: 1'b0 
INFO: [Synth 8-113] binding component instance 'DeserializerMaster' to cell 'ISERDESE2' [c:/Users/monke/Downloads/SobelPTDemoReady.xpr/SobelPTDemoReady/SobelPTDemoReady.srcs/sources_1/bd/design_1/ipshared/80ae/src/InputSERDES.vhd:130]
	Parameter DATA_RATE bound to: DDR - type: string 
	Parameter DATA_WIDTH bound to: 10 - type: integer 
	Parameter DYN_CLKDIV_INV_EN bound to: FALSE - type: string 
	Parameter DYN_CLK_INV_EN bound to: FALSE - type: string 
	Parameter INIT_Q1 bound to: 1'b0 
	Parameter INIT_Q2 bound to: 1'b0 
	Parameter INIT_Q3 bound to: 1'b0 
	Parameter INIT_Q4 bound to: 1'b0 
	Parameter INTERFACE_TYPE bound to: NETWORKING - type: string 
	Parameter IOBDELAY bound to: IFD - type: string 
	Parameter IS_CLKB_INVERTED bound to: 1'b0 
	Parameter IS_CLKDIVP_INVERTED bound to: 1'b0 
	Parameter IS_CLKDIV_INVERTED bound to: 1'b0 
	Parameter IS_CLK_INVERTED bound to: 1'b0 
	Parameter IS_D_INVERTED bound to: 1'b0 
	Parameter IS_OCLKB_INVERTED bound to: 1'b0 
	Parameter IS_OCLK_INVERTED bound to: 1'b0 
	Parameter NUM_CE bound to: 2 - type: integer 
	Parameter OFB_USED bound to: FALSE - type: string 
	Parameter SERDES_MODE bound to: SLAVE - type: string 
	Parameter SRVAL_Q1 bound to: 1'b0 
	Parameter SRVAL_Q2 bound to: 1'b0 
	Parameter SRVAL_Q3 bound to: 1'b0 
	Parameter SRVAL_Q4 bound to: 1'b0 
INFO: [Synth 8-113] binding component instance 'DeserializerSlave' to cell 'ISERDESE2' [c:/Users/monke/Downloads/SobelPTDemoReady.xpr/SobelPTDemoReady/SobelPTDemoReady.srcs/sources_1/bd/design_1/ipshared/80ae/src/InputSERDES.vhd:172]
INFO: [Synth 8-256] done synthesizing module 'InputSERDES' (4#1) [c:/Users/monke/Downloads/SobelPTDemoReady.xpr/SobelPTDemoReady/SobelPTDemoReady.srcs/sources_1/bd/design_1/ipshared/80ae/src/InputSERDES.vhd:85]
INFO: [Synth 8-638] synthesizing module 'SyncBase' [c:/Users/monke/Downloads/SobelPTDemoReady.xpr/SobelPTDemoReady/SobelPTDemoReady.srcs/sources_1/bd/design_1/ipshared/80ae/src/SyncBase.vhd:74]
	Parameter kResetTo bound to: 1'b0 
	Parameter kStages bound to: 2 - type: integer 
INFO: [Synth 8-638] synthesizing module 'SyncAsync__parameterized1' [c:/Users/monke/Downloads/SobelPTDemoReady.xpr/SobelPTDemoReady/SobelPTDemoReady.srcs/sources_1/bd/design_1/ipshared/80ae/src/SyncAsync.vhd:72]
	Parameter kResetTo bound to: 1'b0 
	Parameter kStages bound to: 2 - type: integer 
INFO: [Synth 8-256] done synthesizing module 'SyncAsync__parameterized1' (4#1) [c:/Users/monke/Downloads/SobelPTDemoReady.xpr/SobelPTDemoReady/SobelPTDemoReady.srcs/sources_1/bd/design_1/ipshared/80ae/src/SyncAsync.vhd:72]
INFO: [Synth 8-256] done synthesizing module 'SyncBase' (5#1) [c:/Users/monke/Downloads/SobelPTDemoReady.xpr/SobelPTDemoReady/SobelPTDemoReady.srcs/sources_1/bd/design_1/ipshared/80ae/src/SyncBase.vhd:74]
INFO: [Synth 8-638] synthesizing module 'SyncBase__parameterized0' [c:/Users/monke/Downloads/SobelPTDemoReady.xpr/SobelPTDemoReady/SobelPTDemoReady.srcs/sources_1/bd/design_1/ipshared/80ae/src/SyncBase.vhd:74]
	Parameter kResetTo bound to: 1'b1 
	Parameter kStages bound to: 2 - type: integer 
INFO: [Synth 8-256] done synthesizing module 'SyncBase__parameterized0' (5#1) [c:/Users/monke/Downloads/SobelPTDemoReady.xpr/SobelPTDemoReady/SobelPTDemoReady.srcs/sources_1/bd/design_1/ipshared/80ae/src/SyncBase.vhd:74]
INFO: [Synth 8-638] synthesizing module 'PhaseAlign' [c:/Users/monke/Downloads/SobelPTDemoReady.xpr/SobelPTDemoReady/SobelPTDemoReady.srcs/sources_1/bd/design_1/ipshared/80ae/src/PhaseAlign.vhd:95]
	Parameter kUseFastAlgorithm bound to: 0 - type: bool 
	Parameter kCtlTknCount bound to: 128 - type: integer 
	Parameter kIDLY_TapValuePs bound to: 78 - type: integer 
	Parameter kIDLY_TapWidth bound to: 5 - type: integer 
INFO: [Synth 8-256] done synthesizing module 'PhaseAlign' (6#1) [c:/Users/monke/Downloads/SobelPTDemoReady.xpr/SobelPTDemoReady/SobelPTDemoReady.srcs/sources_1/bd/design_1/ipshared/80ae/src/PhaseAlign.vhd:95]
INFO: [Synth 8-638] synthesizing module 'ChannelBond' [c:/Users/monke/Downloads/SobelPTDemoReady.xpr/SobelPTDemoReady/SobelPTDemoReady.srcs/sources_1/bd/design_1/ipshared/80ae/src/ChannelBond.vhd:74]
INFO: [Synth 8-256] done synthesizing module 'ChannelBond' (7#1) [c:/Users/monke/Downloads/SobelPTDemoReady.xpr/SobelPTDemoReady/SobelPTDemoReady.srcs/sources_1/bd/design_1/ipshared/80ae/src/ChannelBond.vhd:74]
INFO: [Synth 8-256] done synthesizing module 'TMDS_Decoder' (8#1) [c:/Users/monke/Downloads/SobelPTDemoReady.xpr/SobelPTDemoReady/SobelPTDemoReady.srcs/sources_1/bd/design_1/ipshared/80ae/src/TMDS_Decoder.vhd:98]
INFO: [Synth 8-638] synthesizing module 'ResyncToBUFG' [c:/Users/monke/Downloads/SobelPTDemoReady.xpr/SobelPTDemoReady/SobelPTDemoReady.srcs/sources_1/bd/design_1/ipshared/80ae/src/ResyncToBUFG.vhd:78]
INFO: [Synth 8-113] binding component instance 'InstBUFG' to cell 'BUFG' [c:/Users/monke/Downloads/SobelPTDemoReady.xpr/SobelPTDemoReady/SobelPTDemoReady.srcs/sources_1/bd/design_1/ipshared/80ae/src/ResyncToBUFG.vhd:84]
INFO: [Synth 8-256] done synthesizing module 'ResyncToBUFG' (9#1) [c:/Users/monke/Downloads/SobelPTDemoReady.xpr/SobelPTDemoReady/SobelPTDemoReady.srcs/sources_1/bd/design_1/ipshared/80ae/src/ResyncToBUFG.vhd:78]
INFO: [Synth 8-638] synthesizing module 'EEPROM_8b' [c:/Users/monke/Downloads/SobelPTDemoReady.xpr/SobelPTDemoReady/SobelPTDemoReady.srcs/sources_1/bd/design_1/ipshared/80ae/src/EEPROM_8b.vhd:85]
	Parameter kSampleClkFreqInMHz bound to: 200 - type: integer 
	Parameter kSlaveAddress bound to: 7'b1010000 
	Parameter kAddrBits bound to: 8 - type: integer 
	Parameter kWritable bound to: 0 - type: bool 
	Parameter kInitFileName bound to: dgl_720p_cea.data - type: string 
INFO: [Synth 8-638] synthesizing module 'TWI_SlaveCtl' [c:/Users/monke/Downloads/SobelPTDemoReady.xpr/SobelPTDemoReady/SobelPTDemoReady.srcs/sources_1/bd/design_1/ipshared/80ae/src/TWI_SlaveCtl.vhd:87]
	Parameter SLAVE_ADDRESS bound to: 8'b10100000 
	Parameter kSampleClkFreqInMHz bound to: 200 - type: integer 
INFO: [Synth 8-638] synthesizing module 'GlitchFilter' [c:/Users/monke/Downloads/SobelPTDemoReady.xpr/SobelPTDemoReady/SobelPTDemoReady.srcs/sources_1/bd/design_1/ipshared/80ae/src/GlitchFilter.vhd:69]
	Parameter kNoOfPeriodsToFilter bound to: 10 - type: integer 
INFO: [Synth 8-256] done synthesizing module 'GlitchFilter' (10#1) [c:/Users/monke/Downloads/SobelPTDemoReady.xpr/SobelPTDemoReady/SobelPTDemoReady.srcs/sources_1/bd/design_1/ipshared/80ae/src/GlitchFilter.vhd:69]
INFO: [Synth 8-256] done synthesizing module 'TWI_SlaveCtl' (11#1) [c:/Users/monke/Downloads/SobelPTDemoReady.xpr/SobelPTDemoReady/SobelPTDemoReady.srcs/sources_1/bd/design_1/ipshared/80ae/src/TWI_SlaveCtl.vhd:87]
INFO: [Synth 8-226] default block is never used [c:/Users/monke/Downloads/SobelPTDemoReady.xpr/SobelPTDemoReady/SobelPTDemoReady.srcs/sources_1/bd/design_1/ipshared/80ae/src/EEPROM_8b.vhd:201]
INFO: [Synth 8-256] done synthesizing module 'EEPROM_8b' (12#1) [c:/Users/monke/Downloads/SobelPTDemoReady.xpr/SobelPTDemoReady/SobelPTDemoReady.srcs/sources_1/bd/design_1/ipshared/80ae/src/EEPROM_8b.vhd:85]
INFO: [Synth 8-256] done synthesizing module 'dvi2rgb' (13#1) [c:/Users/monke/Downloads/SobelPTDemoReady.xpr/SobelPTDemoReady/SobelPTDemoReady.srcs/sources_1/bd/design_1/ipshared/80ae/src/dvi2rgb.vhd:111]
INFO: [Synth 8-256] done synthesizing module 'design_1_dvi2rgb_0_0' (14#1) [c:/Users/monke/Downloads/SobelPTDemoReady.xpr/SobelPTDemoReady/SobelPTDemoReady.srcs/sources_1/bd/design_1/ip/design_1_dvi2rgb_0_0/synth/design_1_dvi2rgb_0_0.vhd:80]
---------------------------------------------------------------------------------
Finished RTL Elaboration : Time (s): cpu = 00:00:15 ; elapsed = 00:00:17 . Memory (MB): peak = 1380.453 ; gain = 299.574
---------------------------------------------------------------------------------
---------------------------------------------------------------------------------
Start Handling Custom Attributes
---------------------------------------------------------------------------------
---------------------------------------------------------------------------------
Finished Handling Custom Attributes : Time (s): cpu = 00:00:15 ; elapsed = 00:00:18 . Memory (MB): peak = 1380.453 ; gain = 299.574
---------------------------------------------------------------------------------
---------------------------------------------------------------------------------
Finished RTL Optimization Phase 1 : Time (s): cpu = 00:00:15 ; elapsed = 00:00:18 . Memory (MB): peak = 1380.453 ; gain = 299.574
---------------------------------------------------------------------------------
Netlist sorting complete. Time (s): cpu = 00:00:00 ; elapsed = 00:00:00.015 . Memory (MB): peak = 1380.453 ; gain = 0.000
INFO: [Netlist 29-17] Analyzing 15 Unisim elements for replacement
INFO: [Netlist 29-28] Unisim Transformation completed in 0 CPU seconds
INFO: [Project 1-570] Preparing netlist for logic optimization

Processing XDC Constraints
Initializing timing engine
CRITICAL WARNING: [Designutils 20-1280] Could not find module 'ila_pixclk'. The XDC file c:/Users/monke/Downloads/SobelPTDemoReady.xpr/SobelPTDemoReady/SobelPTDemoReady.srcs/sources_1/bd/design_1/ip/design_1_dvi2rgb_0_0/src/ila_pixclk/ila_v6_2/constraints/ila.xdc will not be read for any cell of this module.
CRITICAL WARNING: [Designutils 20-1280] Could not find module 'ila_refclk'. The XDC file c:/Users/monke/Downloads/SobelPTDemoReady.xpr/SobelPTDemoReady/SobelPTDemoReady.srcs/sources_1/bd/design_1/ip/design_1_dvi2rgb_0_0/src/ila_refclk/ila_v6_2/constraints/ila.xdc will not be read for any cell of this module.
Parsing XDC File [c:/Users/monke/Downloads/SobelPTDemoReady.xpr/SobelPTDemoReady/SobelPTDemoReady.srcs/sources_1/bd/design_1/ip/design_1_dvi2rgb_0_0/src/dvi2rgb.xdc] for cell 'U0'
Finished Parsing XDC File [c:/Users/monke/Downloads/SobelPTDemoReady.xpr/SobelPTDemoReady/SobelPTDemoReady.srcs/sources_1/bd/design_1/ip/design_1_dvi2rgb_0_0/src/dvi2rgb.xdc] for cell 'U0'
Parsing XDC File [c:/Users/monke/Downloads/SobelPTDemoReady.xpr/SobelPTDemoReady/SobelPTDemoReady.srcs/sources_1/bd/design_1/ip/design_1_dvi2rgb_0_0/src/dvi2rgb_ooc.xdc] for cell 'U0'
Finished Parsing XDC File [c:/Users/monke/Downloads/SobelPTDemoReady.xpr/SobelPTDemoReady/SobelPTDemoReady.srcs/sources_1/bd/design_1/ip/design_1_dvi2rgb_0_0/src/dvi2rgb_ooc.xdc] for cell 'U0'
Parsing XDC File [C:/Users/monke/Downloads/SobelPTDemoReady.xpr/SobelPTDemoReady/SobelPTDemoReady.runs/design_1_dvi2rgb_0_0_synth_1/dont_touch.xdc]
Finished Parsing XDC File [C:/Users/monke/Downloads/SobelPTDemoReady.xpr/SobelPTDemoReady/SobelPTDemoReady.runs/design_1_dvi2rgb_0_0_synth_1/dont_touch.xdc]
INFO: [Project 1-236] Implementation specific constraints were found while reading constraint file [C:/Users/monke/Downloads/SobelPTDemoReady.xpr/SobelPTDemoReady/SobelPTDemoReady.runs/design_1_dvi2rgb_0_0_synth_1/dont_touch.xdc]. These constraints will be ignored for synthesis but will be used in implementation. Impacted constraints are listed in the file [.Xil/design_1_dvi2rgb_0_0_propImpl.xdc].
Resolution: To avoid this warning, move constraints listed in [.Xil/design_1_dvi2rgb_0_0_propImpl.xdc] to another XDC file and exclude this new file from synthesis with the used_in_synthesis property (File Properties dialog in GUI) and re-run elaboration/synthesis.
INFO: [Timing 38-2] Deriving generated clocks
Parsing XDC File [c:/Users/monke/Downloads/SobelPTDemoReady.xpr/SobelPTDemoReady/SobelPTDemoReady.srcs/sources_1/bd/design_1/ip/design_1_dvi2rgb_0_0/src/ila_timing_workaround.xdc] for cell 'U0'
WARNING: [Vivado 12-180] No cells matched 'get_cells -hierarchical -filter { NAME =~  "*ila_core_inst/u_ila_regs/reg_15/I_EN_CTL_EQ1.U_CTL/xsdb_reg_reg*" && IS_SEQUENTIAL }'. [c:/Users/monke/Downloads/SobelPTDemoReady.xpr/SobelPTDemoReady/SobelPTDemoReady.srcs/sources_1/bd/design_1/ip/design_1_dvi2rgb_0_0/src/ila_timing_workaround.xdc:1]
WARNING: [Vivado 12-180] No cells matched 'get_cells -hierarchical -filter { NAME =~ "*ila_core_inst/use_probe_debug_circuit_2_reg*" && IS_SEQUENTIAL}'. [c:/Users/monke/Downloads/SobelPTDemoReady.xpr/SobelPTDemoReady/SobelPTDemoReady.srcs/sources_1/bd/design_1/ip/design_1_dvi2rgb_0_0/src/ila_timing_workaround.xdc:1]
CRITICAL WARNING: [Vivado 12-4739] set_false_path:No valid object(s) found for '-from [get_cells -hierarchical -filter { NAME =~  "*ila_core_inst/u_ila_regs/reg_15/I_EN_CTL_EQ1.U_CTL/xsdb_reg_reg*" && IS_SEQUENTIAL }]'. [c:/Users/monke/Downloads/SobelPTDemoReady.xpr/SobelPTDemoReady/SobelPTDemoReady.srcs/sources_1/bd/design_1/ip/design_1_dvi2rgb_0_0/src/ila_timing_workaround.xdc:1]
Resolution: Check if the specified object(s) exists in the current design. If it does, ensure that the correct design hierarchy was specified for the object. If you are working with clocks, make sure create_clock was used to create the clock object before it is referenced.
WARNING: [Vivado 12-180] No cells matched 'get_cells -hierarchical -filter { NAME =~  "*ila_core_inst/u_ila_regs/reg_15/I_EN_CTL_EQ1.U_CTL/xsdb_reg_reg*" && IS_SEQUENTIAL }'. [c:/Users/monke/Downloads/SobelPTDemoReady.xpr/SobelPTDemoReady/SobelPTDemoReady.srcs/sources_1/bd/design_1/ip/design_1_dvi2rgb_0_0/src/ila_timing_workaround.xdc:2]
WARNING: [Vivado 12-180] No cells matched 'get_cells -hierarchical -filter { NAME =~ "*ila_core_inst/en_adv_trigger_2_reg*" && IS_SEQUENTIAL}'. [c:/Users/monke/Downloads/SobelPTDemoReady.xpr/SobelPTDemoReady/SobelPTDemoReady.srcs/sources_1/bd/design_1/ip/design_1_dvi2rgb_0_0/src/ila_timing_workaround.xdc:2]
CRITICAL WARNING: [Vivado 12-4739] set_false_path:No valid object(s) found for '-from [get_cells -hierarchical -filter { NAME =~  "*ila_core_inst/u_ila_regs/reg_15/I_EN_CTL_EQ1.U_CTL/xsdb_reg_reg*" && IS_SEQUENTIAL }]'. [c:/Users/monke/Downloads/SobelPTDemoReady.xpr/SobelPTDemoReady/SobelPTDemoReady.srcs/sources_1/bd/design_1/ip/design_1_dvi2rgb_0_0/src/ila_timing_workaround.xdc:2]
Resolution: Check if the specified object(s) exists in the current design. If it does, ensure that the correct design hierarchy was specified for the object. If you are working with clocks, make sure create_clock was used to create the clock object before it is referenced.
WARNING: [Vivado 12-180] No cells matched 'get_cells -hierarchical -filter { NAME =~  "*ila_core_inst/u_ila_regs/reg_1a/I_EN_CTL_EQ1.U_CTL/xsdb_reg_reg*" && IS_SEQUENTIAL }'. [c:/Users/monke/Downloads/SobelPTDemoReady.xpr/SobelPTDemoReady/SobelPTDemoReady.srcs/sources_1/bd/design_1/ip/design_1_dvi2rgb_0_0/src/ila_timing_workaround.xdc:3]
WARNING: [Vivado 12-180] No cells matched 'get_cells -hierarchical -filter { NAME =~ "*ila_core_inst/en_adv_trigger_2_reg*" && IS_SEQUENTIAL}'. [c:/Users/monke/Downloads/SobelPTDemoReady.xpr/SobelPTDemoReady/SobelPTDemoReady.srcs/sources_1/bd/design_1/ip/design_1_dvi2rgb_0_0/src/ila_timing_workaround.xdc:3]
CRITICAL WARNING: [Vivado 12-4739] set_false_path:No valid object(s) found for '-from [get_cells -hierarchical -filter { NAME =~  "*ila_core_inst/u_ila_regs/reg_1a/I_EN_CTL_EQ1.U_CTL/xsdb_reg_reg*" && IS_SEQUENTIAL }]'. [c:/Users/monke/Downloads/SobelPTDemoReady.xpr/SobelPTDemoReady/SobelPTDemoReady.srcs/sources_1/bd/design_1/ip/design_1_dvi2rgb_0_0/src/ila_timing_workaround.xdc:3]
Resolution: Check if the specified object(s) exists in the current design. If it does, ensure that the correct design hierarchy was specified for the object. If you are working with clocks, make sure create_clock was used to create the clock object before it is referenced.
WARNING: [Vivado 12-180] No cells matched 'get_cells -hierarchical -filter { NAME =~  "*ila_core_inst/u_ila_reset_ctrl/asyncrounous_transfer.arm_in_transfer_inst/dout_reg*" && IS_SEQUENTIAL }'. [c:/Users/monke/Downloads/SobelPTDemoReady.xpr/SobelPTDemoReady/SobelPTDemoReady.srcs/sources_1/bd/design_1/ip/design_1_dvi2rgb_0_0/src/ila_timing_workaround.xdc:4]
WARNING: [Vivado 12-180] No cells matched 'get_cells -hierarchical -filter { NAME =~  "*ila_core_inst/u_ila_reset_ctrl/asyncrounous_transfer.arm_in_transfer_inst/temp_reg0_reg*" && IS_SEQUENTIAL }'. [c:/Users/monke/Downloads/SobelPTDemoReady.xpr/SobelPTDemoReady/SobelPTDemoReady.srcs/sources_1/bd/design_1/ip/design_1_dvi2rgb_0_0/src/ila_timing_workaround.xdc:4]
CRITICAL WARNING: [Vivado 12-4739] set_false_path:No valid object(s) found for '-from [get_cells -hierarchical -filter { NAME =~  "*ila_core_inst/u_ila_reset_ctrl/asyncrounous_transfer.arm_in_transfer_inst/dout_reg*" && IS_SEQUENTIAL }]'. [c:/Users/monke/Downloads/SobelPTDemoReady.xpr/SobelPTDemoReady/SobelPTDemoReady.srcs/sources_1/bd/design_1/ip/design_1_dvi2rgb_0_0/src/ila_timing_workaround.xdc:4]
Resolution: Check if the specified object(s) exists in the current design. If it does, ensure that the correct design hierarchy was specified for the object. If you are working with clocks, make sure create_clock was used to create the clock object before it is referenced.
WARNING: [Vivado 12-180] No cells matched 'get_cells -hierarchical -filter { NAME =~  "*ila_core_inst/u_ila_reset_ctrl/asyncrounous_transfer.halt_in_transfer_inst/dout_reg*" && IS_SEQUENTIAL }'. [c:/Users/monke/Downloads/SobelPTDemoReady.xpr/SobelPTDemoReady/SobelPTDemoReady.srcs/sources_1/bd/design_1/ip/design_1_dvi2rgb_0_0/src/ila_timing_workaround.xdc:5]
WARNING: [Vivado 12-180] No cells matched 'get_cells -hierarchical -filter { NAME =~  "*ila_core_inst/u_ila_reset_ctrl/asyncrounous_transfer.halt_in_transfer_inst/temp_reg0_reg*" && IS_SEQUENTIAL }'. [c:/Users/monke/Downloads/SobelPTDemoReady.xpr/SobelPTDemoReady/SobelPTDemoReady.srcs/sources_1/bd/design_1/ip/design_1_dvi2rgb_0_0/src/ila_timing_workaround.xdc:5]
CRITICAL WARNING: [Vivado 12-4739] set_false_path:No valid object(s) found for '-from [get_cells -hierarchical -filter { NAME =~  "*ila_core_inst/u_ila_reset_ctrl/asyncrounous_transfer.halt_in_transfer_inst/dout_reg*" && IS_SEQUENTIAL }]'. [c:/Users/monke/Downloads/SobelPTDemoReady.xpr/SobelPTDemoReady/SobelPTDemoReady.srcs/sources_1/bd/design_1/ip/design_1_dvi2rgb_0_0/src/ila_timing_workaround.xdc:5]
Resolution: Check if the specified object(s) exists in the current design. If it does, ensure that the correct design hierarchy was specified for the object. If you are working with clocks, make sure create_clock was used to create the clock object before it is referenced.
WARNING: [Vivado 12-180] No cells matched 'get_cells -hierarchical -filter { NAME =~  "*ila_core_inst/u_ila_reset_ctrl/asyncrounous_transfer.halt_out_transfer_inst/dout_reg*" && IS_SEQUENTIAL }'. [c:/Users/monke/Downloads/SobelPTDemoReady.xpr/SobelPTDemoReady/SobelPTDemoReady.srcs/sources_1/bd/design_1/ip/design_1_dvi2rgb_0_0/src/ila_timing_workaround.xdc:6]
WARNING: [Vivado 12-180] No cells matched 'get_cells -hierarchical -filter { NAME =~  "*ila_core_inst/u_ila_reset_ctrl/asyncrounous_transfer.halt_out_transfer_inst/temp_reg0_reg*" && IS_SEQUENTIAL }'. [c:/Users/monke/Downloads/SobelPTDemoReady.xpr/SobelPTDemoReady/SobelPTDemoReady.srcs/sources_1/bd/design_1/ip/design_1_dvi2rgb_0_0/src/ila_timing_workaround.xdc:6]
CRITICAL WARNING: [Vivado 12-4739] set_false_path:No valid object(s) found for '-from [get_cells -hierarchical -filter { NAME =~  "*ila_core_inst/u_ila_reset_ctrl/asyncrounous_transfer.halt_out_transfer_inst/dout_reg*" && IS_SEQUENTIAL }]'. [c:/Users/monke/Downloads/SobelPTDemoReady.xpr/SobelPTDemoReady/SobelPTDemoReady.srcs/sources_1/bd/design_1/ip/design_1_dvi2rgb_0_0/src/ila_timing_workaround.xdc:6]
Resolution: Check if the specified object(s) exists in the current design. If it does, ensure that the correct design hierarchy was specified for the object. If you are working with clocks, make sure create_clock was used to create the clock object before it is referenced.
WARNING: [Vivado 12-180] No cells matched 'get_cells -hierarchical -filter { NAME =~  "*ila_core_inst/u_ila_reset_ctrl/asyncrounous_transfer.arm_out_transfer_inst/dout_reg*" && IS_SEQUENTIAL }'. [c:/Users/monke/Downloads/SobelPTDemoReady.xpr/SobelPTDemoReady/SobelPTDemoReady.srcs/sources_1/bd/design_1/ip/design_1_dvi2rgb_0_0/src/ila_timing_workaround.xdc:7]
WARNING: [Vivado 12-180] No cells matched 'get_cells -hierarchical -filter { NAME =~  "*ila_core_inst/u_ila_reset_ctrl/asyncrounous_transfer.arm_out_transfer_inst/temp_reg0_reg*" && IS_SEQUENTIAL }'. [c:/Users/monke/Downloads/SobelPTDemoReady.xpr/SobelPTDemoReady/SobelPTDemoReady.srcs/sources_1/bd/design_1/ip/design_1_dvi2rgb_0_0/src/ila_timing_workaround.xdc:7]
CRITICAL WARNING: [Vivado 12-4739] set_false_path:No valid object(s) found for '-from [get_cells -hierarchical -filter { NAME =~  "*ila_core_inst/u_ila_reset_ctrl/asyncrounous_transfer.arm_out_transfer_inst/dout_reg*" && IS_SEQUENTIAL }]'. [c:/Users/monke/Downloads/SobelPTDemoReady.xpr/SobelPTDemoReady/SobelPTDemoReady.srcs/sources_1/bd/design_1/ip/design_1_dvi2rgb_0_0/src/ila_timing_workaround.xdc:7]
Resolution: Check if the specified object(s) exists in the current design. If it does, ensure that the correct design hierarchy was specified for the object. If you are working with clocks, make sure create_clock was used to create the clock object before it is referenced.
Finished Parsing XDC File [c:/Users/monke/Downloads/SobelPTDemoReady.xpr/SobelPTDemoReady/SobelPTDemoReady.srcs/sources_1/bd/design_1/ip/design_1_dvi2rgb_0_0/src/ila_timing_workaround.xdc] for cell 'U0'
Completed Processing XDC Constraints

Netlist sorting complete. Time (s): cpu = 00:00:00 ; elapsed = 00:00:00 . Memory (MB): peak = 1380.453 ; gain = 0.000
INFO: [Project 1-111] Unisim Transformation Summary:
No Unisim elements were transformed.

Constraint Validation Runtime : Time (s): cpu = 00:00:00 ; elapsed = 00:00:00.026 . Memory (MB): peak = 1380.453 ; gain = 0.000
---------------------------------------------------------------------------------
Finished Constraint Validation : Time (s): cpu = 00:00:21 ; elapsed = 00:00:23 . Memory (MB): peak = 1380.453 ; gain = 299.574
---------------------------------------------------------------------------------
---------------------------------------------------------------------------------
Start Loading Part and Timing Information
---------------------------------------------------------------------------------
Loading part: xc7z020clg400-1
---------------------------------------------------------------------------------
Finished Loading Part and Timing Information : Time (s): cpu = 00:00:21 ; elapsed = 00:00:23 . Memory (MB): peak = 1380.453 ; gain = 299.574
---------------------------------------------------------------------------------
---------------------------------------------------------------------------------
Start Applying 'set_property' XDC Constraints
---------------------------------------------------------------------------------
Applied set_property DONT_TOUCH = true for U0. (constraint file  C:/Users/monke/Downloads/SobelPTDemoReady.xpr/SobelPTDemoReady/SobelPTDemoReady.runs/design_1_dvi2rgb_0_0_synth_1/dont_touch.xdc, line 20).
---------------------------------------------------------------------------------
Finished applying 'set_property' XDC Constraints : Time (s): cpu = 00:00:21 ; elapsed = 00:00:23 . Memory (MB): peak = 1380.453 ; gain = 299.574
---------------------------------------------------------------------------------
INFO: [Synth 8-802] inferred FSM for state register 'pState_reg' in module 'PhaseAlign'
INFO: [Synth 8-802] inferred FSM for state register 'state_reg' in module 'TWI_SlaveCtl'
INFO: [Synth 8-802] inferred FSM for state register 'sState_reg' in module 'EEPROM_8b'
---------------------------------------------------------------------------------------------------
                   State |                     New Encoding |                Previous Encoding 
---------------------------------------------------------------------------------------------------
*
                 resetst |                      00000000001 |                      00000000001
                  idlest |                      00000000010 |                      00000000010
                 tokenst |                      00000000100 |                      00000000100
               eyeopenst |                      00000001000 |                      00000001000
               jtrzonest |                      00000010000 |                      00000010000
                dlydecst |                      00010000000 |                      00010000000
          dlytstcenterst |                      00100000000 |                      00100000000
               alignedst |                      01000000000 |                      01000000000
                dlyincst |                      00000100000 |                      00000100000
             dlytstovfst |                      00001000000 |                      00001000000
            alignerrorst |                      10000000000 |                      10000000000
---------------------------------------------------------------------------------------------------
INFO: [Synth 8-3898] No Re-encoding of one hot register 'pState_reg' in module 'PhaseAlign'
---------------------------------------------------------------------------------------------------
                   State |                     New Encoding |                Previous Encoding 
---------------------------------------------------------------------------------------------------
                  stidle |                              000 |                              000
               staddress |                              011 |                              001
            stturnaround |                              110 |                              110
                  stsack |                              100 |                              100
                  stread |                              001 |                              010
                  stmack |                              010 |                              101
                 stwrite |                              111 |                              011
---------------------------------------------------------------------------------------------------
INFO: [Synth 8-3354] encoded FSM with state register 'state_reg' using encoding 'gray' in module 'TWI_SlaveCtl'
---------------------------------------------------------------------------------------------------
                   State |                     New Encoding |                Previous Encoding 
---------------------------------------------------------------------------------------------------
                  stidle |                             0001 |                               00
                  stread |                             0010 |                               01
            stregaddress |                             0100 |                               11
                 stwrite |                             1000 |                               10
---------------------------------------------------------------------------------------------------
INFO: [Synth 8-3354] encoded FSM with state register 'sState_reg' using encoding 'one-hot' in module 'EEPROM_8b'
---------------------------------------------------------------------------------
Finished RTL Optimization Phase 2 : Time (s): cpu = 00:00:21 ; elapsed = 00:00:24 . Memory (MB): peak = 1380.453 ; gain = 299.574
---------------------------------------------------------------------------------
---------------------------------------------------------------------------------
Start RTL Component Statistics 
---------------------------------------------------------------------------------
---------------------------------------------------------------------------------
Finished RTL Component Statistics 
---------------------------------------------------------------------------------
---------------------------------------------------------------------------------
Start Part Resource Summary
---------------------------------------------------------------------------------
Part Resources:
DSPs: 220 (col length:60)
BRAMs: 280 (col length: RAMB18 60 RAMB36 30)
---------------------------------------------------------------------------------
Finished Part Resource Summary
---------------------------------------------------------------------------------
---------------------------------------------------------------------------------
Start Cross Boundary and Area Optimization
---------------------------------------------------------------------------------
---------------------------------------------------------------------------------
Finished Cross Boundary and Area Optimization : Time (s): cpu = 00:00:25 ; elapsed = 00:00:28 . Memory (MB): peak = 1380.453 ; gain = 299.574
---------------------------------------------------------------------------------
---------------------------------------------------------------------------------
Start Applying XDC Timing Constraints
---------------------------------------------------------------------------------
---------------------------------------------------------------------------------
Finished Applying XDC Timing Constraints : Time (s): cpu = 00:00:30 ; elapsed = 00:00:33 . Memory (MB): peak = 1380.453 ; gain = 299.574
---------------------------------------------------------------------------------
---------------------------------------------------------------------------------
Start Timing Optimization
---------------------------------------------------------------------------------
---------------------------------------------------------------------------------
Finished Timing Optimization : Time (s): cpu = 00:00:30 ; elapsed = 00:00:33 . Memory (MB): peak = 1380.453 ; gain = 299.574
---------------------------------------------------------------------------------
---------------------------------------------------------------------------------
Start Technology Mapping
---------------------------------------------------------------------------------
---------------------------------------------------------------------------------
Finished Technology Mapping : Time (s): cpu = 00:00:30 ; elapsed = 00:00:34 . Memory (MB): peak = 1380.453 ; gain = 299.574
---------------------------------------------------------------------------------
---------------------------------------------------------------------------------
Start IO Insertion
---------------------------------------------------------------------------------
---------------------------------------------------------------------------------
Start Flattening Before IO Insertion
---------------------------------------------------------------------------------
---------------------------------------------------------------------------------
Finished Flattening Before IO Insertion
---------------------------------------------------------------------------------
---------------------------------------------------------------------------------
Start Final Netlist Cleanup
---------------------------------------------------------------------------------
---------------------------------------------------------------------------------
Finished Final Netlist Cleanup
---------------------------------------------------------------------------------
---------------------------------------------------------------------------------
Finished IO Insertion : Time (s): cpu = 00:00:33 ; elapsed = 00:00:36 . Memory (MB): peak = 1380.453 ; gain = 299.574
---------------------------------------------------------------------------------
---------------------------------------------------------------------------------
Start Renaming Generated Instances
---------------------------------------------------------------------------------
---------------------------------------------------------------------------------
Finished Renaming Generated Instances : Time (s): cpu = 00:00:33 ; elapsed = 00:00:36 . Memory (MB): peak = 1380.453 ; gain = 299.574
---------------------------------------------------------------------------------
---------------------------------------------------------------------------------
Start Rebuilding User Hierarchy
---------------------------------------------------------------------------------
---------------------------------------------------------------------------------
Finished Rebuilding User Hierarchy : Time (s): cpu = 00:00:33 ; elapsed = 00:00:36 . Memory (MB): peak = 1380.453 ; gain = 299.574
---------------------------------------------------------------------------------
---------------------------------------------------------------------------------
Start Renaming Generated Ports
---------------------------------------------------------------------------------
---------------------------------------------------------------------------------
Finished Renaming Generated Ports : Time (s): cpu = 00:00:33 ; elapsed = 00:00:36 . Memory (MB): peak = 1380.453 ; gain = 299.574
---------------------------------------------------------------------------------
---------------------------------------------------------------------------------
Start Handling Custom Attributes
---------------------------------------------------------------------------------
---------------------------------------------------------------------------------
Finished Handling Custom Attributes : Time (s): cpu = 00:00:33 ; elapsed = 00:00:36 . Memory (MB): peak = 1380.453 ; gain = 299.574
---------------------------------------------------------------------------------
---------------------------------------------------------------------------------
Start Renaming Generated Nets
---------------------------------------------------------------------------------
---------------------------------------------------------------------------------
Finished Renaming Generated Nets : Time (s): cpu = 00:00:33 ; elapsed = 00:00:36 . Memory (MB): peak = 1380.453 ; gain = 299.574
---------------------------------------------------------------------------------
---------------------------------------------------------------------------------
Start Writing Synthesis Report
---------------------------------------------------------------------------------

Report BlackBoxes: 
+-+--------------+----------+
| |BlackBox name |Instances |
+-+--------------+----------+
+-+--------------+----------+

Report Cell Usage: 
+------+-----------+------+
|      |Cell       |Count |
+------+-----------+------+
|1     |BUFG       |     1|
|2     |BUFIO      |     1|
|3     |BUFR       |     1|
|4     |CARRY4     |    18|
|5     |IDELAYCTRL |     1|
|6     |IDELAYE2   |     3|
|7     |ISERDESE2  |     6|
|9     |LUT1       |    25|
|10    |LUT2       |    61|
|11    |LUT3       |    77|
|12    |LUT4       |    71|
|13    |LUT5       |    94|
|14    |LUT6       |   159|
|15    |MMCME2_ADV |     1|
|16    |MUXF7      |    16|
|17    |MUXF8      |     8|
|18    |RAM32M     |     6|
|19    |FDCE       |    10|
|20    |FDPE       |    20|
|21    |FDRE       |   457|
|22    |FDSE       |    12|
|23    |IBUFDS     |     4|
+------+-----------+------+
---------------------------------------------------------------------------------
Finished Writing Synthesis Report : Time (s): cpu = 00:00:33 ; elapsed = 00:00:36 . Memory (MB): peak = 1380.453 ; gain = 299.574
---------------------------------------------------------------------------------
Synthesis finished with 0 errors, 0 critical warnings and 0 warnings.
Synthesis Optimization Runtime : Time (s): cpu = 00:00:15 ; elapsed = 00:00:34 . Memory (MB): peak = 1380.453 ; gain = 299.574
Synthesis Optimization Complete : Time (s): cpu = 00:00:33 ; elapsed = 00:00:37 . Memory (MB): peak = 1380.453 ; gain = 299.574
INFO: [Project 1-571] Translating synthesized netlist
Netlist sorting complete. Time (s): cpu = 00:00:00 ; elapsed = 00:00:00.010 . Memory (MB): peak = 1380.453 ; gain = 0.000
INFO: [Netlist 29-17] Analyzing 63 Unisim elements for replacement
INFO: [Netlist 29-28] Unisim Transformation completed in 0 CPU seconds
INFO: [Project 1-570] Preparing netlist for logic optimization
INFO: [Opt 31-138] Pushed 1 inverter(s) to 6 load pin(s).
Netlist sorting complete. Time (s): cpu = 00:00:00 ; elapsed = 00:00:00 . Memory (MB): peak = 1380.453 ; gain = 0.000
INFO: [Project 1-111] Unisim Transformation Summary:
  A total of 6 instances were transformed.
  RAM32M => RAM32M (RAMD32(x6), RAMS32(x2)): 6 instances

INFO: [Common 17-83] Releasing license: Synthesis
73 Infos, 19 Warnings, 9 Critical Warnings and 0 Errors encountered.
synth_design completed successfully
synth_design: Time (s): cpu = 00:00:38 ; elapsed = 00:00:43 . Memory (MB): peak = 1380.453 ; gain = 299.574
WARNING: [Constraints 18-5210] No constraints selected for write.
Resolution: This message can indicate that there are no constraints for the design, or it can indicate that the used_in flags are set such that the constraints are ignored. This later case is used when running synth_design to not write synthesis constraints to the resulting checkpoint. Instead, project constraints are read when the synthesized design is opened.
INFO: [Common 17-1381] The checkpoint 'C:/Users/monke/Downloads/SobelPTDemoReady.xpr/SobelPTDemoReady/SobelPTDemoReady.runs/design_1_dvi2rgb_0_0_synth_1/design_1_dvi2rgb_0_0.dcp' has been generated.
INFO: [Coretcl 2-1174] Renamed 40 cell refs.
WARNING: [Constraints 18-5210] No constraints selected for write.
Resolution: This message can indicate that there are no constraints for the design, or it can indicate that the used_in flags are set such that the constraints are ignored. This later case is used when running synth_design to not write synthesis constraints to the resulting checkpoint. Instead, project constraints are read when the synthesized design is opened.
INFO: [Common 17-1381] The checkpoint 'C:/Users/monke/Downloads/SobelPTDemoReady.xpr/SobelPTDemoReady/SobelPTDemoReady.runs/design_1_dvi2rgb_0_0_synth_1/design_1_dvi2rgb_0_0.dcp' has been generated.
INFO: [runtcl-4] Executing : report_utilization -file design_1_dvi2rgb_0_0_utilization_synth.rpt -pb design_1_dvi2rgb_0_0_utilization_synth.pb
INFO: [Common 17-206] Exiting Vivado at Sat Jan  2 10:27:18 2021...
