Copyright 1986-2020 Xilinx, Inc. All Rights Reserved.
------------------------------------------------------------------------------------
| Tool Version : Vivado v.2020.1 (win64) Build 2902540 Wed May 27 19:54:49 MDT 2020
| Date         : Tue Apr 13 14:16:38 2021
| Host         : DESKTOP-D9F9TPQ running 64-bit major release  (build 9200)
| Command      : upgrade_ip
| Device       : xc7z020clg400-1
------------------------------------------------------------------------------------

Upgrade Log for IP 'design_1_Pooling_Controller_0_0'

1. Summary
----------

SUCCESS in the upgrade of design_1_Pooling_Controller_0_0 (xilinx.com:user:Pooling_Controller:1.0) from (Rev. 18) to (Rev. 19)






Copyright 1986-2020 Xilinx, Inc. All Rights Reserved.
------------------------------------------------------------------------------------
| Tool Version : Vivado v.2020.1 (win64) Build 2902540 Wed May 27 19:54:49 MDT 2020
| Date         : Tue Apr 13 14:08:23 2021
| Host         : DESKTOP-D9F9TPQ running 64-bit major release  (build 9200)
| Command      : upgrade_ip
| Device       : xc7z020clg400-1
------------------------------------------------------------------------------------

Upgrade Log for IP 'design_1_Pooling_Controller_0_0'

1. Summary
----------

CAUTION (success, with warnings) in the upgrade of design_1_Pooling_Controller_0_0 (xilinx.com:user:Pooling_Controller:1.0) from (Rev. 17) to (Rev. 18)

After upgrade, an IP may have parameter and port differences compared to the original customization. Please review the parameters within the IP customization GUI to ensure proper functionality. Also, please review the updated IP instantiation template to ensure proper connectivity, and update your design if required.

2. Connection Warnings
----------------------

Detected external port differences while upgrading 'design_1_Pooling_Controller_0_0'. These changes may impact your design.


-Upgrade has removed port 'MULTIPLICAND_INPUT'

-Upgrade has removed port 'MULTIPLIER_INPUT'

-Upgrade has removed port 'MULTIPLY_START'

-Upgrade has removed port 'cReady'

-Upgrade has removed port 'cSum'


