Vivado Simulator 2020.1
Time resolution is 1 ps
m_axis_valid went high ... 
Expected value:         151 
Calculated value: 151 

m_axis_valid went high ... 
Expected value:          93 
Calculated value:  93 

m_axis_valid went high ... 
Expected value:          90 
Calculated value:  90 

m_axis_valid went high ... 
Expected value:          88 
Calculated value:  88 

m_axis_valid went high ... 
Expected value:          88 
Calculated value:  88 

m_axis_valid went high ... 
Expected value:         129 
Calculated value: 129 

m_axis_valid went high ... 
Expected value:         123 
Calculated value: 123 

m_axis_valid went high ... 
Expected value:          66 
Calculated value:  66 

m_axis_valid went high ... 
Expected value:          59 
Calculated value:  59 

m_axis_valid went high ... 
Expected value:          91 
Calculated value:  91 

m_axis_valid went high ... 
Expected value:         100 
Calculated value: 100 

m_axis_valid went high ... 
Expected value:          78 
Calculated value:  78 

m_axis_valid went high ... 
Expected value:         103 
Calculated value: 103 

m_axis_valid went high ... 
Expected value:          85 
Calculated value:  85 

m_axis_valid went high ... 
Expected value:          92 
Calculated value:  92 

m_axis_valid went high ... 
Expected value:          74 
Calculated value:  74 

m_axis_valid went high ... 
Expected value:          64 
Calculated value:  64 

m_axis_valid went high ... 
Expected value:          87 
Calculated value:  87 

m_axis_valid went high ... 
Expected value:         113 
Calculated value: 113 

m_axis_valid went high ... 
Expected value:          78 
Calculated value:  78 

m_axis_valid went high ... 
Expected value:          44 
Calculated value:  44 

m_axis_valid went high ... 
Expected value:          54 
Calculated value:  54 

m_axis_valid went high ... 
Expected value:          77 
Calculated value:  77 

m_axis_valid went high ... 
Expected value:          68 
Calculated value:  68 

m_axis_valid went high ... 
Expected value:          82 
Calculated value:  82 

m_axis_valid went high ... 
Expected value:          68 
Calculated value:  68 

m_axis_valid went high ... 
Expected value:         125 
Calculated value: 125 

m_axis_valid went high ... 
Expected value:          89 
Calculated value:  89 

m_axis_valid went high ... 
Expected value:          81 
Calculated value:  81 

m_axis_valid went high ... 
Expected value:          33 
Calculated value:  33 

m_axis_valid went high ... 
Expected value:          61 
Calculated value:  61 

m_axis_valid went high ... 
Expected value:          98 
Calculated value:  98 

m_axis_valid went high ... 
Expected value:          81 
Calculated value:  81 

m_axis_valid went high ... 
Expected value:          50 
Calculated value:  50 

m_axis_valid went high ... 
Expected value:         107 
Calculated value: 107 

m_axis_valid went high ... 
Expected value:         107 
Calculated value: 107 

m_axis_valid went high ... 
Expected value:          97 
Calculated value:  97 

m_axis_valid went high ... 
Expected value:         100 
Calculated value: 100 

m_axis_valid went high ... 
Expected value:          57 
Calculated value:  57 

m_axis_valid went high ... 
Expected value:          61 
Calculated value:  61 

m_axis_valid went high ... 
Expected value:         104 
Calculated value: 104 

m_axis_valid went high ... 
Expected value:         103 
Calculated value: 103 

m_axis_valid went high ... 
Expected value:          76 
Calculated value:  76 

m_axis_valid went high ... 
Expected value:          84 
Calculated value:  84 

m_axis_valid went high ... 
Expected value:         115 
Calculated value: 115 

m_axis_valid went high ... 
Expected value:         107 
Calculated value: 107 

m_axis_valid went high ... 
Expected value:          85 
Calculated value:  85 

m_axis_valid went high ... 
Expected value:          85 
Calculated value:  85 

m_axis_valid went high ... 
Expected value:          77 
Calculated value:  77 

m_axis_valid went high ... 
Expected value:         112 
Calculated value: 112 

m_axis_valid went high ... 
Expected value:         116 
Calculated value: 116 

m_axis_valid went high ... 
Expected value:         123 
Calculated value: 123 

m_axis_valid went high ... 
Expected value:          82 
Calculated value:  82 

m_axis_valid went high ... 
Expected value:          76 
Calculated value:  76 

m_axis_valid went high ... 
Expected value:          92 
Calculated value:  92 

m_axis_valid went high ... 
Expected value:          92 
Calculated value:  92 

m_axis_valid went high ... 
Expected value:          68 
Calculated value:  68 

m_axis_valid went high ... 
Expected value:         122 
Calculated value: 122 

m_axis_valid went high ... 
Expected value:         112 
Calculated value: 112 

m_axis_valid went high ... 
Expected value:         118 
Calculated value: 118 

m_axis_valid went high ... 
Expected value:         124 
Calculated value: 124 

m_axis_valid went high ... 
Expected value:          87 
Calculated value:  87 

m_axis_valid went high ... 
Expected value:          68 
Calculated value:  68 

m_axis_valid went high ... 
Expected value:          62 
Calculated value:  62 

m_axis_valid went high ... 
Expected value:          55 
Calculated value:  55 

m_axis_valid went high ... 
Expected value:          79 
Calculated value:  79 

m_axis_valid went high ... 
Expected value:         132 
Calculated value: 132 

m_axis_valid went high ... 
Expected value:         111 
Calculated value: 111 

m_axis_valid went high ... 
Expected value:          97 
Calculated value:  97 

m_axis_valid went high ... 
Expected value:         146 
Calculated value: 146 

m_axis_valid went high ... 
Expected value:         108 
Calculated value: 108 

m_axis_valid went high ... 
Expected value:         111 
Calculated value: 111 

m_axis_valid went high ... 
Expected value:          90 
Calculated value:  90 

m_axis_valid went high ... 
Expected value:         108 
Calculated value: 108 

m_axis_valid went high ... 
Expected value:         115 
Calculated value: 115 

m_axis_valid went high ... 
Expected value:          81 
Calculated value:  81 

m_axis_valid went high ... 
Expected value:          79 
Calculated value:  79 

m_axis_valid went high ... 
Expected value:          66 
Calculated value:  66 

m_axis_valid went high ... 
Expected value:          51 
Calculated value:  51 

m_axis_valid went high ... 
Expected value:          46 
Calculated value:  46 

m_axis_valid went high ... 
Expected value:          85 
Calculated value:  85 

m_axis_valid went high ... 
Expected value:          99 
Calculated value:  99 

m_axis_valid went high ... 
Expected value:          66 
Calculated value:  66 

m_axis_valid went high ... 
Expected value:          85 
Calculated value:  85 

m_axis_valid went high ... 
Expected value:          43 
Calculated value:  43 

m_axis_valid went high ... 
Expected value:          55 
Calculated value:  55 

m_axis_valid went high ... 
Expected value:          69 
Calculated value:  69 

m_axis_valid went high ... 
Expected value:         130 
Calculated value: 130 

m_axis_valid went high ... 
Expected value:          85 
Calculated value:  85 

m_axis_valid went high ... 
Expected value:          85 
Calculated value:  85 

m_axis_valid went high ... 
Expected value:          98 
Calculated value:  98 

m_axis_valid went high ... 
Expected value:         102 
Calculated value: 102 

m_axis_valid went high ... 
Expected value:          54 
Calculated value:  54 

m_axis_valid went high ... 
Expected value:          66 
Calculated value:  66 

m_axis_valid went high ... 
Expected value:         108 
Calculated value: 108 

m_axis_valid went high ... 
Expected value:          83 
Calculated value:  83 

m_axis_valid went high ... 
Expected value:          80 
Calculated value:  80 

m_axis_valid went high ... 
Expected value:          60 
Calculated value:  60 

m_axis_valid went high ... 
Expected value:          89 
Calculated value:  89 

m_axis_valid went high ... 
Expected value:          67 
Calculated value:  67 

m_axis_valid went high ... 
Expected value:         129 
Calculated value: 129 

m_axis_valid went high ... 
Expected value:          98 
Calculated value:  98 

m_axis_valid went high ... 
Expected value:          81 
Calculated value:  81 

m_axis_valid went high ... 
Expected value:          62 
Calculated value:  62 

m_axis_valid went high ... 
Expected value:          59 
Calculated value:  59 

m_axis_valid went high ... 
Expected value:          70 
Calculated value:  70 

m_axis_valid went high ... 
Expected value:          60 
Calculated value:  60 

m_axis_valid went high ... 
Expected value:          82 
Calculated value:  82 

m_axis_valid went high ... 
Expected value:          53 
Calculated value:  53 

m_axis_valid went high ... 
Expected value:          61 
Calculated value:  61 

m_axis_valid went high ... 
Expected value:          90 
Calculated value:  90 

m_axis_valid went high ... 
Expected value:          77 
Calculated value:  77 

m_axis_valid went high ... 
Expected value:          71 
Calculated value:  71 

m_axis_valid went high ... 
Expected value:         108 
Calculated value: 108 

m_axis_valid went high ... 
Expected value:          92 
Calculated value:  92 

m_axis_valid went high ... 
Expected value:         158 
Calculated value: 158 

m_axis_valid went high ... 
Expected value:          92 
Calculated value:  92 

m_axis_valid went high ... 
Expected value:          38 
Calculated value:  38 

m_axis_valid went high ... 
Expected value:          37 
Calculated value:  37 

m_axis_valid went high ... 
Expected value:          51 
Calculated value:  51 

m_axis_valid went high ... 
Expected value:          49 
Calculated value:  49 

m_axis_valid went high ... 
Expected value:          67 
Calculated value:  67 

m_axis_valid went high ... 
Expected value:          75 
Calculated value:  75 

m_axis_valid went high ... 
Expected value:          51 
Calculated value:  51 

m_axis_valid went high ... 
Expected value:          90 
Calculated value:  90 

m_axis_valid went high ... 
Expected value:         115 
Calculated value: 115 

m_axis_valid went high ... 
Expected value:          90 
Calculated value:  90 

m_axis_valid went high ... 
Expected value:         108 
Calculated value: 108 

m_axis_valid went high ... 
Expected value:         110 
Calculated value: 110 

m_axis_valid went high ... 
Expected value:          88 
Calculated value:  88 

m_axis_valid went high ... 
Expected value:          98 
Calculated value:  98 

m_axis_valid went high ... 
Expected value:         124 
Calculated value: 124 

m_axis_valid went high ... 
Expected value:         146 
Calculated value: 146 

m_axis_valid went high ... 
Expected value:         106 
Calculated value: 106 

m_axis_valid went high ... 
Expected value:          79 
Calculated value:  79 

m_axis_valid went high ... 
Expected value:          89 
Calculated value:  89 

m_axis_valid went high ... 
Expected value:         133 
Calculated value: 133 

m_axis_valid went high ... 
Expected value:         138 
Calculated value: 138 

m_axis_valid went high ... 
Expected value:         144 
Calculated value: 144 

m_axis_valid went high ... 
Expected value:         116 
Calculated value: 116 

m_axis_valid went high ... 
Expected value:          81 
Calculated value:  81 

m_axis_valid went high ... 
Expected value:          71 
Calculated value:  71 

m_axis_valid went high ... 
Expected value:          78 
Calculated value:  78 

m_axis_valid went high ... 
Expected value:          64 
Calculated value:  64 

m_axis_valid went high ... 
Expected value:          69 
Calculated value:  69 

m_axis_valid went high ... 
Expected value:          91 
Calculated value:  91 

m_axis_valid went high ... 
Expected value:          74 
Calculated value:  74 

m_axis_valid went high ... 
Expected value:          57 
Calculated value:  57 

m_axis_valid went high ... 
Expected value:          82 
Calculated value:  82 

m_axis_valid went high ... 
Expected value:         130 
Calculated value: 130 

m_axis_valid went high ... 
Expected value:         130 
Calculated value: 130 

m_axis_valid went high ... 
Expected value:         122 
Calculated value: 122 

m_axis_valid went high ... 
Expected value:          75 
Calculated value:  75 

m_axis_valid went high ... 
Expected value:         107 
Calculated value: 107 

m_axis_valid went high ... 
Expected value:         117 
Calculated value: 117 

m_axis_valid went high ... 
Expected value:         112 
Calculated value: 112 

m_axis_valid went high ... 
Expected value:          90 
Calculated value:  90 

m_axis_valid went high ... 
Expected value:         105 
Calculated value: 105 

m_axis_valid went high ... 
Expected value:          87 
Calculated value:  87 

m_axis_valid went high ... 
Expected value:         116 
Calculated value: 116 

m_axis_valid went high ... 
Expected value:         151 
Calculated value: 151 

m_axis_valid went high ... 
Expected value:          66 
Calculated value:  66 

m_axis_valid went high ... 
Expected value:          88 
Calculated value:  88 

m_axis_valid went high ... 
Expected value:          62 
Calculated value:  62 

m_axis_valid went high ... 
Expected value:          71 
Calculated value:  71 

m_axis_valid went high ... 
Expected value:          86 
Calculated value:  86 

m_axis_valid went high ... 
Expected value:          88 
Calculated value:  88 

m_axis_valid went high ... 
Expected value:          79 
Calculated value:  79 

m_axis_valid went high ... 
Expected value:          93 
Calculated value:  93 

m_axis_valid went high ... 
Expected value:          86 
Calculated value:  86 

m_axis_valid went high ... 
Expected value:          88 
Calculated value:  88 

m_axis_valid went high ... 
Expected value:          64 
Calculated value:  64 

m_axis_valid went high ... 
Expected value:          47 
Calculated value:  47 

m_axis_valid went high ... 
Expected value:          65 
Calculated value:  65 

m_axis_valid went high ... 
Expected value:          57 
Calculated value:  57 

m_axis_valid went high ... 
Expected value:          53 
Calculated value:  53 

m_axis_valid went high ... 
Expected value:          85 
Calculated value:  85 

m_axis_valid went high ... 
Expected value:         113 
Calculated value: 113 

m_axis_valid went high ... 
Expected value:         128 
Calculated value: 128 

m_axis_valid went high ... 
Expected value:         132 
Calculated value: 132 

m_axis_valid went high ... 
Expected value:          89 
Calculated value:  89 

m_axis_valid went high ... 
Expected value:         102 
Calculated value: 102 

m_axis_valid went high ... 
Expected value:         120 
Calculated value: 120 

m_axis_valid went high ... 
Expected value:          94 
Calculated value:  94 

m_axis_valid went high ... 
Expected value:         114 
Calculated value: 114 

m_axis_valid went high ... 
Expected value:         117 
Calculated value: 117 

m_axis_valid went high ... 
Expected value:         109 
Calculated value: 109 

m_axis_valid went high ... 
Expected value:         103 
Calculated value: 103 

m_axis_valid went high ... 
Expected value:         110 
Calculated value: 110 

m_axis_valid went high ... 
Expected value:         112 
Calculated value: 112 

m_axis_valid went high ... 
Expected value:          81 
Calculated value:  81 

m_axis_valid went high ... 
Expected value:          77 
Calculated value:  77 

m_axis_valid went high ... 
Expected value:          59 
Calculated value:  59 

m_axis_valid went high ... 
Expected value:         103 
Calculated value: 103 

m_axis_valid went high ... 
Expected value:          77 
Calculated value:  77 

m_axis_valid went high ... 
Expected value:          81 
Calculated value:  81 

m_axis_valid went high ... 
Expected value:         113 
Calculated value: 113 

m_axis_valid went high ... 
Expected value:          74 
Calculated value:  74 

m_axis_valid went high ... 
Expected value:          51 
Calculated value:  51 

m_axis_valid went high ... 
Expected value:         102 
Calculated value: 102 

m_axis_valid went high ... 
Expected value:         104 
Calculated value: 104 

m_axis_valid went high ... 
Expected value:         101 
Calculated value: 101 

m_axis_valid went high ... 
Expected value:          68 
Calculated value:  68 

m_axis_valid went high ... 
Expected value:          88 
Calculated value:  88 

m_axis_valid went high ... 
Expected value:          67 
Calculated value:  67 

m_axis_valid went high ... 
Expected value:          64 
Calculated value:  64 

m_axis_valid went high ... 
Expected value:          90 
Calculated value:  90 

m_axis_valid went high ... 
Expected value:          98 
Calculated value:  98 

m_axis_valid went high ... 
Expected value:         102 
Calculated value: 102 

m_axis_valid went high ... 
Expected value:         100 
Calculated value: 100 

m_axis_valid went high ... 
Expected value:          94 
Calculated value:  94 

m_axis_valid went high ... 
Expected value:          76 
Calculated value:  76 

m_axis_valid went high ... 
Expected value:          67 
Calculated value:  67 

m_axis_valid went high ... 
Expected value:          76 
Calculated value:  76 

m_axis_valid went high ... 
Expected value:          86 
Calculated value:  86 

m_axis_valid went high ... 
Expected value:         108 
Calculated value: 108 

m_axis_valid went high ... 
Expected value:         106 
Calculated value: 106 

m_axis_valid went high ... 
Expected value:         111 
Calculated value: 111 

m_axis_valid went high ... 
Expected value:         124 
Calculated value: 124 

m_axis_valid went high ... 
Expected value:         110 
Calculated value: 110 

m_axis_valid went high ... 
Expected value:          77 
Calculated value:  77 

m_axis_valid went high ... 
Expected value:          93 
Calculated value:  93 

m_axis_valid went high ... 
Expected value:         101 
Calculated value: 101 

m_axis_valid went high ... 
Expected value:          93 
Calculated value:  93 

m_axis_valid went high ... 
Expected value:         118 
Calculated value: 118 

m_axis_valid went high ... 
Expected value:         107 
Calculated value: 107 

m_axis_valid went high ... 
Expected value:         101 
Calculated value: 101 

m_axis_valid went high ... 
Expected value:         115 
Calculated value: 115 

m_axis_valid went high ... 
Expected value:         100 
Calculated value: 100 

m_axis_valid went high ... 
Expected value:          98 
Calculated value:  98 

m_axis_valid went high ... 
Expected value:         153 
Calculated value: 153 

m_axis_valid went high ... 
Expected value:         104 
Calculated value: 104 

m_axis_valid went high ... 
Expected value:          69 
Calculated value:  69 

m_axis_valid went high ... 
Expected value:          98 
Calculated value:  98 

m_axis_valid went high ... 
Expected value:         105 
Calculated value: 105 

m_axis_valid went high ... 
Expected value:         127 
Calculated value: 127 

m_axis_valid went high ... 
Expected value:         146 
Calculated value: 146 

m_axis_valid went high ... 
Expected value:         112 
Calculated value: 112 

m_axis_valid went high ... 
Expected value:          88 
Calculated value:  88 

m_axis_valid went high ... 
Expected value:          97 
Calculated value:  97 

m_axis_valid went high ... 
Expected value:         117 
Calculated value: 117 

m_axis_valid went high ... 
Expected value:          94 
Calculated value:  94 

m_axis_valid went high ... 
Expected value:          87 
Calculated value:  87 

m_axis_valid went high ... 
Expected value:          87 
Calculated value:  87 

m_axis_valid went high ... 
Expected value:         130 
Calculated value: 130 

m_axis_valid went high ... 
Expected value:         126 
Calculated value: 126 

m_axis_valid went high ... 
Expected value:          73 
Calculated value:  73 

m_axis_valid went high ... 
Expected value:          79 
Calculated value:  79 

m_axis_valid went high ... 
Expected value:         110 
Calculated value: 110 

m_axis_valid went high ... 
Expected value:          68 
Calculated value:  68 

m_axis_valid went high ... 
Expected value:          44 
Calculated value:  44 

m_axis_valid went high ... 
Expected value:          53 
Calculated value:  53 

m_axis_valid went high ... 
Expected value:          73 
Calculated value:  73 

m_axis_valid went high ... 
Expected value:          94 
Calculated value:  94 

m_axis_valid went high ... 
Expected value:          75 
Calculated value:  75 

m_axis_valid went high ... 
Expected value:          79 
Calculated value:  79 

m_axis_valid went high ... 
Expected value:          92 
Calculated value:  92 

m_axis_valid went high ... 
Expected value:         114 
Calculated value: 114 

m_axis_valid went high ... 
Expected value:         106 
Calculated value: 106 

m_axis_valid went high ... 
Expected value:          70 
Calculated value:  70 

m_axis_valid went high ... 
Expected value:          85 
Calculated value:  85 

m_axis_valid went high ... 
Expected value:          97 
Calculated value:  97 

m_axis_valid went high ... 
Expected value:         111 
Calculated value: 111 

m_axis_valid went high ... 
Expected value:          75 
Calculated value:  75 

m_axis_valid went high ... 
Expected value:          65 
Calculated value:  65 

m_axis_valid went high ... 
Expected value:         100 
Calculated value: 100 

m_axis_valid went high ... 
Expected value:          77 
Calculated value:  77 

m_axis_valid went high ... 
Expected value:          86 
Calculated value:  86 

m_axis_valid went high ... 
Expected value:          71 
Calculated value:  71 

m_axis_valid went high ... 
Expected value:          91 
Calculated value:  91 

m_axis_valid went high ... 
Expected value:          97 
Calculated value:  97 

m_axis_valid went high ... 
Expected value:         104 
Calculated value: 104 

m_axis_valid went high ... 
Expected value:         119 
Calculated value: 119 

m_axis_valid went high ... 
Expected value:          73 
Calculated value:  73 

m_axis_valid went high ... 
Expected value:          88 
Calculated value:  88 

m_axis_valid went high ... 
Expected value:          81 
Calculated value:  81 

m_axis_valid went high ... 
Expected value:          69 
Calculated value:  69 

m_axis_valid went high ... 
Expected value:          83 
Calculated value:  83 

m_axis_valid went high ... 
Expected value:          62 
Calculated value:  62 

m_axis_valid went high ... 
Expected value:          69 
Calculated value:  69 

m_axis_valid went high ... 
Expected value:         111 
Calculated value: 111 

m_axis_valid went high ... 
Expected value:         107 
Calculated value: 107 

m_axis_valid went high ... 
Expected value:          81 
Calculated value:  81 

m_axis_valid went high ... 
Expected value:          88 
Calculated value:  88 

m_axis_valid went high ... 
Expected value:          58 
Calculated value:  58 

m_axis_valid went high ... 
Expected value:         103 
Calculated value: 103 

m_axis_valid went high ... 
Expected value:         128 
Calculated value: 128 

m_axis_valid went high ... 
Expected value:          94 
Calculated value:  94 

m_axis_valid went high ... 
Expected value:         110 
Calculated value: 110 

m_axis_valid went high ... 
Expected value:          84 
Calculated value:  84 

m_axis_valid went high ... 
Expected value:          88 
Calculated value:  88 

m_axis_valid went high ... 
Expected value:          66 
Calculated value:  66 

m_axis_valid went high ... 
Expected value:          78 
Calculated value:  78 

m_axis_valid went high ... 
Expected value:          76 
Calculated value:  76 

m_axis_valid went high ... 
Expected value:          92 
Calculated value:  92 

m_axis_valid went high ... 
Expected value:          75 
Calculated value:  75 

m_axis_valid went high ... 
Expected value:         102 
Calculated value: 102 

m_axis_valid went high ... 
Expected value:          82 
Calculated value:  82 

m_axis_valid went high ... 
Expected value:          45 
Calculated value:  45 

m_axis_valid went high ... 
Expected value:         117 
Calculated value: 117 

m_axis_valid went high ... 
Expected value:         107 
Calculated value: 107 

m_axis_valid went high ... 
Expected value:         118 
Calculated value: 118 

m_axis_valid went high ... 
Expected value:          98 
Calculated value:  98 

m_axis_valid went high ... 
Expected value:          80 
Calculated value:  80 

m_axis_valid went high ... 
Expected value:          78 
Calculated value:  78 

m_axis_valid went high ... 
Expected value:          61 
Calculated value:  61 

m_axis_valid went high ... 
Expected value:          48 
Calculated value:  48 

m_axis_valid went high ... 
Expected value:         100 
Calculated value: 100 

m_axis_valid went high ... 
Expected value:         127 
Calculated value: 127 

m_axis_valid went high ... 
Expected value:         141 
Calculated value: 141 

m_axis_valid went high ... 
Expected value:         115 
Calculated value: 115 

m_axis_valid went high ... 
Expected value:         114 
Calculated value: 114 

m_axis_valid went high ... 
Expected value:         121 
Calculated value: 121 

m_axis_valid went high ... 
Expected value:          94 
Calculated value:  94 

m_axis_valid went high ... 
Expected value:          99 
Calculated value:  99 

m_axis_valid went high ... 
Expected value:         109 
Calculated value: 109 

m_axis_valid went high ... 
Expected value:          94 
Calculated value:  94 

m_axis_valid went high ... 
Expected value:          85 
Calculated value:  85 

m_axis_valid went high ... 
Expected value:         109 
Calculated value: 109 

m_axis_valid went high ... 
Expected value:         105 
Calculated value: 105 

m_axis_valid went high ... 
Expected value:          81 
Calculated value:  81 

m_axis_valid went high ... 
Expected value:          86 
Calculated value:  86 

m_axis_valid went high ... 
Expected value:         220 
Calculated value: 220 

m_axis_valid went high ... 
Expected value:         156 
Calculated value: 156 

m_axis_valid went high ... 
Expected value:          64 
Calculated value:  64 

m_axis_valid went high ... 
Expected value:          55 
Calculated value:  55 

m_axis_valid went high ... 
Expected value:         112 
Calculated value: 112 

m_axis_valid went high ... 
Expected value:         108 
Calculated value: 108 

m_axis_valid went high ... 
Expected value:         132 
Calculated value: 132 

m_axis_valid went high ... 
Expected value:         109 
Calculated value: 109 

m_axis_valid went high ... 
Expected value:          84 
Calculated value:  84 

m_axis_valid went high ... 
Expected value:          40 
Calculated value:  40 

m_axis_valid went high ... 
Expected value:          53 
Calculated value:  53 

m_axis_valid went high ... 
Expected value:          97 
Calculated value:  97 

m_axis_valid went high ... 
Expected value:          69 
Calculated value:  69 

m_axis_valid went high ... 
Expected value:          98 
Calculated value:  98 

m_axis_valid went high ... 
Expected value:          77 
Calculated value:  77 

m_axis_valid went high ... 
Expected value:          72 
Calculated value:  72 

m_axis_valid went high ... 
Expected value:         107 
Calculated value: 107 

m_axis_valid went high ... 
Expected value:         108 
Calculated value: 108 

m_axis_valid went high ... 
Expected value:         116 
Calculated value: 116 

m_axis_valid went high ... 
Expected value:          64 
Calculated value:  64 

m_axis_valid went high ... 
Expected value:          51 
Calculated value:  51 

m_axis_valid went high ... 
Expected value:          71 
Calculated value:  71 

m_axis_valid went high ... 
Expected value:         112 
Calculated value: 112 

m_axis_valid went high ... 
Expected value:         180 
Calculated value: 180 

m_axis_valid went high ... 
Expected value:         122 
Calculated value: 122 

m_axis_valid went high ... 
Expected value:          92 
Calculated value:  92 

m_axis_valid went high ... 
Expected value:          99 
Calculated value:  99 

m_axis_valid went high ... 
Expected value:         110 
Calculated value: 110 

m_axis_valid went high ... 
Expected value:         116 
Calculated value: 116 

m_axis_valid went high ... 
Expected value:         114 
Calculated value: 114 

m_axis_valid went high ... 
Expected value:          63 
Calculated value:  63 

m_axis_valid went high ... 
Expected value:          53 
Calculated value:  53 

m_axis_valid went high ... 
Expected value:          39 
Calculated value:  39 

m_axis_valid went high ... 
Expected value:          39 
Calculated value:  39 

m_axis_valid went high ... 
Expected value:          53 
Calculated value:  53 

m_axis_valid went high ... 
Expected value:          47 
Calculated value:  47 

m_axis_valid went high ... 
Expected value:          78 
Calculated value:  78 

m_axis_valid went high ... 
Expected value:         109 
Calculated value: 109 

m_axis_valid went high ... 
Expected value:          98 
Calculated value:  98 

m_axis_valid went high ... 
Expected value:          80 
Calculated value:  80 

m_axis_valid went high ... 
Expected value:          86 
Calculated value:  86 

m_axis_valid went high ... 
Expected value:          66 
Calculated value:  66 

m_axis_valid went high ... 
Expected value:          66 
Calculated value:  66 

m_axis_valid went high ... 
Expected value:          60 
Calculated value:  60 

m_axis_valid went high ... 
Expected value:          62 
Calculated value:  62 

m_axis_valid went high ... 
Expected value:          80 
Calculated value:  80 

m_axis_valid went high ... 
Expected value:         151 
Calculated value: 151 

m_axis_valid went high ... 
Expected value:         126 
Calculated value: 126 

m_axis_valid went high ... 
Expected value:          91 
Calculated value:  91 

m_axis_valid went high ... 
Expected value:          75 
Calculated value:  75 

m_axis_valid went high ... 
Expected value:         124 
Calculated value: 124 

m_axis_valid went high ... 
Expected value:          82 
Calculated value:  82 

m_axis_valid went high ... 
Expected value:          85 
Calculated value:  85 

m_axis_valid went high ... 
Expected value:          87 
Calculated value:  87 

m_axis_valid went high ... 
Expected value:         110 
Calculated value: 110 

m_axis_valid went high ... 
Expected value:         110 
Calculated value: 110 

m_axis_valid went high ... 
Expected value:          97 
Calculated value:  97 

m_axis_valid went high ... 
Expected value:          71 
Calculated value:  71 

m_axis_valid went high ... 
Expected value:          72 
Calculated value:  72 

m_axis_valid went high ... 
Expected value:          65 
Calculated value:  65 

m_axis_valid went high ... 
Expected value:          74 
Calculated value:  74 

m_axis_valid went high ... 
Expected value:         106 
Calculated value: 106 

m_axis_valid went high ... 
Expected value:         120 
Calculated value: 120 

m_axis_valid went high ... 
Expected value:          88 
Calculated value:  88 

m_axis_valid went high ... 
Expected value:          99 
Calculated value:  99 

m_axis_valid went high ... 
Expected value:          85 
Calculated value:  85 

m_axis_valid went high ... 
Expected value:          87 
Calculated value:  87 

m_axis_valid went high ... 
Expected value:          88 
Calculated value:  88 

m_axis_valid went high ... 
Expected value:          78 
Calculated value:  78 

m_axis_valid went high ... 
Expected value:         172 
Calculated value: 172 

m_axis_valid went high ... 
Expected value:         101 
Calculated value: 101 

m_axis_valid went high ... 
Expected value:          75 
Calculated value:  75 

m_axis_valid went high ... 
Expected value:          87 
Calculated value:  87 

m_axis_valid went high ... 
Expected value:         124 
Calculated value: 124 

m_axis_valid went high ... 
Expected value:         126 
Calculated value: 126 

m_axis_valid went high ... 
Expected value:          62 
Calculated value:  62 

m_axis_valid went high ... 
Expected value:          81 
Calculated value:  81 

m_axis_valid went high ... 
Expected value:          84 
Calculated value:  84 

m_axis_valid went high ... 
Expected value:          98 
Calculated value:  98 

m_axis_valid went high ... 
Expected value:         123 
Calculated value: 123 

m_axis_valid went high ... 
Expected value:         131 
Calculated value: 131 

m_axis_valid went high ... 
Expected value:         106 
Calculated value: 106 

m_axis_valid went high ... 
Expected value:          88 
Calculated value:  88 

m_axis_valid went high ... 
Expected value:          76 
Calculated value:  76 

m_axis_valid went high ... 
Expected value:         123 
Calculated value: 123 

m_axis_valid went high ... 
Expected value:          93 
Calculated value:  93 

m_axis_valid went high ... 
Expected value:          55 
Calculated value:  55 

m_axis_valid went high ... 
Expected value:          61 
Calculated value:  61 

m_axis_valid went high ... 
Expected value:          77 
Calculated value:  77 

m_axis_valid went high ... 
Expected value:          55 
Calculated value:  55 

m_axis_valid went high ... 
Expected value:          62 
Calculated value:  62 

m_axis_valid went high ... 
Expected value:          86 
Calculated value:  86 

m_axis_valid went high ... 
Expected value:         152 
Calculated value: 152 

m_axis_valid went high ... 
Expected value:         150 
Calculated value: 150 

m_axis_valid went high ... 
Expected value:          96 
Calculated value:  96 

m_axis_valid went high ... 
Expected value:          74 
Calculated value:  74 

m_axis_valid went high ... 
Expected value:          68 
Calculated value:  68 

m_axis_valid went high ... 
Expected value:          53 
Calculated value:  53 

m_axis_valid went high ... 
Expected value:          77 
Calculated value:  77 

m_axis_valid went high ... 
Expected value:          61 
Calculated value:  61 

m_axis_valid went high ... 
Expected value:          94 
Calculated value:  94 

m_axis_valid went high ... 
Expected value:         108 
Calculated value: 108 

m_axis_valid went high ... 
Expected value:         115 
Calculated value: 115 

m_axis_valid went high ... 
Expected value:          83 
Calculated value:  83 

m_axis_valid went high ... 
Expected value:         105 
Calculated value: 105 

m_axis_valid went high ... 
Expected value:         129 
Calculated value: 129 

m_axis_valid went high ... 
Expected value:         113 
Calculated value: 113 

m_axis_valid went high ... 
Expected value:          71 
Calculated value:  71 

m_axis_valid went high ... 
Expected value:          61 
Calculated value:  61 

m_axis_valid went high ... 
Expected value:          36 
Calculated value:  36 

m_axis_valid went high ... 
Expected value:          65 
Calculated value:  65 

m_axis_valid went high ... 
Expected value:          44 
Calculated value:  44 

m_axis_valid went high ... 
Expected value:          18 
Calculated value:  18 

m_axis_valid went high ... 
Expected value:          17 
Calculated value:  17 

m_axis_valid went high ... 
Expected value:          86 
Calculated value:  86 

m_axis_valid went high ... 
Expected value:          88 
Calculated value:  88 

m_axis_valid went high ... 
Expected value:         110 
Calculated value: 110 

m_axis_valid went high ... 
Expected value:          74 
Calculated value:  74 

m_axis_valid went high ... 
Expected value:          50 
Calculated value:  50 

m_axis_valid went high ... 
Expected value:          56 
Calculated value:  56 

m_axis_valid went high ... 
Expected value:          76 
Calculated value:  76 

m_axis_valid went high ... 
Expected value:         118 
Calculated value: 118 

m_axis_valid went high ... 
Expected value:          88 
Calculated value:  88 

m_axis_valid went high ... 
Expected value:          98 
Calculated value:  98 

m_axis_valid went high ... 
Expected value:         105 
Calculated value: 105 

m_axis_valid went high ... 
Expected value:          86 
Calculated value:  86 

m_axis_valid went high ... 
Expected value:          64 
Calculated value:  64 

m_axis_valid went high ... 
Expected value:          68 
Calculated value:  68 

m_axis_valid went high ... 
Expected value:          80 
Calculated value:  80 

m_axis_valid went high ... 
Expected value:         101 
Calculated value: 101 

m_axis_valid went high ... 
Expected value:         132 
Calculated value: 132 

m_axis_valid went high ... 
Expected value:         116 
Calculated value: 116 

m_axis_valid went high ... 
Expected value:         123 
Calculated value: 123 

m_axis_valid went high ... 
Expected value:          79 
Calculated value:  79 

m_axis_valid went high ... 
Expected value:          61 
Calculated value:  61 

m_axis_valid went high ... 
Expected value:          83 
Calculated value:  83 

m_axis_valid went high ... 
Expected value:          78 
Calculated value:  78 

m_axis_valid went high ... 
Expected value:          61 
Calculated value:  61 

m_axis_valid went high ... 
Expected value:         120 
Calculated value: 120 

m_axis_valid went high ... 
Expected value:         122 
Calculated value: 122 

m_axis_valid went high ... 
Expected value:         102 
Calculated value: 102 

m_axis_valid went high ... 
Expected value:         106 
Calculated value: 106 

m_axis_valid went high ... 
Expected value:          85 
Calculated value:  85 

m_axis_valid went high ... 
Expected value:          82 
Calculated value:  82 

m_axis_valid went high ... 
Expected value:         111 
Calculated value: 111 

m_axis_valid went high ... 
Expected value:          92 
Calculated value:  92 

m_axis_valid went high ... 
Expected value:          99 
Calculated value:  99 

m_axis_valid went high ... 
Expected value:         117 
Calculated value: 117 

m_axis_valid went high ... 
Expected value:         112 
Calculated value: 112 

m_axis_valid went high ... 
Expected value:         110 
Calculated value: 110 

m_axis_valid went high ... 
Expected value:          76 
Calculated value:  76 

m_axis_valid went high ... 
Expected value:          81 
Calculated value:  81 

m_axis_valid went high ... 
Expected value:          83 
Calculated value:  83 

m_axis_valid went high ... 
Expected value:          82 
Calculated value:  82 

m_axis_valid went high ... 
Expected value:         111 
Calculated value: 111 

m_axis_valid went high ... 
Expected value:          83 
Calculated value:  83 

m_axis_valid went high ... 
Expected value:          92 
Calculated value:  92 

m_axis_valid went high ... 
Expected value:          92 
Calculated value:  92 

m_axis_valid went high ... 
Expected value:         119 
Calculated value: 119 

m_axis_valid went high ... 
Expected value:          93 
Calculated value:  93 

m_axis_valid went high ... 
Expected value:          66 
Calculated value:  66 

m_axis_valid went high ... 
Expected value:         141 
Calculated value: 141 

m_axis_valid went high ... 
Expected value:         135 
Calculated value: 135 

m_axis_valid went high ... 
Expected value:          92 
Calculated value:  92 

m_axis_valid went high ... 
Expected value:          80 
Calculated value:  80 

m_axis_valid went high ... 
Expected value:          54 
Calculated value:  54 

m_axis_valid went high ... 
Expected value:          51 
Calculated value:  51 

m_axis_valid went high ... 
Expected value:          55 
Calculated value:  55 

m_axis_valid went high ... 
Expected value:         110 
Calculated value: 110 

m_axis_valid went high ... 
Expected value:         132 
Calculated value: 132 

m_axis_valid went high ... 
Expected value:         124 
Calculated value: 124 

m_axis_valid went high ... 
Expected value:         122 
Calculated value: 122 

m_axis_valid went high ... 
Expected value:         109 
Calculated value: 109 

m_axis_valid went high ... 
Expected value:          87 
Calculated value:  87 

m_axis_valid went high ... 
Expected value:          51 
Calculated value:  51 

m_axis_valid went high ... 
Expected value:          67 
Calculated value:  67 

m_axis_valid went high ... 
Expected value:         113 
Calculated value: 113 

m_axis_valid went high ... 
Expected value:         138 
Calculated value: 138 

m_axis_valid went high ... 
Expected value:         103 
Calculated value: 103 

m_axis_valid went high ... 
Expected value:         102 
Calculated value: 102 

m_axis_valid went high ... 
Expected value:          63 
Calculated value:  63 

m_axis_valid went high ... 
Expected value:          89 
Calculated value:  89 

m_axis_valid went high ... 
Expected value:         127 
Calculated value: 127 

m_axis_valid went high ... 
Expected value:         140 
Calculated value: 140 

m_axis_valid went high ... 
Expected value:         176 
Calculated value: 176 

m_axis_valid went high ... 
Expected value:          99 
Calculated value:  99 

m_axis_valid went high ... 
Expected value:          82 
Calculated value:  82 

m_axis_valid went high ... 
Expected value:          56 
Calculated value:  56 

m_axis_valid went high ... 
Expected value:          51 
Calculated value:  51 

m_axis_valid went high ... 
Expected value:          95 
Calculated value:  95 

m_axis_valid went high ... 
Expected value:          54 
Calculated value:  54 

m_axis_valid went high ... 
Expected value:          49 
Calculated value:  49 

m_axis_valid went high ... 
Expected value:          93 
Calculated value:  93 

m_axis_valid went high ... 
Expected value:         129 
Calculated value: 129 

m_axis_valid went high ... 
Expected value:         121 
Calculated value: 121 

m_axis_valid went high ... 
Expected value:          80 
Calculated value:  80 

m_axis_valid went high ... 
Expected value:          94 
Calculated value:  94 

m_axis_valid went high ... 
Expected value:          77 
Calculated value:  77 

m_axis_valid went high ... 
Expected value:         106 
Calculated value: 106 

m_axis_valid went high ... 
Expected value:         144 
Calculated value: 144 

m_axis_valid went high ... 
Expected value:         112 
Calculated value: 112 

m_axis_valid went high ... 
Expected value:          72 
Calculated value:  72 

m_axis_valid went high ... 
Expected value:          74 
Calculated value:  74 

m_axis_valid went high ... 
Expected value:         102 
Calculated value: 102 

m_axis_valid went high ... 
Expected value:          92 
Calculated value:  92 

m_axis_valid went high ... 
Expected value:         102 
Calculated value: 102 

m_axis_valid went high ... 
Expected value:          86 
Calculated value:  86 

================================================

Simulation completed at       38895 ns

All         529 convolutions passed!

$stop called at time : 38895 ns : File "C:/GitHub/ReconHardware/FPGA_Files/Sources/TB/General/Controller_Test_tb.v" Line 361
