
*** Running vivado
    with args -log CPE_Wrapper.vdi -applog -m64 -product Vivado -messageDb vivado.pb -mode batch -source CPE_Wrapper.tcl -notrace



****** Vivado v2020.1 (64-bit)
  **** SW Build 2902540 on Wed May 27 19:54:49 MDT 2020
  **** IP Build 2902112 on Wed May 27 22:43:36 MDT 2020
    ** Copyright 1986-2020 Xilinx, Inc. All Rights Reserved.

source CPE_Wrapper.tcl -notrace
INFO: [IP_Flow 19-234] Refreshing IP repositories
INFO: [IP_Flow 19-1700] Loaded user IP repository 'c:/GitHub/ReconHardware/FPGA_Files/Sources/IP_Source/Convolution_Controller_v1.0'.
INFO: [IP_Flow 19-1700] Loaded user IP repository 'c:/GitHub/ReconHardware/FPGA_Files/Projects/axis_snooper/axis_snooper.srcs/sources_1/new'.
INFO: [IP_Flow 19-2313] Loaded Vivado IP repository 'C:/Xilinx/Vivado/2020.1/data/ip'.
WARNING: [IP_Flow 19-4995] The host OS only allows 260 characters in a normal path. The IP cache path is more than 80 characters. If you experience issues with IP caching, please consider changing the IP cache to a location with a shorter path. Alternately consider using the OS subst command to map part of the path to a drive letter. 
Current IP cache path is C:/GitHub/ReconHardware/FPGA_Files/Projects/ConvolutionAccel_d/ConvolutionAccel_d.cache/ip 
Command: link_design -top CPE_Wrapper -part xc7z020clg400-1 -reconfig_partitions {{genblk1[0].ma} {genblk1[1].ma} {genblk1[2].ma}}
Design is defaulting to srcset: sources_1
Design is defaulting to constrset: constrs_1
INFO: [Device 21-403] Loading part xc7z020clg400-1
INFO: [Project 1-454] Reading design checkpoint 'C:/GitHub/ReconHardware/FPGA_Files/Projects/ConvolutionAccel_d/ConvolutionAccel_d.runs/ma_int_8_synth_1/ma_int_8.dcp' for cell 'genblk1[0].ma'
INFO: [Project 1-454] Reading design checkpoint 'C:/GitHub/ReconHardware/FPGA_Files/Projects/ConvolutionAccel_d/ConvolutionAccel_d.runs/ma_int_8_synth_1/ma_int_8.dcp' for cell 'genblk1[1].ma'
INFO: [Project 1-454] Reading design checkpoint 'C:/GitHub/ReconHardware/FPGA_Files/Projects/ConvolutionAccel_d/ConvolutionAccel_d.runs/ma_int_8_synth_1/ma_int_8.dcp' for cell 'genblk1[2].ma'
Netlist sorting complete. Time (s): cpu = 00:00:01 ; elapsed = 00:00:01 . Memory (MB): peak = 1073.695 ; gain = 0.000
INFO: [Netlist 29-17] Analyzing 2230 Unisim elements for replacement
INFO: [Netlist 29-28] Unisim Transformation completed in 1 CPU seconds
INFO: [Project 1-479] Netlist was created with Vivado 2020.1
INFO: [Project 1-570] Preparing netlist for logic optimization
Parsing XDC File [C:/GitHub/ReconHardware/FPGA_Files/Projects/ConvolutionAccel_d/ConvolutionAccel_d.runs/impl_1/CPE_Wrapper_routed_bb/CPE_Wrapper_board.xdc]
Finished Parsing XDC File [C:/GitHub/ReconHardware/FPGA_Files/Projects/ConvolutionAccel_d/ConvolutionAccel_d.runs/impl_1/CPE_Wrapper_routed_bb/CPE_Wrapper_board.xdc]
Parsing XDC File [C:/GitHub/ReconHardware/FPGA_Files/Projects/ConvolutionAccel_d/ConvolutionAccel_d.runs/impl_1/CPE_Wrapper_routed_bb/CPE_Wrapper_early.xdc]
Finished Parsing XDC File [C:/GitHub/ReconHardware/FPGA_Files/Projects/ConvolutionAccel_d/ConvolutionAccel_d.runs/impl_1/CPE_Wrapper_routed_bb/CPE_Wrapper_early.xdc]
Parsing XDC File [C:/GitHub/ReconHardware/FPGA_Files/Projects/ConvolutionAccel_d/ConvolutionAccel_d.runs/impl_1/CPE_Wrapper_routed_bb/CPE_Wrapper.xdc]
INFO: [Timing 38-35] Done setting XDC timing constraints. [c:/GitHub/ReconHardware/FPGA_Files/Projects/ConvolutionAccel_d/ConvolutionAccel_d.runs/impl_1/.Xil/Vivado-15752-DESKTOP-D9F9TPQ/dbg_hub_CV.0/out/xsdbm_cc_late_late.xdc:7]
all_fanout: Time (s): cpu = 00:00:09 ; elapsed = 00:00:08 . Memory (MB): peak = 1871.410 ; gain = 605.234
Finished Parsing XDC File [C:/GitHub/ReconHardware/FPGA_Files/Projects/ConvolutionAccel_d/ConvolutionAccel_d.runs/impl_1/CPE_Wrapper_routed_bb/CPE_Wrapper.xdc]
Parsing XDC File [C:/GitHub/ReconHardware/FPGA_Files/Projects/ConvolutionAccel_d/ConvolutionAccel_d.runs/impl_1/CPE_Wrapper_routed_bb/CPE_Wrapper_late.xdc]
Finished Parsing XDC File [C:/GitHub/ReconHardware/FPGA_Files/Projects/ConvolutionAccel_d/ConvolutionAccel_d.runs/impl_1/CPE_Wrapper_routed_bb/CPE_Wrapper_late.xdc]
Reading XDEF placement.
Reading placer database...
Reading XDEF routing.
Read XDEF File: Time (s): cpu = 00:00:02 ; elapsed = 00:00:03 . Memory (MB): peak = 1933.438 ; gain = 62.027
Restored from archive | CPU: 2.000000 secs | Memory: 0.000000 MB |
Finished XDEF File Restore: Time (s): cpu = 00:00:02 ; elapsed = 00:00:03 . Memory (MB): peak = 1933.438 ; gain = 62.027
Sourcing Tcl File [C:/Xilinx/Vivado/2020.1/data/ip/xpm/xpm_cdc/tcl/xpm_cdc_gray.tcl] for cell 'BD_Wrapper/Convolution_Controller_i/dfx_controller_0/U0/i_cp0/i_bs_fifo/gnuram_async_fifo.xpm_fifo_base_inst/gen_cdc_pntr.rd_pntr_cdc_inst'
INFO: [Vivado 12-3272] Current instance is the top level cell 'BD_Wrapper/Convolution_Controller_i/dfx_controller_0/U0/i_cp0/i_bs_fifo/gnuram_async_fifo.xpm_fifo_base_inst/gen_cdc_pntr.rd_pntr_cdc_inst' of design 'design_1' [C:/Xilinx/Vivado/2020.1/data/ip/xpm/xpm_cdc/tcl/xpm_cdc_gray.tcl:16]
WARNING: [XPM_CDC_GRAY: TCL-1000] The source and destination clocks are the same. 
     Instance: BD_Wrapper/Convolution_Controller_i/dfx_controller_0/U0/i_cp0/i_bs_fifo/gnuram_async_fifo.xpm_fifo_base_inst/gen_cdc_pntr.rd_pntr_cdc_inst 
  This will add unnecessary latency to the design. Please check the design for the following: 
 1) Manually instantiated XPM_CDC modules: Xilinx recommends that you remove these modules. 
 2) Xilinx IP that contains XPM_CDC modules: Verify the connections to the IP to determine whether you can safely ignore this message.
 [C:/Xilinx/Vivado/2020.1/data/ip/xpm/xpm_cdc/tcl/xpm_cdc_gray.tcl:16]
WARNING: [Vivado_Tcl 4-935] Waiver ID 'CDC-6' is a duplicate and will not be added again. [C:/Xilinx/Vivado/2020.1/data/ip/xpm/xpm_cdc/tcl/xpm_cdc_gray.tcl:23]
Finished Sourcing Tcl File [C:/Xilinx/Vivado/2020.1/data/ip/xpm/xpm_cdc/tcl/xpm_cdc_gray.tcl] for cell 'BD_Wrapper/Convolution_Controller_i/dfx_controller_0/U0/i_cp0/i_bs_fifo/gnuram_async_fifo.xpm_fifo_base_inst/gen_cdc_pntr.rd_pntr_cdc_inst'
Sourcing Tcl File [C:/Xilinx/Vivado/2020.1/data/ip/xpm/xpm_cdc/tcl/xpm_cdc_gray.tcl] for cell 'BD_Wrapper/Convolution_Controller_i/dfx_controller_0/U0/i_cp0/i_bs_fifo/gnuram_async_fifo.xpm_fifo_base_inst/gen_cdc_pntr.wr_pntr_cdc_inst'
INFO: [Vivado 12-3272] Current instance is the top level cell 'BD_Wrapper/Convolution_Controller_i/dfx_controller_0/U0/i_cp0/i_bs_fifo/gnuram_async_fifo.xpm_fifo_base_inst/gen_cdc_pntr.wr_pntr_cdc_inst' of design 'design_1' [C:/Xilinx/Vivado/2020.1/data/ip/xpm/xpm_cdc/tcl/xpm_cdc_gray.tcl:16]
WARNING: [XPM_CDC_GRAY: TCL-1000] The source and destination clocks are the same. 
     Instance: BD_Wrapper/Convolution_Controller_i/dfx_controller_0/U0/i_cp0/i_bs_fifo/gnuram_async_fifo.xpm_fifo_base_inst/gen_cdc_pntr.wr_pntr_cdc_inst 
  This will add unnecessary latency to the design. Please check the design for the following: 
 1) Manually instantiated XPM_CDC modules: Xilinx recommends that you remove these modules. 
 2) Xilinx IP that contains XPM_CDC modules: Verify the connections to the IP to determine whether you can safely ignore this message.
 [C:/Xilinx/Vivado/2020.1/data/ip/xpm/xpm_cdc/tcl/xpm_cdc_gray.tcl:16]
WARNING: [Vivado_Tcl 4-935] Waiver ID 'CDC-6' is a duplicate and will not be added again. [C:/Xilinx/Vivado/2020.1/data/ip/xpm/xpm_cdc/tcl/xpm_cdc_gray.tcl:23]
Finished Sourcing Tcl File [C:/Xilinx/Vivado/2020.1/data/ip/xpm/xpm_cdc/tcl/xpm_cdc_gray.tcl] for cell 'BD_Wrapper/Convolution_Controller_i/dfx_controller_0/U0/i_cp0/i_bs_fifo/gnuram_async_fifo.xpm_fifo_base_inst/gen_cdc_pntr.wr_pntr_cdc_inst'
Sourcing Tcl File [C:/Xilinx/Vivado/2020.1/data/ip/xpm/xpm_cdc/tcl/xpm_cdc_sync_rst.tcl] for cell 'BD_Wrapper/Convolution_Controller_i/dfx_controller_0/U0/i_cp0/i_bs_fifo/gnuram_async_fifo.xpm_fifo_base_inst/xpm_fifo_rst_inst/gen_rst_ic.rrst_wr_inst'
Finished Sourcing Tcl File [C:/Xilinx/Vivado/2020.1/data/ip/xpm/xpm_cdc/tcl/xpm_cdc_sync_rst.tcl] for cell 'BD_Wrapper/Convolution_Controller_i/dfx_controller_0/U0/i_cp0/i_bs_fifo/gnuram_async_fifo.xpm_fifo_base_inst/xpm_fifo_rst_inst/gen_rst_ic.rrst_wr_inst'
Sourcing Tcl File [C:/Xilinx/Vivado/2020.1/data/ip/xpm/xpm_cdc/tcl/xpm_cdc_sync_rst.tcl] for cell 'BD_Wrapper/Convolution_Controller_i/dfx_controller_0/U0/i_cp0/i_bs_fifo/gnuram_async_fifo.xpm_fifo_base_inst/xpm_fifo_rst_inst/gen_rst_ic.wrst_rd_inst'
Finished Sourcing Tcl File [C:/Xilinx/Vivado/2020.1/data/ip/xpm/xpm_cdc/tcl/xpm_cdc_sync_rst.tcl] for cell 'BD_Wrapper/Convolution_Controller_i/dfx_controller_0/U0/i_cp0/i_bs_fifo/gnuram_async_fifo.xpm_fifo_base_inst/xpm_fifo_rst_inst/gen_rst_ic.wrst_rd_inst'
Sourcing Tcl File [C:/Xilinx/Vivado/2020.1/data/ip/xpm/xpm_fifo/tcl/xpm_fifo_rst.tcl] for cell 'BD_Wrapper/Convolution_Controller_i/dfx_controller_0/U0/i_cp0/i_bs_fifo'
Finished Sourcing Tcl File [C:/Xilinx/Vivado/2020.1/data/ip/xpm/xpm_fifo/tcl/xpm_fifo_rst.tcl] for cell 'BD_Wrapper/Convolution_Controller_i/dfx_controller_0/U0/i_cp0/i_bs_fifo'
Sourcing Tcl File [C:/Xilinx/Vivado/2020.1/data/ip/xpm/xpm_fifo/tcl/xpm_fifo_rst.tcl] for cell 'BD_Wrapper/Convolution_Controller_i/axi_dma_0/U0/I_PRMRY_DATAMOVER/GEN_MM2S_FULL.I_MM2S_FULL_WRAPPER/GEN_INCLUDE_MM2S_SF.I_RD_SF/I_DATA_FIFO/BLK_MEM.I_SYNC_FIFOGEN_FIFO/xpm_fifo_instance.xpm_fifo_sync_inst'
Finished Sourcing Tcl File [C:/Xilinx/Vivado/2020.1/data/ip/xpm/xpm_fifo/tcl/xpm_fifo_rst.tcl] for cell 'BD_Wrapper/Convolution_Controller_i/axi_dma_0/U0/I_PRMRY_DATAMOVER/GEN_MM2S_FULL.I_MM2S_FULL_WRAPPER/GEN_INCLUDE_MM2S_SF.I_RD_SF/I_DATA_FIFO/BLK_MEM.I_SYNC_FIFOGEN_FIFO/xpm_fifo_instance.xpm_fifo_sync_inst'
Sourcing Tcl File [C:/Xilinx/Vivado/2020.1/data/ip/xpm/xpm_fifo/tcl/xpm_fifo_rst.tcl] for cell 'BD_Wrapper/Convolution_Controller_i/axi_dma_0/U0/I_PRMRY_DATAMOVER/GEN_S2MM_FULL.I_S2MM_FULL_WRAPPER/GEN_ENABLE_INDET_BTT_SF.I_INDET_BTT/I_XD_FIFO/NON_BLK_MEM.I_SYNC_FIFOGEN_FIFO/xpm_fifo_instance.xpm_fifo_sync_inst'
Finished Sourcing Tcl File [C:/Xilinx/Vivado/2020.1/data/ip/xpm/xpm_fifo/tcl/xpm_fifo_rst.tcl] for cell 'BD_Wrapper/Convolution_Controller_i/axi_dma_0/U0/I_PRMRY_DATAMOVER/GEN_S2MM_FULL.I_S2MM_FULL_WRAPPER/GEN_ENABLE_INDET_BTT_SF.I_INDET_BTT/I_XD_FIFO/NON_BLK_MEM.I_SYNC_FIFOGEN_FIFO/xpm_fifo_instance.xpm_fifo_sync_inst'
Sourcing Tcl File [C:/Xilinx/Vivado/2020.1/data/ip/xpm/xpm_fifo/tcl/xpm_fifo_rst.tcl] for cell 'BD_Wrapper/Convolution_Controller_i/axi_dma_0/U0/I_PRMRY_DATAMOVER/GEN_S2MM_FULL.I_S2MM_FULL_WRAPPER/GEN_ENABLE_INDET_BTT_SF.I_INDET_BTT/I_DATA_FIFO/BLK_MEM.I_SYNC_FIFOGEN_FIFO/xpm_fifo_instance.xpm_fifo_sync_inst'
Finished Sourcing Tcl File [C:/Xilinx/Vivado/2020.1/data/ip/xpm/xpm_fifo/tcl/xpm_fifo_rst.tcl] for cell 'BD_Wrapper/Convolution_Controller_i/axi_dma_0/U0/I_PRMRY_DATAMOVER/GEN_S2MM_FULL.I_S2MM_FULL_WRAPPER/GEN_ENABLE_INDET_BTT_SF.I_INDET_BTT/I_DATA_FIFO/BLK_MEM.I_SYNC_FIFOGEN_FIFO/xpm_fifo_instance.xpm_fifo_sync_inst'
Sourcing Tcl File [C:/Xilinx/Vivado/2020.1/data/ip/xpm/xpm_fifo/tcl/xpm_fifo_rst.tcl] for cell 'BD_Wrapper/Convolution_Controller_i/dfx_controller_0/U0/i_cp0/blk_id_fifo.xpm_fifo_sync_inst'
Finished Sourcing Tcl File [C:/Xilinx/Vivado/2020.1/data/ip/xpm/xpm_fifo/tcl/xpm_fifo_rst.tcl] for cell 'BD_Wrapper/Convolution_Controller_i/dfx_controller_0/U0/i_cp0/blk_id_fifo.xpm_fifo_sync_inst'
Sourcing Tcl File [C:/Xilinx/Vivado/2020.1/data/ip/xpm/xpm_memory/tcl/xpm_memory_xdc.tcl] for cell 'BD_Wrapper/Convolution_Controller_i/smartconnect_1/inst/m00_nodes/m00_ar_node/inst/inst_mi_handler/gen_normal_area.inst_fifo_node_payld/gen_xpm_memory_fifo.inst_fifo/gen_mem_rep[0].inst_xpm_memory'
Finished Sourcing Tcl File [C:/Xilinx/Vivado/2020.1/data/ip/xpm/xpm_memory/tcl/xpm_memory_xdc.tcl] for cell 'BD_Wrapper/Convolution_Controller_i/smartconnect_1/inst/m00_nodes/m00_ar_node/inst/inst_mi_handler/gen_normal_area.inst_fifo_node_payld/gen_xpm_memory_fifo.inst_fifo/gen_mem_rep[0].inst_xpm_memory'
Sourcing Tcl File [C:/Xilinx/Vivado/2020.1/data/ip/xpm/xpm_memory/tcl/xpm_memory_xdc.tcl] for cell 'BD_Wrapper/Convolution_Controller_i/smartconnect_1/inst/m00_nodes/m00_aw_node/inst/inst_mi_handler/gen_normal_area.inst_fifo_node_payld/gen_xpm_memory_fifo.inst_fifo/gen_mem_rep[0].inst_xpm_memory'
Finished Sourcing Tcl File [C:/Xilinx/Vivado/2020.1/data/ip/xpm/xpm_memory/tcl/xpm_memory_xdc.tcl] for cell 'BD_Wrapper/Convolution_Controller_i/smartconnect_1/inst/m00_nodes/m00_aw_node/inst/inst_mi_handler/gen_normal_area.inst_fifo_node_payld/gen_xpm_memory_fifo.inst_fifo/gen_mem_rep[0].inst_xpm_memory'
Sourcing Tcl File [C:/Xilinx/Vivado/2020.1/data/ip/xpm/xpm_memory/tcl/xpm_memory_xdc.tcl] for cell 'BD_Wrapper/Convolution_Controller_i/smartconnect_1/inst/s01_nodes/s01_aw_node/inst/inst_mi_handler/gen_normal_area.inst_fifo_node_payld/gen_xpm_memory_fifo.inst_fifo/gen_mem_rep[0].inst_xpm_memory'
Finished Sourcing Tcl File [C:/Xilinx/Vivado/2020.1/data/ip/xpm/xpm_memory/tcl/xpm_memory_xdc.tcl] for cell 'BD_Wrapper/Convolution_Controller_i/smartconnect_1/inst/s01_nodes/s01_aw_node/inst/inst_mi_handler/gen_normal_area.inst_fifo_node_payld/gen_xpm_memory_fifo.inst_fifo/gen_mem_rep[0].inst_xpm_memory'
Sourcing Tcl File [C:/Xilinx/Vivado/2020.1/data/ip/xpm/xpm_memory/tcl/xpm_memory_xdc.tcl] for cell 'BD_Wrapper/Convolution_Controller_i/smartconnect_1/inst/s01_nodes/s01_b_node/inst/inst_mi_handler/gen_normal_area.inst_fifo_node_payld/gen_xpm_memory_fifo.inst_fifo/gen_mem_rep[0].inst_xpm_memory'
Finished Sourcing Tcl File [C:/Xilinx/Vivado/2020.1/data/ip/xpm/xpm_memory/tcl/xpm_memory_xdc.tcl] for cell 'BD_Wrapper/Convolution_Controller_i/smartconnect_1/inst/s01_nodes/s01_b_node/inst/inst_mi_handler/gen_normal_area.inst_fifo_node_payld/gen_xpm_memory_fifo.inst_fifo/gen_mem_rep[0].inst_xpm_memory'
Sourcing Tcl File [C:/Xilinx/Vivado/2020.1/data/ip/xpm/xpm_memory/tcl/xpm_memory_xdc.tcl] for cell 'BD_Wrapper/Convolution_Controller_i/smartconnect_1/inst/s01_nodes/s01_w_node/inst/inst_mi_handler/gen_normal_area.inst_fifo_node_payld/gen_xpm_memory_fifo.inst_fifo/gen_mem_rep[0].inst_xpm_memory'
Finished Sourcing Tcl File [C:/Xilinx/Vivado/2020.1/data/ip/xpm/xpm_memory/tcl/xpm_memory_xdc.tcl] for cell 'BD_Wrapper/Convolution_Controller_i/smartconnect_1/inst/s01_nodes/s01_w_node/inst/inst_mi_handler/gen_normal_area.inst_fifo_node_payld/gen_xpm_memory_fifo.inst_fifo/gen_mem_rep[0].inst_xpm_memory'
Sourcing Tcl File [C:/Xilinx/Vivado/2020.1/data/ip/xpm/xpm_memory/tcl/xpm_memory_xdc.tcl] for cell 'BD_Wrapper/Convolution_Controller_i/smartconnect_1/inst/m00_nodes/m00_b_node/inst/inst_mi_handler/gen_normal_area.gen_fifo_req.inst_fifo_req/gen_xpm_memory_fifo.inst_fifo/gen_mem_rep[0].inst_xpm_memory'
Finished Sourcing Tcl File [C:/Xilinx/Vivado/2020.1/data/ip/xpm/xpm_memory/tcl/xpm_memory_xdc.tcl] for cell 'BD_Wrapper/Convolution_Controller_i/smartconnect_1/inst/m00_nodes/m00_b_node/inst/inst_mi_handler/gen_normal_area.gen_fifo_req.inst_fifo_req/gen_xpm_memory_fifo.inst_fifo/gen_mem_rep[0].inst_xpm_memory'
Sourcing Tcl File [C:/Xilinx/Vivado/2020.1/data/ip/xpm/xpm_memory/tcl/xpm_memory_xdc.tcl] for cell 'BD_Wrapper/Convolution_Controller_i/smartconnect_1/inst/m00_nodes/m00_r_node/inst/inst_mi_handler/gen_normal_area.gen_fifo_req.inst_fifo_req/gen_xpm_memory_fifo.inst_fifo/gen_mem_rep[0].inst_xpm_memory'
Finished Sourcing Tcl File [C:/Xilinx/Vivado/2020.1/data/ip/xpm/xpm_memory/tcl/xpm_memory_xdc.tcl] for cell 'BD_Wrapper/Convolution_Controller_i/smartconnect_1/inst/m00_nodes/m00_r_node/inst/inst_mi_handler/gen_normal_area.gen_fifo_req.inst_fifo_req/gen_xpm_memory_fifo.inst_fifo/gen_mem_rep[0].inst_xpm_memory'
Sourcing Tcl File [C:/Xilinx/Vivado/2020.1/data/ip/xpm/xpm_memory/tcl/xpm_memory_xdc.tcl] for cell 'BD_Wrapper/Convolution_Controller_i/smartconnect_1/inst/m00_nodes/m00_b_node/inst/inst_mi_handler/gen_normal_area.inst_fifo_node_payld/gen_xpm_memory_fifo.inst_fifo/gen_mem_rep[0].inst_xpm_memory'
Finished Sourcing Tcl File [C:/Xilinx/Vivado/2020.1/data/ip/xpm/xpm_memory/tcl/xpm_memory_xdc.tcl] for cell 'BD_Wrapper/Convolution_Controller_i/smartconnect_1/inst/m00_nodes/m00_b_node/inst/inst_mi_handler/gen_normal_area.inst_fifo_node_payld/gen_xpm_memory_fifo.inst_fifo/gen_mem_rep[0].inst_xpm_memory'
Sourcing Tcl File [C:/Xilinx/Vivado/2020.1/data/ip/xpm/xpm_memory/tcl/xpm_memory_xdc.tcl] for cell 'BD_Wrapper/Convolution_Controller_i/smartconnect_1/inst/m00_nodes/m00_r_node/inst/inst_mi_handler/gen_normal_area.inst_fifo_node_payld/gen_xpm_memory_fifo.inst_fifo/gen_mem_rep[0].inst_xpm_memory'
Finished Sourcing Tcl File [C:/Xilinx/Vivado/2020.1/data/ip/xpm/xpm_memory/tcl/xpm_memory_xdc.tcl] for cell 'BD_Wrapper/Convolution_Controller_i/smartconnect_1/inst/m00_nodes/m00_r_node/inst/inst_mi_handler/gen_normal_area.inst_fifo_node_payld/gen_xpm_memory_fifo.inst_fifo/gen_mem_rep[0].inst_xpm_memory'
Sourcing Tcl File [C:/Xilinx/Vivado/2020.1/data/ip/xpm/xpm_memory/tcl/xpm_memory_xdc.tcl] for cell 'BD_Wrapper/Convolution_Controller_i/smartconnect_1/inst/m00_nodes/m00_w_node/inst/inst_si_handler/gen_si_handler.gen_request_fifos.gen_req_fifo[1].inst_req_fifo/gen_xpm_memory_fifo.inst_fifo/gen_mem_rep[0].inst_xpm_memory'
Finished Sourcing Tcl File [C:/Xilinx/Vivado/2020.1/data/ip/xpm/xpm_memory/tcl/xpm_memory_xdc.tcl] for cell 'BD_Wrapper/Convolution_Controller_i/smartconnect_1/inst/m00_nodes/m00_w_node/inst/inst_si_handler/gen_si_handler.gen_request_fifos.gen_req_fifo[1].inst_req_fifo/gen_xpm_memory_fifo.inst_fifo/gen_mem_rep[0].inst_xpm_memory'
Sourcing Tcl File [C:/Xilinx/Vivado/2020.1/data/ip/xpm/xpm_memory/tcl/xpm_memory_xdc.tcl] for cell 'BD_Wrapper/Convolution_Controller_i/smartconnect_1/inst/m00_nodes/m00_w_node/inst/inst_mi_handler/gen_normal_area.inst_fifo_node_payld/gen_xpm_memory_fifo.inst_fifo/gen_mem_rep[0].inst_xpm_memory'
Finished Sourcing Tcl File [C:/Xilinx/Vivado/2020.1/data/ip/xpm/xpm_memory/tcl/xpm_memory_xdc.tcl] for cell 'BD_Wrapper/Convolution_Controller_i/smartconnect_1/inst/m00_nodes/m00_w_node/inst/inst_mi_handler/gen_normal_area.inst_fifo_node_payld/gen_xpm_memory_fifo.inst_fifo/gen_mem_rep[0].inst_xpm_memory'
Sourcing Tcl File [C:/Xilinx/Vivado/2020.1/data/ip/xpm/xpm_memory/tcl/xpm_memory_xdc.tcl] for cell 'BD_Wrapper/Convolution_Controller_i/smartconnect_1/inst/s01_nodes/s01_w_node/inst/inst_mi_handler/gen_normal_area.gen_fifo_req.inst_fifo_req/gen_xpm_memory_fifo.inst_fifo/gen_mem_rep[0].inst_xpm_memory'
Finished Sourcing Tcl File [C:/Xilinx/Vivado/2020.1/data/ip/xpm/xpm_memory/tcl/xpm_memory_xdc.tcl] for cell 'BD_Wrapper/Convolution_Controller_i/smartconnect_1/inst/s01_nodes/s01_w_node/inst/inst_mi_handler/gen_normal_area.gen_fifo_req.inst_fifo_req/gen_xpm_memory_fifo.inst_fifo/gen_mem_rep[0].inst_xpm_memory'
Sourcing Tcl File [C:/Xilinx/Vivado/2020.1/data/ip/xpm/xpm_memory/tcl/xpm_memory_xdc.tcl] for cell 'BD_Wrapper/Convolution_Controller_i/smartconnect_1/inst/s00_nodes/s00_ar_node/inst/inst_mi_handler/gen_normal_area.inst_fifo_node_payld/gen_xpm_memory_fifo.inst_fifo/gen_mem_rep[0].inst_xpm_memory'
Finished Sourcing Tcl File [C:/Xilinx/Vivado/2020.1/data/ip/xpm/xpm_memory/tcl/xpm_memory_xdc.tcl] for cell 'BD_Wrapper/Convolution_Controller_i/smartconnect_1/inst/s00_nodes/s00_ar_node/inst/inst_mi_handler/gen_normal_area.inst_fifo_node_payld/gen_xpm_memory_fifo.inst_fifo/gen_mem_rep[0].inst_xpm_memory'
Sourcing Tcl File [C:/Xilinx/Vivado/2020.1/data/ip/xpm/xpm_memory/tcl/xpm_memory_xdc.tcl] for cell 'BD_Wrapper/Convolution_Controller_i/smartconnect_1/inst/s02_nodes/s02_ar_node/inst/inst_mi_handler/gen_normal_area.inst_fifo_node_payld/gen_xpm_memory_fifo.inst_fifo/gen_mem_rep[0].inst_xpm_memory'
Finished Sourcing Tcl File [C:/Xilinx/Vivado/2020.1/data/ip/xpm/xpm_memory/tcl/xpm_memory_xdc.tcl] for cell 'BD_Wrapper/Convolution_Controller_i/smartconnect_1/inst/s02_nodes/s02_ar_node/inst/inst_mi_handler/gen_normal_area.inst_fifo_node_payld/gen_xpm_memory_fifo.inst_fifo/gen_mem_rep[0].inst_xpm_memory'
Sourcing Tcl File [C:/Xilinx/Vivado/2020.1/data/ip/xpm/xpm_memory/tcl/xpm_memory_xdc.tcl] for cell 'BD_Wrapper/Convolution_Controller_i/smartconnect_1/inst/s00_nodes/s00_r_node/inst/inst_mi_handler/gen_normal_area.inst_fifo_node_payld/gen_xpm_memory_fifo.inst_fifo/gen_mem_rep[0].inst_xpm_memory'
Finished Sourcing Tcl File [C:/Xilinx/Vivado/2020.1/data/ip/xpm/xpm_memory/tcl/xpm_memory_xdc.tcl] for cell 'BD_Wrapper/Convolution_Controller_i/smartconnect_1/inst/s00_nodes/s00_r_node/inst/inst_mi_handler/gen_normal_area.inst_fifo_node_payld/gen_xpm_memory_fifo.inst_fifo/gen_mem_rep[0].inst_xpm_memory'
Sourcing Tcl File [C:/Xilinx/Vivado/2020.1/data/ip/xpm/xpm_memory/tcl/xpm_memory_xdc.tcl] for cell 'BD_Wrapper/Convolution_Controller_i/smartconnect_1/inst/s02_nodes/s02_r_node/inst/inst_mi_handler/gen_normal_area.inst_fifo_node_payld/gen_xpm_memory_fifo.inst_fifo/gen_mem_rep[0].inst_xpm_memory'
Finished Sourcing Tcl File [C:/Xilinx/Vivado/2020.1/data/ip/xpm/xpm_memory/tcl/xpm_memory_xdc.tcl] for cell 'BD_Wrapper/Convolution_Controller_i/smartconnect_1/inst/s02_nodes/s02_r_node/inst/inst_mi_handler/gen_normal_area.inst_fifo_node_payld/gen_xpm_memory_fifo.inst_fifo/gen_mem_rep[0].inst_xpm_memory'
INFO: [Opt 31-138] Pushed 0 inverter(s) to 0 load pin(s).
Netlist sorting complete. Time (s): cpu = 00:00:00 ; elapsed = 00:00:00.028 . Memory (MB): peak = 1953.777 ; gain = 0.000
INFO: [Project 1-111] Unisim Transformation Summary:
  A total of 796 instances were transformed.
  CFGLUT5 => CFGLUT5 (SRL16E, SRLC32E): 564 instances
  RAM16X1D => RAM32X1D (RAMD32(x2)): 1 instance 
  RAM16X1S => RAM32X1S (RAMS32): 81 instances
  RAM32M => RAM32M (RAMD32(x6), RAMS32(x2)): 150 instances

17 Infos, 5 Warnings, 0 Critical Warnings and 0 Errors encountered.
link_design completed successfully
link_design: Time (s): cpu = 00:00:37 ; elapsed = 00:00:37 . Memory (MB): peak = 1953.777 ; gain = 880.082
Command: opt_design
Attempting to get a license for feature 'Implementation' and/or device 'xc7z020'
INFO: [Common 17-349] Got license for feature 'Implementation' and/or device 'xc7z020'
Running DRC as a precondition to command opt_design

Starting DRC Task
INFO: [DRC 23-27] Running DRC with 2 threads
INFO: [Project 1-461] DRC finished with 0 Errors
INFO: [Project 1-462] Please refer to the DRC report (report_drc) for more information.

Time (s): cpu = 00:00:03 ; elapsed = 00:00:02 . Memory (MB): peak = 1953.777 ; gain = 0.000

Starting Cache Timing Information Task
INFO: [Timing 38-35] Done setting XDC timing constraints.
Ending Cache Timing Information Task | Checksum: 1b4f4df22

Time (s): cpu = 00:00:02 ; elapsed = 00:00:01 . Memory (MB): peak = 1953.777 ; gain = 0.000

Starting Logic Optimization Task

Phase 1 Retarget
INFO: [Opt 31-138] Pushed 0 inverter(s) to 0 load pin(s).
INFO: [Opt 31-49] Retargeted 0 cell(s).
Phase 1 Retarget | Checksum: 1b4f4df22

Time (s): cpu = 00:00:08 ; elapsed = 00:00:08 . Memory (MB): peak = 2182.898 ; gain = 33.445
INFO: [Opt 31-389] Phase Retarget created 0 cells and removed 0 cells
INFO: [Opt 31-1021] In phase Retarget, 3417 netlist objects are constrained preventing optimization. Please run opt_design with -debug_log to get more detail. 

Phase 2 Constant propagation
INFO: [Opt 31-138] Pushed 0 inverter(s) to 0 load pin(s).
Phase 2 Constant propagation | Checksum: 1942dc62c

Time (s): cpu = 00:00:09 ; elapsed = 00:00:09 . Memory (MB): peak = 2182.898 ; gain = 33.445
INFO: [Opt 31-389] Phase Constant propagation created 0 cells and removed 0 cells
INFO: [Opt 31-1021] In phase Constant propagation, 109 netlist objects are constrained preventing optimization. Please run opt_design with -debug_log to get more detail. 

Phase 3 Sweep
Phase 3 Sweep | Checksum: 12234955c

Time (s): cpu = 00:00:12 ; elapsed = 00:00:12 . Memory (MB): peak = 2182.898 ; gain = 33.445
INFO: [Opt 31-389] Phase Sweep created 0 cells and removed 0 cells
INFO: [Opt 31-1021] In phase Sweep, 238835 netlist objects are constrained preventing optimization. Please run opt_design with -debug_log to get more detail. 

Phase 4 BUFG optimization
Phase 4 BUFG optimization | Checksum: 12234955c

Time (s): cpu = 00:00:13 ; elapsed = 00:00:13 . Memory (MB): peak = 2182.898 ; gain = 33.445
INFO: [Opt 31-662] Phase BUFG optimization created 0 cells of which 0 are BUFGs and removed 0 cells.
INFO: [Opt 31-1021] In phase BUFG optimization, 2 netlist objects are constrained preventing optimization. Please run opt_design with -debug_log to get more detail. 

Phase 5 Shift Register Optimization
INFO: [Opt 31-1064] SRL Remap converted 0 SRLs to 0 registers and converted 0 registers of register chains to 0 SRLs
Phase 5 Shift Register Optimization | Checksum: 12234955c

Time (s): cpu = 00:00:15 ; elapsed = 00:00:14 . Memory (MB): peak = 2182.898 ; gain = 33.445
INFO: [Opt 31-389] Phase Shift Register Optimization created 0 cells and removed 0 cells

Phase 6 Post Processing Netlist
Phase 6 Post Processing Netlist | Checksum: 12234955c

Time (s): cpu = 00:00:16 ; elapsed = 00:00:16 . Memory (MB): peak = 2182.898 ; gain = 33.445
INFO: [Opt 31-389] Phase Post Processing Netlist created 0 cells and removed 0 cells
INFO: [Opt 31-1021] In phase Post Processing Netlist, 154 netlist objects are constrained preventing optimization. Please run opt_design with -debug_log to get more detail. 
Opt_design Change Summary
=========================


-------------------------------------------------------------------------------------------------------------------------
|  Phase                        |  #Cells created  |  #Cells Removed  |  #Constrained objects preventing optimizations  |
-------------------------------------------------------------------------------------------------------------------------
|  Retarget                     |               0  |               0  |                                           3417  |
|  Constant propagation         |               0  |               0  |                                            109  |
|  Sweep                        |               0  |               0  |                                         238835  |
|  BUFG optimization            |               0  |               0  |                                              2  |
|  Shift Register Optimization  |               0  |               0  |                                              0  |
|  Post Processing Netlist      |               0  |               0  |                                            154  |
-------------------------------------------------------------------------------------------------------------------------



Starting Connectivity Check Task

Time (s): cpu = 00:00:01 ; elapsed = 00:00:00.096 . Memory (MB): peak = 2182.898 ; gain = 0.000
Ending Logic Optimization Task | Checksum: 15bd22945

Time (s): cpu = 00:00:17 ; elapsed = 00:00:16 . Memory (MB): peak = 2182.898 ; gain = 33.445

Starting Power Optimization Task
INFO: [Pwropt 34-132] Skipping clock gating for clocks with a period < 2.00 ns.
INFO: [Pwropt 34-232] Skipping BRAM gating because all BRAMs are in high frequency (i.e. period < 3.12 ns) clock domains.
INFO: [Pwropt 34-162] WRITE_MODE attribute of 0 BRAM(s) out of a total of 35 has been updated to save power. Run report_power_opt to get a complete listing of the BRAMs updated.
Ending Power Optimization Task | Checksum: 15bd22945

Time (s): cpu = 00:00:01 ; elapsed = 00:00:01 . Memory (MB): peak = 2223.363 ; gain = 40.465

Starting Final Cleanup Task
Ending Final Cleanup Task | Checksum: 15bd22945

Time (s): cpu = 00:00:00 ; elapsed = 00:00:00 . Memory (MB): peak = 2223.363 ; gain = 0.000

Starting Netlist Obfuscation Task
Netlist sorting complete. Time (s): cpu = 00:00:00 ; elapsed = 00:00:00.030 . Memory (MB): peak = 2223.363 ; gain = 0.000
Ending Netlist Obfuscation Task | Checksum: 15bd22945

Time (s): cpu = 00:00:00 ; elapsed = 00:00:00.030 . Memory (MB): peak = 2223.363 ; gain = 0.000
INFO: [Common 17-83] Releasing license: Implementation
41 Infos, 5 Warnings, 0 Critical Warnings and 0 Errors encountered.
opt_design completed successfully
opt_design: Time (s): cpu = 00:00:29 ; elapsed = 00:00:27 . Memory (MB): peak = 2223.363 ; gain = 269.586
INFO: [Timing 38-480] Writing timing data to binary archive.
Writing placer database...
Writing XDEF routing.
Writing XDEF routing logical nets.
Writing XDEF routing special nets.
Write XDEF Complete: Time (s): cpu = 00:00:11 ; elapsed = 00:00:03 . Memory (MB): peak = 2223.363 ; gain = 0.000
INFO: [Common 17-1381] The checkpoint 'C:/GitHub/ReconHardware/FPGA_Files/Projects/ConvolutionAccel_d/ConvolutionAccel_d.runs/child_1_impl_1/CPE_Wrapper_opt.dcp' has been generated.
write_checkpoint: Time (s): cpu = 00:00:19 ; elapsed = 00:00:09 . Memory (MB): peak = 2223.363 ; gain = 0.000
INFO: [runtcl-4] Executing : report_drc -file CPE_Wrapper_drc_opted.rpt -pb CPE_Wrapper_drc_opted.pb -rpx CPE_Wrapper_drc_opted.rpx
Command: report_drc -file CPE_Wrapper_drc_opted.rpt -pb CPE_Wrapper_drc_opted.pb -rpx CPE_Wrapper_drc_opted.rpx
INFO: [IP_Flow 19-1839] IP Catalog is up to date.
INFO: [DRC 23-27] Running DRC with 2 threads
INFO: [Coretcl 2-168] The results of DRC are in file C:/GitHub/ReconHardware/FPGA_Files/Projects/ConvolutionAccel_d/ConvolutionAccel_d.runs/child_1_impl_1/CPE_Wrapper_drc_opted.rpt.
report_drc completed successfully
report_drc: Time (s): cpu = 00:00:11 ; elapsed = 00:00:06 . Memory (MB): peak = 2241.754 ; gain = 18.391
INFO: [Chipscope 16-240] Debug cores have already been implemented
Command: place_design
Attempting to get a license for feature 'Implementation' and/or device 'xc7z020'
INFO: [Common 17-349] Got license for feature 'Implementation' and/or device 'xc7z020'
INFO: [DRC 23-27] Running DRC with 2 threads
INFO: [Vivado_Tcl 4-198] DRC finished with 0 Errors
INFO: [Vivado_Tcl 4-199] Please refer to the DRC report (report_drc) for more information.
Running DRC as a precondition to command place_design
INFO: [DRC 23-27] Running DRC with 2 threads
INFO: [Vivado_Tcl 4-198] DRC finished with 0 Errors
INFO: [Vivado_Tcl 4-199] Please refer to the DRC report (report_drc) for more information.

Starting Placer Task
INFO: [Place 30-611] Multithreading enabled for place_design using a maximum of 2 CPUs

Phase 1 Placer Initialization

Phase 1.1 Placer Initialization Netlist Sorting
Netlist sorting complete. Time (s): cpu = 00:00:00 ; elapsed = 00:00:00.030 . Memory (MB): peak = 2270.441 ; gain = 0.000
Phase 1.1 Placer Initialization Netlist Sorting | Checksum: 11dcd8030

Time (s): cpu = 00:00:01 ; elapsed = 00:00:00.406 . Memory (MB): peak = 2270.441 ; gain = 0.000
Netlist sorting complete. Time (s): cpu = 00:00:00 ; elapsed = 00:00:00.028 . Memory (MB): peak = 2270.441 ; gain = 0.000

Phase 1.2 IO Placement/ Clock Placement/ Build Placer Device
INFO: [Timing 38-35] Done setting XDC timing constraints.
Phase 1.2 IO Placement/ Clock Placement/ Build Placer Device | Checksum: 1cb8c6dc2

Time (s): cpu = 00:00:09 ; elapsed = 00:00:07 . Memory (MB): peak = 2391.188 ; gain = 120.746

Phase 1.3 Build Placer Netlist Model
Phase 1.3 Build Placer Netlist Model | Checksum: 1dfeb8f50

Time (s): cpu = 00:00:28 ; elapsed = 00:00:20 . Memory (MB): peak = 2515.043 ; gain = 244.602

Phase 1.4 Constrain Clocks/Macros
Phase 1.4 Constrain Clocks/Macros | Checksum: 1dfeb8f50

Time (s): cpu = 00:00:28 ; elapsed = 00:00:21 . Memory (MB): peak = 2515.043 ; gain = 244.602
Phase 1 Placer Initialization | Checksum: 1dfeb8f50

Time (s): cpu = 00:00:28 ; elapsed = 00:00:21 . Memory (MB): peak = 2515.043 ; gain = 244.602

Phase 2 Global Placement

Phase 2.1 Floorplanning
Phase 2.1 Floorplanning | Checksum: 245f2053b

Time (s): cpu = 00:00:35 ; elapsed = 00:00:25 . Memory (MB): peak = 2515.043 ; gain = 244.602

Phase 2.2 Global Placement Core

Phase 2.2.1 Physical Synthesis In Placer
INFO: [Physopt 32-1035] Found 0 LUTNM shape to break, 81 LUT instances to create LUTNM shape
INFO: [Physopt 32-1044] Break lutnm for timing: one critical 0, two critical 0, total 0, new lutff created 0
INFO: [Physopt 32-775] End 1 Pass. Optimized 39 nets or cells. Created 0 new cell, deleted 39 existing cells and moved 0 existing cell
INFO: [Physopt 32-65] No nets found for high-fanout optimization.
INFO: [Physopt 32-232] Optimized 0 net. Created 0 new instance.
INFO: [Physopt 32-775] End 1 Pass. Optimized 0 net or cell. Created 0 new cell, deleted 0 existing cell and moved 0 existing cell
INFO: [Physopt 32-456] No candidate cells for DSP register optimization found in the design.
INFO: [Physopt 32-775] End 2 Pass. Optimized 0 net or cell. Created 0 new cell, deleted 0 existing cell and moved 0 existing cell
INFO: [Physopt 32-1123] No candidate cells found for Shift Register to Pipeline optimization
INFO: [Physopt 32-775] End 1 Pass. Optimized 0 net or cell. Created 0 new cell, deleted 0 existing cell and moved 0 existing cell
INFO: [Physopt 32-677] No candidate cells for Shift Register optimization found in the design
INFO: [Physopt 32-775] End 1 Pass. Optimized 0 net or cell. Created 0 new cell, deleted 0 existing cell and moved 0 existing cell
INFO: [Physopt 32-526] No candidate cells for BRAM register optimization found in the design
INFO: [Physopt 32-775] End 1 Pass. Optimized 0 net or cell. Created 0 new cell, deleted 0 existing cell and moved 0 existing cell
INFO: [Physopt 32-846] No candidate cells for URAM register optimization found in the design
INFO: [Physopt 32-775] End 2 Pass. Optimized 0 net or cell. Created 0 new cell, deleted 0 existing cell and moved 0 existing cell
INFO: [Physopt 32-949] No candidate nets found for HD net replication
INFO: [Physopt 32-775] End 1 Pass. Optimized 0 net or cell. Created 0 new cell, deleted 0 existing cell and moved 0 existing cell
Netlist sorting complete. Time (s): cpu = 00:00:00 ; elapsed = 00:00:00.028 . Memory (MB): peak = 2515.043 ; gain = 0.000

Summary of Physical Synthesis Optimizations
============================================


-----------------------------------------------------------------------------------------------------------------------------------------------------------
|  Optimization                                     |  Added Cells  |  Removed Cells  |  Optimized Cells/Nets  |  Dont Touch  |  Iterations  |  Elapsed   |
-----------------------------------------------------------------------------------------------------------------------------------------------------------
|  LUT Combining                                    |            0  |             39  |                    39  |           0  |           1  |  00:00:00  |
|  Very High Fanout                                 |            0  |              0  |                     0  |           0  |           1  |  00:00:00  |
|  DSP Register                                     |            0  |              0  |                     0  |           0  |           1  |  00:00:00  |
|  Shift Register to Pipeline                       |            0  |              0  |                     0  |           0  |           1  |  00:00:00  |
|  Shift Register                                   |            0  |              0  |                     0  |           0  |           1  |  00:00:00  |
|  BRAM Register                                    |            0  |              0  |                     0  |          35  |           1  |  00:00:00  |
|  URAM Register                                    |            0  |              0  |                     0  |           0  |           1  |  00:00:00  |
|  Dynamic/Static Region Interface Net Replication  |            0  |              0  |                     0  |           0  |           1  |  00:00:00  |
|  Total                                            |            0  |             39  |                    39  |          35  |           8  |  00:00:01  |
-----------------------------------------------------------------------------------------------------------------------------------------------------------


Phase 2.2.1 Physical Synthesis In Placer | Checksum: 26149e0c2

Time (s): cpu = 00:01:02 ; elapsed = 00:00:40 . Memory (MB): peak = 2515.043 ; gain = 244.602
Phase 2.2 Global Placement Core | Checksum: 1c5ac3a6c

Time (s): cpu = 00:01:02 ; elapsed = 00:00:41 . Memory (MB): peak = 2515.043 ; gain = 244.602
Phase 2 Global Placement | Checksum: 1c5ac3a6c

Time (s): cpu = 00:01:02 ; elapsed = 00:00:41 . Memory (MB): peak = 2515.043 ; gain = 244.602

Phase 3 Detail Placement

Phase 3.1 Commit Multi Column Macros
Phase 3.1 Commit Multi Column Macros | Checksum: 26a3b82aa

Time (s): cpu = 00:01:04 ; elapsed = 00:00:43 . Memory (MB): peak = 2515.043 ; gain = 244.602

Phase 3.2 Commit Most Macros & LUTRAMs
Phase 3.2 Commit Most Macros & LUTRAMs | Checksum: 1eb869e66

Time (s): cpu = 00:01:05 ; elapsed = 00:00:43 . Memory (MB): peak = 2515.043 ; gain = 244.602

Phase 3.3 Area Swap Optimization
Phase 3.3 Area Swap Optimization | Checksum: 1e04f0243

Time (s): cpu = 00:01:06 ; elapsed = 00:00:44 . Memory (MB): peak = 2515.043 ; gain = 244.602

Phase 3.4 Pipeline Register Optimization
Phase 3.4 Pipeline Register Optimization | Checksum: 1e04f0243

Time (s): cpu = 00:01:06 ; elapsed = 00:00:44 . Memory (MB): peak = 2515.043 ; gain = 244.602

Phase 3.5 Fast Optimization
Phase 3.5 Fast Optimization | Checksum: 191aa0ce9

Time (s): cpu = 00:01:13 ; elapsed = 00:00:48 . Memory (MB): peak = 2515.043 ; gain = 244.602

Phase 3.6 Small Shape Detail Placement
Phase 3.6 Small Shape Detail Placement | Checksum: 1e6db07a3

Time (s): cpu = 00:01:15 ; elapsed = 00:00:49 . Memory (MB): peak = 2515.043 ; gain = 244.602

Phase 3.7 Re-assign LUT pins
Phase 3.7 Re-assign LUT pins | Checksum: 1f3af7231

Time (s): cpu = 00:01:15 ; elapsed = 00:00:50 . Memory (MB): peak = 2515.043 ; gain = 244.602

Phase 3.8 Pipeline Register Optimization
Phase 3.8 Pipeline Register Optimization | Checksum: 1f3af7231

Time (s): cpu = 00:01:15 ; elapsed = 00:00:50 . Memory (MB): peak = 2515.043 ; gain = 244.602

Phase 3.9 Fast Optimization
Phase 3.9 Fast Optimization | Checksum: 250810474

Time (s): cpu = 00:01:24 ; elapsed = 00:00:55 . Memory (MB): peak = 2515.043 ; gain = 244.602
Phase 3 Detail Placement | Checksum: 250810474

Time (s): cpu = 00:01:24 ; elapsed = 00:00:55 . Memory (MB): peak = 2515.043 ; gain = 244.602

Phase 4 Post Placement Optimization and Clean-Up

Phase 4.1 Post Commit Optimization
INFO: [Timing 38-35] Done setting XDC timing constraints.

Phase 4.1.1 Post Placement Optimization
Post Placement Optimization Initialization | Checksum: 264c3e1de

Phase 4.1.1.1 BUFG Insertion

Starting Physical Synthesis Task

Phase 1 Physical Synthesis Initialization
INFO: [Physopt 32-721] Multithreading enabled for phys_opt_design using a maximum of 2 CPUs
INFO: [Physopt 32-619] Estimated Timing Summary | WNS=0.232 | TNS=0.000 |
Phase 1 Physical Synthesis Initialization | Checksum: 1bacd65f2

Time (s): cpu = 00:00:02 ; elapsed = 00:00:01 . Memory (MB): peak = 2517.953 ; gain = 0.000
INFO: [Place 46-56] BUFG insertion identified 0 candidate nets. Inserted BUFG: 0, Replicated BUFG Driver: 0, Skipped due to Placement/Routing Conflicts: 0, Skipped due to Timing Degradation: 0, Skipped due to Illegal Netlist: 0.
Ending Physical Synthesis Task | Checksum: 1dfe19f4c

Time (s): cpu = 00:00:03 ; elapsed = 00:00:02 . Memory (MB): peak = 2517.953 ; gain = 0.000
Phase 4.1.1.1 BUFG Insertion | Checksum: 264c3e1de

Time (s): cpu = 00:01:42 ; elapsed = 00:01:06 . Memory (MB): peak = 2517.953 ; gain = 247.512
INFO: [Place 30-746] Post Placement Timing Summary WNS=0.232. For the most accurate timing information please run report_timing.
Phase 4.1.1 Post Placement Optimization | Checksum: 1ba4a6698

Time (s): cpu = 00:01:43 ; elapsed = 00:01:07 . Memory (MB): peak = 2517.953 ; gain = 247.512
Phase 4.1 Post Commit Optimization | Checksum: 1ba4a6698

Time (s): cpu = 00:01:43 ; elapsed = 00:01:07 . Memory (MB): peak = 2517.953 ; gain = 247.512

Phase 4.2 Post Placement Cleanup
Phase 4.2 Post Placement Cleanup | Checksum: 1ba4a6698

Time (s): cpu = 00:01:43 ; elapsed = 00:01:08 . Memory (MB): peak = 2517.953 ; gain = 247.512

Phase 4.3 Placer Reporting
Phase 4.3 Placer Reporting | Checksum: 1e894c67b

Time (s): cpu = 00:01:44 ; elapsed = 00:01:09 . Memory (MB): peak = 2517.953 ; gain = 247.512

Phase 4.4 Final Placement Cleanup
Netlist sorting complete. Time (s): cpu = 00:00:00 ; elapsed = 00:00:00.029 . Memory (MB): peak = 2517.953 ; gain = 0.000
Phase 4.4 Final Placement Cleanup | Checksum: 16ee0d4f2

Time (s): cpu = 00:01:45 ; elapsed = 00:01:09 . Memory (MB): peak = 2517.953 ; gain = 247.512
Phase 4 Post Placement Optimization and Clean-Up | Checksum: 16ee0d4f2

Time (s): cpu = 00:01:45 ; elapsed = 00:01:10 . Memory (MB): peak = 2517.953 ; gain = 247.512
Ending Placer Task | Checksum: 156736491

Time (s): cpu = 00:01:46 ; elapsed = 00:01:10 . Memory (MB): peak = 2517.953 ; gain = 247.512
INFO: [Common 17-83] Releasing license: Implementation
81 Infos, 5 Warnings, 0 Critical Warnings and 0 Errors encountered.
place_design completed successfully
place_design: Time (s): cpu = 00:01:52 ; elapsed = 00:01:14 . Memory (MB): peak = 2517.953 ; gain = 276.199
INFO: [Timing 38-480] Writing timing data to binary archive.
Writing placer database...
Writing XDEF routing.
Writing XDEF routing logical nets.
Writing XDEF routing special nets.
Write XDEF Complete: Time (s): cpu = 00:00:11 ; elapsed = 00:00:03 . Memory (MB): peak = 2517.953 ; gain = 0.000
INFO: [Common 17-1381] The checkpoint 'C:/GitHub/ReconHardware/FPGA_Files/Projects/ConvolutionAccel_d/ConvolutionAccel_d.runs/child_1_impl_1/CPE_Wrapper_placed.dcp' has been generated.
write_checkpoint: Time (s): cpu = 00:00:19 ; elapsed = 00:00:09 . Memory (MB): peak = 2517.953 ; gain = 0.000
INFO: [runtcl-4] Executing : report_io -file CPE_Wrapper_io_placed.rpt
report_io: Time (s): cpu = 00:00:00 ; elapsed = 00:00:00.033 . Memory (MB): peak = 2517.953 ; gain = 0.000
INFO: [runtcl-4] Executing : report_utilization -file CPE_Wrapper_utilization_placed.rpt -pb CPE_Wrapper_utilization_placed.pb
INFO: [runtcl-4] Executing : report_control_sets -verbose -file CPE_Wrapper_control_sets_placed.rpt
report_control_sets: Time (s): cpu = 00:00:00 ; elapsed = 00:00:00.118 . Memory (MB): peak = 2517.953 ; gain = 0.000
Command: phys_opt_design
Attempting to get a license for feature 'Implementation' and/or device 'xc7z020'
INFO: [Common 17-349] Got license for feature 'Implementation' and/or device 'xc7z020'
INFO: [Vivado_Tcl 4-383] Design worst setup slack (WNS) is greater than or equal to 0.000 ns. Skipping all physical synthesis optimizations.
INFO: [Vivado_Tcl 4-232] No setup violation found. The netlist was not modified.
INFO: [Common 17-83] Releasing license: Implementation
90 Infos, 5 Warnings, 0 Critical Warnings and 0 Errors encountered.
phys_opt_design completed successfully
phys_opt_design: Time (s): cpu = 00:00:14 ; elapsed = 00:00:09 . Memory (MB): peak = 2517.953 ; gain = 0.000
INFO: [Timing 38-480] Writing timing data to binary archive.
Writing placer database...
Writing XDEF routing.
Writing XDEF routing logical nets.
Writing XDEF routing special nets.
Write XDEF Complete: Time (s): cpu = 00:00:11 ; elapsed = 00:00:03 . Memory (MB): peak = 2535.543 ; gain = 17.590
INFO: [Common 17-1381] The checkpoint 'C:/GitHub/ReconHardware/FPGA_Files/Projects/ConvolutionAccel_d/ConvolutionAccel_d.runs/child_1_impl_1/CPE_Wrapper_physopt.dcp' has been generated.
write_checkpoint: Time (s): cpu = 00:00:20 ; elapsed = 00:00:11 . Memory (MB): peak = 2535.543 ; gain = 17.590
Command: route_design
Attempting to get a license for feature 'Implementation' and/or device 'xc7z020'
INFO: [Common 17-349] Got license for feature 'Implementation' and/or device 'xc7z020'
Running DRC as a precondition to command route_design
INFO: [DRC 23-27] Running DRC with 2 threads
INFO: [Vivado_Tcl 4-198] DRC finished with 0 Errors
INFO: [Vivado_Tcl 4-199] Please refer to the DRC report (report_drc) for more information.


Starting Routing Task
INFO: [Route 35-254] Multithreading enabled for route_design using a maximum of 2 CPUs
Checksum: PlaceDB: b9b0c51e ConstDB: 0 ShapeSum: 6e783f90 RouteDB: 2e4a5fe3

Phase 1 Build RT Design
Phase 1 Build RT Design | Checksum: 1c1aa5096

Time (s): cpu = 00:00:55 ; elapsed = 00:00:30 . Memory (MB): peak = 2604.176 ; gain = 48.770
Post Restoration Checksum: NetGraph: 825974bc NumContArr: 184e291 Constraints: 11ef352d Timing: 0

Phase 2 Router Initialization

Phase 2.1 Create Timer
Phase 2.1 Create Timer | Checksum: 95cd8c7a

Time (s): cpu = 00:00:57 ; elapsed = 00:00:32 . Memory (MB): peak = 2604.176 ; gain = 48.770

Phase 2.2 Fix Topology Constraints
Phase 2.2 Fix Topology Constraints | Checksum: 95cd8c7a

Time (s): cpu = 00:00:57 ; elapsed = 00:00:32 . Memory (MB): peak = 2607.352 ; gain = 51.945

Phase 2.3 Pre Route Cleanup
Phase 2.3 Pre Route Cleanup | Checksum: 95cd8c7a

Time (s): cpu = 00:00:57 ; elapsed = 00:00:32 . Memory (MB): peak = 2607.352 ; gain = 51.945
 Number of Nodes with overlaps = 0

Phase 2.4 Update Timing
Phase 2.4 Update Timing | Checksum: 1ce69ef5b

Time (s): cpu = 00:01:13 ; elapsed = 00:00:43 . Memory (MB): peak = 2642.176 ; gain = 86.770
INFO: [Route 35-416] Intermediate Timing Summary | WNS=0.147  | TNS=0.000  | WHS=-0.221 | THS=-394.110|


Phase 2.5 Update Timing for Bus Skew

Phase 2.5.1 Update Timing
Phase 2.5.1 Update Timing | Checksum: 1213e6c84

Time (s): cpu = 00:01:24 ; elapsed = 00:00:51 . Memory (MB): peak = 2645.145 ; gain = 89.738
INFO: [Route 35-416] Intermediate Timing Summary | WNS=0.147  | TNS=0.000  | WHS=N/A    | THS=N/A    |

Phase 2.5 Update Timing for Bus Skew | Checksum: 1db812787

Time (s): cpu = 00:01:25 ; elapsed = 00:00:51 . Memory (MB): peak = 2645.195 ; gain = 89.789
Phase 2 Router Initialization | Checksum: 1809d5a43

Time (s): cpu = 00:01:25 ; elapsed = 00:00:51 . Memory (MB): peak = 2645.195 ; gain = 89.789

Router Utilization Summary
  Global Vertical Routing Utilization    = 0 %
  Global Horizontal Routing Utilization  = 0 %
  Routable Net Status*
  *Does not include unroutable nets such as driverless and loadless.
  Run report_route_status for detailed report.
  Number of Failed Nets               = 2487
    (Failed Nets is the sum of unrouted and partially routed nets)
  Number of Unrouted Nets             = 2446
  Number of Partially Routed Nets     = 41
  Number of Node Overlaps             = 0


Phase 3 Initial Routing
Phase 3 Initial Routing | Checksum: 1d719333a

Time (s): cpu = 00:01:25 ; elapsed = 00:00:51 . Memory (MB): peak = 2645.195 ; gain = 89.789

Phase 4 Rip-up And Reroute

Phase 4.1 Global Iteration 0
 Number of Nodes with overlaps = 268
 Number of Nodes with overlaps = 42
 Number of Nodes with overlaps = 3
 Number of Nodes with overlaps = 2
 Number of Nodes with overlaps = 0
INFO: [Route 35-416] Intermediate Timing Summary | WNS=-0.038 | TNS=-0.077 | WHS=N/A    | THS=N/A    |

Phase 4.1 Global Iteration 0 | Checksum: ed2c75be

Time (s): cpu = 00:01:42 ; elapsed = 00:01:05 . Memory (MB): peak = 2680.832 ; gain = 125.426
Phase 4 Rip-up And Reroute | Checksum: ed2c75be

Time (s): cpu = 00:01:42 ; elapsed = 00:01:05 . Memory (MB): peak = 2680.832 ; gain = 125.426

Phase 5 Delay and Skew Optimization

Phase 5.1 Delay CleanUp

Phase 5.1.1 Update Timing
Phase 5.1.1 Update Timing | Checksum: 188ab232c

Time (s): cpu = 00:01:50 ; elapsed = 00:01:10 . Memory (MB): peak = 2686.859 ; gain = 131.453
INFO: [Route 35-416] Intermediate Timing Summary | WNS=-0.024 | TNS=-0.049 | WHS=N/A    | THS=N/A    |

 Number of Nodes with overlaps = 0
Phase 5.1 Delay CleanUp | Checksum: ef8ab163

Time (s): cpu = 00:01:50 ; elapsed = 00:01:11 . Memory (MB): peak = 2686.859 ; gain = 131.453

Phase 5.2 Clock Skew Optimization
Phase 5.2 Clock Skew Optimization | Checksum: ef8ab163

Time (s): cpu = 00:01:50 ; elapsed = 00:01:11 . Memory (MB): peak = 2686.859 ; gain = 131.453
Phase 5 Delay and Skew Optimization | Checksum: ef8ab163

Time (s): cpu = 00:01:50 ; elapsed = 00:01:11 . Memory (MB): peak = 2686.859 ; gain = 131.453

Phase 6 Post Hold Fix

Phase 6.1 Hold Fix Iter

Phase 6.1.1 Update Timing
Phase 6.1.1 Update Timing | Checksum: 19444ca18

Time (s): cpu = 00:01:55 ; elapsed = 00:01:15 . Memory (MB): peak = 2686.879 ; gain = 131.473
INFO: [Route 35-416] Intermediate Timing Summary | WNS=-0.024 | TNS=-0.049 | WHS=0.024  | THS=0.000  |

Phase 6.1 Hold Fix Iter | Checksum: e45dd52f

Time (s): cpu = 00:01:56 ; elapsed = 00:01:15 . Memory (MB): peak = 2686.879 ; gain = 131.473
Phase 6 Post Hold Fix | Checksum: e45dd52f

Time (s): cpu = 00:01:56 ; elapsed = 00:01:15 . Memory (MB): peak = 2686.879 ; gain = 131.473

Phase 7 Route finalize

Router Utilization Summary
  Global Vertical Routing Utilization    = 0.39826 %
  Global Horizontal Routing Utilization  = 0.394946 %
  Routable Net Status*
  *Does not include unroutable nets such as driverless and loadless.
  Run report_route_status for detailed report.
  Number of Failed Nets               = 0
    (Failed Nets is the sum of unrouted and partially routed nets)
  Number of Unrouted Nets             = 0
  Number of Partially Routed Nets     = 0
  Number of Node Overlaps             = 0

Congestion Report
North Dir 1x1 Area, Max Cong = 35.1351%, No Congested Regions.
South Dir 1x1 Area, Max Cong = 37.5%, No Congested Regions.
East Dir 1x1 Area, Max Cong = 41.6667%, No Congested Regions.
West Dir 1x1 Area, Max Cong = 69.2308%, No Congested Regions.

------------------------------
Reporting congestion hotspots
------------------------------
Direction: North
----------------
Congested clusters found at Level 0
Effective congestion level: 0 Aspect Ratio: 1 Sparse Ratio: 0
Direction: South
----------------
Congested clusters found at Level 0
Effective congestion level: 0 Aspect Ratio: 1 Sparse Ratio: 0
Direction: East
----------------
Congested clusters found at Level 0
Effective congestion level: 0 Aspect Ratio: 1 Sparse Ratio: 0
Direction: West
----------------
Congested clusters found at Level 0
Effective congestion level: 0 Aspect Ratio: 1 Sparse Ratio: 0

Phase 7 Route finalize | Checksum: 1b90e6b28

Time (s): cpu = 00:01:56 ; elapsed = 00:01:15 . Memory (MB): peak = 2686.879 ; gain = 131.473

Phase 8 Verifying routed nets

 Verification completed successfully
Phase 8 Verifying routed nets | Checksum: 1b90e6b28

Time (s): cpu = 00:01:56 ; elapsed = 00:01:15 . Memory (MB): peak = 2686.879 ; gain = 131.473

Phase 9 Depositing Routes
Phase 9 Depositing Routes | Checksum: 24b9feb85

Time (s): cpu = 00:01:59 ; elapsed = 00:01:20 . Memory (MB): peak = 2686.879 ; gain = 131.473

Phase 10 Post Router Timing
INFO: [Route 35-57] Estimated Timing Summary | WNS=-0.024 | TNS=-0.049 | WHS=0.024  | THS=0.000  |

WARNING: [Route 35-328] Router estimated timing not met.
Resolution: For a complete and accurate timing signoff, report_timing_summary must be run after route_design. Alternatively, route_design can be run with the -timing_summary option to enable a complete timing signoff at the end of route_design.
Phase 10 Post Router Timing | Checksum: 24b9feb85

Time (s): cpu = 00:02:00 ; elapsed = 00:01:20 . Memory (MB): peak = 2686.879 ; gain = 131.473
INFO: [Route 35-16] Router Completed Successfully

Time (s): cpu = 00:02:06 ; elapsed = 00:01:26 . Memory (MB): peak = 2686.879 ; gain = 131.473

Routing Is Done.
INFO: [Common 17-83] Releasing license: Implementation
105 Infos, 6 Warnings, 0 Critical Warnings and 0 Errors encountered.
route_design completed successfully
route_design: Time (s): cpu = 00:02:12 ; elapsed = 00:01:29 . Memory (MB): peak = 2686.879 ; gain = 151.336
INFO: [Timing 38-480] Writing timing data to binary archive.
Writing placer database...
Writing XDEF routing.
Writing XDEF routing logical nets.
Writing XDEF routing special nets.
Write XDEF Complete: Time (s): cpu = 00:00:11 ; elapsed = 00:00:03 . Memory (MB): peak = 2694.117 ; gain = 7.238
INFO: [Common 17-1381] The checkpoint 'C:/GitHub/ReconHardware/FPGA_Files/Projects/ConvolutionAccel_d/ConvolutionAccel_d.runs/child_1_impl_1/CPE_Wrapper_routed.dcp' has been generated.
write_checkpoint: Time (s): cpu = 00:00:18 ; elapsed = 00:00:09 . Memory (MB): peak = 2694.117 ; gain = 7.238
INFO: [runtcl-4] Executing : report_drc -file CPE_Wrapper_drc_routed.rpt -pb CPE_Wrapper_drc_routed.pb -rpx CPE_Wrapper_drc_routed.rpx
Command: report_drc -file CPE_Wrapper_drc_routed.rpt -pb CPE_Wrapper_drc_routed.pb -rpx CPE_Wrapper_drc_routed.rpx
INFO: [IP_Flow 19-1839] IP Catalog is up to date.
INFO: [DRC 23-27] Running DRC with 2 threads
INFO: [Coretcl 2-168] The results of DRC are in file C:/GitHub/ReconHardware/FPGA_Files/Projects/ConvolutionAccel_d/ConvolutionAccel_d.runs/child_1_impl_1/CPE_Wrapper_drc_routed.rpt.
report_drc completed successfully
INFO: [runtcl-4] Executing : report_methodology -file CPE_Wrapper_methodology_drc_routed.rpt -pb CPE_Wrapper_methodology_drc_routed.pb -rpx CPE_Wrapper_methodology_drc_routed.rpx
Command: report_methodology -file CPE_Wrapper_methodology_drc_routed.rpt -pb CPE_Wrapper_methodology_drc_routed.pb -rpx CPE_Wrapper_methodology_drc_routed.rpx
INFO: [Timing 38-35] Done setting XDC timing constraints.
INFO: [DRC 23-133] Running Methodology with 2 threads
INFO: [Coretcl 2-1520] The results of Report Methodology are in file C:/GitHub/ReconHardware/FPGA_Files/Projects/ConvolutionAccel_d/ConvolutionAccel_d.runs/child_1_impl_1/CPE_Wrapper_methodology_drc_routed.rpt.
report_methodology completed successfully
report_methodology: Time (s): cpu = 00:00:21 ; elapsed = 00:00:12 . Memory (MB): peak = 2801.102 ; gain = 106.984
INFO: [runtcl-4] Executing : report_power -file CPE_Wrapper_power_routed.rpt -pb CPE_Wrapper_power_summary_routed.pb -rpx CPE_Wrapper_power_routed.rpx
Command: report_power -file CPE_Wrapper_power_routed.rpt -pb CPE_Wrapper_power_summary_routed.pb -rpx CPE_Wrapper_power_routed.rpx
INFO: [Timing 38-35] Done setting XDC timing constraints.
Running Vector-less Activity Propagation...

Finished Running Vector-less Activity Propagation
WARNING: [Power 33-332] Found switching activity that implies high-fanout reset nets being asserted for excessive periods of time which may result in inaccurate power analysis.
Resolution: To review and fix problems, please run Power Constraints Advisor in the GUI from Tools > Power Constraints Advisor or run report_power with the -advisory option to generate a text report.
117 Infos, 7 Warnings, 0 Critical Warnings and 0 Errors encountered.
report_power completed successfully
report_power: Time (s): cpu = 00:00:15 ; elapsed = 00:00:09 . Memory (MB): peak = 2827.160 ; gain = 26.059
INFO: [runtcl-4] Executing : report_route_status -file CPE_Wrapper_route_status.rpt -pb CPE_Wrapper_route_status.pb
INFO: [runtcl-4] Executing : report_timing_summary -max_paths 10 -file CPE_Wrapper_timing_summary_routed.rpt -pb CPE_Wrapper_timing_summary_routed.pb -rpx CPE_Wrapper_timing_summary_routed.rpx -warn_on_violation 
INFO: [Timing 38-91] UpdateTimingParams: Speed grade: -1, Delay Type: min_max.
INFO: [Timing 38-191] Multithreading enabled for timing update using a maximum of 2 CPUs
CRITICAL WARNING: [Timing 38-282] The design failed to meet the timing requirements. Please see the timing summary report for details on the timing violations.
WARNING: [Timing 38-436] There are set_bus_skew constraint(s) in this design. Please run report_bus_skew to ensure that bus skew requirements are met.
INFO: [runtcl-4] Executing : report_incremental_reuse -file CPE_Wrapper_incremental_reuse_routed.rpt
INFO: [Vivado_Tcl 4-1062] Incremental flow is disabled. No incremental reuse Info to report.
INFO: [runtcl-4] Executing : report_clock_utilization -file CPE_Wrapper_clock_utilization_routed.rpt
INFO: [runtcl-4] Executing : report_bus_skew -warn_on_violation -file CPE_Wrapper_bus_skew_routed.rpt -pb CPE_Wrapper_bus_skew_routed.pb -rpx CPE_Wrapper_bus_skew_routed.rpx
INFO: [Timing 38-91] UpdateTimingParams: Speed grade: -1, Delay Type: min_max.
INFO: [Timing 38-191] Multithreading enabled for timing update using a maximum of 2 CPUs
Writing placer database...
Writing XDEF routing.
Writing XDEF routing logical nets.
Writing XDEF routing special nets.
Write XDEF Complete: Time (s): cpu = 00:00:01 ; elapsed = 00:00:00.997 . Memory (MB): peak = 2827.160 ; gain = 0.000
INFO: [Common 17-1381] The checkpoint 'C:/GitHub/ReconHardware/FPGA_Files/Projects/ConvolutionAccel_d/ConvolutionAccel_d.runs/child_1_impl_1/genblk1_0_.ma_ma_int_8_routed.dcp' has been generated.
Writing placer database...
Writing XDEF routing.
Writing XDEF routing logical nets.
Writing XDEF routing special nets.
Write XDEF Complete: Time (s): cpu = 00:00:01 ; elapsed = 00:00:00.980 . Memory (MB): peak = 2827.160 ; gain = 0.000
INFO: [Common 17-1381] The checkpoint 'C:/GitHub/ReconHardware/FPGA_Files/Projects/ConvolutionAccel_d/ConvolutionAccel_d.runs/child_1_impl_1/genblk1_1_.ma_ma_int_8_routed.dcp' has been generated.
Writing placer database...
Writing XDEF routing.
Writing XDEF routing logical nets.
Writing XDEF routing special nets.
Write XDEF Complete: Time (s): cpu = 00:00:01 ; elapsed = 00:00:00.966 . Memory (MB): peak = 2827.160 ; gain = 0.000
INFO: [Common 17-1381] The checkpoint 'C:/GitHub/ReconHardware/FPGA_Files/Projects/ConvolutionAccel_d/ConvolutionAccel_d.runs/child_1_impl_1/genblk1_2_.ma_ma_int_8_routed.dcp' has been generated.
INFO: [Common 17-206] Exiting Vivado at Sat Mar 20 20:34:22 2021...
