#-----------------------------------------------------------
# Vivado v2019.2 (64-bit)
# SW Build 2708876 on Wed Nov  6 21:40:23 MST 2019
# IP Build 2700528 on Thu Nov  7 00:09:20 MST 2019
# Start of session at: Sun Jul 19 15:29:54 2020
# Process ID: 28252
# Current directory: C:/Users/monke/Documents/GitHub/ReconHardware/PynqSoftware/dynamicMulti
# Command line: vivado.exe -gui_launcher_event rodinguilauncherevent26968 C:\Users\monke\Documents\GitHub\ReconHardware\PynqSoftware\dynamicMulti\dynamicMulti.xpr
# Log file: C:/Users/monke/Documents/GitHub/ReconHardware/PynqSoftware/dynamicMulti/vivado.log
# Journal file: C:/Users/monke/Documents/GitHub/ReconHardware/PynqSoftware/dynamicMulti\vivado.jou
#-----------------------------------------------------------
start_gui
open_project C:/Users/monke/Documents/GitHub/ReconHardware/PynqSoftware/dynamicMulti/dynamicMulti.xpr
Scanning sources...
Finished scanning sources
INFO: [IP_Flow 19-234] Refreshing IP repositories
INFO: [IP_Flow 19-1704] No user IP repositories specified
INFO: [IP_Flow 19-2313] Loaded Vivado IP repository 'C:/Xilinx/Vivado/2019.2/data/ip'.
open_project: Time (s): cpu = 00:00:14 ; elapsed = 00:00:09 . Memory (MB): peak = 1176.176 ; gain = 501.941
update_compile_order -fileset sources_1
update_module_reference ps_Wrap_ParallelBuffer_0_0
INFO: [IP_Flow 19-5107] Inferred bus interface 'Rst' of definition 'xilinx.com:signal:reset:1.0' (from Xilinx Repository).
INFO: [IP_Flow 19-5107] Inferred bus interface 'Clk' of definition 'xilinx.com:signal:clock:1.0' (from Xilinx Repository).
INFO: [IP_Flow 19-4728] Bus Interface 'Clk': Added interface parameter 'ASSOCIATED_RESET' with value 'Rst'.
WARNING: [IP_Flow 19-3153] Bus Interface 'Clk': ASSOCIATED_BUSIF bus parameter is missing.
INFO: [IP_Flow 19-234] Refreshing IP repositories
INFO: [IP_Flow 19-1704] No user IP repositories specified
Adding component instance block -- xilinx.com:module_ref:ParallelBuffer:1.0 - ParallelBuffer_0
Adding component instance block -- xilinx.com:module_ref:dataSplit:1.0 - dataSplit_0
Successfully read diagram <ps_Wrap> from BD file <C:/Users/monke/Documents/GitHub/ReconHardware/PynqSoftware/dynamicMulti/dynamicMulti.srcs/sources_1/bd/ps_Wrap/ps_Wrap.bd>
Upgrading 'C:/Users/monke/Documents/GitHub/ReconHardware/PynqSoftware/dynamicMulti/dynamicMulti.srcs/sources_1/bd/ps_Wrap/ps_Wrap.bd'
INFO: [IP_Flow 19-1972] Upgraded ps_Wrap_ParallelBuffer_0_0 from ParallelBuffer_v1_0 1.0 to ParallelBuffer_v1_0 1.0
Wrote  : <C:\Users\monke\Documents\GitHub\ReconHardware\PynqSoftware\dynamicMulti\dynamicMulti.srcs\sources_1\bd\ps_Wrap\ps_Wrap.bd> 
Wrote  : <C:/Users/monke/Documents/GitHub/ReconHardware/PynqSoftware/dynamicMulti/dynamicMulti.srcs/sources_1/bd/ps_Wrap/ui/bd_b6e6c286.ui> 
upgrade_ip: Time (s): cpu = 00:00:11 ; elapsed = 00:00:09 . Memory (MB): peak = 1343.688 ; gain = 106.898
update_module_reference: Time (s): cpu = 00:00:11 ; elapsed = 00:00:09 . Memory (MB): peak = 1343.688 ; gain = 106.898
reset_run synth_1
launch_runs synth_1 -jobs 4
Wrote  : <C:\Users\monke\Documents\GitHub\ReconHardware\PynqSoftware\dynamicMulti\dynamicMulti.srcs\sources_1\bd\ps_Wrap\ps_Wrap.bd> 
VHDL Output written to : C:/Users/monke/Documents/GitHub/ReconHardware/PynqSoftware/dynamicMulti/dynamicMulti.srcs/sources_1/bd/ps_Wrap/synth/ps_Wrap.v
VHDL Output written to : C:/Users/monke/Documents/GitHub/ReconHardware/PynqSoftware/dynamicMulti/dynamicMulti.srcs/sources_1/bd/ps_Wrap/sim/ps_Wrap.v
VHDL Output written to : C:/Users/monke/Documents/GitHub/ReconHardware/PynqSoftware/dynamicMulti/dynamicMulti.srcs/sources_1/bd/ps_Wrap/hdl/ps_Wrap_wrapper.v
INFO: [BD 41-1029] Generation completed for the IP Integrator block ParallelBuffer_0 .
INFO: [BD 41-1029] Generation completed for the IP Integrator block dataSplit_0 .
Exporting to file C:/Users/monke/Documents/GitHub/ReconHardware/PynqSoftware/dynamicMulti/dynamicMulti.srcs/sources_1/bd/ps_Wrap/hw_handoff/ps_Wrap.hwh
Generated Block Design Tcl file C:/Users/monke/Documents/GitHub/ReconHardware/PynqSoftware/dynamicMulti/dynamicMulti.srcs/sources_1/bd/ps_Wrap/hw_handoff/ps_Wrap_bd.tcl
Generated Hardware Definition File C:/Users/monke/Documents/GitHub/ReconHardware/PynqSoftware/dynamicMulti/dynamicMulti.srcs/sources_1/bd/ps_Wrap/synth/ps_Wrap.hwdef
[Sun Jul 19 15:31:04 2020] Launched ps_Wrap_ParallelBuffer_0_0_synth_1...
Run output will be captured here: C:/Users/monke/Documents/GitHub/ReconHardware/PynqSoftware/dynamicMulti/dynamicMulti.runs/ps_Wrap_ParallelBuffer_0_0_synth_1/runme.log
[Sun Jul 19 15:31:04 2020] Launched synth_1...
Run output will be captured here: C:/Users/monke/Documents/GitHub/ReconHardware/PynqSoftware/dynamicMulti/dynamicMulti.runs/synth_1/runme.log
launch_runs: Time (s): cpu = 00:00:02 ; elapsed = 00:00:06 . Memory (MB): peak = 1458.508 ; gain = 114.820
open_run synth_1 -name synth_1 -pr_config [current_pr_configuration]
Design is defaulting to impl run constrset: constrs_1
Design is defaulting to synth run part: xc7z020clg400-1
INFO: [Device 21-403] Loading part xc7z020clg400-1
INFO: [Project 1-454] Reading design checkpoint 'C:/Users/monke/Documents/GitHub/ReconHardware/PynqSoftware/dynamicMulti/dynamicMulti.runs/integerCompute_synth_1/multiplyCompute.dcp' for cell 'mCompute'
INFO: [Project 1-454] Reading design checkpoint 'c:/Users/monke/Documents/GitHub/ReconHardware/PynqSoftware/dynamicMulti/dynamicMulti.srcs/sources_1/bd/ps_Wrap/ip/ps_Wrap_ParallelBuffer_0_0/ps_Wrap_ParallelBuffer_0_0.dcp' for cell 'psWrap/ParallelBuffer_0'
INFO: [Project 1-454] Reading design checkpoint 'c:/Users/monke/Documents/GitHub/ReconHardware/PynqSoftware/dynamicMulti/dynamicMulti.srcs/sources_1/bd/ps_Wrap/ip/ps_Wrap_dataSplit_0_0/ps_Wrap_dataSplit_0_0.dcp' for cell 'psWrap/dataSplit_0'
Netlist sorting complete. Time (s): cpu = 00:00:00 ; elapsed = 00:00:00 . Memory (MB): peak = 1660.727 ; gain = 0.000
INFO: [Netlist 29-17] Analyzing 2 Unisim elements for replacement
INFO: [Netlist 29-28] Unisim Transformation completed in 0 CPU seconds
INFO: [Project 1-479] Netlist was created with Vivado 2019.2
INFO: [Project 1-570] Preparing netlist for logic optimization
INFO: [Opt 31-140] Inserted 1 IBUFs to IO ports without IO buffers.
INFO: [Opt 31-141] Inserted 1 OBUFs to IO ports without IO buffers.
Parsing XDC File [C:/Users/monke/Documents/GitHub/ReconHardware/PynqSoftware/dynamicMulti/dynamicMulti.srcs/constrs_1/imports/ConstraintFiles/XBarMulti.xdc]
WARNING: [Vivado 12-584] No ports matched 'bufferRD_in[3]'. [C:/Users/monke/Documents/GitHub/ReconHardware/PynqSoftware/dynamicMulti/dynamicMulti.srcs/constrs_1/imports/ConstraintFiles/XBarMulti.xdc:5]
CRITICAL WARNING: [Common 17-55] 'set_property' expects at least one object. [C:/Users/monke/Documents/GitHub/ReconHardware/PynqSoftware/dynamicMulti/dynamicMulti.srcs/constrs_1/imports/ConstraintFiles/XBarMulti.xdc:5]
Resolution: If [get_<value>] was used to populate the object, check to make sure this command returns at least one valid object.
WARNING: [Vivado 12-584] No ports matched 'bufferRD_in[2]'. [C:/Users/monke/Documents/GitHub/ReconHardware/PynqSoftware/dynamicMulti/dynamicMulti.srcs/constrs_1/imports/ConstraintFiles/XBarMulti.xdc:6]
CRITICAL WARNING: [Common 17-55] 'set_property' expects at least one object. [C:/Users/monke/Documents/GitHub/ReconHardware/PynqSoftware/dynamicMulti/dynamicMulti.srcs/constrs_1/imports/ConstraintFiles/XBarMulti.xdc:6]
Resolution: If [get_<value>] was used to populate the object, check to make sure this command returns at least one valid object.
WARNING: [Vivado 12-584] No ports matched 'bufferRD_in[1]'. [C:/Users/monke/Documents/GitHub/ReconHardware/PynqSoftware/dynamicMulti/dynamicMulti.srcs/constrs_1/imports/ConstraintFiles/XBarMulti.xdc:7]
CRITICAL WARNING: [Common 17-55] 'set_property' expects at least one object. [C:/Users/monke/Documents/GitHub/ReconHardware/PynqSoftware/dynamicMulti/dynamicMulti.srcs/constrs_1/imports/ConstraintFiles/XBarMulti.xdc:7]
Resolution: If [get_<value>] was used to populate the object, check to make sure this command returns at least one valid object.
WARNING: [Vivado 12-584] No ports matched 'bufferRD_in[0]'. [C:/Users/monke/Documents/GitHub/ReconHardware/PynqSoftware/dynamicMulti/dynamicMulti.srcs/constrs_1/imports/ConstraintFiles/XBarMulti.xdc:8]
CRITICAL WARNING: [Common 17-55] 'set_property' expects at least one object. [C:/Users/monke/Documents/GitHub/ReconHardware/PynqSoftware/dynamicMulti/dynamicMulti.srcs/constrs_1/imports/ConstraintFiles/XBarMulti.xdc:8]
Resolution: If [get_<value>] was used to populate the object, check to make sure this command returns at least one valid object.
WARNING: [Vivado 12-584] No ports matched 'bufferRD_out[3]'. [C:/Users/monke/Documents/GitHub/ReconHardware/PynqSoftware/dynamicMulti/dynamicMulti.srcs/constrs_1/imports/ConstraintFiles/XBarMulti.xdc:9]
CRITICAL WARNING: [Common 17-55] 'set_property' expects at least one object. [C:/Users/monke/Documents/GitHub/ReconHardware/PynqSoftware/dynamicMulti/dynamicMulti.srcs/constrs_1/imports/ConstraintFiles/XBarMulti.xdc:9]
Resolution: If [get_<value>] was used to populate the object, check to make sure this command returns at least one valid object.
WARNING: [Vivado 12-584] No ports matched 'bufferRD_out[2]'. [C:/Users/monke/Documents/GitHub/ReconHardware/PynqSoftware/dynamicMulti/dynamicMulti.srcs/constrs_1/imports/ConstraintFiles/XBarMulti.xdc:10]
CRITICAL WARNING: [Common 17-55] 'set_property' expects at least one object. [C:/Users/monke/Documents/GitHub/ReconHardware/PynqSoftware/dynamicMulti/dynamicMulti.srcs/constrs_1/imports/ConstraintFiles/XBarMulti.xdc:10]
Resolution: If [get_<value>] was used to populate the object, check to make sure this command returns at least one valid object.
WARNING: [Vivado 12-584] No ports matched 'bufferRD_out[1]'. [C:/Users/monke/Documents/GitHub/ReconHardware/PynqSoftware/dynamicMulti/dynamicMulti.srcs/constrs_1/imports/ConstraintFiles/XBarMulti.xdc:11]
CRITICAL WARNING: [Common 17-55] 'set_property' expects at least one object. [C:/Users/monke/Documents/GitHub/ReconHardware/PynqSoftware/dynamicMulti/dynamicMulti.srcs/constrs_1/imports/ConstraintFiles/XBarMulti.xdc:11]
Resolution: If [get_<value>] was used to populate the object, check to make sure this command returns at least one valid object.
WARNING: [Vivado 12-584] No ports matched 'bufferRD_out[0]'. [C:/Users/monke/Documents/GitHub/ReconHardware/PynqSoftware/dynamicMulti/dynamicMulti.srcs/constrs_1/imports/ConstraintFiles/XBarMulti.xdc:12]
CRITICAL WARNING: [Common 17-55] 'set_property' expects at least one object. [C:/Users/monke/Documents/GitHub/ReconHardware/PynqSoftware/dynamicMulti/dynamicMulti.srcs/constrs_1/imports/ConstraintFiles/XBarMulti.xdc:12]
Resolution: If [get_<value>] was used to populate the object, check to make sure this command returns at least one valid object.
WARNING: [Vivado 12-584] No ports matched 'dataIn[3]'. [C:/Users/monke/Documents/GitHub/ReconHardware/PynqSoftware/dynamicMulti/dynamicMulti.srcs/constrs_1/imports/ConstraintFiles/XBarMulti.xdc:13]
CRITICAL WARNING: [Common 17-55] 'set_property' expects at least one object. [C:/Users/monke/Documents/GitHub/ReconHardware/PynqSoftware/dynamicMulti/dynamicMulti.srcs/constrs_1/imports/ConstraintFiles/XBarMulti.xdc:13]
Resolution: If [get_<value>] was used to populate the object, check to make sure this command returns at least one valid object.
WARNING: [Vivado 12-584] No ports matched 'dataIn[3]'. [C:/Users/monke/Documents/GitHub/ReconHardware/PynqSoftware/dynamicMulti/dynamicMulti.srcs/constrs_1/imports/ConstraintFiles/XBarMulti.xdc:14]
CRITICAL WARNING: [Common 17-55] 'set_property' expects at least one object. [C:/Users/monke/Documents/GitHub/ReconHardware/PynqSoftware/dynamicMulti/dynamicMulti.srcs/constrs_1/imports/ConstraintFiles/XBarMulti.xdc:14]
Resolution: If [get_<value>] was used to populate the object, check to make sure this command returns at least one valid object.
WARNING: [Vivado 12-584] No ports matched 'dataIn[2]'. [C:/Users/monke/Documents/GitHub/ReconHardware/PynqSoftware/dynamicMulti/dynamicMulti.srcs/constrs_1/imports/ConstraintFiles/XBarMulti.xdc:15]
CRITICAL WARNING: [Common 17-55] 'set_property' expects at least one object. [C:/Users/monke/Documents/GitHub/ReconHardware/PynqSoftware/dynamicMulti/dynamicMulti.srcs/constrs_1/imports/ConstraintFiles/XBarMulti.xdc:15]
Resolution: If [get_<value>] was used to populate the object, check to make sure this command returns at least one valid object.
WARNING: [Vivado 12-584] No ports matched 'dataIn[1]'. [C:/Users/monke/Documents/GitHub/ReconHardware/PynqSoftware/dynamicMulti/dynamicMulti.srcs/constrs_1/imports/ConstraintFiles/XBarMulti.xdc:16]
CRITICAL WARNING: [Common 17-55] 'set_property' expects at least one object. [C:/Users/monke/Documents/GitHub/ReconHardware/PynqSoftware/dynamicMulti/dynamicMulti.srcs/constrs_1/imports/ConstraintFiles/XBarMulti.xdc:16]
Resolution: If [get_<value>] was used to populate the object, check to make sure this command returns at least one valid object.
WARNING: [Vivado 12-584] No ports matched 'dataIn[0]'. [C:/Users/monke/Documents/GitHub/ReconHardware/PynqSoftware/dynamicMulti/dynamicMulti.srcs/constrs_1/imports/ConstraintFiles/XBarMulti.xdc:17]
CRITICAL WARNING: [Common 17-55] 'set_property' expects at least one object. [C:/Users/monke/Documents/GitHub/ReconHardware/PynqSoftware/dynamicMulti/dynamicMulti.srcs/constrs_1/imports/ConstraintFiles/XBarMulti.xdc:17]
Resolution: If [get_<value>] was used to populate the object, check to make sure this command returns at least one valid object.
WARNING: [Vivado 12-584] No ports matched 'dataIn[2]'. [C:/Users/monke/Documents/GitHub/ReconHardware/PynqSoftware/dynamicMulti/dynamicMulti.srcs/constrs_1/imports/ConstraintFiles/XBarMulti.xdc:18]
CRITICAL WARNING: [Common 17-55] 'set_property' expects at least one object. [C:/Users/monke/Documents/GitHub/ReconHardware/PynqSoftware/dynamicMulti/dynamicMulti.srcs/constrs_1/imports/ConstraintFiles/XBarMulti.xdc:18]
Resolution: If [get_<value>] was used to populate the object, check to make sure this command returns at least one valid object.
WARNING: [Vivado 12-584] No ports matched 'dataIn[1]'. [C:/Users/monke/Documents/GitHub/ReconHardware/PynqSoftware/dynamicMulti/dynamicMulti.srcs/constrs_1/imports/ConstraintFiles/XBarMulti.xdc:19]
CRITICAL WARNING: [Common 17-55] 'set_property' expects at least one object. [C:/Users/monke/Documents/GitHub/ReconHardware/PynqSoftware/dynamicMulti/dynamicMulti.srcs/constrs_1/imports/ConstraintFiles/XBarMulti.xdc:19]
Resolution: If [get_<value>] was used to populate the object, check to make sure this command returns at least one valid object.
WARNING: [Vivado 12-584] No ports matched 'dataIn[0]'. [C:/Users/monke/Documents/GitHub/ReconHardware/PynqSoftware/dynamicMulti/dynamicMulti.srcs/constrs_1/imports/ConstraintFiles/XBarMulti.xdc:20]
CRITICAL WARNING: [Common 17-55] 'set_property' expects at least one object. [C:/Users/monke/Documents/GitHub/ReconHardware/PynqSoftware/dynamicMulti/dynamicMulti.srcs/constrs_1/imports/ConstraintFiles/XBarMulti.xdc:20]
Resolution: If [get_<value>] was used to populate the object, check to make sure this command returns at least one valid object.
WARNING: [Vivado 12-584] No ports matched 'mReady_in[3]'. [C:/Users/monke/Documents/GitHub/ReconHardware/PynqSoftware/dynamicMulti/dynamicMulti.srcs/constrs_1/imports/ConstraintFiles/XBarMulti.xdc:29]
CRITICAL WARNING: [Common 17-55] 'set_property' expects at least one object. [C:/Users/monke/Documents/GitHub/ReconHardware/PynqSoftware/dynamicMulti/dynamicMulti.srcs/constrs_1/imports/ConstraintFiles/XBarMulti.xdc:29]
Resolution: If [get_<value>] was used to populate the object, check to make sure this command returns at least one valid object.
WARNING: [Vivado 12-584] No ports matched 'mReady_in[2]'. [C:/Users/monke/Documents/GitHub/ReconHardware/PynqSoftware/dynamicMulti/dynamicMulti.srcs/constrs_1/imports/ConstraintFiles/XBarMulti.xdc:30]
CRITICAL WARNING: [Common 17-55] 'set_property' expects at least one object. [C:/Users/monke/Documents/GitHub/ReconHardware/PynqSoftware/dynamicMulti/dynamicMulti.srcs/constrs_1/imports/ConstraintFiles/XBarMulti.xdc:30]
Resolution: If [get_<value>] was used to populate the object, check to make sure this command returns at least one valid object.
WARNING: [Vivado 12-584] No ports matched 'mReady_in[1]'. [C:/Users/monke/Documents/GitHub/ReconHardware/PynqSoftware/dynamicMulti/dynamicMulti.srcs/constrs_1/imports/ConstraintFiles/XBarMulti.xdc:31]
CRITICAL WARNING: [Common 17-55] 'set_property' expects at least one object. [C:/Users/monke/Documents/GitHub/ReconHardware/PynqSoftware/dynamicMulti/dynamicMulti.srcs/constrs_1/imports/ConstraintFiles/XBarMulti.xdc:31]
Resolution: If [get_<value>] was used to populate the object, check to make sure this command returns at least one valid object.
WARNING: [Vivado 12-584] No ports matched 'mReady_in[0]'. [C:/Users/monke/Documents/GitHub/ReconHardware/PynqSoftware/dynamicMulti/dynamicMulti.srcs/constrs_1/imports/ConstraintFiles/XBarMulti.xdc:32]
CRITICAL WARNING: [Common 17-55] 'set_property' expects at least one object. [C:/Users/monke/Documents/GitHub/ReconHardware/PynqSoftware/dynamicMulti/dynamicMulti.srcs/constrs_1/imports/ConstraintFiles/XBarMulti.xdc:32]
Resolution: If [get_<value>] was used to populate the object, check to make sure this command returns at least one valid object.
WARNING: [Vivado 12-584] No ports matched 'outputSelect[1]'. [C:/Users/monke/Documents/GitHub/ReconHardware/PynqSoftware/dynamicMulti/dynamicMulti.srcs/constrs_1/imports/ConstraintFiles/XBarMulti.xdc:33]
CRITICAL WARNING: [Common 17-55] 'set_property' expects at least one object. [C:/Users/monke/Documents/GitHub/ReconHardware/PynqSoftware/dynamicMulti/dynamicMulti.srcs/constrs_1/imports/ConstraintFiles/XBarMulti.xdc:33]
Resolution: If [get_<value>] was used to populate the object, check to make sure this command returns at least one valid object.
WARNING: [Vivado 12-584] No ports matched 'outputSelect[0]'. [C:/Users/monke/Documents/GitHub/ReconHardware/PynqSoftware/dynamicMulti/dynamicMulti.srcs/constrs_1/imports/ConstraintFiles/XBarMulti.xdc:34]
CRITICAL WARNING: [Common 17-55] 'set_property' expects at least one object. [C:/Users/monke/Documents/GitHub/ReconHardware/PynqSoftware/dynamicMulti/dynamicMulti.srcs/constrs_1/imports/ConstraintFiles/XBarMulti.xdc:34]
Resolution: If [get_<value>] was used to populate the object, check to make sure this command returns at least one valid object.
WARNING: [Vivado 12-584] No ports matched 'mStart_in'. [C:/Users/monke/Documents/GitHub/ReconHardware/PynqSoftware/dynamicMulti/dynamicMulti.srcs/constrs_1/imports/ConstraintFiles/XBarMulti.xdc:36]
CRITICAL WARNING: [Common 17-55] 'set_property' expects at least one object. [C:/Users/monke/Documents/GitHub/ReconHardware/PynqSoftware/dynamicMulti/dynamicMulti.srcs/constrs_1/imports/ConstraintFiles/XBarMulti.xdc:36]
Resolution: If [get_<value>] was used to populate the object, check to make sure this command returns at least one valid object.
WARNING: [Vivado 12-584] No ports matched 'mStart_out'. [C:/Users/monke/Documents/GitHub/ReconHardware/PynqSoftware/dynamicMulti/dynamicMulti.srcs/constrs_1/imports/ConstraintFiles/XBarMulti.xdc:37]
CRITICAL WARNING: [Common 17-55] 'set_property' expects at least one object. [C:/Users/monke/Documents/GitHub/ReconHardware/PynqSoftware/dynamicMulti/dynamicMulti.srcs/constrs_1/imports/ConstraintFiles/XBarMulti.xdc:37]
Resolution: If [get_<value>] was used to populate the object, check to make sure this command returns at least one valid object.
WARNING: [Vivado 12-584] No ports matched 'AddressSelect[4]'. [C:/Users/monke/Documents/GitHub/ReconHardware/PynqSoftware/dynamicMulti/dynamicMulti.srcs/constrs_1/imports/ConstraintFiles/XBarMulti.xdc:38]
CRITICAL WARNING: [Common 17-55] 'set_property' expects at least one object. [C:/Users/monke/Documents/GitHub/ReconHardware/PynqSoftware/dynamicMulti/dynamicMulti.srcs/constrs_1/imports/ConstraintFiles/XBarMulti.xdc:38]
Resolution: If [get_<value>] was used to populate the object, check to make sure this command returns at least one valid object.
WARNING: [Vivado 12-584] No ports matched 'AddressSelect[3]'. [C:/Users/monke/Documents/GitHub/ReconHardware/PynqSoftware/dynamicMulti/dynamicMulti.srcs/constrs_1/imports/ConstraintFiles/XBarMulti.xdc:39]
CRITICAL WARNING: [Common 17-55] 'set_property' expects at least one object. [C:/Users/monke/Documents/GitHub/ReconHardware/PynqSoftware/dynamicMulti/dynamicMulti.srcs/constrs_1/imports/ConstraintFiles/XBarMulti.xdc:39]
Resolution: If [get_<value>] was used to populate the object, check to make sure this command returns at least one valid object.
WARNING: [Vivado 12-584] No ports matched 'AddressSelect[2]'. [C:/Users/monke/Documents/GitHub/ReconHardware/PynqSoftware/dynamicMulti/dynamicMulti.srcs/constrs_1/imports/ConstraintFiles/XBarMulti.xdc:40]
CRITICAL WARNING: [Common 17-55] 'set_property' expects at least one object. [C:/Users/monke/Documents/GitHub/ReconHardware/PynqSoftware/dynamicMulti/dynamicMulti.srcs/constrs_1/imports/ConstraintFiles/XBarMulti.xdc:40]
Resolution: If [get_<value>] was used to populate the object, check to make sure this command returns at least one valid object.
WARNING: [Vivado 12-584] No ports matched 'AddressSelect[1]'. [C:/Users/monke/Documents/GitHub/ReconHardware/PynqSoftware/dynamicMulti/dynamicMulti.srcs/constrs_1/imports/ConstraintFiles/XBarMulti.xdc:41]
CRITICAL WARNING: [Common 17-55] 'set_property' expects at least one object. [C:/Users/monke/Documents/GitHub/ReconHardware/PynqSoftware/dynamicMulti/dynamicMulti.srcs/constrs_1/imports/ConstraintFiles/XBarMulti.xdc:41]
Resolution: If [get_<value>] was used to populate the object, check to make sure this command returns at least one valid object.
WARNING: [Vivado 12-584] No ports matched 'AddressSelect[0]'. [C:/Users/monke/Documents/GitHub/ReconHardware/PynqSoftware/dynamicMulti/dynamicMulti.srcs/constrs_1/imports/ConstraintFiles/XBarMulti.xdc:42]
CRITICAL WARNING: [Common 17-55] 'set_property' expects at least one object. [C:/Users/monke/Documents/GitHub/ReconHardware/PynqSoftware/dynamicMulti/dynamicMulti.srcs/constrs_1/imports/ConstraintFiles/XBarMulti.xdc:42]
Resolution: If [get_<value>] was used to populate the object, check to make sure this command returns at least one valid object.
WARNING: [Vivado 12-584] No ports matched 'mReady_out[3]'. [C:/Users/monke/Documents/GitHub/ReconHardware/PynqSoftware/dynamicMulti/dynamicMulti.srcs/constrs_1/imports/ConstraintFiles/XBarMulti.xdc:43]
CRITICAL WARNING: [Common 17-55] 'set_property' expects at least one object. [C:/Users/monke/Documents/GitHub/ReconHardware/PynqSoftware/dynamicMulti/dynamicMulti.srcs/constrs_1/imports/ConstraintFiles/XBarMulti.xdc:43]
Resolution: If [get_<value>] was used to populate the object, check to make sure this command returns at least one valid object.
WARNING: [Vivado 12-584] No ports matched 'mReady_out[2]'. [C:/Users/monke/Documents/GitHub/ReconHardware/PynqSoftware/dynamicMulti/dynamicMulti.srcs/constrs_1/imports/ConstraintFiles/XBarMulti.xdc:44]
CRITICAL WARNING: [Common 17-55] 'set_property' expects at least one object. [C:/Users/monke/Documents/GitHub/ReconHardware/PynqSoftware/dynamicMulti/dynamicMulti.srcs/constrs_1/imports/ConstraintFiles/XBarMulti.xdc:44]
Resolution: If [get_<value>] was used to populate the object, check to make sure this command returns at least one valid object.
WARNING: [Vivado 12-584] No ports matched 'mReady_out[1]'. [C:/Users/monke/Documents/GitHub/ReconHardware/PynqSoftware/dynamicMulti/dynamicMulti.srcs/constrs_1/imports/ConstraintFiles/XBarMulti.xdc:45]
CRITICAL WARNING: [Common 17-55] 'set_property' expects at least one object. [C:/Users/monke/Documents/GitHub/ReconHardware/PynqSoftware/dynamicMulti/dynamicMulti.srcs/constrs_1/imports/ConstraintFiles/XBarMulti.xdc:45]
Resolution: If [get_<value>] was used to populate the object, check to make sure this command returns at least one valid object.
WARNING: [Vivado 12-584] No ports matched 'mReady_out[0]'. [C:/Users/monke/Documents/GitHub/ReconHardware/PynqSoftware/dynamicMulti/dynamicMulti.srcs/constrs_1/imports/ConstraintFiles/XBarMulti.xdc:46]
CRITICAL WARNING: [Common 17-55] 'set_property' expects at least one object. [C:/Users/monke/Documents/GitHub/ReconHardware/PynqSoftware/dynamicMulti/dynamicMulti.srcs/constrs_1/imports/ConstraintFiles/XBarMulti.xdc:46]
Resolution: If [get_<value>] was used to populate the object, check to make sure this command returns at least one valid object.
WARNING: [Vivado 12-584] No ports matched 'mStart_in'. [C:/Users/monke/Documents/GitHub/ReconHardware/PynqSoftware/dynamicMulti/dynamicMulti.srcs/constrs_1/imports/ConstraintFiles/XBarMulti.xdc:47]
CRITICAL WARNING: [Common 17-55] 'set_property' expects at least one object. [C:/Users/monke/Documents/GitHub/ReconHardware/PynqSoftware/dynamicMulti/dynamicMulti.srcs/constrs_1/imports/ConstraintFiles/XBarMulti.xdc:47]
Resolution: If [get_<value>] was used to populate the object, check to make sure this command returns at least one valid object.
Finished Parsing XDC File [C:/Users/monke/Documents/GitHub/ReconHardware/PynqSoftware/dynamicMulti/dynamicMulti.srcs/constrs_1/imports/ConstraintFiles/XBarMulti.xdc]
INFO: [Opt 31-138] Pushed 0 inverter(s) to 0 load pin(s).
Netlist sorting complete. Time (s): cpu = 00:00:00 ; elapsed = 00:00:00.001 . Memory (MB): peak = 1727.855 ; gain = 0.000
INFO: [Project 1-111] Unisim Transformation Summary:
No Unisim elements were transformed.

open_run: Time (s): cpu = 00:00:12 ; elapsed = 00:00:09 . Memory (MB): peak = 1886.859 ; gain = 385.531
place_ports Clk T14
set_property target_constrs_file C:/Users/monke/Documents/GitHub/ReconHardware/PynqSoftware/dynamicMulti/dynamicMulti.srcs/constrs_1/imports/ConstraintFiles/XBarMulti.xdc [current_fileset -constrset]
save_constraints -force
place_ports Rst U12
save_constraints
startgroup
set_property package_pin "" [get_ports [list  bufferSelect]]
place_ports {dataInput[3]} R16
endgroup
place_ports {dataInput[2]} U17
save_constraints
place_ports {dataInput[1]} V17
place_ports {dataInput[0]} V18
save_constraints
place_ports bufferEN U13
place_ports bufferRD V15
save_constraints
place_ports bufferSelect V13
set_property package_pin "" [get_ports [list  chunkCount]]
place_ports FULL0 L15
save_constraints
set_property package_pin "" [get_ports [list  chunkCount]]
place_ports FULL1 G14
save_constraints
place_ports mReady G17
place_ports mStart T15
save_constraints
place_ports chunkCount M20
set_property IOSTANDARD LVCMOS33 [get_ports [list {dataInput[3]} {dataInput[2]} {dataInput[1]} {dataInput[0]}]]
save_constraints
set_property IOSTANDARD LVCMOS33 [get_ports [list bufferEN]]
set_property IOSTANDARD LVCMOS33 [get_ports [list bufferRD]]
set_property IOSTANDARD LVCMOS33 [get_ports [list chunkCount]]
set_property IOSTANDARD LVCMOS33 [get_ports [list FULL0]]
set_property IOSTANDARD LVCMOS33 [get_ports [list FULL1]]
set_property IOSTANDARD LVCMOS33 [get_ports [list mReady]]
set_property IOSTANDARD LVCMOS33 [get_ports [list mStart]]
save_constraints
reset_run integerCompute_synth_1
reset_run integerComputePynq_synth_1
reset_run floatCompute_synth_1
reset_run floatComputePynq_synth_1
reset_run fixedCompute_synth_1
launch_runs impl_1 child_0_impl_1 child_1_impl_1 child_2_impl_1 child_3_impl_1 -to_step write_bitstream -jobs 4
WARNING: [Project 1-478] Design 'synth_1' is stale and will not be used when launching 'impl_1'
WARNING: [Project 1-478] Design 'synth_1' is stale and will not be used when launching 'impl_1'
[Sun Jul 19 15:41:53 2020] Launched integerCompute_synth_1, integerComputePynq_synth_1, floatCompute_synth_1, floatComputePynq_synth_1, fixedCompute_synth_1, impl_1...
Run output will be captured here:
integerCompute_synth_1: C:/Users/monke/Documents/GitHub/ReconHardware/PynqSoftware/dynamicMulti/dynamicMulti.runs/integerCompute_synth_1/runme.log
integerComputePynq_synth_1: C:/Users/monke/Documents/GitHub/ReconHardware/PynqSoftware/dynamicMulti/dynamicMulti.runs/integerComputePynq_synth_1/runme.log
floatCompute_synth_1: C:/Users/monke/Documents/GitHub/ReconHardware/PynqSoftware/dynamicMulti/dynamicMulti.runs/floatCompute_synth_1/runme.log
floatComputePynq_synth_1: C:/Users/monke/Documents/GitHub/ReconHardware/PynqSoftware/dynamicMulti/dynamicMulti.runs/floatComputePynq_synth_1/runme.log
fixedCompute_synth_1: C:/Users/monke/Documents/GitHub/ReconHardware/PynqSoftware/dynamicMulti/dynamicMulti.runs/fixedCompute_synth_1/runme.log
impl_1: C:/Users/monke/Documents/GitHub/ReconHardware/PynqSoftware/dynamicMulti/dynamicMulti.runs/impl_1/runme.log
[Sun Jul 19 15:41:53 2020] Launched impl_1, child_0_impl_1, child_1_impl_1, child_2_impl_1, child_3_impl_1...
Run output will be captured here:
impl_1: C:/Users/monke/Documents/GitHub/ReconHardware/PynqSoftware/dynamicMulti/dynamicMulti.runs/impl_1/runme.log
child_0_impl_1: C:/Users/monke/Documents/GitHub/ReconHardware/PynqSoftware/dynamicMulti/dynamicMulti.runs/child_0_impl_1/runme.log
child_1_impl_1: C:/Users/monke/Documents/GitHub/ReconHardware/PynqSoftware/dynamicMulti/dynamicMulti.runs/child_1_impl_1/runme.log
child_2_impl_1: C:/Users/monke/Documents/GitHub/ReconHardware/PynqSoftware/dynamicMulti/dynamicMulti.runs/child_2_impl_1/runme.log
child_3_impl_1: C:/Users/monke/Documents/GitHub/ReconHardware/PynqSoftware/dynamicMulti/dynamicMulti.runs/child_3_impl_1/runme.log
create_ip_run [get_files -of_objects [get_fileset sources_1] C:/Users/monke/Documents/GitHub/ReconHardware/PynqSoftware/dynamicMulti/dynamicMulti.srcs/sources_1/bd/ps_Wrap/ps_Wrap.bd]
refresh_design
INFO: [Project 1-454] Reading design checkpoint 'c:/Users/monke/Documents/GitHub/ReconHardware/PynqSoftware/dynamicMulti/dynamicMulti.srcs/sources_1/bd/ps_Wrap/ip/ps_Wrap_ParallelBuffer_0_0/ps_Wrap_ParallelBuffer_0_0.dcp' for cell 'psWrap/ParallelBuffer_0'
INFO: [Project 1-454] Reading design checkpoint 'c:/Users/monke/Documents/GitHub/ReconHardware/PynqSoftware/dynamicMulti/dynamicMulti.srcs/sources_1/bd/ps_Wrap/ip/ps_Wrap_dataSplit_0_0/ps_Wrap_dataSplit_0_0.dcp' for cell 'psWrap/dataSplit_0'
Netlist sorting complete. Time (s): cpu = 00:00:00 ; elapsed = 00:00:00.001 . Memory (MB): peak = 2634.250 ; gain = 0.000
INFO: [Project 1-479] Netlist was created with Vivado 2019.2
INFO: [Project 1-570] Preparing netlist for logic optimization
Parsing XDC File [C:/Users/monke/Documents/GitHub/ReconHardware/PynqSoftware/dynamicMulti/dynamicMulti.srcs/constrs_1/imports/ConstraintFiles/XBarMulti.xdc]
WARNING: [Vivado 12-584] No ports matched 'bufferRD_in[3]'. [C:/Users/monke/Documents/GitHub/ReconHardware/PynqSoftware/dynamicMulti/dynamicMulti.srcs/constrs_1/imports/ConstraintFiles/XBarMulti.xdc:5]
CRITICAL WARNING: [Common 17-55] 'set_property' expects at least one object. [C:/Users/monke/Documents/GitHub/ReconHardware/PynqSoftware/dynamicMulti/dynamicMulti.srcs/constrs_1/imports/ConstraintFiles/XBarMulti.xdc:5]
Resolution: If [get_<value>] was used to populate the object, check to make sure this command returns at least one valid object.
WARNING: [Vivado 12-584] No ports matched 'bufferRD_in[2]'. [C:/Users/monke/Documents/GitHub/ReconHardware/PynqSoftware/dynamicMulti/dynamicMulti.srcs/constrs_1/imports/ConstraintFiles/XBarMulti.xdc:6]
CRITICAL WARNING: [Common 17-55] 'set_property' expects at least one object. [C:/Users/monke/Documents/GitHub/ReconHardware/PynqSoftware/dynamicMulti/dynamicMulti.srcs/constrs_1/imports/ConstraintFiles/XBarMulti.xdc:6]
Resolution: If [get_<value>] was used to populate the object, check to make sure this command returns at least one valid object.
WARNING: [Vivado 12-584] No ports matched 'bufferRD_in[1]'. [C:/Users/monke/Documents/GitHub/ReconHardware/PynqSoftware/dynamicMulti/dynamicMulti.srcs/constrs_1/imports/ConstraintFiles/XBarMulti.xdc:7]
CRITICAL WARNING: [Common 17-55] 'set_property' expects at least one object. [C:/Users/monke/Documents/GitHub/ReconHardware/PynqSoftware/dynamicMulti/dynamicMulti.srcs/constrs_1/imports/ConstraintFiles/XBarMulti.xdc:7]
Resolution: If [get_<value>] was used to populate the object, check to make sure this command returns at least one valid object.
WARNING: [Vivado 12-584] No ports matched 'bufferRD_in[0]'. [C:/Users/monke/Documents/GitHub/ReconHardware/PynqSoftware/dynamicMulti/dynamicMulti.srcs/constrs_1/imports/ConstraintFiles/XBarMulti.xdc:8]
CRITICAL WARNING: [Common 17-55] 'set_property' expects at least one object. [C:/Users/monke/Documents/GitHub/ReconHardware/PynqSoftware/dynamicMulti/dynamicMulti.srcs/constrs_1/imports/ConstraintFiles/XBarMulti.xdc:8]
Resolution: If [get_<value>] was used to populate the object, check to make sure this command returns at least one valid object.
WARNING: [Vivado 12-584] No ports matched 'bufferRD_out[3]'. [C:/Users/monke/Documents/GitHub/ReconHardware/PynqSoftware/dynamicMulti/dynamicMulti.srcs/constrs_1/imports/ConstraintFiles/XBarMulti.xdc:9]
CRITICAL WARNING: [Common 17-55] 'set_property' expects at least one object. [C:/Users/monke/Documents/GitHub/ReconHardware/PynqSoftware/dynamicMulti/dynamicMulti.srcs/constrs_1/imports/ConstraintFiles/XBarMulti.xdc:9]
Resolution: If [get_<value>] was used to populate the object, check to make sure this command returns at least one valid object.
WARNING: [Vivado 12-584] No ports matched 'bufferRD_out[2]'. [C:/Users/monke/Documents/GitHub/ReconHardware/PynqSoftware/dynamicMulti/dynamicMulti.srcs/constrs_1/imports/ConstraintFiles/XBarMulti.xdc:10]
CRITICAL WARNING: [Common 17-55] 'set_property' expects at least one object. [C:/Users/monke/Documents/GitHub/ReconHardware/PynqSoftware/dynamicMulti/dynamicMulti.srcs/constrs_1/imports/ConstraintFiles/XBarMulti.xdc:10]
Resolution: If [get_<value>] was used to populate the object, check to make sure this command returns at least one valid object.
WARNING: [Vivado 12-584] No ports matched 'bufferRD_out[1]'. [C:/Users/monke/Documents/GitHub/ReconHardware/PynqSoftware/dynamicMulti/dynamicMulti.srcs/constrs_1/imports/ConstraintFiles/XBarMulti.xdc:11]
CRITICAL WARNING: [Common 17-55] 'set_property' expects at least one object. [C:/Users/monke/Documents/GitHub/ReconHardware/PynqSoftware/dynamicMulti/dynamicMulti.srcs/constrs_1/imports/ConstraintFiles/XBarMulti.xdc:11]
Resolution: If [get_<value>] was used to populate the object, check to make sure this command returns at least one valid object.
WARNING: [Vivado 12-584] No ports matched 'bufferRD_out[0]'. [C:/Users/monke/Documents/GitHub/ReconHardware/PynqSoftware/dynamicMulti/dynamicMulti.srcs/constrs_1/imports/ConstraintFiles/XBarMulti.xdc:12]
CRITICAL WARNING: [Common 17-55] 'set_property' expects at least one object. [C:/Users/monke/Documents/GitHub/ReconHardware/PynqSoftware/dynamicMulti/dynamicMulti.srcs/constrs_1/imports/ConstraintFiles/XBarMulti.xdc:12]
Resolution: If [get_<value>] was used to populate the object, check to make sure this command returns at least one valid object.
WARNING: [Vivado 12-584] No ports matched 'dataIn[3]'. [C:/Users/monke/Documents/GitHub/ReconHardware/PynqSoftware/dynamicMulti/dynamicMulti.srcs/constrs_1/imports/ConstraintFiles/XBarMulti.xdc:13]
CRITICAL WARNING: [Common 17-55] 'set_property' expects at least one object. [C:/Users/monke/Documents/GitHub/ReconHardware/PynqSoftware/dynamicMulti/dynamicMulti.srcs/constrs_1/imports/ConstraintFiles/XBarMulti.xdc:13]
Resolution: If [get_<value>] was used to populate the object, check to make sure this command returns at least one valid object.
WARNING: [Vivado 12-584] No ports matched 'dataIn[3]'. [C:/Users/monke/Documents/GitHub/ReconHardware/PynqSoftware/dynamicMulti/dynamicMulti.srcs/constrs_1/imports/ConstraintFiles/XBarMulti.xdc:14]
CRITICAL WARNING: [Common 17-55] 'set_property' expects at least one object. [C:/Users/monke/Documents/GitHub/ReconHardware/PynqSoftware/dynamicMulti/dynamicMulti.srcs/constrs_1/imports/ConstraintFiles/XBarMulti.xdc:14]
Resolution: If [get_<value>] was used to populate the object, check to make sure this command returns at least one valid object.
WARNING: [Vivado 12-584] No ports matched 'dataIn[2]'. [C:/Users/monke/Documents/GitHub/ReconHardware/PynqSoftware/dynamicMulti/dynamicMulti.srcs/constrs_1/imports/ConstraintFiles/XBarMulti.xdc:15]
CRITICAL WARNING: [Common 17-55] 'set_property' expects at least one object. [C:/Users/monke/Documents/GitHub/ReconHardware/PynqSoftware/dynamicMulti/dynamicMulti.srcs/constrs_1/imports/ConstraintFiles/XBarMulti.xdc:15]
Resolution: If [get_<value>] was used to populate the object, check to make sure this command returns at least one valid object.
WARNING: [Vivado 12-584] No ports matched 'dataIn[1]'. [C:/Users/monke/Documents/GitHub/ReconHardware/PynqSoftware/dynamicMulti/dynamicMulti.srcs/constrs_1/imports/ConstraintFiles/XBarMulti.xdc:16]
CRITICAL WARNING: [Common 17-55] 'set_property' expects at least one object. [C:/Users/monke/Documents/GitHub/ReconHardware/PynqSoftware/dynamicMulti/dynamicMulti.srcs/constrs_1/imports/ConstraintFiles/XBarMulti.xdc:16]
Resolution: If [get_<value>] was used to populate the object, check to make sure this command returns at least one valid object.
WARNING: [Vivado 12-584] No ports matched 'dataIn[0]'. [C:/Users/monke/Documents/GitHub/ReconHardware/PynqSoftware/dynamicMulti/dynamicMulti.srcs/constrs_1/imports/ConstraintFiles/XBarMulti.xdc:17]
CRITICAL WARNING: [Common 17-55] 'set_property' expects at least one object. [C:/Users/monke/Documents/GitHub/ReconHardware/PynqSoftware/dynamicMulti/dynamicMulti.srcs/constrs_1/imports/ConstraintFiles/XBarMulti.xdc:17]
Resolution: If [get_<value>] was used to populate the object, check to make sure this command returns at least one valid object.
WARNING: [Vivado 12-584] No ports matched 'dataIn[2]'. [C:/Users/monke/Documents/GitHub/ReconHardware/PynqSoftware/dynamicMulti/dynamicMulti.srcs/constrs_1/imports/ConstraintFiles/XBarMulti.xdc:18]
CRITICAL WARNING: [Common 17-55] 'set_property' expects at least one object. [C:/Users/monke/Documents/GitHub/ReconHardware/PynqSoftware/dynamicMulti/dynamicMulti.srcs/constrs_1/imports/ConstraintFiles/XBarMulti.xdc:18]
Resolution: If [get_<value>] was used to populate the object, check to make sure this command returns at least one valid object.
WARNING: [Vivado 12-584] No ports matched 'dataIn[1]'. [C:/Users/monke/Documents/GitHub/ReconHardware/PynqSoftware/dynamicMulti/dynamicMulti.srcs/constrs_1/imports/ConstraintFiles/XBarMulti.xdc:19]
CRITICAL WARNING: [Common 17-55] 'set_property' expects at least one object. [C:/Users/monke/Documents/GitHub/ReconHardware/PynqSoftware/dynamicMulti/dynamicMulti.srcs/constrs_1/imports/ConstraintFiles/XBarMulti.xdc:19]
Resolution: If [get_<value>] was used to populate the object, check to make sure this command returns at least one valid object.
WARNING: [Vivado 12-584] No ports matched 'dataIn[0]'. [C:/Users/monke/Documents/GitHub/ReconHardware/PynqSoftware/dynamicMulti/dynamicMulti.srcs/constrs_1/imports/ConstraintFiles/XBarMulti.xdc:20]
CRITICAL WARNING: [Common 17-55] 'set_property' expects at least one object. [C:/Users/monke/Documents/GitHub/ReconHardware/PynqSoftware/dynamicMulti/dynamicMulti.srcs/constrs_1/imports/ConstraintFiles/XBarMulti.xdc:20]
Resolution: If [get_<value>] was used to populate the object, check to make sure this command returns at least one valid object.
WARNING: [Vivado 12-584] No ports matched 'mReady_in[3]'. [C:/Users/monke/Documents/GitHub/ReconHardware/PynqSoftware/dynamicMulti/dynamicMulti.srcs/constrs_1/imports/ConstraintFiles/XBarMulti.xdc:29]
CRITICAL WARNING: [Common 17-55] 'set_property' expects at least one object. [C:/Users/monke/Documents/GitHub/ReconHardware/PynqSoftware/dynamicMulti/dynamicMulti.srcs/constrs_1/imports/ConstraintFiles/XBarMulti.xdc:29]
Resolution: If [get_<value>] was used to populate the object, check to make sure this command returns at least one valid object.
WARNING: [Vivado 12-584] No ports matched 'mReady_in[2]'. [C:/Users/monke/Documents/GitHub/ReconHardware/PynqSoftware/dynamicMulti/dynamicMulti.srcs/constrs_1/imports/ConstraintFiles/XBarMulti.xdc:30]
CRITICAL WARNING: [Common 17-55] 'set_property' expects at least one object. [C:/Users/monke/Documents/GitHub/ReconHardware/PynqSoftware/dynamicMulti/dynamicMulti.srcs/constrs_1/imports/ConstraintFiles/XBarMulti.xdc:30]
Resolution: If [get_<value>] was used to populate the object, check to make sure this command returns at least one valid object.
WARNING: [Vivado 12-584] No ports matched 'mReady_in[1]'. [C:/Users/monke/Documents/GitHub/ReconHardware/PynqSoftware/dynamicMulti/dynamicMulti.srcs/constrs_1/imports/ConstraintFiles/XBarMulti.xdc:31]
CRITICAL WARNING: [Common 17-55] 'set_property' expects at least one object. [C:/Users/monke/Documents/GitHub/ReconHardware/PynqSoftware/dynamicMulti/dynamicMulti.srcs/constrs_1/imports/ConstraintFiles/XBarMulti.xdc:31]
Resolution: If [get_<value>] was used to populate the object, check to make sure this command returns at least one valid object.
WARNING: [Vivado 12-584] No ports matched 'mReady_in[0]'. [C:/Users/monke/Documents/GitHub/ReconHardware/PynqSoftware/dynamicMulti/dynamicMulti.srcs/constrs_1/imports/ConstraintFiles/XBarMulti.xdc:32]
CRITICAL WARNING: [Common 17-55] 'set_property' expects at least one object. [C:/Users/monke/Documents/GitHub/ReconHardware/PynqSoftware/dynamicMulti/dynamicMulti.srcs/constrs_1/imports/ConstraintFiles/XBarMulti.xdc:32]
Resolution: If [get_<value>] was used to populate the object, check to make sure this command returns at least one valid object.
WARNING: [Vivado 12-584] No ports matched 'outputSelect[1]'. [C:/Users/monke/Documents/GitHub/ReconHardware/PynqSoftware/dynamicMulti/dynamicMulti.srcs/constrs_1/imports/ConstraintFiles/XBarMulti.xdc:33]
CRITICAL WARNING: [Common 17-55] 'set_property' expects at least one object. [C:/Users/monke/Documents/GitHub/ReconHardware/PynqSoftware/dynamicMulti/dynamicMulti.srcs/constrs_1/imports/ConstraintFiles/XBarMulti.xdc:33]
Resolution: If [get_<value>] was used to populate the object, check to make sure this command returns at least one valid object.
WARNING: [Vivado 12-584] No ports matched 'outputSelect[0]'. [C:/Users/monke/Documents/GitHub/ReconHardware/PynqSoftware/dynamicMulti/dynamicMulti.srcs/constrs_1/imports/ConstraintFiles/XBarMulti.xdc:34]
CRITICAL WARNING: [Common 17-55] 'set_property' expects at least one object. [C:/Users/monke/Documents/GitHub/ReconHardware/PynqSoftware/dynamicMulti/dynamicMulti.srcs/constrs_1/imports/ConstraintFiles/XBarMulti.xdc:34]
Resolution: If [get_<value>] was used to populate the object, check to make sure this command returns at least one valid object.
WARNING: [Vivado 12-584] No ports matched 'mStart_in'. [C:/Users/monke/Documents/GitHub/ReconHardware/PynqSoftware/dynamicMulti/dynamicMulti.srcs/constrs_1/imports/ConstraintFiles/XBarMulti.xdc:36]
CRITICAL WARNING: [Common 17-55] 'set_property' expects at least one object. [C:/Users/monke/Documents/GitHub/ReconHardware/PynqSoftware/dynamicMulti/dynamicMulti.srcs/constrs_1/imports/ConstraintFiles/XBarMulti.xdc:36]
Resolution: If [get_<value>] was used to populate the object, check to make sure this command returns at least one valid object.
WARNING: [Vivado 12-584] No ports matched 'mStart_out'. [C:/Users/monke/Documents/GitHub/ReconHardware/PynqSoftware/dynamicMulti/dynamicMulti.srcs/constrs_1/imports/ConstraintFiles/XBarMulti.xdc:37]
CRITICAL WARNING: [Common 17-55] 'set_property' expects at least one object. [C:/Users/monke/Documents/GitHub/ReconHardware/PynqSoftware/dynamicMulti/dynamicMulti.srcs/constrs_1/imports/ConstraintFiles/XBarMulti.xdc:37]
Resolution: If [get_<value>] was used to populate the object, check to make sure this command returns at least one valid object.
WARNING: [Vivado 12-584] No ports matched 'AddressSelect[4]'. [C:/Users/monke/Documents/GitHub/ReconHardware/PynqSoftware/dynamicMulti/dynamicMulti.srcs/constrs_1/imports/ConstraintFiles/XBarMulti.xdc:38]
CRITICAL WARNING: [Common 17-55] 'set_property' expects at least one object. [C:/Users/monke/Documents/GitHub/ReconHardware/PynqSoftware/dynamicMulti/dynamicMulti.srcs/constrs_1/imports/ConstraintFiles/XBarMulti.xdc:38]
Resolution: If [get_<value>] was used to populate the object, check to make sure this command returns at least one valid object.
WARNING: [Vivado 12-584] No ports matched 'AddressSelect[3]'. [C:/Users/monke/Documents/GitHub/ReconHardware/PynqSoftware/dynamicMulti/dynamicMulti.srcs/constrs_1/imports/ConstraintFiles/XBarMulti.xdc:39]
CRITICAL WARNING: [Common 17-55] 'set_property' expects at least one object. [C:/Users/monke/Documents/GitHub/ReconHardware/PynqSoftware/dynamicMulti/dynamicMulti.srcs/constrs_1/imports/ConstraintFiles/XBarMulti.xdc:39]
Resolution: If [get_<value>] was used to populate the object, check to make sure this command returns at least one valid object.
WARNING: [Vivado 12-584] No ports matched 'AddressSelect[2]'. [C:/Users/monke/Documents/GitHub/ReconHardware/PynqSoftware/dynamicMulti/dynamicMulti.srcs/constrs_1/imports/ConstraintFiles/XBarMulti.xdc:40]
CRITICAL WARNING: [Common 17-55] 'set_property' expects at least one object. [C:/Users/monke/Documents/GitHub/ReconHardware/PynqSoftware/dynamicMulti/dynamicMulti.srcs/constrs_1/imports/ConstraintFiles/XBarMulti.xdc:40]
Resolution: If [get_<value>] was used to populate the object, check to make sure this command returns at least one valid object.
WARNING: [Vivado 12-584] No ports matched 'AddressSelect[1]'. [C:/Users/monke/Documents/GitHub/ReconHardware/PynqSoftware/dynamicMulti/dynamicMulti.srcs/constrs_1/imports/ConstraintFiles/XBarMulti.xdc:41]
CRITICAL WARNING: [Common 17-55] 'set_property' expects at least one object. [C:/Users/monke/Documents/GitHub/ReconHardware/PynqSoftware/dynamicMulti/dynamicMulti.srcs/constrs_1/imports/ConstraintFiles/XBarMulti.xdc:41]
Resolution: If [get_<value>] was used to populate the object, check to make sure this command returns at least one valid object.
WARNING: [Vivado 12-584] No ports matched 'AddressSelect[0]'. [C:/Users/monke/Documents/GitHub/ReconHardware/PynqSoftware/dynamicMulti/dynamicMulti.srcs/constrs_1/imports/ConstraintFiles/XBarMulti.xdc:42]
CRITICAL WARNING: [Common 17-55] 'set_property' expects at least one object. [C:/Users/monke/Documents/GitHub/ReconHardware/PynqSoftware/dynamicMulti/dynamicMulti.srcs/constrs_1/imports/ConstraintFiles/XBarMulti.xdc:42]
Resolution: If [get_<value>] was used to populate the object, check to make sure this command returns at least one valid object.
WARNING: [Vivado 12-584] No ports matched 'mReady_out[3]'. [C:/Users/monke/Documents/GitHub/ReconHardware/PynqSoftware/dynamicMulti/dynamicMulti.srcs/constrs_1/imports/ConstraintFiles/XBarMulti.xdc:43]
CRITICAL WARNING: [Common 17-55] 'set_property' expects at least one object. [C:/Users/monke/Documents/GitHub/ReconHardware/PynqSoftware/dynamicMulti/dynamicMulti.srcs/constrs_1/imports/ConstraintFiles/XBarMulti.xdc:43]
Resolution: If [get_<value>] was used to populate the object, check to make sure this command returns at least one valid object.
WARNING: [Vivado 12-584] No ports matched 'mReady_out[2]'. [C:/Users/monke/Documents/GitHub/ReconHardware/PynqSoftware/dynamicMulti/dynamicMulti.srcs/constrs_1/imports/ConstraintFiles/XBarMulti.xdc:44]
CRITICAL WARNING: [Common 17-55] 'set_property' expects at least one object. [C:/Users/monke/Documents/GitHub/ReconHardware/PynqSoftware/dynamicMulti/dynamicMulti.srcs/constrs_1/imports/ConstraintFiles/XBarMulti.xdc:44]
Resolution: If [get_<value>] was used to populate the object, check to make sure this command returns at least one valid object.
WARNING: [Vivado 12-584] No ports matched 'mReady_out[1]'. [C:/Users/monke/Documents/GitHub/ReconHardware/PynqSoftware/dynamicMulti/dynamicMulti.srcs/constrs_1/imports/ConstraintFiles/XBarMulti.xdc:45]
CRITICAL WARNING: [Common 17-55] 'set_property' expects at least one object. [C:/Users/monke/Documents/GitHub/ReconHardware/PynqSoftware/dynamicMulti/dynamicMulti.srcs/constrs_1/imports/ConstraintFiles/XBarMulti.xdc:45]
Resolution: If [get_<value>] was used to populate the object, check to make sure this command returns at least one valid object.
WARNING: [Vivado 12-584] No ports matched 'mReady_out[0]'. [C:/Users/monke/Documents/GitHub/ReconHardware/PynqSoftware/dynamicMulti/dynamicMulti.srcs/constrs_1/imports/ConstraintFiles/XBarMulti.xdc:46]
CRITICAL WARNING: [Common 17-55] 'set_property' expects at least one object. [C:/Users/monke/Documents/GitHub/ReconHardware/PynqSoftware/dynamicMulti/dynamicMulti.srcs/constrs_1/imports/ConstraintFiles/XBarMulti.xdc:46]
Resolution: If [get_<value>] was used to populate the object, check to make sure this command returns at least one valid object.
WARNING: [Vivado 12-584] No ports matched 'mStart_in'. [C:/Users/monke/Documents/GitHub/ReconHardware/PynqSoftware/dynamicMulti/dynamicMulti.srcs/constrs_1/imports/ConstraintFiles/XBarMulti.xdc:47]
CRITICAL WARNING: [Common 17-55] 'set_property' expects at least one object. [C:/Users/monke/Documents/GitHub/ReconHardware/PynqSoftware/dynamicMulti/dynamicMulti.srcs/constrs_1/imports/ConstraintFiles/XBarMulti.xdc:47]
Resolution: If [get_<value>] was used to populate the object, check to make sure this command returns at least one valid object.
Finished Parsing XDC File [C:/Users/monke/Documents/GitHub/ReconHardware/PynqSoftware/dynamicMulti/dynamicMulti.srcs/constrs_1/imports/ConstraintFiles/XBarMulti.xdc]
INFO: [Opt 31-138] Pushed 0 inverter(s) to 0 load pin(s).
INFO: [Project 1-486] Could not resolve non-primitive black box cell 'multiplyCompute' instantiated as 'mCompute' [C:/Users/monke/Documents/GitHub/ReconHardware/PynqSoftware/dynamicMulti/dynamicMulti.srcs/sources_1/new/dynamicMulti.v:47]
close_design
open_run synth_1 -name synth_1 -pr_config [current_pr_configuration]
Design is defaulting to impl run constrset: constrs_1
Design is defaulting to synth run part: xc7z020clg400-1
INFO: [Project 1-454] Reading design checkpoint 'C:/Users/monke/Documents/GitHub/ReconHardware/PynqSoftware/dynamicMulti/dynamicMulti.runs/integerCompute_synth_1/multiplyCompute.dcp' for cell 'mCompute'
INFO: [Project 1-454] Reading design checkpoint 'c:/Users/monke/Documents/GitHub/ReconHardware/PynqSoftware/dynamicMulti/dynamicMulti.srcs/sources_1/bd/ps_Wrap/ip/ps_Wrap_ParallelBuffer_0_0/ps_Wrap_ParallelBuffer_0_0.dcp' for cell 'psWrap/ParallelBuffer_0'
INFO: [Project 1-454] Reading design checkpoint 'c:/Users/monke/Documents/GitHub/ReconHardware/PynqSoftware/dynamicMulti/dynamicMulti.srcs/sources_1/bd/ps_Wrap/ip/ps_Wrap_dataSplit_0_0/ps_Wrap_dataSplit_0_0.dcp' for cell 'psWrap/dataSplit_0'
Netlist sorting complete. Time (s): cpu = 00:00:00 ; elapsed = 00:00:00 . Memory (MB): peak = 2634.250 ; gain = 0.000
INFO: [Netlist 29-17] Analyzing 2 Unisim elements for replacement
INFO: [Netlist 29-28] Unisim Transformation completed in 0 CPU seconds
INFO: [Project 1-479] Netlist was created with Vivado 2019.2
INFO: [Project 1-570] Preparing netlist for logic optimization
INFO: [Opt 31-140] Inserted 1 IBUFs to IO ports without IO buffers.
INFO: [Opt 31-141] Inserted 1 OBUFs to IO ports without IO buffers.
Parsing XDC File [C:/Users/monke/Documents/GitHub/ReconHardware/PynqSoftware/dynamicMulti/dynamicMulti.srcs/constrs_1/imports/ConstraintFiles/XBarMulti.xdc]
WARNING: [Vivado 12-584] No ports matched 'bufferRD_in[3]'. [C:/Users/monke/Documents/GitHub/ReconHardware/PynqSoftware/dynamicMulti/dynamicMulti.srcs/constrs_1/imports/ConstraintFiles/XBarMulti.xdc:5]
CRITICAL WARNING: [Common 17-55] 'set_property' expects at least one object. [C:/Users/monke/Documents/GitHub/ReconHardware/PynqSoftware/dynamicMulti/dynamicMulti.srcs/constrs_1/imports/ConstraintFiles/XBarMulti.xdc:5]
Resolution: If [get_<value>] was used to populate the object, check to make sure this command returns at least one valid object.
WARNING: [Vivado 12-584] No ports matched 'bufferRD_in[2]'. [C:/Users/monke/Documents/GitHub/ReconHardware/PynqSoftware/dynamicMulti/dynamicMulti.srcs/constrs_1/imports/ConstraintFiles/XBarMulti.xdc:6]
CRITICAL WARNING: [Common 17-55] 'set_property' expects at least one object. [C:/Users/monke/Documents/GitHub/ReconHardware/PynqSoftware/dynamicMulti/dynamicMulti.srcs/constrs_1/imports/ConstraintFiles/XBarMulti.xdc:6]
Resolution: If [get_<value>] was used to populate the object, check to make sure this command returns at least one valid object.
WARNING: [Vivado 12-584] No ports matched 'bufferRD_in[1]'. [C:/Users/monke/Documents/GitHub/ReconHardware/PynqSoftware/dynamicMulti/dynamicMulti.srcs/constrs_1/imports/ConstraintFiles/XBarMulti.xdc:7]
CRITICAL WARNING: [Common 17-55] 'set_property' expects at least one object. [C:/Users/monke/Documents/GitHub/ReconHardware/PynqSoftware/dynamicMulti/dynamicMulti.srcs/constrs_1/imports/ConstraintFiles/XBarMulti.xdc:7]
Resolution: If [get_<value>] was used to populate the object, check to make sure this command returns at least one valid object.
WARNING: [Vivado 12-584] No ports matched 'bufferRD_in[0]'. [C:/Users/monke/Documents/GitHub/ReconHardware/PynqSoftware/dynamicMulti/dynamicMulti.srcs/constrs_1/imports/ConstraintFiles/XBarMulti.xdc:8]
CRITICAL WARNING: [Common 17-55] 'set_property' expects at least one object. [C:/Users/monke/Documents/GitHub/ReconHardware/PynqSoftware/dynamicMulti/dynamicMulti.srcs/constrs_1/imports/ConstraintFiles/XBarMulti.xdc:8]
Resolution: If [get_<value>] was used to populate the object, check to make sure this command returns at least one valid object.
WARNING: [Vivado 12-584] No ports matched 'bufferRD_out[3]'. [C:/Users/monke/Documents/GitHub/ReconHardware/PynqSoftware/dynamicMulti/dynamicMulti.srcs/constrs_1/imports/ConstraintFiles/XBarMulti.xdc:9]
CRITICAL WARNING: [Common 17-55] 'set_property' expects at least one object. [C:/Users/monke/Documents/GitHub/ReconHardware/PynqSoftware/dynamicMulti/dynamicMulti.srcs/constrs_1/imports/ConstraintFiles/XBarMulti.xdc:9]
Resolution: If [get_<value>] was used to populate the object, check to make sure this command returns at least one valid object.
WARNING: [Vivado 12-584] No ports matched 'bufferRD_out[2]'. [C:/Users/monke/Documents/GitHub/ReconHardware/PynqSoftware/dynamicMulti/dynamicMulti.srcs/constrs_1/imports/ConstraintFiles/XBarMulti.xdc:10]
CRITICAL WARNING: [Common 17-55] 'set_property' expects at least one object. [C:/Users/monke/Documents/GitHub/ReconHardware/PynqSoftware/dynamicMulti/dynamicMulti.srcs/constrs_1/imports/ConstraintFiles/XBarMulti.xdc:10]
Resolution: If [get_<value>] was used to populate the object, check to make sure this command returns at least one valid object.
WARNING: [Vivado 12-584] No ports matched 'bufferRD_out[1]'. [C:/Users/monke/Documents/GitHub/ReconHardware/PynqSoftware/dynamicMulti/dynamicMulti.srcs/constrs_1/imports/ConstraintFiles/XBarMulti.xdc:11]
CRITICAL WARNING: [Common 17-55] 'set_property' expects at least one object. [C:/Users/monke/Documents/GitHub/ReconHardware/PynqSoftware/dynamicMulti/dynamicMulti.srcs/constrs_1/imports/ConstraintFiles/XBarMulti.xdc:11]
Resolution: If [get_<value>] was used to populate the object, check to make sure this command returns at least one valid object.
WARNING: [Vivado 12-584] No ports matched 'bufferRD_out[0]'. [C:/Users/monke/Documents/GitHub/ReconHardware/PynqSoftware/dynamicMulti/dynamicMulti.srcs/constrs_1/imports/ConstraintFiles/XBarMulti.xdc:12]
CRITICAL WARNING: [Common 17-55] 'set_property' expects at least one object. [C:/Users/monke/Documents/GitHub/ReconHardware/PynqSoftware/dynamicMulti/dynamicMulti.srcs/constrs_1/imports/ConstraintFiles/XBarMulti.xdc:12]
Resolution: If [get_<value>] was used to populate the object, check to make sure this command returns at least one valid object.
WARNING: [Vivado 12-584] No ports matched 'dataIn[3]'. [C:/Users/monke/Documents/GitHub/ReconHardware/PynqSoftware/dynamicMulti/dynamicMulti.srcs/constrs_1/imports/ConstraintFiles/XBarMulti.xdc:13]
CRITICAL WARNING: [Common 17-55] 'set_property' expects at least one object. [C:/Users/monke/Documents/GitHub/ReconHardware/PynqSoftware/dynamicMulti/dynamicMulti.srcs/constrs_1/imports/ConstraintFiles/XBarMulti.xdc:13]
Resolution: If [get_<value>] was used to populate the object, check to make sure this command returns at least one valid object.
WARNING: [Vivado 12-584] No ports matched 'dataIn[3]'. [C:/Users/monke/Documents/GitHub/ReconHardware/PynqSoftware/dynamicMulti/dynamicMulti.srcs/constrs_1/imports/ConstraintFiles/XBarMulti.xdc:14]
CRITICAL WARNING: [Common 17-55] 'set_property' expects at least one object. [C:/Users/monke/Documents/GitHub/ReconHardware/PynqSoftware/dynamicMulti/dynamicMulti.srcs/constrs_1/imports/ConstraintFiles/XBarMulti.xdc:14]
Resolution: If [get_<value>] was used to populate the object, check to make sure this command returns at least one valid object.
WARNING: [Vivado 12-584] No ports matched 'dataIn[2]'. [C:/Users/monke/Documents/GitHub/ReconHardware/PynqSoftware/dynamicMulti/dynamicMulti.srcs/constrs_1/imports/ConstraintFiles/XBarMulti.xdc:15]
CRITICAL WARNING: [Common 17-55] 'set_property' expects at least one object. [C:/Users/monke/Documents/GitHub/ReconHardware/PynqSoftware/dynamicMulti/dynamicMulti.srcs/constrs_1/imports/ConstraintFiles/XBarMulti.xdc:15]
Resolution: If [get_<value>] was used to populate the object, check to make sure this command returns at least one valid object.
WARNING: [Vivado 12-584] No ports matched 'dataIn[1]'. [C:/Users/monke/Documents/GitHub/ReconHardware/PynqSoftware/dynamicMulti/dynamicMulti.srcs/constrs_1/imports/ConstraintFiles/XBarMulti.xdc:16]
CRITICAL WARNING: [Common 17-55] 'set_property' expects at least one object. [C:/Users/monke/Documents/GitHub/ReconHardware/PynqSoftware/dynamicMulti/dynamicMulti.srcs/constrs_1/imports/ConstraintFiles/XBarMulti.xdc:16]
Resolution: If [get_<value>] was used to populate the object, check to make sure this command returns at least one valid object.
WARNING: [Vivado 12-584] No ports matched 'dataIn[0]'. [C:/Users/monke/Documents/GitHub/ReconHardware/PynqSoftware/dynamicMulti/dynamicMulti.srcs/constrs_1/imports/ConstraintFiles/XBarMulti.xdc:17]
CRITICAL WARNING: [Common 17-55] 'set_property' expects at least one object. [C:/Users/monke/Documents/GitHub/ReconHardware/PynqSoftware/dynamicMulti/dynamicMulti.srcs/constrs_1/imports/ConstraintFiles/XBarMulti.xdc:17]
Resolution: If [get_<value>] was used to populate the object, check to make sure this command returns at least one valid object.
WARNING: [Vivado 12-584] No ports matched 'dataIn[2]'. [C:/Users/monke/Documents/GitHub/ReconHardware/PynqSoftware/dynamicMulti/dynamicMulti.srcs/constrs_1/imports/ConstraintFiles/XBarMulti.xdc:18]
CRITICAL WARNING: [Common 17-55] 'set_property' expects at least one object. [C:/Users/monke/Documents/GitHub/ReconHardware/PynqSoftware/dynamicMulti/dynamicMulti.srcs/constrs_1/imports/ConstraintFiles/XBarMulti.xdc:18]
Resolution: If [get_<value>] was used to populate the object, check to make sure this command returns at least one valid object.
WARNING: [Vivado 12-584] No ports matched 'dataIn[1]'. [C:/Users/monke/Documents/GitHub/ReconHardware/PynqSoftware/dynamicMulti/dynamicMulti.srcs/constrs_1/imports/ConstraintFiles/XBarMulti.xdc:19]
CRITICAL WARNING: [Common 17-55] 'set_property' expects at least one object. [C:/Users/monke/Documents/GitHub/ReconHardware/PynqSoftware/dynamicMulti/dynamicMulti.srcs/constrs_1/imports/ConstraintFiles/XBarMulti.xdc:19]
Resolution: If [get_<value>] was used to populate the object, check to make sure this command returns at least one valid object.
WARNING: [Vivado 12-584] No ports matched 'dataIn[0]'. [C:/Users/monke/Documents/GitHub/ReconHardware/PynqSoftware/dynamicMulti/dynamicMulti.srcs/constrs_1/imports/ConstraintFiles/XBarMulti.xdc:20]
CRITICAL WARNING: [Common 17-55] 'set_property' expects at least one object. [C:/Users/monke/Documents/GitHub/ReconHardware/PynqSoftware/dynamicMulti/dynamicMulti.srcs/constrs_1/imports/ConstraintFiles/XBarMulti.xdc:20]
Resolution: If [get_<value>] was used to populate the object, check to make sure this command returns at least one valid object.
WARNING: [Vivado 12-584] No ports matched 'mReady_in[3]'. [C:/Users/monke/Documents/GitHub/ReconHardware/PynqSoftware/dynamicMulti/dynamicMulti.srcs/constrs_1/imports/ConstraintFiles/XBarMulti.xdc:29]
CRITICAL WARNING: [Common 17-55] 'set_property' expects at least one object. [C:/Users/monke/Documents/GitHub/ReconHardware/PynqSoftware/dynamicMulti/dynamicMulti.srcs/constrs_1/imports/ConstraintFiles/XBarMulti.xdc:29]
Resolution: If [get_<value>] was used to populate the object, check to make sure this command returns at least one valid object.
WARNING: [Vivado 12-584] No ports matched 'mReady_in[2]'. [C:/Users/monke/Documents/GitHub/ReconHardware/PynqSoftware/dynamicMulti/dynamicMulti.srcs/constrs_1/imports/ConstraintFiles/XBarMulti.xdc:30]
CRITICAL WARNING: [Common 17-55] 'set_property' expects at least one object. [C:/Users/monke/Documents/GitHub/ReconHardware/PynqSoftware/dynamicMulti/dynamicMulti.srcs/constrs_1/imports/ConstraintFiles/XBarMulti.xdc:30]
Resolution: If [get_<value>] was used to populate the object, check to make sure this command returns at least one valid object.
WARNING: [Vivado 12-584] No ports matched 'mReady_in[1]'. [C:/Users/monke/Documents/GitHub/ReconHardware/PynqSoftware/dynamicMulti/dynamicMulti.srcs/constrs_1/imports/ConstraintFiles/XBarMulti.xdc:31]
CRITICAL WARNING: [Common 17-55] 'set_property' expects at least one object. [C:/Users/monke/Documents/GitHub/ReconHardware/PynqSoftware/dynamicMulti/dynamicMulti.srcs/constrs_1/imports/ConstraintFiles/XBarMulti.xdc:31]
Resolution: If [get_<value>] was used to populate the object, check to make sure this command returns at least one valid object.
WARNING: [Vivado 12-584] No ports matched 'mReady_in[0]'. [C:/Users/monke/Documents/GitHub/ReconHardware/PynqSoftware/dynamicMulti/dynamicMulti.srcs/constrs_1/imports/ConstraintFiles/XBarMulti.xdc:32]
CRITICAL WARNING: [Common 17-55] 'set_property' expects at least one object. [C:/Users/monke/Documents/GitHub/ReconHardware/PynqSoftware/dynamicMulti/dynamicMulti.srcs/constrs_1/imports/ConstraintFiles/XBarMulti.xdc:32]
Resolution: If [get_<value>] was used to populate the object, check to make sure this command returns at least one valid object.
WARNING: [Vivado 12-584] No ports matched 'outputSelect[1]'. [C:/Users/monke/Documents/GitHub/ReconHardware/PynqSoftware/dynamicMulti/dynamicMulti.srcs/constrs_1/imports/ConstraintFiles/XBarMulti.xdc:33]
CRITICAL WARNING: [Common 17-55] 'set_property' expects at least one object. [C:/Users/monke/Documents/GitHub/ReconHardware/PynqSoftware/dynamicMulti/dynamicMulti.srcs/constrs_1/imports/ConstraintFiles/XBarMulti.xdc:33]
Resolution: If [get_<value>] was used to populate the object, check to make sure this command returns at least one valid object.
WARNING: [Vivado 12-584] No ports matched 'outputSelect[0]'. [C:/Users/monke/Documents/GitHub/ReconHardware/PynqSoftware/dynamicMulti/dynamicMulti.srcs/constrs_1/imports/ConstraintFiles/XBarMulti.xdc:34]
CRITICAL WARNING: [Common 17-55] 'set_property' expects at least one object. [C:/Users/monke/Documents/GitHub/ReconHardware/PynqSoftware/dynamicMulti/dynamicMulti.srcs/constrs_1/imports/ConstraintFiles/XBarMulti.xdc:34]
Resolution: If [get_<value>] was used to populate the object, check to make sure this command returns at least one valid object.
WARNING: [Vivado 12-584] No ports matched 'mStart_in'. [C:/Users/monke/Documents/GitHub/ReconHardware/PynqSoftware/dynamicMulti/dynamicMulti.srcs/constrs_1/imports/ConstraintFiles/XBarMulti.xdc:36]
CRITICAL WARNING: [Common 17-55] 'set_property' expects at least one object. [C:/Users/monke/Documents/GitHub/ReconHardware/PynqSoftware/dynamicMulti/dynamicMulti.srcs/constrs_1/imports/ConstraintFiles/XBarMulti.xdc:36]
Resolution: If [get_<value>] was used to populate the object, check to make sure this command returns at least one valid object.
WARNING: [Vivado 12-584] No ports matched 'mStart_out'. [C:/Users/monke/Documents/GitHub/ReconHardware/PynqSoftware/dynamicMulti/dynamicMulti.srcs/constrs_1/imports/ConstraintFiles/XBarMulti.xdc:37]
CRITICAL WARNING: [Common 17-55] 'set_property' expects at least one object. [C:/Users/monke/Documents/GitHub/ReconHardware/PynqSoftware/dynamicMulti/dynamicMulti.srcs/constrs_1/imports/ConstraintFiles/XBarMulti.xdc:37]
Resolution: If [get_<value>] was used to populate the object, check to make sure this command returns at least one valid object.
WARNING: [Vivado 12-584] No ports matched 'AddressSelect[4]'. [C:/Users/monke/Documents/GitHub/ReconHardware/PynqSoftware/dynamicMulti/dynamicMulti.srcs/constrs_1/imports/ConstraintFiles/XBarMulti.xdc:38]
CRITICAL WARNING: [Common 17-55] 'set_property' expects at least one object. [C:/Users/monke/Documents/GitHub/ReconHardware/PynqSoftware/dynamicMulti/dynamicMulti.srcs/constrs_1/imports/ConstraintFiles/XBarMulti.xdc:38]
Resolution: If [get_<value>] was used to populate the object, check to make sure this command returns at least one valid object.
WARNING: [Vivado 12-584] No ports matched 'AddressSelect[3]'. [C:/Users/monke/Documents/GitHub/ReconHardware/PynqSoftware/dynamicMulti/dynamicMulti.srcs/constrs_1/imports/ConstraintFiles/XBarMulti.xdc:39]
CRITICAL WARNING: [Common 17-55] 'set_property' expects at least one object. [C:/Users/monke/Documents/GitHub/ReconHardware/PynqSoftware/dynamicMulti/dynamicMulti.srcs/constrs_1/imports/ConstraintFiles/XBarMulti.xdc:39]
Resolution: If [get_<value>] was used to populate the object, check to make sure this command returns at least one valid object.
WARNING: [Vivado 12-584] No ports matched 'AddressSelect[2]'. [C:/Users/monke/Documents/GitHub/ReconHardware/PynqSoftware/dynamicMulti/dynamicMulti.srcs/constrs_1/imports/ConstraintFiles/XBarMulti.xdc:40]
CRITICAL WARNING: [Common 17-55] 'set_property' expects at least one object. [C:/Users/monke/Documents/GitHub/ReconHardware/PynqSoftware/dynamicMulti/dynamicMulti.srcs/constrs_1/imports/ConstraintFiles/XBarMulti.xdc:40]
Resolution: If [get_<value>] was used to populate the object, check to make sure this command returns at least one valid object.
WARNING: [Vivado 12-584] No ports matched 'AddressSelect[1]'. [C:/Users/monke/Documents/GitHub/ReconHardware/PynqSoftware/dynamicMulti/dynamicMulti.srcs/constrs_1/imports/ConstraintFiles/XBarMulti.xdc:41]
CRITICAL WARNING: [Common 17-55] 'set_property' expects at least one object. [C:/Users/monke/Documents/GitHub/ReconHardware/PynqSoftware/dynamicMulti/dynamicMulti.srcs/constrs_1/imports/ConstraintFiles/XBarMulti.xdc:41]
Resolution: If [get_<value>] was used to populate the object, check to make sure this command returns at least one valid object.
WARNING: [Vivado 12-584] No ports matched 'AddressSelect[0]'. [C:/Users/monke/Documents/GitHub/ReconHardware/PynqSoftware/dynamicMulti/dynamicMulti.srcs/constrs_1/imports/ConstraintFiles/XBarMulti.xdc:42]
CRITICAL WARNING: [Common 17-55] 'set_property' expects at least one object. [C:/Users/monke/Documents/GitHub/ReconHardware/PynqSoftware/dynamicMulti/dynamicMulti.srcs/constrs_1/imports/ConstraintFiles/XBarMulti.xdc:42]
Resolution: If [get_<value>] was used to populate the object, check to make sure this command returns at least one valid object.
WARNING: [Vivado 12-584] No ports matched 'mReady_out[3]'. [C:/Users/monke/Documents/GitHub/ReconHardware/PynqSoftware/dynamicMulti/dynamicMulti.srcs/constrs_1/imports/ConstraintFiles/XBarMulti.xdc:43]
CRITICAL WARNING: [Common 17-55] 'set_property' expects at least one object. [C:/Users/monke/Documents/GitHub/ReconHardware/PynqSoftware/dynamicMulti/dynamicMulti.srcs/constrs_1/imports/ConstraintFiles/XBarMulti.xdc:43]
Resolution: If [get_<value>] was used to populate the object, check to make sure this command returns at least one valid object.
WARNING: [Vivado 12-584] No ports matched 'mReady_out[2]'. [C:/Users/monke/Documents/GitHub/ReconHardware/PynqSoftware/dynamicMulti/dynamicMulti.srcs/constrs_1/imports/ConstraintFiles/XBarMulti.xdc:44]
CRITICAL WARNING: [Common 17-55] 'set_property' expects at least one object. [C:/Users/monke/Documents/GitHub/ReconHardware/PynqSoftware/dynamicMulti/dynamicMulti.srcs/constrs_1/imports/ConstraintFiles/XBarMulti.xdc:44]
Resolution: If [get_<value>] was used to populate the object, check to make sure this command returns at least one valid object.
WARNING: [Vivado 12-584] No ports matched 'mReady_out[1]'. [C:/Users/monke/Documents/GitHub/ReconHardware/PynqSoftware/dynamicMulti/dynamicMulti.srcs/constrs_1/imports/ConstraintFiles/XBarMulti.xdc:45]
INFO: [Common 17-14] Message 'Vivado 12-584' appears 100 times and further instances of the messages will be disabled. Use the Tcl command set_msg_config to change the current settings. [C:/Users/monke/Documents/GitHub/ReconHardware/PynqSoftware/dynamicMulti/dynamicMulti.srcs/constrs_1/imports/ConstraintFiles/XBarMulti.xdc:45]
CRITICAL WARNING: [Common 17-55] 'set_property' expects at least one object. [C:/Users/monke/Documents/GitHub/ReconHardware/PynqSoftware/dynamicMulti/dynamicMulti.srcs/constrs_1/imports/ConstraintFiles/XBarMulti.xdc:45]
Resolution: If [get_<value>] was used to populate the object, check to make sure this command returns at least one valid object.
INFO: [Common 17-14] Message 'Common 17-55' appears 100 times and further instances of the messages will be disabled. Use the Tcl command set_msg_config to change the current settings. [C:/Users/monke/Documents/GitHub/ReconHardware/PynqSoftware/dynamicMulti/dynamicMulti.srcs/constrs_1/imports/ConstraintFiles/XBarMulti.xdc:45]
Finished Parsing XDC File [C:/Users/monke/Documents/GitHub/ReconHardware/PynqSoftware/dynamicMulti/dynamicMulti.srcs/constrs_1/imports/ConstraintFiles/XBarMulti.xdc]
INFO: [Opt 31-138] Pushed 0 inverter(s) to 0 load pin(s).
Netlist sorting complete. Time (s): cpu = 00:00:00 ; elapsed = 00:00:00 . Memory (MB): peak = 2634.250 ; gain = 0.000
INFO: [Project 1-111] Unisim Transformation Summary:
No Unisim elements were transformed.

startgroup
create_pblock pblock_mCompute
add_cells_to_pblock pblock_mCompute [get_cells [list mCompute]] -clear_locs
endgroup
startgroup
create_pblock pblock_mCompute_1
resize_pblock pblock_mCompute_1 -add SLICE_X58Y52:SLICE_X67Y70
add_cells_to_pblock pblock_mCompute_1 [get_cells [list mCompute]] -clear_locs
endgroup
save_constraints
reset_run impl_1
reset_run child_0_impl_1
reset_run child_1_impl_1
reset_run child_2_impl_1
reset_run child_3_impl_1
launch_runs impl_1 child_0_impl_1 child_1_impl_1 child_2_impl_1 child_3_impl_1 -to_step write_bitstream -jobs 4
Netlist sorting complete. Time (s): cpu = 00:00:00 ; elapsed = 00:00:00 . Memory (MB): peak = 2634.250 ; gain = 0.000
INFO: [Timing 38-480] Writing timing data to binary archive.
Writing placer database...
Writing XDEF routing.
Writing XDEF routing logical nets.
Writing XDEF routing special nets.
Write XDEF Complete: Time (s): cpu = 00:00:00 ; elapsed = 00:00:00.039 . Memory (MB): peak = 2634.250 ; gain = 0.000
[Sun Jul 19 15:44:23 2020] Launched impl_1...
Run output will be captured here: C:/Users/monke/Documents/GitHub/ReconHardware/PynqSoftware/dynamicMulti/dynamicMulti.runs/impl_1/runme.log
[Sun Jul 19 15:44:24 2020] Launched impl_1, child_0_impl_1, child_1_impl_1, child_2_impl_1, child_3_impl_1...
Run output will be captured here:
impl_1: C:/Users/monke/Documents/GitHub/ReconHardware/PynqSoftware/dynamicMulti/dynamicMulti.runs/impl_1/runme.log
child_0_impl_1: C:/Users/monke/Documents/GitHub/ReconHardware/PynqSoftware/dynamicMulti/dynamicMulti.runs/child_0_impl_1/runme.log
child_1_impl_1: C:/Users/monke/Documents/GitHub/ReconHardware/PynqSoftware/dynamicMulti/dynamicMulti.runs/child_1_impl_1/runme.log
child_2_impl_1: C:/Users/monke/Documents/GitHub/ReconHardware/PynqSoftware/dynamicMulti/dynamicMulti.runs/child_2_impl_1/runme.log
child_3_impl_1: C:/Users/monke/Documents/GitHub/ReconHardware/PynqSoftware/dynamicMulti/dynamicMulti.runs/child_3_impl_1/runme.log
close_design
open_hw_manager
connect_hw_server -allow_non_jtag
INFO: [Labtools 27-2285] Connecting to hw_server url TCP:localhost:3121
INFO: [Labtools 27-3415] Connecting to cs_server url TCP:localhost:3042
INFO: [Labtools 27-3414] Connected to existing cs_server.
open_hw_target
INFO: [Labtoolstcl 44-466] Opening hw_target localhost:3121/xilinx_tcf/Xilinx/1234-tulA
open_hw_target: Time (s): cpu = 00:00:04 ; elapsed = 00:00:07 . Memory (MB): peak = 3608.371 ; gain = 974.121
set_property PROGRAM.FILE {C:/Users/monke/Documents/GitHub/ReconHardware/PynqSoftware/dynamicMulti/dynamicMulti.runs/impl_1/dynamicMulti.bit} [get_hw_devices xc7z020_1]
current_hw_device [get_hw_devices xc7z020_1]
refresh_hw_device -update_hw_probes false [lindex [get_hw_devices xc7z020_1] 0]
INFO: [Labtools 27-1434] Device xc7z020 (JTAG device index = 1) is programmed with a design that has no supported debug core(s) in it.
set_property PROBES.FILE {} [get_hw_devices xc7z020_1]
set_property FULL_PROBES.FILE {} [get_hw_devices xc7z020_1]
set_property PROGRAM.FILE {C:/Users/monke/Documents/GitHub/ReconHardware/PynqSoftware/dynamicMulti/dynamicMulti.runs/impl_1/dynamicMulti.bit} [get_hw_devices xc7z020_1]
program_hw_devices [get_hw_devices xc7z020_1]
INFO: [Labtools 27-3164] End of startup status: HIGH
refresh_hw_device [lindex [get_hw_devices xc7z020_1] 0]
INFO: [Labtools 27-1434] Device xc7z020 (JTAG device index = 1) is programmed with a design that has no supported debug core(s) in it.
set_property PROBES.FILE {} [get_hw_devices xc7z020_1]
set_property FULL_PROBES.FILE {} [get_hw_devices xc7z020_1]
set_property PROGRAM.FILE {C:/Users/monke/Documents/GitHub/ReconHardware/PynqSoftware/dynamicMulti/dynamicMulti.runs/impl_1/dynamicMulti.bit} [get_hw_devices xc7z020_1]
program_hw_devices [get_hw_devices xc7z020_1]
INFO: [Labtools 27-3164] End of startup status: HIGH
refresh_hw_device [lindex [get_hw_devices xc7z020_1] 0]
INFO: [Labtools 27-1434] Device xc7z020 (JTAG device index = 1) is programmed with a design that has no supported debug core(s) in it.
set_property PROBES.FILE {} [get_hw_devices xc7z020_1]
set_property FULL_PROBES.FILE {} [get_hw_devices xc7z020_1]
set_property PROGRAM.FILE {C:/Users/monke/Documents/GitHub/ReconHardware/PynqSoftware/dynamicMulti/dynamicMulti.runs/child_0_impl_1/mCompute_integerComputePynq_partial.bit} [get_hw_devices xc7z020_1]
program_hw_devices [get_hw_devices xc7z020_1]
INFO: [Labtools 27-3164] End of startup status: HIGH
refresh_hw_device [lindex [get_hw_devices xc7z020_1] 0]
INFO: [Labtools 27-1434] Device xc7z020 (JTAG device index = 1) is programmed with a design that has no supported debug core(s) in it.
set_property PROBES.FILE {} [get_hw_devices xc7z020_1]
set_property FULL_PROBES.FILE {} [get_hw_devices xc7z020_1]
set_property PROGRAM.FILE {C:/Users/monke/Documents/GitHub/ReconHardware/PynqSoftware/dynamicMulti/dynamicMulti.runs/child_1_impl_1/mCompute_floatCompute_partial.bit} [get_hw_devices xc7z020_1]
program_hw_devices [get_hw_devices xc7z020_1]
INFO: [Labtools 27-3164] End of startup status: HIGH
refresh_hw_device [lindex [get_hw_devices xc7z020_1] 0]
INFO: [Labtools 27-1434] Device xc7z020 (JTAG device index = 1) is programmed with a design that has no supported debug core(s) in it.
set_property PROBES.FILE {} [get_hw_devices xc7z020_1]
set_property FULL_PROBES.FILE {} [get_hw_devices xc7z020_1]
set_property PROGRAM.FILE {C:/Users/monke/Documents/GitHub/ReconHardware/PynqSoftware/dynamicMulti/dynamicMulti.runs/child_3_impl_1/mCompute_fixedCompute_partial.bit} [get_hw_devices xc7z020_1]
program_hw_devices [get_hw_devices xc7z020_1]
INFO: [Labtools 27-3164] End of startup status: HIGH
refresh_hw_device [lindex [get_hw_devices xc7z020_1] 0]
INFO: [Labtools 27-1434] Device xc7z020 (JTAG device index = 1) is programmed with a design that has no supported debug core(s) in it.
exit
INFO: [Common 17-206] Exiting Vivado at Sun Jul 19 18:41:45 2020...
