
*** Running vivado
    with args -log CPE_Wrapper.vds -m64 -product Vivado -mode batch -messageDb vivado.pb -notrace -source CPE_Wrapper.tcl



****** Vivado v2020.1 (64-bit)
  **** SW Build 2902540 on Wed May 27 19:54:49 MDT 2020
  **** IP Build 2902112 on Wed May 27 22:43:36 MDT 2020
    ** Copyright 1986-2020 Xilinx, Inc. All Rights Reserved.

source CPE_Wrapper.tcl -notrace
INFO: [IP_Flow 19-234] Refreshing IP repositories
INFO: [IP_Flow 19-1700] Loaded user IP repository 'c:/GitHub/ReconHardware/FPGA_Files/Sources/IP_Source'.
INFO: [IP_Flow 19-2313] Loaded Vivado IP repository 'C:/Xilinx/Vivado/2020.1/data/ip'.
WARNING: [IP_Flow 19-4995] The host OS only allows 260 characters in a normal path. The IP cache path is more than 80 characters. If you experience issues with IP caching, please consider changing the IP cache to a location with a shorter path. Alternately consider using the OS subst command to map part of the path to a drive letter. 
Current IP cache path is c:/GitHub/ReconHardware/FPGA_Files/Projects/ConvolutionAccel_s/ConvolutionAccel_s.cache/ip 
Command: synth_design -top CPE_Wrapper -part xc7z020clg400-1
Starting synth_design
Attempting to get a license for feature 'Synthesis' and/or device 'xc7z020'
INFO: [Common 17-349] Got license for feature 'Synthesis' and/or device 'xc7z020'
INFO: [Device 21-403] Loading part xc7z020clg400-1
INFO: [Synth 8-7079] Multithreading enabled for synth_design using a maximum of 2 processes.
INFO: [Synth 8-7078] Launching helper process for spawning children vivado processes
INFO: [Synth 8-7075] Helper process launched with PID 9428
---------------------------------------------------------------------------------
Starting RTL Elaboration : Time (s): cpu = 00:00:02 ; elapsed = 00:00:03 . Memory (MB): peak = 1087.926 ; gain = 8.012
---------------------------------------------------------------------------------
INFO: [Synth 8-6157] synthesizing module 'CPE_Wrapper' [C:/GitHub/ReconHardware/FPGA_Files/Sources/General/Convolution_Top_s.v:3]
	Parameter DATA_WIDTH bound to: 8 - type: integer 
	Parameter KERNEL_SIZE bound to: 3 - type: integer 
	Parameter REST_ADDR bound to: 9 - type: integer 
	Parameter ADDR_WIDTH bound to: 4 - type: integer 
INFO: [Synth 8-6157] synthesizing module 'Convolution_Controller_wrapper' [C:/GitHub/ReconHardware/FPGA_Files/Projects/ConvolutionAccel_s/ConvolutionAccel_s.srcs/sources_1/bd/Convolution_Controller/hdl/Convolution_Controller_wrapper.v:12]
INFO: [Synth 8-6157] synthesizing module 'Convolution_Controller' [C:/GitHub/ReconHardware/FPGA_Files/Projects/ConvolutionAccel_s/ConvolutionAccel_s.srcs/sources_1/bd/Convolution_Controller/synth/Convolution_Controller.v:13]
INFO: [Synth 8-6157] synthesizing module 'Convolution_Controller_Convolution_Controll_0_0' [C:/GitHub/ReconHardware/FPGA_Files/Projects/ConvolutionAccel_s/ConvolutionAccel_s.runs/synth_1/.Xil/Vivado-15452-DESKTOP-D9F9TPQ/realtime/Convolution_Controller_Convolution_Controll_0_0_stub.v:6]
INFO: [Synth 8-6155] done synthesizing module 'Convolution_Controller_Convolution_Controll_0_0' (1#1) [C:/GitHub/ReconHardware/FPGA_Files/Projects/ConvolutionAccel_s/ConvolutionAccel_s.runs/synth_1/.Xil/Vivado-15452-DESKTOP-D9F9TPQ/realtime/Convolution_Controller_Convolution_Controll_0_0_stub.v:6]
WARNING: [Synth 8-7071] port 's_axi_rlast' of module 'Convolution_Controller_Convolution_Controll_0_0' is unconnected for instance 'Convolution_Controll_0' [C:/GitHub/ReconHardware/FPGA_Files/Projects/ConvolutionAccel_s/ConvolutionAccel_s.srcs/sources_1/bd/Convolution_Controller/synth/Convolution_Controller.v:291]
WARNING: [Synth 8-7023] instance 'Convolution_Controll_0' of module 'Convolution_Controller_Convolution_Controll_0_0' has 68 connections declared, but only 67 given [C:/GitHub/ReconHardware/FPGA_Files/Projects/ConvolutionAccel_s/ConvolutionAccel_s.srcs/sources_1/bd/Convolution_Controller/synth/Convolution_Controller.v:291]
INFO: [Synth 8-6157] synthesizing module 'Convolution_Controller_Convolution_Controll_0_bram_0' [C:/GitHub/ReconHardware/FPGA_Files/Projects/ConvolutionAccel_s/ConvolutionAccel_s.runs/synth_1/.Xil/Vivado-15452-DESKTOP-D9F9TPQ/realtime/Convolution_Controller_Convolution_Controll_0_bram_0_stub.v:6]
INFO: [Synth 8-6155] done synthesizing module 'Convolution_Controller_Convolution_Controll_0_bram_0' (2#1) [C:/GitHub/ReconHardware/FPGA_Files/Projects/ConvolutionAccel_s/ConvolutionAccel_s.runs/synth_1/.Xil/Vivado-15452-DESKTOP-D9F9TPQ/realtime/Convolution_Controller_Convolution_Controll_0_bram_0_stub.v:6]
INFO: [Synth 8-6157] synthesizing module 'Convolution_Controller_Convolution_Controll_0_bram_0_0' [C:/GitHub/ReconHardware/FPGA_Files/Projects/ConvolutionAccel_s/ConvolutionAccel_s.runs/synth_1/.Xil/Vivado-15452-DESKTOP-D9F9TPQ/realtime/Convolution_Controller_Convolution_Controll_0_bram_0_0_stub.v:6]
INFO: [Synth 8-6155] done synthesizing module 'Convolution_Controller_Convolution_Controll_0_bram_0_0' (3#1) [C:/GitHub/ReconHardware/FPGA_Files/Projects/ConvolutionAccel_s/ConvolutionAccel_s.runs/synth_1/.Xil/Vivado-15452-DESKTOP-D9F9TPQ/realtime/Convolution_Controller_Convolution_Controll_0_bram_0_0_stub.v:6]
INFO: [Synth 8-6157] synthesizing module 'Convolution_Controller_Convolution_Controll_0_bram_1_0' [C:/GitHub/ReconHardware/FPGA_Files/Projects/ConvolutionAccel_s/ConvolutionAccel_s.runs/synth_1/.Xil/Vivado-15452-DESKTOP-D9F9TPQ/realtime/Convolution_Controller_Convolution_Controll_0_bram_1_0_stub.v:6]
INFO: [Synth 8-6155] done synthesizing module 'Convolution_Controller_Convolution_Controll_0_bram_1_0' (4#1) [C:/GitHub/ReconHardware/FPGA_Files/Projects/ConvolutionAccel_s/ConvolutionAccel_s.runs/synth_1/.Xil/Vivado-15452-DESKTOP-D9F9TPQ/realtime/Convolution_Controller_Convolution_Controll_0_bram_1_0_stub.v:6]
INFO: [Synth 8-6157] synthesizing module 'Convolution_Controller_axi_dma_0_0' [C:/GitHub/ReconHardware/FPGA_Files/Projects/ConvolutionAccel_s/ConvolutionAccel_s.runs/synth_1/.Xil/Vivado-15452-DESKTOP-D9F9TPQ/realtime/Convolution_Controller_axi_dma_0_0_stub.v:6]
INFO: [Synth 8-6155] done synthesizing module 'Convolution_Controller_axi_dma_0_0' (5#1) [C:/GitHub/ReconHardware/FPGA_Files/Projects/ConvolutionAccel_s/ConvolutionAccel_s.runs/synth_1/.Xil/Vivado-15452-DESKTOP-D9F9TPQ/realtime/Convolution_Controller_axi_dma_0_0_stub.v:6]
WARNING: [Synth 8-7071] port 'mm2s_prmry_reset_out_n' of module 'Convolution_Controller_axi_dma_0_0' is unconnected for instance 'axi_dma_0' [C:/GitHub/ReconHardware/FPGA_Files/Projects/ConvolutionAccel_s/ConvolutionAccel_s.srcs/sources_1/bd/Convolution_Controller/synth/Convolution_Controller.v:398]
WARNING: [Synth 8-7071] port 's2mm_prmry_reset_out_n' of module 'Convolution_Controller_axi_dma_0_0' is unconnected for instance 'axi_dma_0' [C:/GitHub/ReconHardware/FPGA_Files/Projects/ConvolutionAccel_s/ConvolutionAccel_s.srcs/sources_1/bd/Convolution_Controller/synth/Convolution_Controller.v:398]
WARNING: [Synth 8-7071] port 'mm2s_introut' of module 'Convolution_Controller_axi_dma_0_0' is unconnected for instance 'axi_dma_0' [C:/GitHub/ReconHardware/FPGA_Files/Projects/ConvolutionAccel_s/ConvolutionAccel_s.srcs/sources_1/bd/Convolution_Controller/synth/Convolution_Controller.v:398]
WARNING: [Synth 8-7071] port 's2mm_introut' of module 'Convolution_Controller_axi_dma_0_0' is unconnected for instance 'axi_dma_0' [C:/GitHub/ReconHardware/FPGA_Files/Projects/ConvolutionAccel_s/ConvolutionAccel_s.srcs/sources_1/bd/Convolution_Controller/synth/Convolution_Controller.v:398]
WARNING: [Synth 8-7071] port 'axi_dma_tstvec' of module 'Convolution_Controller_axi_dma_0_0' is unconnected for instance 'axi_dma_0' [C:/GitHub/ReconHardware/FPGA_Files/Projects/ConvolutionAccel_s/ConvolutionAccel_s.srcs/sources_1/bd/Convolution_Controller/synth/Convolution_Controller.v:398]
WARNING: [Synth 8-7023] instance 'axi_dma_0' of module 'Convolution_Controller_axi_dma_0_0' has 64 connections declared, but only 59 given [C:/GitHub/ReconHardware/FPGA_Files/Projects/ConvolutionAccel_s/ConvolutionAccel_s.srcs/sources_1/bd/Convolution_Controller/synth/Convolution_Controller.v:398]
INFO: [Synth 8-6157] synthesizing module 'Convolution_Controller_axi_mem_intercon_0' [C:/GitHub/ReconHardware/FPGA_Files/Projects/ConvolutionAccel_s/ConvolutionAccel_s.srcs/sources_1/bd/Convolution_Controller/synth/Convolution_Controller.v:725]
INFO: [Synth 8-6157] synthesizing module 'm00_couplers_imp_LXGO7B' [C:/GitHub/ReconHardware/FPGA_Files/Projects/ConvolutionAccel_s/ConvolutionAccel_s.srcs/sources_1/bd/Convolution_Controller/synth/Convolution_Controller.v:1966]
INFO: [Synth 8-6157] synthesizing module 'Convolution_Controller_auto_pc_1' [C:/GitHub/ReconHardware/FPGA_Files/Projects/ConvolutionAccel_s/ConvolutionAccel_s.runs/synth_1/.Xil/Vivado-15452-DESKTOP-D9F9TPQ/realtime/Convolution_Controller_auto_pc_1_stub.v:6]
INFO: [Synth 8-6155] done synthesizing module 'Convolution_Controller_auto_pc_1' (6#1) [C:/GitHub/ReconHardware/FPGA_Files/Projects/ConvolutionAccel_s/ConvolutionAccel_s.runs/synth_1/.Xil/Vivado-15452-DESKTOP-D9F9TPQ/realtime/Convolution_Controller_auto_pc_1_stub.v:6]
INFO: [Synth 8-6155] done synthesizing module 'm00_couplers_imp_LXGO7B' (7#1) [C:/GitHub/ReconHardware/FPGA_Files/Projects/ConvolutionAccel_s/ConvolutionAccel_s.srcs/sources_1/bd/Convolution_Controller/synth/Convolution_Controller.v:1966]
INFO: [Synth 8-6157] synthesizing module 's00_couplers_imp_LVAG69' [C:/GitHub/ReconHardware/FPGA_Files/Projects/ConvolutionAccel_s/ConvolutionAccel_s.srcs/sources_1/bd/Convolution_Controller/synth/Convolution_Controller.v:2787]
INFO: [Synth 8-6157] synthesizing module 'Convolution_Controller_auto_us_0' [C:/GitHub/ReconHardware/FPGA_Files/Projects/ConvolutionAccel_s/ConvolutionAccel_s.runs/synth_1/.Xil/Vivado-15452-DESKTOP-D9F9TPQ/realtime/Convolution_Controller_auto_us_0_stub.v:6]
INFO: [Synth 8-6155] done synthesizing module 'Convolution_Controller_auto_us_0' (8#1) [C:/GitHub/ReconHardware/FPGA_Files/Projects/ConvolutionAccel_s/ConvolutionAccel_s.runs/synth_1/.Xil/Vivado-15452-DESKTOP-D9F9TPQ/realtime/Convolution_Controller_auto_us_0_stub.v:6]
WARNING: [Synth 8-7071] port 'm_axi_arregion' of module 'Convolution_Controller_auto_us_0' is unconnected for instance 'auto_us' [C:/GitHub/ReconHardware/FPGA_Files/Projects/ConvolutionAccel_s/ConvolutionAccel_s.srcs/sources_1/bd/Convolution_Controller/synth/Convolution_Controller.v:2914]
WARNING: [Synth 8-7023] instance 'auto_us' of module 'Convolution_Controller_auto_us_0' has 34 connections declared, but only 33 given [C:/GitHub/ReconHardware/FPGA_Files/Projects/ConvolutionAccel_s/ConvolutionAccel_s.srcs/sources_1/bd/Convolution_Controller/synth/Convolution_Controller.v:2914]
INFO: [Synth 8-6155] done synthesizing module 's00_couplers_imp_LVAG69' (9#1) [C:/GitHub/ReconHardware/FPGA_Files/Projects/ConvolutionAccel_s/ConvolutionAccel_s.srcs/sources_1/bd/Convolution_Controller/synth/Convolution_Controller.v:2787]
INFO: [Synth 8-6157] synthesizing module 's01_couplers_imp_1H0AGNF' [C:/GitHub/ReconHardware/FPGA_Files/Projects/ConvolutionAccel_s/ConvolutionAccel_s.srcs/sources_1/bd/Convolution_Controller/synth/Convolution_Controller.v:2950]
INFO: [Synth 8-6157] synthesizing module 'Convolution_Controller_auto_us_1' [C:/GitHub/ReconHardware/FPGA_Files/Projects/ConvolutionAccel_s/ConvolutionAccel_s.runs/synth_1/.Xil/Vivado-15452-DESKTOP-D9F9TPQ/realtime/Convolution_Controller_auto_us_1_stub.v:6]
INFO: [Synth 8-6155] done synthesizing module 'Convolution_Controller_auto_us_1' (10#1) [C:/GitHub/ReconHardware/FPGA_Files/Projects/ConvolutionAccel_s/ConvolutionAccel_s.runs/synth_1/.Xil/Vivado-15452-DESKTOP-D9F9TPQ/realtime/Convolution_Controller_auto_us_1_stub.v:6]
WARNING: [Synth 8-7071] port 'm_axi_awregion' of module 'Convolution_Controller_auto_us_1' is unconnected for instance 'auto_us' [C:/GitHub/ReconHardware/FPGA_Files/Projects/ConvolutionAccel_s/ConvolutionAccel_s.srcs/sources_1/bd/Convolution_Controller/synth/Convolution_Controller.v:3101]
WARNING: [Synth 8-7023] instance 'auto_us' of module 'Convolution_Controller_auto_us_1' has 40 connections declared, but only 39 given [C:/GitHub/ReconHardware/FPGA_Files/Projects/ConvolutionAccel_s/ConvolutionAccel_s.srcs/sources_1/bd/Convolution_Controller/synth/Convolution_Controller.v:3101]
INFO: [Synth 8-6155] done synthesizing module 's01_couplers_imp_1H0AGNF' (11#1) [C:/GitHub/ReconHardware/FPGA_Files/Projects/ConvolutionAccel_s/ConvolutionAccel_s.srcs/sources_1/bd/Convolution_Controller/synth/Convolution_Controller.v:2950]
INFO: [Synth 8-6157] synthesizing module 'Convolution_Controller_xbar_0' [C:/GitHub/ReconHardware/FPGA_Files/Projects/ConvolutionAccel_s/ConvolutionAccel_s.runs/synth_1/.Xil/Vivado-15452-DESKTOP-D9F9TPQ/realtime/Convolution_Controller_xbar_0_stub.v:6]
INFO: [Synth 8-6155] done synthesizing module 'Convolution_Controller_xbar_0' (12#1) [C:/GitHub/ReconHardware/FPGA_Files/Projects/ConvolutionAccel_s/ConvolutionAccel_s.runs/synth_1/.Xil/Vivado-15452-DESKTOP-D9F9TPQ/realtime/Convolution_Controller_xbar_0_stub.v:6]
WARNING: [Synth 8-689] width (1) of port connection 's_axi_arready' does not match port width (2) of module 'Convolution_Controller_xbar_0' [C:/GitHub/ReconHardware/FPGA_Files/Projects/ConvolutionAccel_s/ConvolutionAccel_s.srcs/sources_1/bd/Convolution_Controller/synth/Convolution_Controller.v:1296]
WARNING: [Synth 8-689] width (64) of port connection 's_axi_rdata' does not match port width (128) of module 'Convolution_Controller_xbar_0' [C:/GitHub/ReconHardware/FPGA_Files/Projects/ConvolutionAccel_s/ConvolutionAccel_s.srcs/sources_1/bd/Convolution_Controller/synth/Convolution_Controller.v:1313]
WARNING: [Synth 8-689] width (1) of port connection 's_axi_rlast' does not match port width (2) of module 'Convolution_Controller_xbar_0' [C:/GitHub/ReconHardware/FPGA_Files/Projects/ConvolutionAccel_s/ConvolutionAccel_s.srcs/sources_1/bd/Convolution_Controller/synth/Convolution_Controller.v:1314]
WARNING: [Synth 8-689] width (2) of port connection 's_axi_rresp' does not match port width (4) of module 'Convolution_Controller_xbar_0' [C:/GitHub/ReconHardware/FPGA_Files/Projects/ConvolutionAccel_s/ConvolutionAccel_s.srcs/sources_1/bd/Convolution_Controller/synth/Convolution_Controller.v:1316]
WARNING: [Synth 8-689] width (1) of port connection 's_axi_rvalid' does not match port width (2) of module 'Convolution_Controller_xbar_0' [C:/GitHub/ReconHardware/FPGA_Files/Projects/ConvolutionAccel_s/ConvolutionAccel_s.srcs/sources_1/bd/Convolution_Controller/synth/Convolution_Controller.v:1317]
WARNING: [Synth 8-7071] port 's_axi_bid' of module 'Convolution_Controller_xbar_0' is unconnected for instance 'xbar' [C:/GitHub/ReconHardware/FPGA_Files/Projects/ConvolutionAccel_s/ConvolutionAccel_s.srcs/sources_1/bd/Convolution_Controller/synth/Convolution_Controller.v:1246]
WARNING: [Synth 8-7071] port 's_axi_rid' of module 'Convolution_Controller_xbar_0' is unconnected for instance 'xbar' [C:/GitHub/ReconHardware/FPGA_Files/Projects/ConvolutionAccel_s/ConvolutionAccel_s.srcs/sources_1/bd/Convolution_Controller/synth/Convolution_Controller.v:1246]
WARNING: [Synth 8-7023] instance 'xbar' of module 'Convolution_Controller_xbar_0' has 78 connections declared, but only 76 given [C:/GitHub/ReconHardware/FPGA_Files/Projects/ConvolutionAccel_s/ConvolutionAccel_s.srcs/sources_1/bd/Convolution_Controller/synth/Convolution_Controller.v:1246]
INFO: [Synth 8-6155] done synthesizing module 'Convolution_Controller_axi_mem_intercon_0' (13#1) [C:/GitHub/ReconHardware/FPGA_Files/Projects/ConvolutionAccel_s/ConvolutionAccel_s.srcs/sources_1/bd/Convolution_Controller/synth/Convolution_Controller.v:725]
INFO: [Synth 8-6157] synthesizing module 'Convolution_Controller_processing_system7_0_0' [C:/GitHub/ReconHardware/FPGA_Files/Projects/ConvolutionAccel_s/ConvolutionAccel_s.runs/synth_1/.Xil/Vivado-15452-DESKTOP-D9F9TPQ/realtime/Convolution_Controller_processing_system7_0_0_stub.v:6]
INFO: [Synth 8-6155] done synthesizing module 'Convolution_Controller_processing_system7_0_0' (14#1) [C:/GitHub/ReconHardware/FPGA_Files/Projects/ConvolutionAccel_s/ConvolutionAccel_s.runs/synth_1/.Xil/Vivado-15452-DESKTOP-D9F9TPQ/realtime/Convolution_Controller_processing_system7_0_0_stub.v:6]
WARNING: [Synth 8-7071] port 'USB0_PORT_INDCTL' of module 'Convolution_Controller_processing_system7_0_0' is unconnected for instance 'processing_system7_0' [C:/GitHub/ReconHardware/FPGA_Files/Projects/ConvolutionAccel_s/ConvolutionAccel_s.srcs/sources_1/bd/Convolution_Controller/synth/Convolution_Controller.v:534]
WARNING: [Synth 8-7071] port 'USB0_VBUS_PWRSELECT' of module 'Convolution_Controller_processing_system7_0_0' is unconnected for instance 'processing_system7_0' [C:/GitHub/ReconHardware/FPGA_Files/Projects/ConvolutionAccel_s/ConvolutionAccel_s.srcs/sources_1/bd/Convolution_Controller/synth/Convolution_Controller.v:534]
WARNING: [Synth 8-7071] port 'S_AXI_HP0_RCOUNT' of module 'Convolution_Controller_processing_system7_0_0' is unconnected for instance 'processing_system7_0' [C:/GitHub/ReconHardware/FPGA_Files/Projects/ConvolutionAccel_s/ConvolutionAccel_s.srcs/sources_1/bd/Convolution_Controller/synth/Convolution_Controller.v:534]
WARNING: [Synth 8-7071] port 'S_AXI_HP0_WCOUNT' of module 'Convolution_Controller_processing_system7_0_0' is unconnected for instance 'processing_system7_0' [C:/GitHub/ReconHardware/FPGA_Files/Projects/ConvolutionAccel_s/ConvolutionAccel_s.srcs/sources_1/bd/Convolution_Controller/synth/Convolution_Controller.v:534]
WARNING: [Synth 8-7071] port 'S_AXI_HP0_RACOUNT' of module 'Convolution_Controller_processing_system7_0_0' is unconnected for instance 'processing_system7_0' [C:/GitHub/ReconHardware/FPGA_Files/Projects/ConvolutionAccel_s/ConvolutionAccel_s.srcs/sources_1/bd/Convolution_Controller/synth/Convolution_Controller.v:534]
WARNING: [Synth 8-7071] port 'S_AXI_HP0_WACOUNT' of module 'Convolution_Controller_processing_system7_0_0' is unconnected for instance 'processing_system7_0' [C:/GitHub/ReconHardware/FPGA_Files/Projects/ConvolutionAccel_s/ConvolutionAccel_s.srcs/sources_1/bd/Convolution_Controller/synth/Convolution_Controller.v:534]
WARNING: [Synth 8-7023] instance 'processing_system7_0' of module 'Convolution_Controller_processing_system7_0_0' has 110 connections declared, but only 104 given [C:/GitHub/ReconHardware/FPGA_Files/Projects/ConvolutionAccel_s/ConvolutionAccel_s.srcs/sources_1/bd/Convolution_Controller/synth/Convolution_Controller.v:534]
INFO: [Synth 8-6157] synthesizing module 'Convolution_Controller_ps7_0_axi_periph_0' [C:/GitHub/ReconHardware/FPGA_Files/Projects/ConvolutionAccel_s/ConvolutionAccel_s.srcs/sources_1/bd/Convolution_Controller/synth/Convolution_Controller.v:1325]
INFO: [Synth 8-6157] synthesizing module 'm00_couplers_imp_1MYSWF5' [C:/GitHub/ReconHardware/FPGA_Files/Projects/ConvolutionAccel_s/ConvolutionAccel_s.srcs/sources_1/bd/Convolution_Controller/synth/Convolution_Controller.v:1841]
INFO: [Synth 8-6155] done synthesizing module 'm00_couplers_imp_1MYSWF5' (15#1) [C:/GitHub/ReconHardware/FPGA_Files/Projects/ConvolutionAccel_s/ConvolutionAccel_s.srcs/sources_1/bd/Convolution_Controller/synth/Convolution_Controller.v:1841]
INFO: [Synth 8-6157] synthesizing module 'm01_couplers_imp_ADAJYJ' [C:/GitHub/ReconHardware/FPGA_Files/Projects/ConvolutionAccel_s/ConvolutionAccel_s.srcs/sources_1/bd/Convolution_Controller/synth/Convolution_Controller.v:2371]
INFO: [Synth 8-6155] done synthesizing module 'm01_couplers_imp_ADAJYJ' (16#1) [C:/GitHub/ReconHardware/FPGA_Files/Projects/ConvolutionAccel_s/ConvolutionAccel_s.srcs/sources_1/bd/Convolution_Controller/synth/Convolution_Controller.v:2371]
INFO: [Synth 8-6157] synthesizing module 's00_couplers_imp_1N78R0N' [C:/GitHub/ReconHardware/FPGA_Files/Projects/ConvolutionAccel_s/ConvolutionAccel_s.srcs/sources_1/bd/Convolution_Controller/synth/Convolution_Controller.v:2482]
INFO: [Synth 8-6157] synthesizing module 'Convolution_Controller_auto_pc_0' [C:/GitHub/ReconHardware/FPGA_Files/Projects/ConvolutionAccel_s/ConvolutionAccel_s.runs/synth_1/.Xil/Vivado-15452-DESKTOP-D9F9TPQ/realtime/Convolution_Controller_auto_pc_0_stub.v:6]
INFO: [Synth 8-6155] done synthesizing module 'Convolution_Controller_auto_pc_0' (17#1) [C:/GitHub/ReconHardware/FPGA_Files/Projects/ConvolutionAccel_s/ConvolutionAccel_s.runs/synth_1/.Xil/Vivado-15452-DESKTOP-D9F9TPQ/realtime/Convolution_Controller_auto_pc_0_stub.v:6]
INFO: [Synth 8-6155] done synthesizing module 's00_couplers_imp_1N78R0N' (18#1) [C:/GitHub/ReconHardware/FPGA_Files/Projects/ConvolutionAccel_s/ConvolutionAccel_s.srcs/sources_1/bd/Convolution_Controller/synth/Convolution_Controller.v:2482]
INFO: [Synth 8-6157] synthesizing module 'Convolution_Controller_xbar_1' [C:/GitHub/ReconHardware/FPGA_Files/Projects/ConvolutionAccel_s/ConvolutionAccel_s.runs/synth_1/.Xil/Vivado-15452-DESKTOP-D9F9TPQ/realtime/Convolution_Controller_xbar_1_stub.v:6]
INFO: [Synth 8-6155] done synthesizing module 'Convolution_Controller_xbar_1' (19#1) [C:/GitHub/ReconHardware/FPGA_Files/Projects/ConvolutionAccel_s/ConvolutionAccel_s.runs/synth_1/.Xil/Vivado-15452-DESKTOP-D9F9TPQ/realtime/Convolution_Controller_xbar_1_stub.v:6]
WARNING: [Synth 8-7071] port 'm_axi_awprot' of module 'Convolution_Controller_xbar_1' is unconnected for instance 'xbar' [C:/GitHub/ReconHardware/FPGA_Files/Projects/ConvolutionAccel_s/ConvolutionAccel_s.srcs/sources_1/bd/Convolution_Controller/synth/Convolution_Controller.v:1801]
WARNING: [Synth 8-7071] port 'm_axi_wstrb' of module 'Convolution_Controller_xbar_1' is unconnected for instance 'xbar' [C:/GitHub/ReconHardware/FPGA_Files/Projects/ConvolutionAccel_s/ConvolutionAccel_s.srcs/sources_1/bd/Convolution_Controller/synth/Convolution_Controller.v:1801]
WARNING: [Synth 8-7071] port 'm_axi_arprot' of module 'Convolution_Controller_xbar_1' is unconnected for instance 'xbar' [C:/GitHub/ReconHardware/FPGA_Files/Projects/ConvolutionAccel_s/ConvolutionAccel_s.srcs/sources_1/bd/Convolution_Controller/synth/Convolution_Controller.v:1801]
WARNING: [Synth 8-7023] instance 'xbar' of module 'Convolution_Controller_xbar_1' has 40 connections declared, but only 37 given [C:/GitHub/ReconHardware/FPGA_Files/Projects/ConvolutionAccel_s/ConvolutionAccel_s.srcs/sources_1/bd/Convolution_Controller/synth/Convolution_Controller.v:1801]
INFO: [Synth 8-6155] done synthesizing module 'Convolution_Controller_ps7_0_axi_periph_0' (20#1) [C:/GitHub/ReconHardware/FPGA_Files/Projects/ConvolutionAccel_s/ConvolutionAccel_s.srcs/sources_1/bd/Convolution_Controller/synth/Convolution_Controller.v:1325]
INFO: [Synth 8-6157] synthesizing module 'Convolution_Controller_rst_ps7_0_100M_0' [C:/GitHub/ReconHardware/FPGA_Files/Projects/ConvolutionAccel_s/ConvolutionAccel_s.runs/synth_1/.Xil/Vivado-15452-DESKTOP-D9F9TPQ/realtime/Convolution_Controller_rst_ps7_0_100M_0_stub.v:6]
INFO: [Synth 8-6155] done synthesizing module 'Convolution_Controller_rst_ps7_0_100M_0' (21#1) [C:/GitHub/ReconHardware/FPGA_Files/Projects/ConvolutionAccel_s/ConvolutionAccel_s.runs/synth_1/.Xil/Vivado-15452-DESKTOP-D9F9TPQ/realtime/Convolution_Controller_rst_ps7_0_100M_0_stub.v:6]
WARNING: [Synth 8-7071] port 'mb_reset' of module 'Convolution_Controller_rst_ps7_0_100M_0' is unconnected for instance 'rst_ps7_0_100M' [C:/GitHub/ReconHardware/FPGA_Files/Projects/ConvolutionAccel_s/ConvolutionAccel_s.srcs/sources_1/bd/Convolution_Controller/synth/Convolution_Controller.v:716]
WARNING: [Synth 8-7071] port 'bus_struct_reset' of module 'Convolution_Controller_rst_ps7_0_100M_0' is unconnected for instance 'rst_ps7_0_100M' [C:/GitHub/ReconHardware/FPGA_Files/Projects/ConvolutionAccel_s/ConvolutionAccel_s.srcs/sources_1/bd/Convolution_Controller/synth/Convolution_Controller.v:716]
WARNING: [Synth 8-7071] port 'peripheral_reset' of module 'Convolution_Controller_rst_ps7_0_100M_0' is unconnected for instance 'rst_ps7_0_100M' [C:/GitHub/ReconHardware/FPGA_Files/Projects/ConvolutionAccel_s/ConvolutionAccel_s.srcs/sources_1/bd/Convolution_Controller/synth/Convolution_Controller.v:716]
WARNING: [Synth 8-7071] port 'interconnect_aresetn' of module 'Convolution_Controller_rst_ps7_0_100M_0' is unconnected for instance 'rst_ps7_0_100M' [C:/GitHub/ReconHardware/FPGA_Files/Projects/ConvolutionAccel_s/ConvolutionAccel_s.srcs/sources_1/bd/Convolution_Controller/synth/Convolution_Controller.v:716]
WARNING: [Synth 8-7023] instance 'rst_ps7_0_100M' of module 'Convolution_Controller_rst_ps7_0_100M_0' has 10 connections declared, but only 6 given [C:/GitHub/ReconHardware/FPGA_Files/Projects/ConvolutionAccel_s/ConvolutionAccel_s.srcs/sources_1/bd/Convolution_Controller/synth/Convolution_Controller.v:716]
INFO: [Synth 8-6155] done synthesizing module 'Convolution_Controller' (22#1) [C:/GitHub/ReconHardware/FPGA_Files/Projects/ConvolutionAccel_s/ConvolutionAccel_s.srcs/sources_1/bd/Convolution_Controller/synth/Convolution_Controller.v:13]
INFO: [Synth 8-6155] done synthesizing module 'Convolution_Controller_wrapper' (23#1) [C:/GitHub/ReconHardware/FPGA_Files/Projects/ConvolutionAccel_s/ConvolutionAccel_s.srcs/sources_1/bd/Convolution_Controller/hdl/Convolution_Controller_wrapper.v:12]
WARNING: [Synth 8-7071] port 'DDR_addr' of module 'Convolution_Controller_wrapper' is unconnected for instance 'BD_Wrapper' [C:/GitHub/ReconHardware/FPGA_Files/Sources/General/Convolution_Top_s.v:27]
WARNING: [Synth 8-7071] port 'DDR_ba' of module 'Convolution_Controller_wrapper' is unconnected for instance 'BD_Wrapper' [C:/GitHub/ReconHardware/FPGA_Files/Sources/General/Convolution_Top_s.v:27]
WARNING: [Synth 8-7071] port 'DDR_cas_n' of module 'Convolution_Controller_wrapper' is unconnected for instance 'BD_Wrapper' [C:/GitHub/ReconHardware/FPGA_Files/Sources/General/Convolution_Top_s.v:27]
WARNING: [Synth 8-7071] port 'DDR_ck_n' of module 'Convolution_Controller_wrapper' is unconnected for instance 'BD_Wrapper' [C:/GitHub/ReconHardware/FPGA_Files/Sources/General/Convolution_Top_s.v:27]
WARNING: [Synth 8-7071] port 'DDR_ck_p' of module 'Convolution_Controller_wrapper' is unconnected for instance 'BD_Wrapper' [C:/GitHub/ReconHardware/FPGA_Files/Sources/General/Convolution_Top_s.v:27]
WARNING: [Synth 8-7071] port 'DDR_cke' of module 'Convolution_Controller_wrapper' is unconnected for instance 'BD_Wrapper' [C:/GitHub/ReconHardware/FPGA_Files/Sources/General/Convolution_Top_s.v:27]
WARNING: [Synth 8-7071] port 'DDR_cs_n' of module 'Convolution_Controller_wrapper' is unconnected for instance 'BD_Wrapper' [C:/GitHub/ReconHardware/FPGA_Files/Sources/General/Convolution_Top_s.v:27]
WARNING: [Synth 8-7071] port 'DDR_dm' of module 'Convolution_Controller_wrapper' is unconnected for instance 'BD_Wrapper' [C:/GitHub/ReconHardware/FPGA_Files/Sources/General/Convolution_Top_s.v:27]
WARNING: [Synth 8-7071] port 'DDR_dq' of module 'Convolution_Controller_wrapper' is unconnected for instance 'BD_Wrapper' [C:/GitHub/ReconHardware/FPGA_Files/Sources/General/Convolution_Top_s.v:27]
WARNING: [Synth 8-7071] port 'DDR_dqs_n' of module 'Convolution_Controller_wrapper' is unconnected for instance 'BD_Wrapper' [C:/GitHub/ReconHardware/FPGA_Files/Sources/General/Convolution_Top_s.v:27]
WARNING: [Synth 8-7071] port 'DDR_dqs_p' of module 'Convolution_Controller_wrapper' is unconnected for instance 'BD_Wrapper' [C:/GitHub/ReconHardware/FPGA_Files/Sources/General/Convolution_Top_s.v:27]
WARNING: [Synth 8-7071] port 'DDR_odt' of module 'Convolution_Controller_wrapper' is unconnected for instance 'BD_Wrapper' [C:/GitHub/ReconHardware/FPGA_Files/Sources/General/Convolution_Top_s.v:27]
WARNING: [Synth 8-7071] port 'DDR_ras_n' of module 'Convolution_Controller_wrapper' is unconnected for instance 'BD_Wrapper' [C:/GitHub/ReconHardware/FPGA_Files/Sources/General/Convolution_Top_s.v:27]
WARNING: [Synth 8-7071] port 'DDR_reset_n' of module 'Convolution_Controller_wrapper' is unconnected for instance 'BD_Wrapper' [C:/GitHub/ReconHardware/FPGA_Files/Sources/General/Convolution_Top_s.v:27]
WARNING: [Synth 8-7071] port 'DDR_we_n' of module 'Convolution_Controller_wrapper' is unconnected for instance 'BD_Wrapper' [C:/GitHub/ReconHardware/FPGA_Files/Sources/General/Convolution_Top_s.v:27]
WARNING: [Synth 8-7071] port 'FIXED_IO_ddr_vrn' of module 'Convolution_Controller_wrapper' is unconnected for instance 'BD_Wrapper' [C:/GitHub/ReconHardware/FPGA_Files/Sources/General/Convolution_Top_s.v:27]
WARNING: [Synth 8-7071] port 'FIXED_IO_ddr_vrp' of module 'Convolution_Controller_wrapper' is unconnected for instance 'BD_Wrapper' [C:/GitHub/ReconHardware/FPGA_Files/Sources/General/Convolution_Top_s.v:27]
WARNING: [Synth 8-7071] port 'FIXED_IO_mio' of module 'Convolution_Controller_wrapper' is unconnected for instance 'BD_Wrapper' [C:/GitHub/ReconHardware/FPGA_Files/Sources/General/Convolution_Top_s.v:27]
WARNING: [Synth 8-7071] port 'FIXED_IO_ps_clk' of module 'Convolution_Controller_wrapper' is unconnected for instance 'BD_Wrapper' [C:/GitHub/ReconHardware/FPGA_Files/Sources/General/Convolution_Top_s.v:27]
WARNING: [Synth 8-7071] port 'FIXED_IO_ps_porb' of module 'Convolution_Controller_wrapper' is unconnected for instance 'BD_Wrapper' [C:/GitHub/ReconHardware/FPGA_Files/Sources/General/Convolution_Top_s.v:27]
WARNING: [Synth 8-7071] port 'FIXED_IO_ps_srstb' of module 'Convolution_Controller_wrapper' is unconnected for instance 'BD_Wrapper' [C:/GitHub/ReconHardware/FPGA_Files/Sources/General/Convolution_Top_s.v:27]
WARNING: [Synth 8-7071] port 'cSum_1' of module 'Convolution_Controller_wrapper' is unconnected for instance 'BD_Wrapper' [C:/GitHub/ReconHardware/FPGA_Files/Sources/General/Convolution_Top_s.v:27]
WARNING: [Synth 8-7023] instance 'BD_Wrapper' of module 'Convolution_Controller_wrapper' has 29 connections declared, but only 7 given [C:/GitHub/ReconHardware/FPGA_Files/Sources/General/Convolution_Top_s.v:27]
INFO: [Synth 8-6157] synthesizing module 'matrixAccelerator' [C:/GitHub/ReconHardware/FPGA_Files/Sources/General/matrixAccelerator.v:9]
	Parameter DATA_WIDTH bound to: 8 - type: integer 
	Parameter KERNEL_SIZE bound to: 3 - type: integer 
	Parameter REST_ADDR bound to: 81 - type: integer 
	Parameter ADDR_WIDTH bound to: 7 - type: integer 
	Parameter DOUBLE_DATA_WIDTH bound to: 16 - type: integer 
INFO: [Synth 8-6157] synthesizing module 'multiplyComputePynq' [C:/GitHub/ReconHardware/FPGA_Files/Sources/Multiplier/multiplyComputePynq.v:10]
	Parameter DATA_WIDTH bound to: 8 - type: integer 
INFO: [Synth 8-6155] done synthesizing module 'multiplyComputePynq' (24#1) [C:/GitHub/ReconHardware/FPGA_Files/Sources/Multiplier/multiplyComputePynq.v:10]
INFO: [Synth 8-6157] synthesizing module 'XBar2' [C:/GitHub/ReconHardware/FPGA_Files/Sources/General/XBar2.v:18]
	Parameter DATA_WIDTH bound to: 8 - type: integer 
	Parameter IP_COUNT bound to: 9 - type: integer 
	Parameter OP_COUNT bound to: 9 - type: integer 
	Parameter REST_ADDR bound to: 81 - type: integer 
	Parameter ADDR_WIDTH bound to: 7 - type: integer 
INFO: [Synth 8-6155] done synthesizing module 'XBar2' (25#1) [C:/GitHub/ReconHardware/FPGA_Files/Sources/General/XBar2.v:18]
INFO: [Synth 8-6157] synthesizing module 'integer_adder_32' [C:/GitHub/ReconHardware/FPGA_Files/Sources/Adder/Wrappers/integer_adder_32.v:4]
INFO: [Synth 8-6157] synthesizing module 'param_int_adder' [C:/GitHub/ReconHardware/FPGA_Files/Sources/Adder/param_int_adder.v:6]
	Parameter DATA_WIDTH bound to: 32 - type: integer 
	Parameter NUM_INPUTS bound to: 9 - type: integer 
INFO: [Synth 8-6155] done synthesizing module 'param_int_adder' (26#1) [C:/GitHub/ReconHardware/FPGA_Files/Sources/Adder/param_int_adder.v:6]
WARNING: [Synth 8-689] width (32) of port connection 'out_data' does not match port width (33) of module 'param_int_adder' [C:/GitHub/ReconHardware/FPGA_Files/Sources/Adder/Wrappers/integer_adder_32.v:17]
INFO: [Synth 8-6155] done synthesizing module 'integer_adder_32' (27#1) [C:/GitHub/ReconHardware/FPGA_Files/Sources/Adder/Wrappers/integer_adder_32.v:4]
WARNING: [Synth 8-689] width (8) of port connection 'out_data' does not match port width (32) of module 'integer_adder_32' [C:/GitHub/ReconHardware/FPGA_Files/Sources/General/matrixAccelerator.v:70]
INFO: [Synth 8-6155] done synthesizing module 'matrixAccelerator' (28#1) [C:/GitHub/ReconHardware/FPGA_Files/Sources/General/matrixAccelerator.v:9]
WARNING: [Synth 8-689] width (16) of port connection 'finalAccumulate' does not match port width (8) of module 'matrixAccelerator' [C:/GitHub/ReconHardware/FPGA_Files/Sources/General/Convolution_Top_s.v:54]
INFO: [Synth 8-6155] done synthesizing module 'CPE_Wrapper' (29#1) [C:/GitHub/ReconHardware/FPGA_Files/Sources/General/Convolution_Top_s.v:3]
---------------------------------------------------------------------------------
Finished RTL Elaboration : Time (s): cpu = 00:00:04 ; elapsed = 00:00:05 . Memory (MB): peak = 1231.094 ; gain = 151.180
---------------------------------------------------------------------------------
---------------------------------------------------------------------------------
Start Handling Custom Attributes
---------------------------------------------------------------------------------
---------------------------------------------------------------------------------
Finished Handling Custom Attributes : Time (s): cpu = 00:00:05 ; elapsed = 00:00:06 . Memory (MB): peak = 1231.094 ; gain = 151.180
---------------------------------------------------------------------------------
---------------------------------------------------------------------------------
Finished RTL Optimization Phase 1 : Time (s): cpu = 00:00:05 ; elapsed = 00:00:06 . Memory (MB): peak = 1231.094 ; gain = 151.180
---------------------------------------------------------------------------------
Netlist sorting complete. Time (s): cpu = 00:00:00 ; elapsed = 00:00:00.066 . Memory (MB): peak = 1231.094 ; gain = 0.000
INFO: [Project 1-570] Preparing netlist for logic optimization

Processing XDC Constraints
Initializing timing engine
Parsing XDC File [c:/GitHub/ReconHardware/FPGA_Files/Projects/ConvolutionAccel_s/ConvolutionAccel_s.srcs/sources_1/bd/Convolution_Controller/ip/Convolution_Controller_processing_system7_0_0/Convolution_Controller_processing_system7_0_0/Convolution_Controller_processing_system7_0_0_in_context.xdc] for cell 'BD_Wrapper/Convolution_Controller_i/processing_system7_0'
WARNING: [Vivado 12-584] No ports matched ''. [c:/GitHub/ReconHardware/FPGA_Files/Projects/ConvolutionAccel_s/ConvolutionAccel_s.srcs/sources_1/bd/Convolution_Controller/ip/Convolution_Controller_processing_system7_0_0/Convolution_Controller_processing_system7_0_0/Convolution_Controller_processing_system7_0_0_in_context.xdc:2]
Finished Parsing XDC File [c:/GitHub/ReconHardware/FPGA_Files/Projects/ConvolutionAccel_s/ConvolutionAccel_s.srcs/sources_1/bd/Convolution_Controller/ip/Convolution_Controller_processing_system7_0_0/Convolution_Controller_processing_system7_0_0/Convolution_Controller_processing_system7_0_0_in_context.xdc] for cell 'BD_Wrapper/Convolution_Controller_i/processing_system7_0'
Parsing XDC File [c:/GitHub/ReconHardware/FPGA_Files/Projects/ConvolutionAccel_s/ConvolutionAccel_s.srcs/sources_1/bd/Convolution_Controller/ip/Convolution_Controller_axi_dma_0_0/Convolution_Controller_axi_dma_0_0/Convolution_Controller_axi_dma_0_0_in_context.xdc] for cell 'BD_Wrapper/Convolution_Controller_i/axi_dma_0'
Finished Parsing XDC File [c:/GitHub/ReconHardware/FPGA_Files/Projects/ConvolutionAccel_s/ConvolutionAccel_s.srcs/sources_1/bd/Convolution_Controller/ip/Convolution_Controller_axi_dma_0_0/Convolution_Controller_axi_dma_0_0/Convolution_Controller_axi_dma_0_0_in_context.xdc] for cell 'BD_Wrapper/Convolution_Controller_i/axi_dma_0'
Parsing XDC File [c:/GitHub/ReconHardware/FPGA_Files/Projects/ConvolutionAccel_s/ConvolutionAccel_s.srcs/sources_1/bd/Convolution_Controller/ip/Convolution_Controller_rst_ps7_0_100M_0/Convolution_Controller_rst_ps7_0_100M_0/Convolution_Controller_rst_ps7_0_100M_0_in_context.xdc] for cell 'BD_Wrapper/Convolution_Controller_i/rst_ps7_0_100M'
Finished Parsing XDC File [c:/GitHub/ReconHardware/FPGA_Files/Projects/ConvolutionAccel_s/ConvolutionAccel_s.srcs/sources_1/bd/Convolution_Controller/ip/Convolution_Controller_rst_ps7_0_100M_0/Convolution_Controller_rst_ps7_0_100M_0/Convolution_Controller_rst_ps7_0_100M_0_in_context.xdc] for cell 'BD_Wrapper/Convolution_Controller_i/rst_ps7_0_100M'
Parsing XDC File [c:/GitHub/ReconHardware/FPGA_Files/Projects/ConvolutionAccel_s/ConvolutionAccel_s.srcs/sources_1/bd/Convolution_Controller/ip/Convolution_Controller_Convolution_Controll_0_0/Convolution_Controller_Convolution_Controll_0_0/Convolution_Controller_Convolution_Controll_0_0_in_context.xdc] for cell 'BD_Wrapper/Convolution_Controller_i/Convolution_Controll_0'
Finished Parsing XDC File [c:/GitHub/ReconHardware/FPGA_Files/Projects/ConvolutionAccel_s/ConvolutionAccel_s.srcs/sources_1/bd/Convolution_Controller/ip/Convolution_Controller_Convolution_Controll_0_0/Convolution_Controller_Convolution_Controll_0_0/Convolution_Controller_Convolution_Controll_0_0_in_context.xdc] for cell 'BD_Wrapper/Convolution_Controller_i/Convolution_Controll_0'
Parsing XDC File [c:/GitHub/ReconHardware/FPGA_Files/Projects/ConvolutionAccel_s/ConvolutionAccel_s.srcs/sources_1/bd/Convolution_Controller/ip/Convolution_Controller_xbar_1/Convolution_Controller_xbar_1/Convolution_Controller_xbar_1_in_context.xdc] for cell 'BD_Wrapper/Convolution_Controller_i/ps7_0_axi_periph/xbar'
Finished Parsing XDC File [c:/GitHub/ReconHardware/FPGA_Files/Projects/ConvolutionAccel_s/ConvolutionAccel_s.srcs/sources_1/bd/Convolution_Controller/ip/Convolution_Controller_xbar_1/Convolution_Controller_xbar_1/Convolution_Controller_xbar_1_in_context.xdc] for cell 'BD_Wrapper/Convolution_Controller_i/ps7_0_axi_periph/xbar'
Parsing XDC File [c:/GitHub/ReconHardware/FPGA_Files/Projects/ConvolutionAccel_s/ConvolutionAccel_s.srcs/sources_1/bd/Convolution_Controller/ip/Convolution_Controller_xbar_0/Convolution_Controller_xbar_0/Convolution_Controller_xbar_0_in_context.xdc] for cell 'BD_Wrapper/Convolution_Controller_i/axi_mem_intercon/xbar'
Finished Parsing XDC File [c:/GitHub/ReconHardware/FPGA_Files/Projects/ConvolutionAccel_s/ConvolutionAccel_s.srcs/sources_1/bd/Convolution_Controller/ip/Convolution_Controller_xbar_0/Convolution_Controller_xbar_0/Convolution_Controller_xbar_0_in_context.xdc] for cell 'BD_Wrapper/Convolution_Controller_i/axi_mem_intercon/xbar'
Parsing XDC File [c:/GitHub/ReconHardware/FPGA_Files/Projects/ConvolutionAccel_s/ConvolutionAccel_s.srcs/sources_1/bd/Convolution_Controller/ip/Convolution_Controller_Convolution_Controll_0_bram_0/Convolution_Controller_Convolution_Controll_0_bram_0/Convolution_Controller_Convolution_Controll_0_bram_0_in_context.xdc] for cell 'BD_Wrapper/Convolution_Controller_i/Convolution_Controll_0_bram'
Finished Parsing XDC File [c:/GitHub/ReconHardware/FPGA_Files/Projects/ConvolutionAccel_s/ConvolutionAccel_s.srcs/sources_1/bd/Convolution_Controller/ip/Convolution_Controller_Convolution_Controll_0_bram_0/Convolution_Controller_Convolution_Controll_0_bram_0/Convolution_Controller_Convolution_Controll_0_bram_0_in_context.xdc] for cell 'BD_Wrapper/Convolution_Controller_i/Convolution_Controll_0_bram'
Parsing XDC File [c:/GitHub/ReconHardware/FPGA_Files/Projects/ConvolutionAccel_s/ConvolutionAccel_s.srcs/sources_1/bd/Convolution_Controller/ip/Convolution_Controller_Convolution_Controll_0_bram_0_0/Convolution_Controller_Convolution_Controll_0_bram_0_0/Convolution_Controller_Convolution_Controll_0_bram_0_in_context.xdc] for cell 'BD_Wrapper/Convolution_Controller_i/Convolution_Controll_0_bram_0'
Finished Parsing XDC File [c:/GitHub/ReconHardware/FPGA_Files/Projects/ConvolutionAccel_s/ConvolutionAccel_s.srcs/sources_1/bd/Convolution_Controller/ip/Convolution_Controller_Convolution_Controll_0_bram_0_0/Convolution_Controller_Convolution_Controll_0_bram_0_0/Convolution_Controller_Convolution_Controll_0_bram_0_in_context.xdc] for cell 'BD_Wrapper/Convolution_Controller_i/Convolution_Controll_0_bram_0'
Parsing XDC File [c:/GitHub/ReconHardware/FPGA_Files/Projects/ConvolutionAccel_s/ConvolutionAccel_s.srcs/sources_1/bd/Convolution_Controller/ip/Convolution_Controller_Convolution_Controll_0_bram_1_0/Convolution_Controller_Convolution_Controll_0_bram_1_0/Convolution_Controller_Convolution_Controll_0_bram_0_in_context.xdc] for cell 'BD_Wrapper/Convolution_Controller_i/Convolution_Controll_0_bram_1'
Finished Parsing XDC File [c:/GitHub/ReconHardware/FPGA_Files/Projects/ConvolutionAccel_s/ConvolutionAccel_s.srcs/sources_1/bd/Convolution_Controller/ip/Convolution_Controller_Convolution_Controll_0_bram_1_0/Convolution_Controller_Convolution_Controll_0_bram_1_0/Convolution_Controller_Convolution_Controll_0_bram_0_in_context.xdc] for cell 'BD_Wrapper/Convolution_Controller_i/Convolution_Controll_0_bram_1'
Parsing XDC File [c:/GitHub/ReconHardware/FPGA_Files/Projects/ConvolutionAccel_s/ConvolutionAccel_s.srcs/sources_1/bd/Convolution_Controller/ip/Convolution_Controller_auto_pc_0/Convolution_Controller_auto_pc_0/Convolution_Controller_auto_pc_0_in_context.xdc] for cell 'BD_Wrapper/Convolution_Controller_i/ps7_0_axi_periph/s00_couplers/auto_pc'
Finished Parsing XDC File [c:/GitHub/ReconHardware/FPGA_Files/Projects/ConvolutionAccel_s/ConvolutionAccel_s.srcs/sources_1/bd/Convolution_Controller/ip/Convolution_Controller_auto_pc_0/Convolution_Controller_auto_pc_0/Convolution_Controller_auto_pc_0_in_context.xdc] for cell 'BD_Wrapper/Convolution_Controller_i/ps7_0_axi_periph/s00_couplers/auto_pc'
Parsing XDC File [c:/GitHub/ReconHardware/FPGA_Files/Projects/ConvolutionAccel_s/ConvolutionAccel_s.srcs/sources_1/bd/Convolution_Controller/ip/Convolution_Controller_auto_us_0/Convolution_Controller_auto_us_0/Convolution_Controller_auto_us_0_in_context.xdc] for cell 'BD_Wrapper/Convolution_Controller_i/axi_mem_intercon/s00_couplers/auto_us'
Finished Parsing XDC File [c:/GitHub/ReconHardware/FPGA_Files/Projects/ConvolutionAccel_s/ConvolutionAccel_s.srcs/sources_1/bd/Convolution_Controller/ip/Convolution_Controller_auto_us_0/Convolution_Controller_auto_us_0/Convolution_Controller_auto_us_0_in_context.xdc] for cell 'BD_Wrapper/Convolution_Controller_i/axi_mem_intercon/s00_couplers/auto_us'
Parsing XDC File [c:/GitHub/ReconHardware/FPGA_Files/Projects/ConvolutionAccel_s/ConvolutionAccel_s.srcs/sources_1/bd/Convolution_Controller/ip/Convolution_Controller_auto_us_1/Convolution_Controller_auto_us_1/Convolution_Controller_auto_us_1_in_context.xdc] for cell 'BD_Wrapper/Convolution_Controller_i/axi_mem_intercon/s01_couplers/auto_us'
Finished Parsing XDC File [c:/GitHub/ReconHardware/FPGA_Files/Projects/ConvolutionAccel_s/ConvolutionAccel_s.srcs/sources_1/bd/Convolution_Controller/ip/Convolution_Controller_auto_us_1/Convolution_Controller_auto_us_1/Convolution_Controller_auto_us_1_in_context.xdc] for cell 'BD_Wrapper/Convolution_Controller_i/axi_mem_intercon/s01_couplers/auto_us'
Parsing XDC File [c:/GitHub/ReconHardware/FPGA_Files/Projects/ConvolutionAccel_s/ConvolutionAccel_s.srcs/sources_1/bd/Convolution_Controller/ip/Convolution_Controller_auto_pc_1/Convolution_Controller_auto_pc_1/Convolution_Controller_auto_pc_1_in_context.xdc] for cell 'BD_Wrapper/Convolution_Controller_i/axi_mem_intercon/m00_couplers/auto_pc'
Finished Parsing XDC File [c:/GitHub/ReconHardware/FPGA_Files/Projects/ConvolutionAccel_s/ConvolutionAccel_s.srcs/sources_1/bd/Convolution_Controller/ip/Convolution_Controller_auto_pc_1/Convolution_Controller_auto_pc_1/Convolution_Controller_auto_pc_1_in_context.xdc] for cell 'BD_Wrapper/Convolution_Controller_i/axi_mem_intercon/m00_couplers/auto_pc'
Parsing XDC File [C:/GitHub/ReconHardware/FPGA_Files/Projects/ConvolutionAccel_s/ConvolutionAccel_s.srcs/constrs_1/new/debug.xdc]
WARNING: [Vivado 12-507] No nets matched 'cSum[13]'. [C:/GitHub/ReconHardware/FPGA_Files/Projects/ConvolutionAccel_s/ConvolutionAccel_s.srcs/constrs_1/new/debug.xdc:3]
WARNING: [Vivado 12-507] No nets matched 'cSum[15]'. [C:/GitHub/ReconHardware/FPGA_Files/Projects/ConvolutionAccel_s/ConvolutionAccel_s.srcs/constrs_1/new/debug.xdc:5]
WARNING: [Vivado 12-507] No nets matched 'cSum[9]'. [C:/GitHub/ReconHardware/FPGA_Files/Projects/ConvolutionAccel_s/ConvolutionAccel_s.srcs/constrs_1/new/debug.xdc:9]
WARNING: [Vivado 12-507] No nets matched 'cSum[17]'. [C:/GitHub/ReconHardware/FPGA_Files/Projects/ConvolutionAccel_s/ConvolutionAccel_s.srcs/constrs_1/new/debug.xdc:10]
WARNING: [Vivado 12-507] No nets matched 'cSum[28]'. [C:/GitHub/ReconHardware/FPGA_Files/Projects/ConvolutionAccel_s/ConvolutionAccel_s.srcs/constrs_1/new/debug.xdc:11]
WARNING: [Vivado 12-507] No nets matched 'cSum[19]'. [C:/GitHub/ReconHardware/FPGA_Files/Projects/ConvolutionAccel_s/ConvolutionAccel_s.srcs/constrs_1/new/debug.xdc:12]
WARNING: [Vivado 12-507] No nets matched 'cSum[20]'. [C:/GitHub/ReconHardware/FPGA_Files/Projects/ConvolutionAccel_s/ConvolutionAccel_s.srcs/constrs_1/new/debug.xdc:13]
WARNING: [Vivado 12-507] No nets matched 'cSum[23]'. [C:/GitHub/ReconHardware/FPGA_Files/Projects/ConvolutionAccel_s/ConvolutionAccel_s.srcs/constrs_1/new/debug.xdc:14]
WARNING: [Vivado 12-507] No nets matched 'cSum[14]'. [C:/GitHub/ReconHardware/FPGA_Files/Projects/ConvolutionAccel_s/ConvolutionAccel_s.srcs/constrs_1/new/debug.xdc:15]
WARNING: [Vivado 12-507] No nets matched 'cSum[8]'. [C:/GitHub/ReconHardware/FPGA_Files/Projects/ConvolutionAccel_s/ConvolutionAccel_s.srcs/constrs_1/new/debug.xdc:18]
WARNING: [Vivado 12-507] No nets matched 'cSum[18]'. [C:/GitHub/ReconHardware/FPGA_Files/Projects/ConvolutionAccel_s/ConvolutionAccel_s.srcs/constrs_1/new/debug.xdc:19]
WARNING: [Vivado 12-507] No nets matched 'cSum[21]'. [C:/GitHub/ReconHardware/FPGA_Files/Projects/ConvolutionAccel_s/ConvolutionAccel_s.srcs/constrs_1/new/debug.xdc:20]
WARNING: [Vivado 12-507] No nets matched 'cSum[22]'. [C:/GitHub/ReconHardware/FPGA_Files/Projects/ConvolutionAccel_s/ConvolutionAccel_s.srcs/constrs_1/new/debug.xdc:21]
WARNING: [Vivado 12-507] No nets matched 'cSum[31]'. [C:/GitHub/ReconHardware/FPGA_Files/Projects/ConvolutionAccel_s/ConvolutionAccel_s.srcs/constrs_1/new/debug.xdc:22]
WARNING: [Vivado 12-507] No nets matched 'cSum[24]'. [C:/GitHub/ReconHardware/FPGA_Files/Projects/ConvolutionAccel_s/ConvolutionAccel_s.srcs/constrs_1/new/debug.xdc:23]
WARNING: [Vivado 12-507] No nets matched 'cSum[27]'. [C:/GitHub/ReconHardware/FPGA_Files/Projects/ConvolutionAccel_s/ConvolutionAccel_s.srcs/constrs_1/new/debug.xdc:24]
WARNING: [Vivado 12-507] No nets matched 'cSum[29]'. [C:/GitHub/ReconHardware/FPGA_Files/Projects/ConvolutionAccel_s/ConvolutionAccel_s.srcs/constrs_1/new/debug.xdc:25]
WARNING: [Vivado 12-507] No nets matched 'cSum[10]'. [C:/GitHub/ReconHardware/FPGA_Files/Projects/ConvolutionAccel_s/ConvolutionAccel_s.srcs/constrs_1/new/debug.xdc:27]
WARNING: [Vivado 12-507] No nets matched 'cSum[11]'. [C:/GitHub/ReconHardware/FPGA_Files/Projects/ConvolutionAccel_s/ConvolutionAccel_s.srcs/constrs_1/new/debug.xdc:28]
WARNING: [Vivado 12-507] No nets matched 'cSum[12]'. [C:/GitHub/ReconHardware/FPGA_Files/Projects/ConvolutionAccel_s/ConvolutionAccel_s.srcs/constrs_1/new/debug.xdc:29]
WARNING: [Vivado 12-507] No nets matched 'cSum[16]'. [C:/GitHub/ReconHardware/FPGA_Files/Projects/ConvolutionAccel_s/ConvolutionAccel_s.srcs/constrs_1/new/debug.xdc:30]
WARNING: [Vivado 12-507] No nets matched 'cSum[25]'. [C:/GitHub/ReconHardware/FPGA_Files/Projects/ConvolutionAccel_s/ConvolutionAccel_s.srcs/constrs_1/new/debug.xdc:31]
WARNING: [Vivado 12-507] No nets matched 'cSum[26]'. [C:/GitHub/ReconHardware/FPGA_Files/Projects/ConvolutionAccel_s/ConvolutionAccel_s.srcs/constrs_1/new/debug.xdc:32]
WARNING: [Vivado 12-507] No nets matched 'cSum[30]'. [C:/GitHub/ReconHardware/FPGA_Files/Projects/ConvolutionAccel_s/ConvolutionAccel_s.srcs/constrs_1/new/debug.xdc:33]
WARNING: [Vivado 12-507] No nets matched 'Convolution_Processor/genblk1[0].inputMulti/MULTIPLIER_INPUT_0[26]'. [C:/GitHub/ReconHardware/FPGA_Files/Projects/ConvolutionAccel_s/ConvolutionAccel_s.srcs/constrs_1/new/debug.xdc:112]
WARNING: [Vivado 12-507] No nets matched 'Convolution_Processor/genblk1[0].inputMulti/MULTIPLICAND_INPUT_0[4]'. [C:/GitHub/ReconHardware/FPGA_Files/Projects/ConvolutionAccel_s/ConvolutionAccel_s.srcs/constrs_1/new/debug.xdc:113]
WARNING: [Vivado 12-507] No nets matched 'Convolution_Processor/genblk1[0].inputMulti/MULTIPLIER_INPUT_0[3]'. [C:/GitHub/ReconHardware/FPGA_Files/Projects/ConvolutionAccel_s/ConvolutionAccel_s.srcs/constrs_1/new/debug.xdc:114]
WARNING: [Vivado 12-507] No nets matched 'Convolution_Processor/genblk1[0].inputMulti/MULTIPLIER_INPUT_0[4]'. [C:/GitHub/ReconHardware/FPGA_Files/Projects/ConvolutionAccel_s/ConvolutionAccel_s.srcs/constrs_1/new/debug.xdc:115]
WARNING: [Vivado 12-507] No nets matched 'Convolution_Processor/genblk1[0].inputMulti/MULTIPLIER_INPUT_0[9]'. [C:/GitHub/ReconHardware/FPGA_Files/Projects/ConvolutionAccel_s/ConvolutionAccel_s.srcs/constrs_1/new/debug.xdc:116]
WARNING: [Vivado 12-507] No nets matched 'Convolution_Processor/genblk1[0].inputMulti/MULTIPLIER_INPUT_0[19]'. [C:/GitHub/ReconHardware/FPGA_Files/Projects/ConvolutionAccel_s/ConvolutionAccel_s.srcs/constrs_1/new/debug.xdc:117]
WARNING: [Vivado 12-507] No nets matched 'Convolution_Processor/genblk1[0].inputMulti/xbar_input[0]'. [C:/GitHub/ReconHardware/FPGA_Files/Projects/ConvolutionAccel_s/ConvolutionAccel_s.srcs/constrs_1/new/debug.xdc:118]
WARNING: [Vivado 12-507] No nets matched 'Convolution_Processor/genblk1[0].inputMulti/xbar_input[4]'. [C:/GitHub/ReconHardware/FPGA_Files/Projects/ConvolutionAccel_s/ConvolutionAccel_s.srcs/constrs_1/new/debug.xdc:119]
WARNING: [Vivado 12-507] No nets matched 'Convolution_Processor/genblk1[0].inputMulti/xbar_input[5]'. [C:/GitHub/ReconHardware/FPGA_Files/Projects/ConvolutionAccel_s/ConvolutionAccel_s.srcs/constrs_1/new/debug.xdc:120]
WARNING: [Vivado 12-507] No nets matched 'Convolution_Processor/genblk1[0].inputMulti/MULTIPLICAND_INPUT_0[11]'. [C:/GitHub/ReconHardware/FPGA_Files/Projects/ConvolutionAccel_s/ConvolutionAccel_s.srcs/constrs_1/new/debug.xdc:121]
WARNING: [Vivado 12-507] No nets matched 'Convolution_Processor/genblk1[0].inputMulti/MULTIPLICAND_INPUT_0[1]'. [C:/GitHub/ReconHardware/FPGA_Files/Projects/ConvolutionAccel_s/ConvolutionAccel_s.srcs/constrs_1/new/debug.xdc:122]
WARNING: [Vivado 12-507] No nets matched 'Convolution_Processor/genblk1[0].inputMulti/MULTIPLICAND_INPUT_0[15]'. [C:/GitHub/ReconHardware/FPGA_Files/Projects/ConvolutionAccel_s/ConvolutionAccel_s.srcs/constrs_1/new/debug.xdc:123]
WARNING: [Vivado 12-507] No nets matched 'Convolution_Processor/genblk1[0].inputMulti/MULTIPLICAND_INPUT_0[5]'. [C:/GitHub/ReconHardware/FPGA_Files/Projects/ConvolutionAccel_s/ConvolutionAccel_s.srcs/constrs_1/new/debug.xdc:124]
WARNING: [Vivado 12-507] No nets matched 'Convolution_Processor/genblk1[0].inputMulti/MULTIPLIER_INPUT_0[6]'. [C:/GitHub/ReconHardware/FPGA_Files/Projects/ConvolutionAccel_s/ConvolutionAccel_s.srcs/constrs_1/new/debug.xdc:125]
WARNING: [Vivado 12-507] No nets matched 'Convolution_Processor/genblk1[0].inputMulti/xbar_input[7]'. [C:/GitHub/ReconHardware/FPGA_Files/Projects/ConvolutionAccel_s/ConvolutionAccel_s.srcs/constrs_1/new/debug.xdc:126]
WARNING: [Vivado 12-507] No nets matched 'Convolution_Processor/genblk1[0].inputMulti/xbar_input[18]'. [C:/GitHub/ReconHardware/FPGA_Files/Projects/ConvolutionAccel_s/ConvolutionAccel_s.srcs/constrs_1/new/debug.xdc:127]
WARNING: [Vivado 12-507] No nets matched 'Convolution_Processor/genblk1[0].inputMulti/xbar_input[3]'. [C:/GitHub/ReconHardware/FPGA_Files/Projects/ConvolutionAccel_s/ConvolutionAccel_s.srcs/constrs_1/new/debug.xdc:128]
WARNING: [Vivado 12-507] No nets matched 'Convolution_Processor/genblk1[0].inputMulti/xbar_input[11]'. [C:/GitHub/ReconHardware/FPGA_Files/Projects/ConvolutionAccel_s/ConvolutionAccel_s.srcs/constrs_1/new/debug.xdc:129]
WARNING: [Vivado 12-507] No nets matched 'Convolution_Processor/genblk1[0].inputMulti/xbar_input[13]'. [C:/GitHub/ReconHardware/FPGA_Files/Projects/ConvolutionAccel_s/ConvolutionAccel_s.srcs/constrs_1/new/debug.xdc:130]
WARNING: [Vivado 12-507] No nets matched 'Convolution_Processor/genblk1[0].inputMulti/MULTIPLIER_INPUT_0[10]'. [C:/GitHub/ReconHardware/FPGA_Files/Projects/ConvolutionAccel_s/ConvolutionAccel_s.srcs/constrs_1/new/debug.xdc:131]
WARNING: [Vivado 12-507] No nets matched 'Convolution_Processor/genblk1[0].inputMulti/xbar_input[2]'. [C:/GitHub/ReconHardware/FPGA_Files/Projects/ConvolutionAccel_s/ConvolutionAccel_s.srcs/constrs_1/new/debug.xdc:132]
WARNING: [Vivado 12-507] No nets matched 'Convolution_Processor/genblk1[0].inputMulti/MULTIPLICAND_INPUT_0[13]'. [C:/GitHub/ReconHardware/FPGA_Files/Projects/ConvolutionAccel_s/ConvolutionAccel_s.srcs/constrs_1/new/debug.xdc:133]
WARNING: [Vivado 12-507] No nets matched 'Convolution_Processor/genblk1[0].inputMulti/MULTIPLICAND_INPUT_0[14]'. [C:/GitHub/ReconHardware/FPGA_Files/Projects/ConvolutionAccel_s/ConvolutionAccel_s.srcs/constrs_1/new/debug.xdc:134]
WARNING: [Vivado 12-507] No nets matched 'Convolution_Processor/genblk1[0].inputMulti/MULTIPLICAND_INPUT_0[23]'. [C:/GitHub/ReconHardware/FPGA_Files/Projects/ConvolutionAccel_s/ConvolutionAccel_s.srcs/constrs_1/new/debug.xdc:135]
WARNING: [Vivado 12-507] No nets matched 'Convolution_Processor/genblk1[0].inputMulti/MULTIPLICAND_INPUT_0[22]'. [C:/GitHub/ReconHardware/FPGA_Files/Projects/ConvolutionAccel_s/ConvolutionAccel_s.srcs/constrs_1/new/debug.xdc:136]
WARNING: [Vivado 12-507] No nets matched 'Convolution_Processor/genblk1[0].inputMulti/MULTIPLICAND_INPUT_0[19]'. [C:/GitHub/ReconHardware/FPGA_Files/Projects/ConvolutionAccel_s/ConvolutionAccel_s.srcs/constrs_1/new/debug.xdc:137]
WARNING: [Vivado 12-507] No nets matched 'Convolution_Processor/genblk1[0].inputMulti/MULTIPLICAND_INPUT_0[18]'. [C:/GitHub/ReconHardware/FPGA_Files/Projects/ConvolutionAccel_s/ConvolutionAccel_s.srcs/constrs_1/new/debug.xdc:138]
WARNING: [Vivado 12-507] No nets matched 'Convolution_Processor/genblk1[0].inputMulti/MULTIPLICAND_INPUT_0[24]'. [C:/GitHub/ReconHardware/FPGA_Files/Projects/ConvolutionAccel_s/ConvolutionAccel_s.srcs/constrs_1/new/debug.xdc:139]
WARNING: [Vivado 12-507] No nets matched 'Convolution_Processor/genblk1[0].inputMulti/MULTIPLIER_INPUT_0[21]'. [C:/GitHub/ReconHardware/FPGA_Files/Projects/ConvolutionAccel_s/ConvolutionAccel_s.srcs/constrs_1/new/debug.xdc:140]
WARNING: [Vivado 12-507] No nets matched 'Convolution_Processor/genblk1[0].inputMulti/MULTIPLIER_INPUT_0[29]'. [C:/GitHub/ReconHardware/FPGA_Files/Projects/ConvolutionAccel_s/ConvolutionAccel_s.srcs/constrs_1/new/debug.xdc:141]
WARNING: [Vivado 12-507] No nets matched 'Convolution_Processor/genblk1[0].inputMulti/xbar_input[10]'. [C:/GitHub/ReconHardware/FPGA_Files/Projects/ConvolutionAccel_s/ConvolutionAccel_s.srcs/constrs_1/new/debug.xdc:142]
WARNING: [Vivado 12-507] No nets matched 'Convolution_Processor/genblk1[0].inputMulti/xbar_input[24]'. [C:/GitHub/ReconHardware/FPGA_Files/Projects/ConvolutionAccel_s/ConvolutionAccel_s.srcs/constrs_1/new/debug.xdc:143]
WARNING: [Vivado 12-507] No nets matched 'Convolution_Processor/genblk1[0].inputMulti/xbar_input[31]'. [C:/GitHub/ReconHardware/FPGA_Files/Projects/ConvolutionAccel_s/ConvolutionAccel_s.srcs/constrs_1/new/debug.xdc:144]
WARNING: [Vivado 12-507] No nets matched 'Convolution_Processor/genblk1[0].inputMulti/xbar_input[15]'. [C:/GitHub/ReconHardware/FPGA_Files/Projects/ConvolutionAccel_s/ConvolutionAccel_s.srcs/constrs_1/new/debug.xdc:145]
WARNING: [Vivado 12-507] No nets matched 'Convolution_Processor/genblk1[0].inputMulti/xbar_input[21]'. [C:/GitHub/ReconHardware/FPGA_Files/Projects/ConvolutionAccel_s/ConvolutionAccel_s.srcs/constrs_1/new/debug.xdc:146]
WARNING: [Vivado 12-507] No nets matched 'Convolution_Processor/genblk1[0].inputMulti/MULTIPLICAND_INPUT_0[3]'. [C:/GitHub/ReconHardware/FPGA_Files/Projects/ConvolutionAccel_s/ConvolutionAccel_s.srcs/constrs_1/new/debug.xdc:147]
WARNING: [Vivado 12-507] No nets matched 'Convolution_Processor/genblk1[0].inputMulti/MULTIPLICAND_INPUT_0[0]'. [C:/GitHub/ReconHardware/FPGA_Files/Projects/ConvolutionAccel_s/ConvolutionAccel_s.srcs/constrs_1/new/debug.xdc:148]
WARNING: [Vivado 12-507] No nets matched 'Convolution_Processor/genblk1[0].inputMulti/MULTIPLICAND_INPUT_0[30]'. [C:/GitHub/ReconHardware/FPGA_Files/Projects/ConvolutionAccel_s/ConvolutionAccel_s.srcs/constrs_1/new/debug.xdc:149]
WARNING: [Vivado 12-507] No nets matched 'Convolution_Processor/genblk1[0].inputMulti/MULTIPLIER_INPUT_0[7]'. [C:/GitHub/ReconHardware/FPGA_Files/Projects/ConvolutionAccel_s/ConvolutionAccel_s.srcs/constrs_1/new/debug.xdc:150]
WARNING: [Vivado 12-507] No nets matched 'Convolution_Processor/genblk1[0].inputMulti/MULTIPLIER_INPUT_0[25]'. [C:/GitHub/ReconHardware/FPGA_Files/Projects/ConvolutionAccel_s/ConvolutionAccel_s.srcs/constrs_1/new/debug.xdc:151]
WARNING: [Vivado 12-507] No nets matched 'Convolution_Processor/genblk1[0].inputMulti/xbar_input[22]'. [C:/GitHub/ReconHardware/FPGA_Files/Projects/ConvolutionAccel_s/ConvolutionAccel_s.srcs/constrs_1/new/debug.xdc:152]
WARNING: [Vivado 12-507] No nets matched 'Convolution_Processor/genblk1[0].inputMulti/xbar_input[23]'. [C:/GitHub/ReconHardware/FPGA_Files/Projects/ConvolutionAccel_s/ConvolutionAccel_s.srcs/constrs_1/new/debug.xdc:153]
WARNING: [Vivado 12-507] No nets matched 'Convolution_Processor/genblk1[0].inputMulti/xbar_input[30]'. [C:/GitHub/ReconHardware/FPGA_Files/Projects/ConvolutionAccel_s/ConvolutionAccel_s.srcs/constrs_1/new/debug.xdc:154]
WARNING: [Vivado 12-507] No nets matched 'Convolution_Processor/genblk1[0].inputMulti/MULTIPLIER_INPUT_0[18]'. [C:/GitHub/ReconHardware/FPGA_Files/Projects/ConvolutionAccel_s/ConvolutionAccel_s.srcs/constrs_1/new/debug.xdc:155]
WARNING: [Vivado 12-507] No nets matched 'Convolution_Processor/genblk1[0].inputMulti/xbar_input[8]'. [C:/GitHub/ReconHardware/FPGA_Files/Projects/ConvolutionAccel_s/ConvolutionAccel_s.srcs/constrs_1/new/debug.xdc:156]
WARNING: [Vivado 12-507] No nets matched 'Convolution_Processor/genblk1[0].inputMulti/MULTIPLIER_INPUT_0[22]'. [C:/GitHub/ReconHardware/FPGA_Files/Projects/ConvolutionAccel_s/ConvolutionAccel_s.srcs/constrs_1/new/debug.xdc:157]
WARNING: [Vivado 12-507] No nets matched 'Convolution_Processor/genblk1[0].inputMulti/MULTIPLICAND_INPUT_0[16]'. [C:/GitHub/ReconHardware/FPGA_Files/Projects/ConvolutionAccel_s/ConvolutionAccel_s.srcs/constrs_1/new/debug.xdc:158]
WARNING: [Vivado 12-507] No nets matched 'Convolution_Processor/genblk1[0].inputMulti/MULTIPLIER_INPUT_0[0]'. [C:/GitHub/ReconHardware/FPGA_Files/Projects/ConvolutionAccel_s/ConvolutionAccel_s.srcs/constrs_1/new/debug.xdc:159]
WARNING: [Vivado 12-507] No nets matched 'Convolution_Processor/genblk1[0].inputMulti/MULTIPLICAND_INPUT_0[17]'. [C:/GitHub/ReconHardware/FPGA_Files/Projects/ConvolutionAccel_s/ConvolutionAccel_s.srcs/constrs_1/new/debug.xdc:160]
WARNING: [Vivado 12-507] No nets matched 'Convolution_Processor/genblk1[0].inputMulti/MULTIPLICAND_INPUT_0[28]'. [C:/GitHub/ReconHardware/FPGA_Files/Projects/ConvolutionAccel_s/ConvolutionAccel_s.srcs/constrs_1/new/debug.xdc:161]
WARNING: [Vivado 12-507] No nets matched 'Convolution_Processor/genblk1[0].inputMulti/MULTIPLICAND_INPUT_0[10]'. [C:/GitHub/ReconHardware/FPGA_Files/Projects/ConvolutionAccel_s/ConvolutionAccel_s.srcs/constrs_1/new/debug.xdc:162]
WARNING: [Vivado 12-507] No nets matched 'Convolution_Processor/genblk1[0].inputMulti/MULTIPLICAND_INPUT_0[2]'. [C:/GitHub/ReconHardware/FPGA_Files/Projects/ConvolutionAccel_s/ConvolutionAccel_s.srcs/constrs_1/new/debug.xdc:163]
WARNING: [Vivado 12-507] No nets matched 'Convolution_Processor/genblk1[0].inputMulti/MULTIPLIER_INPUT_0[1]'. [C:/GitHub/ReconHardware/FPGA_Files/Projects/ConvolutionAccel_s/ConvolutionAccel_s.srcs/constrs_1/new/debug.xdc:164]
WARNING: [Vivado 12-507] No nets matched 'Convolution_Processor/genblk1[0].inputMulti/MULTIPLICAND_INPUT_0[8]'. [C:/GitHub/ReconHardware/FPGA_Files/Projects/ConvolutionAccel_s/ConvolutionAccel_s.srcs/constrs_1/new/debug.xdc:165]
WARNING: [Vivado 12-507] No nets matched 'Convolution_Processor/genblk1[0].inputMulti/MULTIPLIER_INPUT_0[15]'. [C:/GitHub/ReconHardware/FPGA_Files/Projects/ConvolutionAccel_s/ConvolutionAccel_s.srcs/constrs_1/new/debug.xdc:166]
WARNING: [Vivado 12-507] No nets matched 'Convolution_Processor/genblk1[0].inputMulti/MULTIPLIER_INPUT_0[23]'. [C:/GitHub/ReconHardware/FPGA_Files/Projects/ConvolutionAccel_s/ConvolutionAccel_s.srcs/constrs_1/new/debug.xdc:167]
WARNING: [Vivado 12-507] No nets matched 'Convolution_Processor/genblk1[0].inputMulti/xbar_input[17]'. [C:/GitHub/ReconHardware/FPGA_Files/Projects/ConvolutionAccel_s/ConvolutionAccel_s.srcs/constrs_1/new/debug.xdc:168]
WARNING: [Vivado 12-507] No nets matched 'Convolution_Processor/genblk1[0].inputMulti/xbar_input[26]'. [C:/GitHub/ReconHardware/FPGA_Files/Projects/ConvolutionAccel_s/ConvolutionAccel_s.srcs/constrs_1/new/debug.xdc:169]
WARNING: [Vivado 12-507] No nets matched 'Convolution_Processor/genblk1[0].inputMulti/MULTIPLICAND_INPUT_0[27]'. [C:/GitHub/ReconHardware/FPGA_Files/Projects/ConvolutionAccel_s/ConvolutionAccel_s.srcs/constrs_1/new/debug.xdc:170]
WARNING: [Vivado 12-507] No nets matched 'Convolution_Processor/genblk1[0].inputMulti/MULTIPLIER_INPUT_0[14]'. [C:/GitHub/ReconHardware/FPGA_Files/Projects/ConvolutionAccel_s/ConvolutionAccel_s.srcs/constrs_1/new/debug.xdc:171]
WARNING: [Vivado 12-507] No nets matched 'Convolution_Processor/genblk1[0].inputMulti/MULTIPLIER_INPUT_0[24]'. [C:/GitHub/ReconHardware/FPGA_Files/Projects/ConvolutionAccel_s/ConvolutionAccel_s.srcs/constrs_1/new/debug.xdc:172]
WARNING: [Vivado 12-507] No nets matched 'Convolution_Processor/genblk1[0].inputMulti/xbar_input[29]'. [C:/GitHub/ReconHardware/FPGA_Files/Projects/ConvolutionAccel_s/ConvolutionAccel_s.srcs/constrs_1/new/debug.xdc:173]
WARNING: [Vivado 12-507] No nets matched 'Convolution_Processor/genblk1[0].inputMulti/MULTIPLIER_INPUT_0[13]'. [C:/GitHub/ReconHardware/FPGA_Files/Projects/ConvolutionAccel_s/ConvolutionAccel_s.srcs/constrs_1/new/debug.xdc:174]
WARNING: [Vivado 12-507] No nets matched 'Convolution_Processor/genblk1[0].inputMulti/MULTIPLICAND_INPUT_0[7]'. [C:/GitHub/ReconHardware/FPGA_Files/Projects/ConvolutionAccel_s/ConvolutionAccel_s.srcs/constrs_1/new/debug.xdc:175]
WARNING: [Vivado 12-507] No nets matched 'Convolution_Processor/genblk1[0].inputMulti/MULTIPLIER_INPUT_0[5]'. [C:/GitHub/ReconHardware/FPGA_Files/Projects/ConvolutionAccel_s/ConvolutionAccel_s.srcs/constrs_1/new/debug.xdc:176]
WARNING: [Vivado 12-507] No nets matched 'Convolution_Processor/genblk1[0].inputMulti/MULTIPLICAND_INPUT_0[12]'. [C:/GitHub/ReconHardware/FPGA_Files/Projects/ConvolutionAccel_s/ConvolutionAccel_s.srcs/constrs_1/new/debug.xdc:177]
WARNING: [Vivado 12-507] No nets matched 'Convolution_Processor/genblk1[0].inputMulti/MULTIPLIER_INPUT_0[28]'. [C:/GitHub/ReconHardware/FPGA_Files/Projects/ConvolutionAccel_s/ConvolutionAccel_s.srcs/constrs_1/new/debug.xdc:178]
WARNING: [Vivado 12-507] No nets matched 'Convolution_Processor/genblk1[0].inputMulti/MULTIPLIER_INPUT_0[30]'. [C:/GitHub/ReconHardware/FPGA_Files/Projects/ConvolutionAccel_s/ConvolutionAccel_s.srcs/constrs_1/new/debug.xdc:179]
WARNING: [Vivado 12-507] No nets matched 'Convolution_Processor/genblk1[0].inputMulti/MULTIPLIER_INPUT_0[31]'. [C:/GitHub/ReconHardware/FPGA_Files/Projects/ConvolutionAccel_s/ConvolutionAccel_s.srcs/constrs_1/new/debug.xdc:180]
WARNING: [Vivado 12-507] No nets matched 'Convolution_Processor/genblk1[0].inputMulti/xbar_input[1]'. [C:/GitHub/ReconHardware/FPGA_Files/Projects/ConvolutionAccel_s/ConvolutionAccel_s.srcs/constrs_1/new/debug.xdc:181]
WARNING: [Vivado 12-507] No nets matched 'Convolution_Processor/genblk1[0].inputMulti/xbar_input[6]'. [C:/GitHub/ReconHardware/FPGA_Files/Projects/ConvolutionAccel_s/ConvolutionAccel_s.srcs/constrs_1/new/debug.xdc:182]
WARNING: [Vivado 12-507] No nets matched 'Convolution_Processor/genblk1[0].inputMulti/xbar_input[19]'. [C:/GitHub/ReconHardware/FPGA_Files/Projects/ConvolutionAccel_s/ConvolutionAccel_s.srcs/constrs_1/new/debug.xdc:183]
WARNING: [Vivado 12-507] No nets matched 'Convolution_Processor/genblk1[0].inputMulti/MULTIPLICAND_INPUT_0[20]'. [C:/GitHub/ReconHardware/FPGA_Files/Projects/ConvolutionAccel_s/ConvolutionAccel_s.srcs/constrs_1/new/debug.xdc:184]
WARNING: [Vivado 12-507] No nets matched 'Convolution_Processor/genblk1[0].inputMulti/MULTIPLICAND_INPUT_0[6]'. [C:/GitHub/ReconHardware/FPGA_Files/Projects/ConvolutionAccel_s/ConvolutionAccel_s.srcs/constrs_1/new/debug.xdc:185]
WARNING: [Vivado 12-507] No nets matched 'Convolution_Processor/genblk1[0].inputMulti/MULTIPLIER_INPUT_0[16]'. [C:/GitHub/ReconHardware/FPGA_Files/Projects/ConvolutionAccel_s/ConvolutionAccel_s.srcs/constrs_1/new/debug.xdc:186]
WARNING: [Vivado 12-507] No nets matched 'Convolution_Processor/genblk1[0].inputMulti/xbar_input[20]'. [C:/GitHub/ReconHardware/FPGA_Files/Projects/ConvolutionAccel_s/ConvolutionAccel_s.srcs/constrs_1/new/debug.xdc:187]
INFO: [Common 17-14] Message 'Vivado 12-507' appears 100 times and further instances of the messages will be disabled. Use the Tcl command set_msg_config to change the current settings. [C:/GitHub/ReconHardware/FPGA_Files/Projects/ConvolutionAccel_s/ConvolutionAccel_s.srcs/constrs_1/new/debug.xdc:187]
Finished Parsing XDC File [C:/GitHub/ReconHardware/FPGA_Files/Projects/ConvolutionAccel_s/ConvolutionAccel_s.srcs/constrs_1/new/debug.xdc]
WARNING: [Project 1-498] One or more constraints failed evaluation while reading constraint file [C:/GitHub/ReconHardware/FPGA_Files/Projects/ConvolutionAccel_s/ConvolutionAccel_s.srcs/constrs_1/new/debug.xdc] and the design contains unresolved black boxes. These constraints will be read post-synthesis (as long as their source constraint file is marked as used_in_implementation) and should be applied correctly then. You should review the constraints listed in the file [.Xil/CPE_Wrapper_propImpl.xdc] and check the run log file to verify that these constraints were correctly applied.
INFO: [Project 1-236] Implementation specific constraints were found while reading constraint file [C:/GitHub/ReconHardware/FPGA_Files/Projects/ConvolutionAccel_s/ConvolutionAccel_s.srcs/constrs_1/new/debug.xdc]. These constraints will be ignored for synthesis but will be used in implementation. Impacted constraints are listed in the file [.Xil/CPE_Wrapper_propImpl.xdc].
Resolution: To avoid this warning, move constraints listed in [.Xil/CPE_Wrapper_propImpl.xdc] to another XDC file and exclude this new file from synthesis with the used_in_synthesis property (File Properties dialog in GUI) and re-run elaboration/synthesis.
Parsing XDC File [C:/GitHub/ReconHardware/FPGA_Files/Projects/ConvolutionAccel_s/ConvolutionAccel_s.runs/synth_1/dont_touch.xdc]
Finished Parsing XDC File [C:/GitHub/ReconHardware/FPGA_Files/Projects/ConvolutionAccel_s/ConvolutionAccel_s.runs/synth_1/dont_touch.xdc]
Completed Processing XDC Constraints

Netlist sorting complete. Time (s): cpu = 00:00:00 ; elapsed = 00:00:00.001 . Memory (MB): peak = 1338.504 ; gain = 0.000
INFO: [Project 1-111] Unisim Transformation Summary:
No Unisim elements were transformed.

Constraint Validation Runtime : Time (s): cpu = 00:00:00 ; elapsed = 00:00:00.015 . Memory (MB): peak = 1338.504 ; gain = 0.000
WARNING: [Timing 38-316] Clock period '20.000' specified during out-of-context synthesis of instance 'BD_Wrapper/Convolution_Controller_i/Convolution_Controll_0_bram' at clock pin 'clka' is different from the actual clock period '10.000', this can lead to different synthesis results.
WARNING: [Timing 38-316] Clock period '20.000' specified during out-of-context synthesis of instance 'BD_Wrapper/Convolution_Controller_i/Convolution_Controll_0_bram_0' at clock pin 'clka' is different from the actual clock period '10.000', this can lead to different synthesis results.
WARNING: [Timing 38-316] Clock period '20.000' specified during out-of-context synthesis of instance 'BD_Wrapper/Convolution_Controller_i/Convolution_Controll_0_bram_1' at clock pin 'clka' is different from the actual clock period '10.000', this can lead to different synthesis results.
---------------------------------------------------------------------------------
Finished Constraint Validation : Time (s): cpu = 00:00:10 ; elapsed = 00:00:11 . Memory (MB): peak = 1338.504 ; gain = 258.590
---------------------------------------------------------------------------------
---------------------------------------------------------------------------------
Start Loading Part and Timing Information
---------------------------------------------------------------------------------
Loading part: xc7z020clg400-1
---------------------------------------------------------------------------------
Finished Loading Part and Timing Information : Time (s): cpu = 00:00:10 ; elapsed = 00:00:11 . Memory (MB): peak = 1338.504 ; gain = 258.590
---------------------------------------------------------------------------------
---------------------------------------------------------------------------------
Start Applying 'set_property' XDC Constraints
---------------------------------------------------------------------------------
Applied set_property MARK_DEBUG = true for cSum[1]. (constraint file  C:/GitHub/ReconHardware/FPGA_Files/Projects/ConvolutionAccel_s/ConvolutionAccel_s.srcs/constrs_1/new/debug.xdc, line 1).
Applied set_property MARK_DEBUG = true for cReady. (constraint file  C:/GitHub/ReconHardware/FPGA_Files/Projects/ConvolutionAccel_s/ConvolutionAccel_s.srcs/constrs_1/new/debug.xdc, line 4).
Applied set_property MARK_DEBUG = true for BD_Wrapper/Convolution_Controller_i/axi_dma_0_M_AXIS_MM2S_TDATA[5]. (constraint file  C:/GitHub/ReconHardware/FPGA_Files/Projects/ConvolutionAccel_s/ConvolutionAccel_s.srcs/constrs_1/new/debug.xdc, line 34).
Applied set_property MARK_DEBUG = true for BD_Wrapper/Convolution_Controller_i/axi_dma_0_M_AXIS_MM2S_TKEEP[1]. (constraint file  C:/GitHub/ReconHardware/FPGA_Files/Projects/ConvolutionAccel_s/ConvolutionAccel_s.srcs/constrs_1/new/debug.xdc, line 40).
Applied set_property MARK_DEBUG = true for BD_Wrapper/Convolution_Controller_i/axi_dma_0_M_AXIS_MM2S_TREADY. (constraint file  C:/GitHub/ReconHardware/FPGA_Files/Projects/ConvolutionAccel_s/ConvolutionAccel_s.srcs/constrs_1/new/debug.xdc, line 41).
Applied set_property MARK_DEBUG = true for BD_Wrapper/Convolution_Controller_i/axi_dma_0_M_AXIS_MM2S_TLAST. (constraint file  C:/GitHub/ReconHardware/FPGA_Files/Projects/ConvolutionAccel_s/ConvolutionAccel_s.srcs/constrs_1/new/debug.xdc, line 54).
Applied set_property MARK_DEBUG = true for BD_Wrapper/Convolution_Controller_i/axi_dma_0_M_AXIS_MM2S_TVALID. (constraint file  C:/GitHub/ReconHardware/FPGA_Files/Projects/ConvolutionAccel_s/ConvolutionAccel_s.srcs/constrs_1/new/debug.xdc, line 55).
Applied set_property MARK_DEBUG = true for BD_Wrapper/Convolution_Controller_i/Convolution_Controll_0_m_axis_DATA_OUT_TREADY. (constraint file  C:/GitHub/ReconHardware/FPGA_Files/Projects/ConvolutionAccel_s/ConvolutionAccel_s.srcs/constrs_1/new/debug.xdc, line 73).
Applied set_property MARK_DEBUG = true for BD_Wrapper/Convolution_Controller_i/Convolution_Controll_0_m_axis_DATA_OUT_TLAST. (constraint file  C:/GitHub/ReconHardware/FPGA_Files/Projects/ConvolutionAccel_s/ConvolutionAccel_s.srcs/constrs_1/new/debug.xdc, line 74).
Applied set_property MARK_DEBUG = true for BD_Wrapper/Convolution_Controller_i/Convolution_Controll_0_m_axis_DATA_OUT_TVALID. (constraint file  C:/GitHub/ReconHardware/FPGA_Files/Projects/ConvolutionAccel_s/ConvolutionAccel_s.srcs/constrs_1/new/debug.xdc, line 75).
Applied set_property MARK_DEBUG = true for BD_Wrapper/Convolution_Controller_i/Convolution_Controll_0_m_axis_DATA_OUT_TDATA[28]. (constraint file  C:/GitHub/ReconHardware/FPGA_Files/Projects/ConvolutionAccel_s/ConvolutionAccel_s.srcs/constrs_1/new/debug.xdc, line 76).
Applied set_property MARK_DEBUG = true for BD_Wrapper/Convolution_Controller_i/Convolution_Controll_0_m_axis_DATA_OUT_TKEEP[0]. (constraint file  C:/GitHub/ReconHardware/FPGA_Files/Projects/ConvolutionAccel_s/ConvolutionAccel_s.srcs/constrs_1/new/debug.xdc, line 81).
Applied set_property DONT_TOUCH = true for BD_Wrapper/Convolution_Controller_i. (constraint file  auto generated constraint, line ).
Applied set_property DONT_TOUCH = true for BD_Wrapper/Convolution_Controller_i/processing_system7_0. (constraint file  auto generated constraint, line ).
Applied set_property DONT_TOUCH = true for BD_Wrapper/Convolution_Controller_i/axi_dma_0. (constraint file  auto generated constraint, line ).
Applied set_property DONT_TOUCH = true for BD_Wrapper/Convolution_Controller_i/ps7_0_axi_periph. (constraint file  auto generated constraint, line ).
Applied set_property DONT_TOUCH = true for BD_Wrapper/Convolution_Controller_i/rst_ps7_0_100M. (constraint file  auto generated constraint, line ).
Applied set_property DONT_TOUCH = true for BD_Wrapper/Convolution_Controller_i/axi_mem_intercon. (constraint file  auto generated constraint, line ).
Applied set_property DONT_TOUCH = true for BD_Wrapper/Convolution_Controller_i/Convolution_Controll_0. (constraint file  auto generated constraint, line ).
Applied set_property DONT_TOUCH = true for BD_Wrapper/Convolution_Controller_i/ps7_0_axi_periph/xbar. (constraint file  auto generated constraint, line ).
Applied set_property DONT_TOUCH = true for BD_Wrapper/Convolution_Controller_i/axi_mem_intercon/xbar. (constraint file  auto generated constraint, line ).
Applied set_property DONT_TOUCH = true for BD_Wrapper/Convolution_Controller_i/Convolution_Controll_0_bram. (constraint file  auto generated constraint, line ).
Applied set_property DONT_TOUCH = true for BD_Wrapper/Convolution_Controller_i/Convolution_Controll_0_bram_0. (constraint file  auto generated constraint, line ).
Applied set_property DONT_TOUCH = true for BD_Wrapper/Convolution_Controller_i/Convolution_Controll_0_bram_1. (constraint file  auto generated constraint, line ).
Applied set_property DONT_TOUCH = true for BD_Wrapper/Convolution_Controller_i/ps7_0_axi_periph/s00_couplers/auto_pc. (constraint file  auto generated constraint, line ).
Applied set_property DONT_TOUCH = true for BD_Wrapper/Convolution_Controller_i/axi_mem_intercon/s00_couplers/auto_us. (constraint file  auto generated constraint, line ).
Applied set_property DONT_TOUCH = true for BD_Wrapper/Convolution_Controller_i/axi_mem_intercon/s01_couplers/auto_us. (constraint file  auto generated constraint, line ).
Applied set_property DONT_TOUCH = true for BD_Wrapper/Convolution_Controller_i/axi_mem_intercon/m00_couplers/auto_pc. (constraint file  auto generated constraint, line ).
---------------------------------------------------------------------------------
Finished applying 'set_property' XDC Constraints : Time (s): cpu = 00:00:10 ; elapsed = 00:00:11 . Memory (MB): peak = 1338.504 ; gain = 258.590
---------------------------------------------------------------------------------
INFO: [Synth 8-6071] Mark debug on the nets applies keep_hierarchy on instance 'axi_dma_0'. This will prevent further optimization [C:/GitHub/ReconHardware/FPGA_Files/Projects/ConvolutionAccel_s/ConvolutionAccel_s.srcs/sources_1/bd/Convolution_Controller/synth/Convolution_Controller.v:398]
INFO: [Synth 8-6071] Mark debug on the nets applies keep_hierarchy on instance 'Convolution_Controll_0'. This will prevent further optimization [C:/GitHub/ReconHardware/FPGA_Files/Projects/ConvolutionAccel_s/ConvolutionAccel_s.srcs/sources_1/bd/Convolution_Controller/synth/Convolution_Controller.v:291]
INFO: [Synth 8-6071] Mark debug on the nets applies keep_hierarchy on instance 'Convolution_Processor'. This will prevent further optimization [C:/GitHub/ReconHardware/FPGA_Files/Sources/General/Convolution_Top_s.v:45]
INFO: [Synth 8-6071] Mark debug on the nets applies keep_hierarchy on instance 'BD_Wrapper'. This will prevent further optimization [C:/GitHub/ReconHardware/FPGA_Files/Sources/General/Convolution_Top_s.v:27]
---------------------------------------------------------------------------------
Finished RTL Optimization Phase 2 : Time (s): cpu = 00:00:12 ; elapsed = 00:00:13 . Memory (MB): peak = 1338.504 ; gain = 258.590
---------------------------------------------------------------------------------
---------------------------------------------------------------------------------
Start RTL Component Statistics 
---------------------------------------------------------------------------------
Detailed RTL Component Info : 
+---Adders : 
	   9 Input   33 Bit       Adders := 1     
+---Registers : 
	                9 Bit    Registers := 9     
	                8 Bit    Registers := 9     
	                1 Bit    Registers := 10    
+---Muxes : 
	   2 Input    9 Bit        Muxes := 19    
	   2 Input    8 Bit        Muxes := 162   
	 128 Input    4 Bit        Muxes := 9     
	   9 Input    1 Bit        Muxes := 10    
	 128 Input    1 Bit        Muxes := 1     
	   2 Input    1 Bit        Muxes := 243   
---------------------------------------------------------------------------------
Finished RTL Component Statistics 
---------------------------------------------------------------------------------
---------------------------------------------------------------------------------
Start Part Resource Summary
---------------------------------------------------------------------------------
Part Resources:
DSPs: 220 (col length:60)
BRAMs: 280 (col length: RAMB18 60 RAMB36 30)
---------------------------------------------------------------------------------
Finished Part Resource Summary
---------------------------------------------------------------------------------
---------------------------------------------------------------------------------
Start Cross Boundary and Area Optimization
---------------------------------------------------------------------------------
---------------------------------------------------------------------------------
Finished Cross Boundary and Area Optimization : Time (s): cpu = 00:00:23 ; elapsed = 00:00:25 . Memory (MB): peak = 1338.504 ; gain = 258.590
---------------------------------------------------------------------------------
---------------------------------------------------------------------------------
Start Applying XDC Timing Constraints
---------------------------------------------------------------------------------
---------------------------------------------------------------------------------
Finished Applying XDC Timing Constraints : Time (s): cpu = 00:00:29 ; elapsed = 00:00:30 . Memory (MB): peak = 1338.504 ; gain = 258.590
---------------------------------------------------------------------------------
---------------------------------------------------------------------------------
Start Timing Optimization
---------------------------------------------------------------------------------
---------------------------------------------------------------------------------
Finished Timing Optimization : Time (s): cpu = 00:00:30 ; elapsed = 00:00:31 . Memory (MB): peak = 1338.504 ; gain = 258.590
---------------------------------------------------------------------------------
---------------------------------------------------------------------------------
Start Technology Mapping
---------------------------------------------------------------------------------
---------------------------------------------------------------------------------
Finished Technology Mapping : Time (s): cpu = 00:00:30 ; elapsed = 00:00:32 . Memory (MB): peak = 1338.504 ; gain = 258.590
---------------------------------------------------------------------------------
---------------------------------------------------------------------------------
Start IO Insertion
---------------------------------------------------------------------------------
---------------------------------------------------------------------------------
Start Flattening Before IO Insertion
---------------------------------------------------------------------------------
---------------------------------------------------------------------------------
Finished Flattening Before IO Insertion
---------------------------------------------------------------------------------
---------------------------------------------------------------------------------
Start Final Netlist Cleanup
---------------------------------------------------------------------------------
---------------------------------------------------------------------------------
Finished Final Netlist Cleanup
---------------------------------------------------------------------------------
WARNING: [Synth 8-3295] tying undriven pin BD_Wrapper:cSum_1[7] to constant 0
WARNING: [Synth 8-3295] tying undriven pin BD_Wrapper:cSum_1[6] to constant 0
WARNING: [Synth 8-3295] tying undriven pin BD_Wrapper:cSum_1[5] to constant 0
WARNING: [Synth 8-3295] tying undriven pin BD_Wrapper:cSum_1[4] to constant 0
WARNING: [Synth 8-3295] tying undriven pin BD_Wrapper:cSum_1[3] to constant 0
WARNING: [Synth 8-3295] tying undriven pin BD_Wrapper:cSum_1[2] to constant 0
WARNING: [Synth 8-3295] tying undriven pin BD_Wrapper:cSum_1[1] to constant 0
WARNING: [Synth 8-3295] tying undriven pin BD_Wrapper:cSum_1[0] to constant 0
WARNING: [Synth 8-3295] tying undriven pin Convolution_Processor:AddressSelect[3] to constant 0
WARNING: [Synth 8-3295] tying undriven pin Convolution_Processor:AddressSelect[2] to constant 0
WARNING: [Synth 8-3295] tying undriven pin Convolution_Processor:AddressSelect[1] to constant 0
WARNING: [Synth 8-3295] tying undriven pin Convolution_Processor:AddressSelect[0] to constant 0
---------------------------------------------------------------------------------
Finished IO Insertion : Time (s): cpu = 00:00:33 ; elapsed = 00:00:35 . Memory (MB): peak = 1338.504 ; gain = 258.590
---------------------------------------------------------------------------------
---------------------------------------------------------------------------------
Start Renaming Generated Instances
---------------------------------------------------------------------------------
---------------------------------------------------------------------------------
Finished Renaming Generated Instances : Time (s): cpu = 00:00:33 ; elapsed = 00:00:35 . Memory (MB): peak = 1338.504 ; gain = 258.590
---------------------------------------------------------------------------------
---------------------------------------------------------------------------------
Start Rebuilding User Hierarchy
---------------------------------------------------------------------------------
---------------------------------------------------------------------------------
Finished Rebuilding User Hierarchy : Time (s): cpu = 00:00:33 ; elapsed = 00:00:35 . Memory (MB): peak = 1338.504 ; gain = 258.590
---------------------------------------------------------------------------------
---------------------------------------------------------------------------------
Start Renaming Generated Ports
---------------------------------------------------------------------------------
---------------------------------------------------------------------------------
Finished Renaming Generated Ports : Time (s): cpu = 00:00:33 ; elapsed = 00:00:35 . Memory (MB): peak = 1338.504 ; gain = 258.590
---------------------------------------------------------------------------------
---------------------------------------------------------------------------------
Start Handling Custom Attributes
---------------------------------------------------------------------------------
---------------------------------------------------------------------------------
Finished Handling Custom Attributes : Time (s): cpu = 00:00:33 ; elapsed = 00:00:35 . Memory (MB): peak = 1338.504 ; gain = 258.590
---------------------------------------------------------------------------------
---------------------------------------------------------------------------------
Start Renaming Generated Nets
---------------------------------------------------------------------------------
---------------------------------------------------------------------------------
Finished Renaming Generated Nets : Time (s): cpu = 00:00:33 ; elapsed = 00:00:35 . Memory (MB): peak = 1338.504 ; gain = 258.590
---------------------------------------------------------------------------------
---------------------------------------------------------------------------------
Start Writing Synthesis Report
---------------------------------------------------------------------------------

Report BlackBoxes: 
+------+-------------------------------------------------------+----------+
|      |BlackBox name                                          |Instances |
+------+-------------------------------------------------------+----------+
|1     |Convolution_Controller_xbar_0                          |         1|
|2     |Convolution_Controller_auto_pc_1                       |         1|
|3     |Convolution_Controller_auto_us_0                       |         1|
|4     |Convolution_Controller_auto_us_1                       |         1|
|5     |Convolution_Controller_xbar_1                          |         1|
|6     |Convolution_Controller_auto_pc_0                       |         1|
|7     |Convolution_Controller_Convolution_Controll_0_0        |         1|
|8     |Convolution_Controller_Convolution_Controll_0_bram_0   |         1|
|9     |Convolution_Controller_Convolution_Controll_0_bram_0_0 |         1|
|10    |Convolution_Controller_Convolution_Controll_0_bram_1_0 |         1|
|11    |Convolution_Controller_axi_dma_0_0                     |         1|
|12    |Convolution_Controller_processing_system7_0_0          |         1|
|13    |Convolution_Controller_rst_ps7_0_100M_0                |         1|
+------+-------------------------------------------------------+----------+

Report Cell Usage: 
+------+-----------------------------------------------------+------+
|      |Cell                                                 |Count |
+------+-----------------------------------------------------+------+
|1     |Convolution_Controller_Convolution_Controll_0        |     1|
|2     |Convolution_Controller_Convolution_Controll_0_bram   |     1|
|3     |Convolution_Controller_Convolution_Controll_0_bram_0 |     1|
|4     |Convolution_Controller_Convolution_Controll_0_bram_1 |     1|
|5     |Convolution_Controller_auto_pc                       |     2|
|7     |Convolution_Controller_auto_us                       |     2|
|9     |Convolution_Controller_axi_dma_0                     |     1|
|10    |Convolution_Controller_processing_system7_0          |     1|
|11    |Convolution_Controller_rst_ps7_0_100M                |     1|
|12    |Convolution_Controller_xbar                          |     2|
|14    |CARRY4                                               |    56|
|15    |LUT1                                                 |    19|
|16    |LUT2                                                 |   127|
|17    |LUT3                                                 |    58|
|18    |LUT4                                                 |    85|
|19    |LUT5                                                 |   146|
|20    |LUT6                                                 |   361|
|21    |MUXF7                                                |     1|
|22    |FDCE                                                 |    81|
|23    |FDRE                                                 |   106|
+------+-----------------------------------------------------+------+
---------------------------------------------------------------------------------
Finished Writing Synthesis Report : Time (s): cpu = 00:00:33 ; elapsed = 00:00:35 . Memory (MB): peak = 1338.504 ; gain = 258.590
---------------------------------------------------------------------------------
Synthesis finished with 0 errors, 0 critical warnings and 12 warnings.
Synthesis Optimization Runtime : Time (s): cpu = 00:00:26 ; elapsed = 00:00:32 . Memory (MB): peak = 1338.504 ; gain = 151.180
Synthesis Optimization Complete : Time (s): cpu = 00:00:33 ; elapsed = 00:00:35 . Memory (MB): peak = 1338.504 ; gain = 258.590
INFO: [Project 1-571] Translating synthesized netlist
Netlist sorting complete. Time (s): cpu = 00:00:00 ; elapsed = 00:00:00.055 . Memory (MB): peak = 1338.504 ; gain = 0.000
INFO: [Netlist 29-17] Analyzing 57 Unisim elements for replacement
INFO: [Netlist 29-28] Unisim Transformation completed in 0 CPU seconds
INFO: [Project 1-570] Preparing netlist for logic optimization
INFO: [Opt 31-138] Pushed 0 inverter(s) to 0 load pin(s).
Netlist sorting complete. Time (s): cpu = 00:00:00 ; elapsed = 00:00:00.001 . Memory (MB): peak = 1338.504 ; gain = 0.000
INFO: [Project 1-111] Unisim Transformation Summary:
No Unisim elements were transformed.

INFO: [Common 17-83] Releasing license: Synthesis
81 Infos, 180 Warnings, 0 Critical Warnings and 0 Errors encountered.
synth_design completed successfully
synth_design: Time (s): cpu = 00:00:39 ; elapsed = 00:00:41 . Memory (MB): peak = 1338.504 ; gain = 258.590
INFO: [Common 17-600] The following parameters have non-default value.
tcl.collectionResultDisplayLimit
INFO: [Common 17-1381] The checkpoint 'C:/GitHub/ReconHardware/FPGA_Files/Projects/ConvolutionAccel_s/ConvolutionAccel_s.runs/synth_1/CPE_Wrapper.dcp' has been generated.
INFO: [runtcl-4] Executing : report_utilization -file CPE_Wrapper_utilization_synth.rpt -pb CPE_Wrapper_utilization_synth.pb
INFO: [Common 17-206] Exiting Vivado at Thu Feb  4 19:51:54 2021...
