
*** Running vivado
    with args -log top_wrap.vdi -applog -m64 -product Vivado -messageDb vivado.pb -mode batch -source top_wrap.tcl -notrace


****** Vivado v2019.2 (64-bit)
  **** SW Build 2708876 on Wed Nov  6 21:40:23 MST 2019
  **** IP Build 2700528 on Thu Nov  7 00:09:20 MST 2019
    ** Copyright 1986-2019 Xilinx, Inc. All Rights Reserved.

source top_wrap.tcl -notrace
Command: link_design -top top_wrap -part xc7z020clg400-1
Design is defaulting to srcset: sources_1
Design is defaulting to constrset: constrs_1
INFO: [Device 21-403] Loading part xc7z020clg400-1
INFO: [Project 1-454] Reading design checkpoint 'C:/Users/monke/Documents/GitHub/ReconHardware/PynqSoftware/Projects/dynamicXBarMulti/dynamicXBarMulti.runs/integer_synth_1/multiplyCompute.dcp' for cell 'mxbar/genblk3[0].m_computeBlock_in/mCompute'
INFO: [Project 1-454] Reading design checkpoint 'C:/Users/monke/Documents/GitHub/ReconHardware/PynqSoftware/Projects/dynamicXBarMulti/dynamicXBarMulti.runs/integer_synth_1/multiplyCompute.dcp' for cell 'mxbar/genblk3[1].m_computeBlock_in/mCompute'
INFO: [Project 1-454] Reading design checkpoint 'C:/Users/monke/Documents/GitHub/ReconHardware/PynqSoftware/Projects/dynamicXBarMulti/dynamicXBarMulti.runs/integer_synth_1/multiplyCompute.dcp' for cell 'mxbar/genblk3[2].m_computeBlock_in/mCompute'
INFO: [Project 1-454] Reading design checkpoint 'C:/Users/monke/Documents/GitHub/ReconHardware/PynqSoftware/Projects/dynamicXBarMulti/dynamicXBarMulti.runs/integer_synth_1/multiplyCompute.dcp' for cell 'mxbar/genblk3[3].m_computeBlock_in/mCompute'
INFO: [Project 1-454] Reading design checkpoint 'C:/Users/monke/Documents/GitHub/ReconHardware/PynqSoftware/Projects/dynamicXBarMulti/dynamicXBarMulti.runs/integer_synth_1/multiplyCompute.dcp' for cell 'mxbar/genblk4[0].m_computeBlock_out/mCompute'
INFO: [Project 1-454] Reading design checkpoint 'C:/Users/monke/Documents/GitHub/ReconHardware/PynqSoftware/Projects/dynamicXBarMulti/dynamicXBarMulti.runs/integer_synth_1/multiplyCompute.dcp' for cell 'mxbar/genblk4[1].m_computeBlock_out/mCompute'
INFO: [Project 1-454] Reading design checkpoint 'C:/Users/monke/Documents/GitHub/ReconHardware/PynqSoftware/Projects/dynamicXBarMulti/dynamicXBarMulti.runs/integer_synth_1/multiplyCompute.dcp' for cell 'mxbar/genblk4[2].m_computeBlock_out/mCompute'
INFO: [Project 1-454] Reading design checkpoint 'C:/Users/monke/Documents/GitHub/ReconHardware/PynqSoftware/Projects/dynamicXBarMulti/dynamicXBarMulti.runs/integer_synth_1/multiplyCompute.dcp' for cell 'mxbar/genblk4[3].m_computeBlock_out/mCompute'
Netlist sorting complete. Time (s): cpu = 00:00:00 ; elapsed = 00:00:00.031 . Memory (MB): peak = 772.738 ; gain = 0.000
INFO: [Netlist 29-17] Analyzing 80 Unisim elements for replacement
INFO: [Netlist 29-28] Unisim Transformation completed in 0 CPU seconds
INFO: [Project 1-479] Netlist was created with Vivado 2019.2
INFO: [Project 1-570] Preparing netlist for logic optimization
Parsing XDC File [C:/Users/monke/Documents/GitHub/ReconHardware/PynqSoftware/Projects/dynamicXBarMulti/dynamicXBarMulti.runs/impl_1/top_wrap_routed_bb/top_wrap_early.xdc]
Finished Parsing XDC File [C:/Users/monke/Documents/GitHub/ReconHardware/PynqSoftware/Projects/dynamicXBarMulti/dynamicXBarMulti.runs/impl_1/top_wrap_routed_bb/top_wrap_early.xdc]
Parsing XDC File [C:/Users/monke/Documents/GitHub/ReconHardware/PynqSoftware/Projects/dynamicXBarMulti/dynamicXBarMulti.runs/impl_1/top_wrap_routed_bb/top_wrap.xdc]
Finished Parsing XDC File [C:/Users/monke/Documents/GitHub/ReconHardware/PynqSoftware/Projects/dynamicXBarMulti/dynamicXBarMulti.runs/impl_1/top_wrap_routed_bb/top_wrap.xdc]
Reading XDEF placement.
Reading placer database...
Reading XDEF routing.
Read XDEF File: Time (s): cpu = 00:00:00 ; elapsed = 00:00:00.226 . Memory (MB): peak = 890.633 ; gain = 0.000
Restored from archive | CPU: 0.000000 secs | Memory: 0.000000 MB |
Finished XDEF File Restore: Time (s): cpu = 00:00:00 ; elapsed = 00:00:00.226 . Memory (MB): peak = 890.633 ; gain = 0.000
INFO: [Opt 31-138] Pushed 0 inverter(s) to 0 load pin(s).
Netlist sorting complete. Time (s): cpu = 00:00:00 ; elapsed = 00:00:00 . Memory (MB): peak = 902.902 ; gain = 0.000
INFO: [Project 1-111] Unisim Transformation Summary:
No Unisim elements were transformed.

15 Infos, 0 Warnings, 0 Critical Warnings and 0 Errors encountered.
link_design completed successfully
link_design: Time (s): cpu = 00:00:05 ; elapsed = 00:00:07 . Memory (MB): peak = 902.902 ; gain = 470.289
Command: opt_design
Attempting to get a license for feature 'Implementation' and/or device 'xc7z020'
INFO: [Common 17-349] Got license for feature 'Implementation' and/or device 'xc7z020'
Running DRC as a precondition to command opt_design

Starting DRC Task
INFO: [DRC 23-27] Running DRC with 2 threads
INFO: [Project 1-461] DRC finished with 0 Errors
INFO: [Project 1-462] Please refer to the DRC report (report_drc) for more information.

Time (s): cpu = 00:00:01 ; elapsed = 00:00:00.450 . Memory (MB): peak = 926.867 ; gain = 23.965

Starting Cache Timing Information Task
INFO: [Timing 38-35] Done setting XDC timing constraints.
Ending Cache Timing Information Task | Checksum: 17932344f

Time (s): cpu = 00:00:07 ; elapsed = 00:00:07 . Memory (MB): peak = 1455.293 ; gain = 528.426

Starting Logic Optimization Task

Phase 1 Retarget
INFO: [Opt 31-138] Pushed 0 inverter(s) to 0 load pin(s).
INFO: [Opt 31-49] Retargeted 0 cell(s).
Phase 1 Retarget | Checksum: 17932344f

Time (s): cpu = 00:00:01 ; elapsed = 00:00:00.160 . Memory (MB): peak = 1679.914 ; gain = 25.199
INFO: [Opt 31-389] Phase Retarget created 0 cells and removed 0 cells
INFO: [Opt 31-1021] In phase Retarget, 54 netlist objects are constrained preventing optimization. Please run opt_design with -debug_log to get more detail. 

Phase 2 Constant propagation
INFO: [Opt 31-138] Pushed 0 inverter(s) to 0 load pin(s).
Phase 2 Constant propagation | Checksum: 23d9738af

Time (s): cpu = 00:00:01 ; elapsed = 00:00:00.187 . Memory (MB): peak = 1679.914 ; gain = 25.199
INFO: [Opt 31-389] Phase Constant propagation created 0 cells and removed 0 cells

Phase 3 Sweep
Phase 3 Sweep | Checksum: 1651bc332

Time (s): cpu = 00:00:01 ; elapsed = 00:00:00.251 . Memory (MB): peak = 1679.914 ; gain = 25.199
INFO: [Opt 31-389] Phase Sweep created 0 cells and removed 0 cells
INFO: [Opt 31-1021] In phase Sweep, 5880 netlist objects are constrained preventing optimization. Please run opt_design with -debug_log to get more detail. 

Phase 4 BUFG optimization
INFO: [Opt 31-1112] Starts optimizing BUFG(s) with a common MMCM/DPLL/XPLL driver.
INFO: [Opt 31-1112] Starts optimizing BUFG(s) with a common driver.
INFO: [Opt 31-1092] Phase BUFG optimization transformed 0 BUFG(s) to MBUFG(s).
Phase 4 BUFG optimization | Checksum: 1651bc332

Time (s): cpu = 00:00:01 ; elapsed = 00:00:00.295 . Memory (MB): peak = 1679.914 ; gain = 25.199
INFO: [Opt 31-662] Phase BUFG optimization created 0 cells of which 0 are BUFGs and removed 0 cells.
INFO: [Opt 31-1021] In phase BUFG optimization, 2 netlist objects are constrained preventing optimization. Please run opt_design with -debug_log to get more detail. 

Phase 5 Shift Register Optimization
INFO: [Opt 31-1064] SRL Remap converted 0 SRLs to 0 registers and converted 0 registers of register chains to 0 SRLs
Phase 5 Shift Register Optimization | Checksum: 1651bc332

Time (s): cpu = 00:00:01 ; elapsed = 00:00:00.333 . Memory (MB): peak = 1679.914 ; gain = 25.199
INFO: [Opt 31-389] Phase Shift Register Optimization created 0 cells and removed 0 cells

Phase 6 Post Processing Netlist
Phase 6 Post Processing Netlist | Checksum: 1651bc332

Time (s): cpu = 00:00:01 ; elapsed = 00:00:00.361 . Memory (MB): peak = 1679.914 ; gain = 25.199
INFO: [Opt 31-389] Phase Post Processing Netlist created 0 cells and removed 0 cells
Opt_design Change Summary
=========================


-------------------------------------------------------------------------------------------------------------------------
|  Phase                        |  #Cells created  |  #Cells Removed  |  #Constrained objects preventing optimizations  |
-------------------------------------------------------------------------------------------------------------------------
|  Retarget                     |               0  |               0  |                                             54  |
|  Constant propagation         |               0  |               0  |                                              0  |
|  Sweep                        |               0  |               0  |                                           5880  |
|  BUFG optimization            |               0  |               0  |                                              2  |
|  Shift Register Optimization  |               0  |               0  |                                              0  |
|  Post Processing Netlist      |               0  |               0  |                                              0  |
-------------------------------------------------------------------------------------------------------------------------



Starting Connectivity Check Task

Time (s): cpu = 00:00:00 ; elapsed = 00:00:00.004 . Memory (MB): peak = 1679.914 ; gain = 0.000
Ending Logic Optimization Task | Checksum: 1d6a5749a

Time (s): cpu = 00:00:01 ; elapsed = 00:00:00.449 . Memory (MB): peak = 1679.914 ; gain = 25.199

Starting Power Optimization Task
INFO: [Pwropt 34-132] Skipping clock gating for clocks with a period < 2.00 ns.
Ending Power Optimization Task | Checksum: 1d6a5749a

Time (s): cpu = 00:00:00 ; elapsed = 00:00:00.008 . Memory (MB): peak = 1679.914 ; gain = 0.000

Starting Final Cleanup Task
Ending Final Cleanup Task | Checksum: 1d6a5749a

Time (s): cpu = 00:00:00 ; elapsed = 00:00:00 . Memory (MB): peak = 1679.914 ; gain = 0.000

Starting Netlist Obfuscation Task
Netlist sorting complete. Time (s): cpu = 00:00:00 ; elapsed = 00:00:00.001 . Memory (MB): peak = 1679.914 ; gain = 0.000
Ending Netlist Obfuscation Task | Checksum: 1d6a5749a

Time (s): cpu = 00:00:00 ; elapsed = 00:00:00.001 . Memory (MB): peak = 1679.914 ; gain = 0.000
INFO: [Common 17-83] Releasing license: Implementation
38 Infos, 0 Warnings, 0 Critical Warnings and 0 Errors encountered.
opt_design completed successfully
opt_design: Time (s): cpu = 00:00:10 ; elapsed = 00:00:09 . Memory (MB): peak = 1679.914 ; gain = 777.012
Netlist sorting complete. Time (s): cpu = 00:00:00 ; elapsed = 00:00:00 . Memory (MB): peak = 1679.914 ; gain = 0.000
INFO: [Timing 38-480] Writing timing data to binary archive.
Writing placer database...
Writing XDEF routing.
Writing XDEF routing logical nets.
Writing XDEF routing special nets.
Write XDEF Complete: Time (s): cpu = 00:00:00 ; elapsed = 00:00:00.118 . Memory (MB): peak = 1679.914 ; gain = 0.000
INFO: [Common 17-1381] The checkpoint 'C:/Users/monke/Documents/GitHub/ReconHardware/PynqSoftware/Projects/dynamicXBarMulti/dynamicXBarMulti.runs/child_1_impl_1/top_wrap_opt.dcp' has been generated.
INFO: [runtcl-4] Executing : report_drc -file top_wrap_drc_opted.rpt -pb top_wrap_drc_opted.pb -rpx top_wrap_drc_opted.rpx
Command: report_drc -file top_wrap_drc_opted.rpt -pb top_wrap_drc_opted.pb -rpx top_wrap_drc_opted.rpx
INFO: [IP_Flow 19-234] Refreshing IP repositories
INFO: [IP_Flow 19-1704] No user IP repositories specified
INFO: [IP_Flow 19-2313] Loaded Vivado IP repository 'C:/Xilinx/Vivado/2019.2/data/ip'.
INFO: [DRC 23-27] Running DRC with 2 threads
INFO: [Coretcl 2-168] The results of DRC are in file C:/Users/monke/Documents/GitHub/ReconHardware/PynqSoftware/Projects/dynamicXBarMulti/dynamicXBarMulti.runs/child_1_impl_1/top_wrap_drc_opted.rpt.
report_drc completed successfully
Command: place_design
Attempting to get a license for feature 'Implementation' and/or device 'xc7z020'
INFO: [Common 17-349] Got license for feature 'Implementation' and/or device 'xc7z020'
INFO: [DRC 23-27] Running DRC with 2 threads
INFO: [Vivado_Tcl 4-198] DRC finished with 0 Errors
INFO: [Vivado_Tcl 4-199] Please refer to the DRC report (report_drc) for more information.
Running DRC as a precondition to command place_design
INFO: [DRC 23-27] Running DRC with 2 threads
INFO: [Vivado_Tcl 4-198] DRC finished with 0 Errors
INFO: [Vivado_Tcl 4-199] Please refer to the DRC report (report_drc) for more information.

Starting Placer Task
INFO: [Place 30-611] Multithreading enabled for place_design using a maximum of 2 CPUs

Phase 1 Placer Initialization

Phase 1.1 Placer Initialization Netlist Sorting
Netlist sorting complete. Time (s): cpu = 00:00:00 ; elapsed = 00:00:00.001 . Memory (MB): peak = 1679.914 ; gain = 0.000
Phase 1.1 Placer Initialization Netlist Sorting | Checksum: e1c5986f

Time (s): cpu = 00:00:00 ; elapsed = 00:00:00.008 . Memory (MB): peak = 1679.914 ; gain = 0.000
Netlist sorting complete. Time (s): cpu = 00:00:00 ; elapsed = 00:00:00 . Memory (MB): peak = 1679.914 ; gain = 0.000

Phase 1.2 IO Placement/ Clock Placement/ Build Placer Device
INFO: [Timing 38-35] Done setting XDC timing constraints.
Phase 1.2 IO Placement/ Clock Placement/ Build Placer Device | Checksum: f446ae64

Time (s): cpu = 00:00:01 ; elapsed = 00:00:00.796 . Memory (MB): peak = 1679.914 ; gain = 0.000

Phase 1.3 Build Placer Netlist Model
Phase 1.3 Build Placer Netlist Model | Checksum: 116de3d29

Time (s): cpu = 00:00:01 ; elapsed = 00:00:01 . Memory (MB): peak = 1679.914 ; gain = 0.000

Phase 1.4 Constrain Clocks/Macros
Phase 1.4 Constrain Clocks/Macros | Checksum: 116de3d29

Time (s): cpu = 00:00:01 ; elapsed = 00:00:01 . Memory (MB): peak = 1679.914 ; gain = 0.000
Phase 1 Placer Initialization | Checksum: 116de3d29

Time (s): cpu = 00:00:01 ; elapsed = 00:00:01 . Memory (MB): peak = 1679.914 ; gain = 0.000

Phase 2 Global Placement

Phase 2.1 Floorplanning
Phase 2.1 Floorplanning | Checksum: 16bb1d311

Time (s): cpu = 00:00:01 ; elapsed = 00:00:01 . Memory (MB): peak = 1679.914 ; gain = 0.000

Phase 2.2 Global Placement Core
WARNING: [Place 46-29] place_design is not in timing mode. Skip physical synthesis in placer
Phase 2.2 Global Placement Core | Checksum: 19277a095

Time (s): cpu = 00:00:02 ; elapsed = 00:00:01 . Memory (MB): peak = 1679.914 ; gain = 0.000
Phase 2 Global Placement | Checksum: 19277a095

Time (s): cpu = 00:00:02 ; elapsed = 00:00:01 . Memory (MB): peak = 1679.914 ; gain = 0.000

Phase 3 Detail Placement

Phase 3.1 Commit Multi Column Macros
Phase 3.1 Commit Multi Column Macros | Checksum: 19277a095

Time (s): cpu = 00:00:02 ; elapsed = 00:00:01 . Memory (MB): peak = 1679.914 ; gain = 0.000

Phase 3.2 Commit Most Macros & LUTRAMs
Phase 3.2 Commit Most Macros & LUTRAMs | Checksum: 17a4fd010

Time (s): cpu = 00:00:02 ; elapsed = 00:00:01 . Memory (MB): peak = 1679.914 ; gain = 0.000

Phase 3.3 Area Swap Optimization
Phase 3.3 Area Swap Optimization | Checksum: 1d82be541

Time (s): cpu = 00:00:02 ; elapsed = 00:00:01 . Memory (MB): peak = 1679.914 ; gain = 0.000

Phase 3.4 Pipeline Register Optimization
Phase 3.4 Pipeline Register Optimization | Checksum: 1d82be541

Time (s): cpu = 00:00:02 ; elapsed = 00:00:01 . Memory (MB): peak = 1679.914 ; gain = 0.000

Phase 3.5 Small Shape Detail Placement
Phase 3.5 Small Shape Detail Placement | Checksum: 2482eb936

Time (s): cpu = 00:00:02 ; elapsed = 00:00:02 . Memory (MB): peak = 1679.914 ; gain = 0.000

Phase 3.6 Re-assign LUT pins
Phase 3.6 Re-assign LUT pins | Checksum: 1cc685be5

Time (s): cpu = 00:00:02 ; elapsed = 00:00:02 . Memory (MB): peak = 1679.914 ; gain = 0.000

Phase 3.7 Pipeline Register Optimization
Phase 3.7 Pipeline Register Optimization | Checksum: 1cc685be5

Time (s): cpu = 00:00:02 ; elapsed = 00:00:02 . Memory (MB): peak = 1679.914 ; gain = 0.000
Phase 3 Detail Placement | Checksum: 1cc685be5

Time (s): cpu = 00:00:02 ; elapsed = 00:00:02 . Memory (MB): peak = 1679.914 ; gain = 0.000

Phase 4 Post Placement Optimization and Clean-Up

Phase 4.1 Post Commit Optimization
Phase 4.1 Post Commit Optimization | Checksum: 1cc685be5

Time (s): cpu = 00:00:03 ; elapsed = 00:00:02 . Memory (MB): peak = 1679.914 ; gain = 0.000

Phase 4.2 Post Placement Cleanup
Phase 4.2 Post Placement Cleanup | Checksum: 1cc685be5

Time (s): cpu = 00:00:03 ; elapsed = 00:00:02 . Memory (MB): peak = 1679.914 ; gain = 0.000

Phase 4.3 Placer Reporting
Phase 4.3 Placer Reporting | Checksum: 29ae806a7

Time (s): cpu = 00:00:03 ; elapsed = 00:00:02 . Memory (MB): peak = 1679.914 ; gain = 0.000

Phase 4.4 Final Placement Cleanup
Netlist sorting complete. Time (s): cpu = 00:00:00 ; elapsed = 00:00:00.001 . Memory (MB): peak = 1679.914 ; gain = 0.000
Phase 4.4 Final Placement Cleanup | Checksum: 313713b29

Time (s): cpu = 00:00:03 ; elapsed = 00:00:02 . Memory (MB): peak = 1679.914 ; gain = 0.000
Phase 4 Post Placement Optimization and Clean-Up | Checksum: 313713b29

Time (s): cpu = 00:00:03 ; elapsed = 00:00:02 . Memory (MB): peak = 1679.914 ; gain = 0.000
Ending Placer Task | Checksum: 24c0acdc0

Time (s): cpu = 00:00:03 ; elapsed = 00:00:02 . Memory (MB): peak = 1679.914 ; gain = 0.000
INFO: [Common 17-83] Releasing license: Implementation
56 Infos, 1 Warnings, 0 Critical Warnings and 0 Errors encountered.
place_design completed successfully
Netlist sorting complete. Time (s): cpu = 00:00:00 ; elapsed = 00:00:00.001 . Memory (MB): peak = 1679.914 ; gain = 0.000
INFO: [Timing 38-480] Writing timing data to binary archive.
Writing placer database...
Writing XDEF routing.
Writing XDEF routing logical nets.
Writing XDEF routing special nets.
Write XDEF Complete: Time (s): cpu = 00:00:00 ; elapsed = 00:00:00.162 . Memory (MB): peak = 1679.914 ; gain = 0.000
INFO: [Common 17-1381] The checkpoint 'C:/Users/monke/Documents/GitHub/ReconHardware/PynqSoftware/Projects/dynamicXBarMulti/dynamicXBarMulti.runs/child_1_impl_1/top_wrap_placed.dcp' has been generated.
INFO: [runtcl-4] Executing : report_io -file top_wrap_io_placed.rpt
report_io: Time (s): cpu = 00:00:00 ; elapsed = 00:00:00.031 . Memory (MB): peak = 1679.914 ; gain = 0.000
INFO: [runtcl-4] Executing : report_utilization -file top_wrap_utilization_placed.rpt -pb top_wrap_utilization_placed.pb
INFO: [runtcl-4] Executing : report_control_sets -verbose -file top_wrap_control_sets_placed.rpt
report_control_sets: Time (s): cpu = 00:00:00 ; elapsed = 00:00:00.006 . Memory (MB): peak = 1679.914 ; gain = 0.000
Command: phys_opt_design
Attempting to get a license for feature 'Implementation' and/or device 'xc7z020'
INFO: [Common 17-349] Got license for feature 'Implementation' and/or device 'xc7z020'
INFO: [Timing 38-35] Done setting XDC timing constraints.
Netlist sorting complete. Time (s): cpu = 00:00:00 ; elapsed = 00:00:00 . Memory (MB): peak = 1693.625 ; gain = 0.000

Starting Physical Synthesis Task

Phase 1 Physical Synthesis Initialization
INFO: [Physopt 32-245] Routed nets are present in the design. phys_opt_design will optimize unrouted part of the design.
INFO: [Physopt 32-721] Multithreading enabled for phys_opt_design using a maximum of 2 CPUs
INFO: [Physopt 32-619] Estimated Timing Summary | WNS=0.000 | TNS=0.000 |
Phase 1 Physical Synthesis Initialization | Checksum: 7ac76c3c

Time (s): cpu = 00:00:01 ; elapsed = 00:00:00.880 . Memory (MB): peak = 1693.641 ; gain = 0.016
INFO: [Physopt 32-245] Routed nets are present in the design. phys_opt_design will optimize unrouted part of the design.
INFO: [Physopt 32-619] Estimated Timing Summary | WNS=0.000 | TNS=0.000 |

Phase 2 DSP Register Optimization
INFO: [Physopt 32-456] No candidate cells for DSP register optimization found in the design.
INFO: [Physopt 32-775] End 2 Pass. Optimized 0 net or cell. Created 0 new cell, deleted 0 existing cell and moved 0 existing cell
Phase 2 DSP Register Optimization | Checksum: 7ac76c3c

Time (s): cpu = 00:00:01 ; elapsed = 00:00:00.896 . Memory (MB): peak = 1693.641 ; gain = 0.016

Phase 3 Critical Path Optimization
INFO: [Physopt 32-619] Estimated Timing Summary | WNS=0.000 | TNS=0.000 |
INFO: [Physopt 32-619] Estimated Timing Summary | WNS=0.000 | TNS=0.000 |
Phase 3 Critical Path Optimization | Checksum: 7ac76c3c

Time (s): cpu = 00:00:01 ; elapsed = 00:00:00.897 . Memory (MB): peak = 1693.641 ; gain = 0.016
Netlist sorting complete. Time (s): cpu = 00:00:00 ; elapsed = 00:00:00.001 . Memory (MB): peak = 1693.641 ; gain = 0.000
INFO: [Physopt 32-603] Post Physical Optimization Timing Summary | WNS=0.000 | TNS=0.000 |

Summary of Physical Synthesis Optimizations
============================================


-------------------------------------------------------------------------------------------------------------------------------------------------------------
|  Optimization   |  WNS Gain (ns)  |  TNS Gain (ns)  |  Added Cells  |  Removed Cells  |  Optimized Cells/Nets  |  Dont Touch  |  Iterations  |  Elapsed   |
-------------------------------------------------------------------------------------------------------------------------------------------------------------
|  DSP Register   |          0.000  |          0.000  |            0  |              0  |                     0  |           0  |           1  |  00:00:00  |
|  Critical Path  |          0.000  |          0.000  |            0  |              0  |                     0  |           0  |           1  |  00:00:00  |
|  Total          |          0.000  |          0.000  |            0  |              0  |                     0  |           0  |           2  |  00:00:00  |
-------------------------------------------------------------------------------------------------------------------------------------------------------------


Netlist sorting complete. Time (s): cpu = 00:00:00 ; elapsed = 00:00:00.001 . Memory (MB): peak = 1693.641 ; gain = 0.000
Ending Physical Synthesis Task | Checksum: 7ac76c3c

Time (s): cpu = 00:00:01 ; elapsed = 00:00:00.920 . Memory (MB): peak = 1693.641 ; gain = 0.016
INFO: [Common 17-83] Releasing license: Implementation
74 Infos, 1 Warnings, 0 Critical Warnings and 0 Errors encountered.
phys_opt_design completed successfully
Netlist sorting complete. Time (s): cpu = 00:00:00 ; elapsed = 00:00:00.001 . Memory (MB): peak = 1693.641 ; gain = 0.000
INFO: [Timing 38-480] Writing timing data to binary archive.
Writing placer database...
Writing XDEF routing.
Writing XDEF routing logical nets.
Writing XDEF routing special nets.
Write XDEF Complete: Time (s): cpu = 00:00:00 ; elapsed = 00:00:00.136 . Memory (MB): peak = 1695.969 ; gain = 2.328
INFO: [Common 17-1381] The checkpoint 'C:/Users/monke/Documents/GitHub/ReconHardware/PynqSoftware/Projects/dynamicXBarMulti/dynamicXBarMulti.runs/child_1_impl_1/top_wrap_physopt.dcp' has been generated.
Command: route_design
Attempting to get a license for feature 'Implementation' and/or device 'xc7z020'
INFO: [Common 17-349] Got license for feature 'Implementation' and/or device 'xc7z020'
Running DRC as a precondition to command route_design
INFO: [DRC 23-27] Running DRC with 2 threads
INFO: [Vivado_Tcl 4-198] DRC finished with 0 Errors
INFO: [Vivado_Tcl 4-199] Please refer to the DRC report (report_drc) for more information.


Starting Routing Task
INFO: [Route 35-254] Multithreading enabled for route_design using a maximum of 2 CPUs
Checksum: PlaceDB: 8371a771 ConstDB: 0 ShapeSum: abee250c RouteDB: ce7faac2

Phase 1 Build RT Design
Phase 1 Build RT Design | Checksum: 11cfc11a7

Time (s): cpu = 00:00:21 ; elapsed = 00:00:19 . Memory (MB): peak = 1805.020 ; gain = 99.336
Post Restoration Checksum: NetGraph: dd923b1f NumContArr: 43146a90 Constraints: 1f2d461 Timing: 0

Phase 2 Router Initialization

Phase 2.1 Create Timer
Phase 2.1 Create Timer | Checksum: 122997a10

Time (s): cpu = 00:00:21 ; elapsed = 00:00:19 . Memory (MB): peak = 1805.020 ; gain = 99.336

Phase 2.2 Fix Topology Constraints
Phase 2.2 Fix Topology Constraints | Checksum: 122997a10

Time (s): cpu = 00:00:21 ; elapsed = 00:00:19 . Memory (MB): peak = 1813.430 ; gain = 107.746

Phase 2.3 Pre Route Cleanup
Phase 2.3 Pre Route Cleanup | Checksum: 122997a10

Time (s): cpu = 00:00:21 ; elapsed = 00:00:19 . Memory (MB): peak = 1813.430 ; gain = 107.746
 Number of Nodes with overlaps = 0

Phase 2.4 Update Timing
Phase 2.4 Update Timing | Checksum: 11ede81f4

Time (s): cpu = 00:00:21 ; elapsed = 00:00:19 . Memory (MB): peak = 1817.988 ; gain = 112.305
Phase 2 Router Initialization | Checksum: 11ede81f4

Time (s): cpu = 00:00:21 ; elapsed = 00:00:19 . Memory (MB): peak = 1817.988 ; gain = 112.305

Router Utilization Summary
  Global Vertical Routing Utilization    = 0 %
  Global Horizontal Routing Utilization  = 0 %
  Routable Net Status*
  *Does not include unroutable nets such as driverless and loadless.
  Run report_route_status for detailed report.
  Number of Failed Nets               = 819
    (Failed Nets is the sum of unrouted and partially routed nets)
  Number of Unrouted Nets             = 810
  Number of Partially Routed Nets     = 9
  Number of Node Overlaps             = 0


Phase 3 Initial Routing
Phase 3 Initial Routing | Checksum: 11835128a

Time (s): cpu = 00:00:22 ; elapsed = 00:00:19 . Memory (MB): peak = 1821.711 ; gain = 116.027

Phase 4 Rip-up And Reroute

Phase 4.1 Global Iteration 0
 Number of Nodes with overlaps = 196
 Number of Nodes with overlaps = 3
 Number of Nodes with overlaps = 0
Phase 4.1 Global Iteration 0 | Checksum: 2e03904ca

Time (s): cpu = 00:00:22 ; elapsed = 00:00:20 . Memory (MB): peak = 1821.715 ; gain = 116.031
Phase 4 Rip-up And Reroute | Checksum: 2e03904ca

Time (s): cpu = 00:00:22 ; elapsed = 00:00:20 . Memory (MB): peak = 1821.715 ; gain = 116.031

Phase 5 Delay and Skew Optimization

Phase 5.1 Delay CleanUp
Phase 5.1 Delay CleanUp | Checksum: 2e03904ca

Time (s): cpu = 00:00:22 ; elapsed = 00:00:20 . Memory (MB): peak = 1821.715 ; gain = 116.031

Phase 5.2 Clock Skew Optimization
Phase 5.2 Clock Skew Optimization | Checksum: 2e03904ca

Time (s): cpu = 00:00:22 ; elapsed = 00:00:20 . Memory (MB): peak = 1821.715 ; gain = 116.031
Phase 5 Delay and Skew Optimization | Checksum: 2e03904ca

Time (s): cpu = 00:00:22 ; elapsed = 00:00:20 . Memory (MB): peak = 1821.715 ; gain = 116.031

Phase 6 Post Hold Fix

Phase 6.1 Hold Fix Iter

Phase 6.1.1 Update Timing
Phase 6.1.1 Update Timing | Checksum: 2e03904ca

Time (s): cpu = 00:00:22 ; elapsed = 00:00:20 . Memory (MB): peak = 1821.715 ; gain = 116.031
Phase 6.1 Hold Fix Iter | Checksum: 2e03904ca

Time (s): cpu = 00:00:22 ; elapsed = 00:00:20 . Memory (MB): peak = 1821.715 ; gain = 116.031
Phase 6 Post Hold Fix | Checksum: 2e03904ca

Time (s): cpu = 00:00:22 ; elapsed = 00:00:20 . Memory (MB): peak = 1821.715 ; gain = 116.031

Phase 7 Route finalize

Router Utilization Summary
  Global Vertical Routing Utilization    = 0.151445 %
  Global Horizontal Routing Utilization  = 0.0649932 %
  Routable Net Status*
  *Does not include unroutable nets such as driverless and loadless.
  Run report_route_status for detailed report.
  Number of Failed Nets               = 0
    (Failed Nets is the sum of unrouted and partially routed nets)
  Number of Unrouted Nets             = 0
  Number of Partially Routed Nets     = 0
  Number of Node Overlaps             = 0

Phase 7 Route finalize | Checksum: 2e03904ca

Time (s): cpu = 00:00:22 ; elapsed = 00:00:20 . Memory (MB): peak = 1821.715 ; gain = 116.031

Phase 8 Verifying routed nets

 Verification completed successfully
Phase 8 Verifying routed nets | Checksum: 2e03904ca

Time (s): cpu = 00:00:22 ; elapsed = 00:00:20 . Memory (MB): peak = 1823.734 ; gain = 118.051

Phase 9 Depositing Routes
Phase 9 Depositing Routes | Checksum: 25f63a5cd

Time (s): cpu = 00:00:22 ; elapsed = 00:00:20 . Memory (MB): peak = 1823.734 ; gain = 118.051

Phase 10 Post Router Timing
Phase 10 Post Router Timing | Checksum: 25f63a5cd

Time (s): cpu = 00:00:22 ; elapsed = 00:00:20 . Memory (MB): peak = 1823.734 ; gain = 118.051
INFO: [Route 35-16] Router Completed Successfully

Time (s): cpu = 00:00:23 ; elapsed = 00:00:20 . Memory (MB): peak = 1823.734 ; gain = 118.051

Routing Is Done.
INFO: [Common 17-83] Releasing license: Implementation
83 Infos, 1 Warnings, 0 Critical Warnings and 0 Errors encountered.
route_design completed successfully
route_design: Time (s): cpu = 00:00:25 ; elapsed = 00:00:21 . Memory (MB): peak = 1823.734 ; gain = 127.766
Netlist sorting complete. Time (s): cpu = 00:00:00 ; elapsed = 00:00:00.001 . Memory (MB): peak = 1823.734 ; gain = 0.000
INFO: [Timing 38-480] Writing timing data to binary archive.
Writing placer database...
Writing XDEF routing.
Writing XDEF routing logical nets.
Writing XDEF routing special nets.
Write XDEF Complete: Time (s): cpu = 00:00:01 ; elapsed = 00:00:00.173 . Memory (MB): peak = 1833.656 ; gain = 9.922
INFO: [Common 17-1381] The checkpoint 'C:/Users/monke/Documents/GitHub/ReconHardware/PynqSoftware/Projects/dynamicXBarMulti/dynamicXBarMulti.runs/child_1_impl_1/top_wrap_routed.dcp' has been generated.
INFO: [runtcl-4] Executing : report_drc -file top_wrap_drc_routed.rpt -pb top_wrap_drc_routed.pb -rpx top_wrap_drc_routed.rpx
Command: report_drc -file top_wrap_drc_routed.rpt -pb top_wrap_drc_routed.pb -rpx top_wrap_drc_routed.rpx
INFO: [IP_Flow 19-1839] IP Catalog is up to date.
INFO: [DRC 23-27] Running DRC with 2 threads
INFO: [Coretcl 2-168] The results of DRC are in file C:/Users/monke/Documents/GitHub/ReconHardware/PynqSoftware/Projects/dynamicXBarMulti/dynamicXBarMulti.runs/child_1_impl_1/top_wrap_drc_routed.rpt.
report_drc completed successfully
INFO: [runtcl-4] Executing : report_methodology -file top_wrap_methodology_drc_routed.rpt -pb top_wrap_methodology_drc_routed.pb -rpx top_wrap_methodology_drc_routed.rpx
Command: report_methodology -file top_wrap_methodology_drc_routed.rpt -pb top_wrap_methodology_drc_routed.pb -rpx top_wrap_methodology_drc_routed.rpx
INFO: [Timing 38-35] Done setting XDC timing constraints.
INFO: [DRC 23-133] Running Methodology with 2 threads
INFO: [Coretcl 2-1520] The results of Report Methodology are in file C:/Users/monke/Documents/GitHub/ReconHardware/PynqSoftware/Projects/dynamicXBarMulti/dynamicXBarMulti.runs/child_1_impl_1/top_wrap_methodology_drc_routed.rpt.
report_methodology completed successfully
INFO: [runtcl-4] Executing : report_power -file top_wrap_power_routed.rpt -pb top_wrap_power_summary_routed.pb -rpx top_wrap_power_routed.rpx
Command: report_power -file top_wrap_power_routed.rpt -pb top_wrap_power_summary_routed.pb -rpx top_wrap_power_routed.rpx
INFO: [Timing 38-35] Done setting XDC timing constraints.
Running Vector-less Activity Propagation...

Finished Running Vector-less Activity Propagation
95 Infos, 1 Warnings, 0 Critical Warnings and 0 Errors encountered.
report_power completed successfully
INFO: [runtcl-4] Executing : report_route_status -file top_wrap_route_status.rpt -pb top_wrap_route_status.pb
INFO: [runtcl-4] Executing : report_timing_summary -max_paths 10 -file top_wrap_timing_summary_routed.rpt -pb top_wrap_timing_summary_routed.pb -rpx top_wrap_timing_summary_routed.rpx -warn_on_violation 
INFO: [Timing 38-91] UpdateTimingParams: Speed grade: -1, Delay Type: min_max.
INFO: [Timing 38-191] Multithreading enabled for timing update using a maximum of 2 CPUs
INFO: [runtcl-4] Executing : report_incremental_reuse -file top_wrap_incremental_reuse_routed.rpt
INFO: [Vivado_Tcl 4-1062] Incremental flow is disabled. No incremental reuse Info to report.
INFO: [runtcl-4] Executing : report_clock_utilization -file top_wrap_clock_utilization_routed.rpt
INFO: [runtcl-4] Executing : report_bus_skew -warn_on_violation -file top_wrap_bus_skew_routed.rpt -pb top_wrap_bus_skew_routed.pb -rpx top_wrap_bus_skew_routed.rpx
INFO: [Timing 38-91] UpdateTimingParams: Speed grade: -1, Delay Type: min_max.
INFO: [Timing 38-191] Multithreading enabled for timing update using a maximum of 2 CPUs
Netlist sorting complete. Time (s): cpu = 00:00:00 ; elapsed = 00:00:00.001 . Memory (MB): peak = 1865.668 ; gain = 0.000
Writing placer database...
Writing XDEF routing.
Writing XDEF routing logical nets.
Writing XDEF routing special nets.
Write XDEF Complete: Time (s): cpu = 00:00:01 ; elapsed = 00:00:00.155 . Memory (MB): peak = 1865.668 ; gain = 0.000
INFO: [Common 17-1381] The checkpoint 'C:/Users/monke/Documents/GitHub/ReconHardware/PynqSoftware/Projects/dynamicXBarMulti/dynamicXBarMulti.runs/child_1_impl_1/mxbar_genblk3_0_.m_computeBlock_in_mCompute_integer_routed.dcp' has been generated.
Netlist sorting complete. Time (s): cpu = 00:00:00 ; elapsed = 00:00:00.001 . Memory (MB): peak = 1865.668 ; gain = 0.000
Writing placer database...
Writing XDEF routing.
Writing XDEF routing logical nets.
Writing XDEF routing special nets.
Write XDEF Complete: Time (s): cpu = 00:00:00 ; elapsed = 00:00:00.163 . Memory (MB): peak = 1865.668 ; gain = 0.000
INFO: [Common 17-1381] The checkpoint 'C:/Users/monke/Documents/GitHub/ReconHardware/PynqSoftware/Projects/dynamicXBarMulti/dynamicXBarMulti.runs/child_1_impl_1/mxbar_genblk3_1_.m_computeBlock_in_mCompute_integer_routed.dcp' has been generated.
Netlist sorting complete. Time (s): cpu = 00:00:00 ; elapsed = 00:00:00.001 . Memory (MB): peak = 1865.668 ; gain = 0.000
Writing placer database...
Writing XDEF routing.
Writing XDEF routing logical nets.
Writing XDEF routing special nets.
Write XDEF Complete: Time (s): cpu = 00:00:00 ; elapsed = 00:00:00.156 . Memory (MB): peak = 1865.668 ; gain = 0.000
INFO: [Common 17-1381] The checkpoint 'C:/Users/monke/Documents/GitHub/ReconHardware/PynqSoftware/Projects/dynamicXBarMulti/dynamicXBarMulti.runs/child_1_impl_1/mxbar_genblk3_2_.m_computeBlock_in_mCompute_integer_routed.dcp' has been generated.
Netlist sorting complete. Time (s): cpu = 00:00:00 ; elapsed = 00:00:00 . Memory (MB): peak = 1865.668 ; gain = 0.000
Writing placer database...
Writing XDEF routing.
Writing XDEF routing logical nets.
Writing XDEF routing special nets.
Write XDEF Complete: Time (s): cpu = 00:00:00 ; elapsed = 00:00:00.161 . Memory (MB): peak = 1865.668 ; gain = 0.000
INFO: [Common 17-1381] The checkpoint 'C:/Users/monke/Documents/GitHub/ReconHardware/PynqSoftware/Projects/dynamicXBarMulti/dynamicXBarMulti.runs/child_1_impl_1/mxbar_genblk3_3_.m_computeBlock_in_mCompute_integer_routed.dcp' has been generated.
Netlist sorting complete. Time (s): cpu = 00:00:00 ; elapsed = 00:00:00.001 . Memory (MB): peak = 1865.668 ; gain = 0.000
Writing placer database...
Writing XDEF routing.
Writing XDEF routing logical nets.
Writing XDEF routing special nets.
Write XDEF Complete: Time (s): cpu = 00:00:00 ; elapsed = 00:00:00.154 . Memory (MB): peak = 1865.668 ; gain = 0.000
INFO: [Common 17-1381] The checkpoint 'C:/Users/monke/Documents/GitHub/ReconHardware/PynqSoftware/Projects/dynamicXBarMulti/dynamicXBarMulti.runs/child_1_impl_1/mxbar_genblk4_0_.m_computeBlock_out_mCompute_integer_routed.dcp' has been generated.
Netlist sorting complete. Time (s): cpu = 00:00:00 ; elapsed = 00:00:00.001 . Memory (MB): peak = 1865.668 ; gain = 0.000
Writing placer database...
Writing XDEF routing.
Writing XDEF routing logical nets.
Writing XDEF routing special nets.
Write XDEF Complete: Time (s): cpu = 00:00:01 ; elapsed = 00:00:00.147 . Memory (MB): peak = 1865.668 ; gain = 0.000
INFO: [Common 17-1381] The checkpoint 'C:/Users/monke/Documents/GitHub/ReconHardware/PynqSoftware/Projects/dynamicXBarMulti/dynamicXBarMulti.runs/child_1_impl_1/mxbar_genblk4_1_.m_computeBlock_out_mCompute_integer_routed.dcp' has been generated.
Netlist sorting complete. Time (s): cpu = 00:00:00 ; elapsed = 00:00:00 . Memory (MB): peak = 1865.668 ; gain = 0.000
Writing placer database...
Writing XDEF routing.
Writing XDEF routing logical nets.
Writing XDEF routing special nets.
Write XDEF Complete: Time (s): cpu = 00:00:00 ; elapsed = 00:00:00.149 . Memory (MB): peak = 1865.668 ; gain = 0.000
INFO: [Common 17-1381] The checkpoint 'C:/Users/monke/Documents/GitHub/ReconHardware/PynqSoftware/Projects/dynamicXBarMulti/dynamicXBarMulti.runs/child_1_impl_1/mxbar_genblk4_2_.m_computeBlock_out_mCompute_integer_routed.dcp' has been generated.
Netlist sorting complete. Time (s): cpu = 00:00:00 ; elapsed = 00:00:00 . Memory (MB): peak = 1865.668 ; gain = 0.000
Writing placer database...
Writing XDEF routing.
Writing XDEF routing logical nets.
Writing XDEF routing special nets.
Write XDEF Complete: Time (s): cpu = 00:00:00 ; elapsed = 00:00:00.156 . Memory (MB): peak = 1865.668 ; gain = 0.000
INFO: [Common 17-1381] The checkpoint 'C:/Users/monke/Documents/GitHub/ReconHardware/PynqSoftware/Projects/dynamicXBarMulti/dynamicXBarMulti.runs/child_1_impl_1/mxbar_genblk4_3_.m_computeBlock_out_mCompute_integer_routed.dcp' has been generated.
INFO: [Common 17-206] Exiting Vivado at Sun Jul 26 14:50:52 2020...
