#-----------------------------------------------------------
# Vivado v2019.2 (64-bit)
# SW Build 2708876 on Wed Nov  6 21:40:23 MST 2019
# IP Build 2700528 on Thu Nov  7 00:09:20 MST 2019
# Start of session at: Sun Jul 26 14:00:51 2020
# Process ID: 2948
# Current directory: C:/Users/monke/Documents/GitHub/ReconHardware/PynqSoftware/Projects/XBar
# Command line: vivado.exe -gui_launcher_event rodinguilauncherevent11072 C:\Users\monke\Documents\GitHub\ReconHardware\PynqSoftware\Projects\XBar\XBar.xpr
# Log file: C:/Users/monke/Documents/GitHub/ReconHardware/PynqSoftware/Projects/XBar/vivado.log
# Journal file: C:/Users/monke/Documents/GitHub/ReconHardware/PynqSoftware/Projects/XBar\vivado.jou
#-----------------------------------------------------------
start_gui
open_project C:/Users/monke/Documents/GitHub/ReconHardware/PynqSoftware/Projects/XBar/XBar.xpr
INFO: [Project 1-313] Project file moved from 'C:/Users/monke/Documents/GitHub/ReconHardware/PynqSoftware/XBar' since last save.
CRITICAL WARNING: [Project 1-311] Could not find the file 'C:/Users/monke/Documents/GitHub/ReconHardware/PynqSoftware/Projects/XBar/XBar.srcs/sources_1/imports/new/definitions.h', nor could it be found using path 'C:/Users/monke/Documents/GitHub/ReconHardware/PynqSoftware/XBar/XBar.srcs/sources_1/imports/new/definitions.h'.
CRITICAL WARNING: [Project 1-311] Could not find the file 'C:/Users/monke/Documents/GitHub/ReconHardware/PynqSoftware/Projects/XBar/XBar.srcs/sources_1/imports/new/XBar.v', nor could it be found using path 'C:/Users/monke/Documents/GitHub/ReconHardware/PynqSoftware/XBar/XBar.srcs/sources_1/imports/new/XBar.v'.
CRITICAL WARNING: [Project 1-311] Could not find the file 'C:/Users/monke/Documents/GitHub/ReconHardware/PynqSoftware/Projects/XBar/XBar.srcs/sources_1/imports/new/mux.v', nor could it be found using path 'C:/Users/monke/Documents/GitHub/ReconHardware/PynqSoftware/XBar/XBar.srcs/sources_1/imports/new/mux.v'.
Scanning sources...
Finished scanning sources
INFO: [filemgmt 56-1] Board Part Repository Path: Directory not found as 'C:/Users/monke/Documents/AppData/Roaming/Xilinx/Vivado/2019.2/xhub/board_store'; using path 'C:/Users/monke/AppData/Roaming/Xilinx/Vivado/2019.2/xhub/board_store' instead.
INFO: [IP_Flow 19-234] Refreshing IP repositories
INFO: [IP_Flow 19-1704] No user IP repositories specified
INFO: [IP_Flow 19-2313] Loaded Vivado IP repository 'C:/Xilinx/Vivado/2019.2/data/ip'.
open_project: Time (s): cpu = 00:00:12 ; elapsed = 00:00:07 . Memory (MB): peak = 1193.141 ; gain = 548.469
update_compile_order -fileset sources_1
set_property source_mgmt_mode DisplayOnly [current_project]
export_ip_user_files -of_objects  [get_files C:/Users/monke/Documents/GitHub/ReconHardware/PynqSoftware/Projects/XBar/XBar.srcs/sources_1/imports/new/mux.v] -no_script -reset -force -quiet
remove_files  C:/Users/monke/Documents/GitHub/ReconHardware/PynqSoftware/Projects/XBar/XBar.srcs/sources_1/imports/new/mux.v
export_ip_user_files -of_objects  [get_files C:/Users/monke/Documents/GitHub/ReconHardware/PynqSoftware/Projects/XBar/XBar.srcs/sources_1/imports/new/definitions.h] -no_script -reset -force -quiet
remove_files  C:/Users/monke/Documents/GitHub/ReconHardware/PynqSoftware/Projects/XBar/XBar.srcs/sources_1/imports/new/definitions.h
export_ip_user_files -of_objects  [get_files C:/Users/monke/Documents/GitHub/ReconHardware/PynqSoftware/Projects/XBar/XBar.srcs/sources_1/imports/new/XBar.v] -no_script -reset -force -quiet
remove_files  C:/Users/monke/Documents/GitHub/ReconHardware/PynqSoftware/Projects/XBar/XBar.srcs/sources_1/imports/new/XBar.v
export_ip_user_files -of_objects  [get_files C:/Users/monke/Documents/GitHub/ReconHardware/PynqSoftware/Projects/XBar/XBar.srcs/sim_1/new/mux_tb.v] -no_script -reset -force -quiet
remove_files  -fileset sim_1 C:/Users/monke/Documents/GitHub/ReconHardware/PynqSoftware/Projects/XBar/XBar.srcs/sim_1/new/mux_tb.v
file delete -force C:/Users/monke/Documents/GitHub/ReconHardware/PynqSoftware/Projects/XBar/XBar.srcs/sim_1/new/mux_tb.v
export_ip_user_files -of_objects  [get_files C:/Users/monke/Documents/GitHub/ReconHardware/PynqSoftware/Projects/XBar/XBar.srcs/sim_1/new/multiplyXbar_tb.v] -no_script -reset -force -quiet
remove_files  -fileset sim_1 C:/Users/monke/Documents/GitHub/ReconHardware/PynqSoftware/Projects/XBar/XBar.srcs/sim_1/new/multiplyXbar_tb.v
file delete -force C:/Users/monke/Documents/GitHub/ReconHardware/PynqSoftware/Projects/XBar/XBar.srcs/sim_1/new/multiplyXbar_tb.v
add_files -norecurse -scan_for_includes C:/Users/monke/Documents/GitHub/ReconHardware/PynqSoftware/Sources/General/XBar.v
reset_run synth_1
launch_runs synth_1 -jobs 4
[Sun Jul 26 14:03:27 2020] Launched synth_1...
Run output will be captured here: C:/Users/monke/Documents/GitHub/ReconHardware/PynqSoftware/Projects/XBar/XBar.runs/synth_1/runme.log
export_ip_user_files -of_objects  [get_files C:/Users/monke/Documents/GitHub/ReconHardware/PynqSoftware/Projects/XBar/XBar.srcs/constrs_1/new/xbar_mux.xdc] -no_script -reset -force -quiet
remove_files  -fileset constrs_1 C:/Users/monke/Documents/GitHub/ReconHardware/PynqSoftware/Projects/XBar/XBar.srcs/constrs_1/new/xbar_mux.xdc
file delete -force C:/Users/monke/Documents/GitHub/ReconHardware/PynqSoftware/Projects/XBar/XBar.srcs/constrs_1/new/xbar_mux.xdc
add_files -norecurse -scan_for_includes C:/Users/monke/Documents/GitHub/ReconHardware/PynqSoftware/Sources/definitions.h
set_property is_global_include true [get_files  C:/Users/monke/Documents/GitHub/ReconHardware/PynqSoftware/Sources/definitions.h]
reset_run synth_1
launch_runs synth_1 -jobs 4
[Sun Jul 26 14:04:17 2020] Launched synth_1...
Run output will be captured here: C:/Users/monke/Documents/GitHub/ReconHardware/PynqSoftware/Projects/XBar/XBar.runs/synth_1/runme.log
launch_simulation
Command: launch_simulation 
INFO: [Vivado 12-5682] Launching behavioral simulation in 'C:/Users/monke/Documents/GitHub/ReconHardware/PynqSoftware/Projects/XBar/XBar.sim/sim_1/behav/xsim'
INFO: [SIM-utils-51] Simulation object is 'sim_1'
INFO: [SIM-utils-54] Inspecting design source files for 'XBar_tb' in fileset 'sim_1'...
INFO: [USF-XSim-97] Finding global include files...
INFO: [USF-XSim-100] Fetching design files from 'sources_1'...(this may take a while)...
INFO: [USF-XSim-101] Fetching design files from 'sim_1'...
INFO: [USF-XSim-2] XSim::Compile design
INFO: [USF-XSim-61] Executing 'COMPILE and ANALYZE' step in 'C:/Users/monke/Documents/GitHub/ReconHardware/PynqSoftware/Projects/XBar/XBar.sim/sim_1/behav/xsim'
"xvlog --incr --relax -prj XBar_tb_vlog.prj"
INFO: [VRFC 10-2263] Analyzing Verilog file "C:/Users/monke/Documents/GitHub/ReconHardware/PynqSoftware/Sources/definitions.h" into library xil_defaultlib
INFO: [VRFC 10-2263] Analyzing Verilog file "C:/Users/monke/Documents/GitHub/ReconHardware/PynqSoftware/Sources/General/XBar.v" into library xil_defaultlib
INFO: [VRFC 10-311] analyzing module XBar
INFO: [VRFC 10-2263] Analyzing Verilog file "C:/Users/monke/Documents/GitHub/ReconHardware/PynqSoftware/Projects/XBar/XBar.srcs/sim_1/new/XBar_tb.v" into library xil_defaultlib
INFO: [VRFC 10-311] analyzing module XBar_tb
INFO: [VRFC 10-2263] Analyzing Verilog file "C:/Users/monke/Documents/GitHub/ReconHardware/PynqSoftware/Projects/XBar/XBar.sim/sim_1/behav/xsim/glbl.v" into library xil_defaultlib
INFO: [VRFC 10-311] analyzing module glbl
INFO: [USF-XSim-69] 'compile' step finished in '1' seconds
INFO: [USF-XSim-3] XSim::Elaborate design
INFO: [USF-XSim-61] Executing 'ELABORATE' step in 'C:/Users/monke/Documents/GitHub/ReconHardware/PynqSoftware/Projects/XBar/XBar.sim/sim_1/behav/xsim'
"xelab -wto c09616a8c3474b3ca2f89664bb3150c5 --incr --debug typical --relax --mt 2 -L xil_defaultlib -L unisims_ver -L unimacro_ver -L secureip --snapshot XBar_tb_behav xil_defaultlib.XBar_tb xil_defaultlib.glbl -log elaborate.log"
Vivado Simulator 2019.2
Copyright 1986-1999, 2001-2019 Xilinx, Inc. All Rights Reserved.
Running: C:/Xilinx/Vivado/2019.2/bin/unwrapped/win64.o/xelab.exe -wto c09616a8c3474b3ca2f89664bb3150c5 --incr --debug typical --relax --mt 2 -L xil_defaultlib -L unisims_ver -L unimacro_ver -L secureip --snapshot XBar_tb_behav xil_defaultlib.XBar_tb xil_defaultlib.glbl -log elaborate.log 
Using 2 slave threads.
Starting static elaboration
Pass Through NonSizing Optimizer
Completed static elaboration
Starting simulation data flow analysis
Completed simulation data flow analysis
Time Resolution for simulation is 1ps
Compiling module xil_defaultlib.XBar
Compiling module xil_defaultlib.XBar_tb
Compiling module xil_defaultlib.glbl
Built simulation snapshot XBar_tb_behav

****** Webtalk v2019.2 (64-bit)
  **** SW Build 2708876 on Wed Nov  6 21:40:23 MST 2019
  **** IP Build 2700528 on Thu Nov  7 00:09:20 MST 2019
    ** Copyright 1986-2019 Xilinx, Inc. All Rights Reserved.

source C:/Users/monke/Documents/GitHub/ReconHardware/PynqSoftware/Projects/XBar/XBar.sim/sim_1/behav/xsim/xsim.dir/XBar_tb_behav/webtalk/xsim_webtalk.tcl -notrace
INFO: [Common 17-186] 'C:/Users/monke/Documents/GitHub/ReconHardware/PynqSoftware/Projects/XBar/XBar.sim/sim_1/behav/xsim/xsim.dir/XBar_tb_behav/webtalk/usage_statistics_ext_xsim.xml' has been successfully sent to Xilinx on Sun Jul 26 14:04:52 2020. For additional details about this file, please refer to the WebTalk help file at C:/Xilinx/Vivado/2019.2/doc/webtalk_introduction.html.
INFO: [Common 17-206] Exiting Webtalk at Sun Jul 26 14:04:52 2020...
INFO: [USF-XSim-69] 'elaborate' step finished in '4' seconds
INFO: [USF-XSim-4] XSim::Simulate design
INFO: [USF-XSim-61] Executing 'SIMULATE' step in 'C:/Users/monke/Documents/GitHub/ReconHardware/PynqSoftware/Projects/XBar/XBar.sim/sim_1/behav/xsim'
INFO: [USF-XSim-98] *** Running xsim
   with args "XBar_tb_behav -key {Behavioral:sim_1:Functional:XBar_tb} -tclbatch {XBar_tb.tcl} -log {simulate.log}"
INFO: [USF-XSim-8] Loading simulator feature
Vivado Simulator 2019.2
Time resolution is 1 ps
source XBar_tb.tcl
# set curr_wave [current_wave_config]
# if { [string length $curr_wave] == 0 } {
#   if { [llength [get_objects]] > 0} {
#     add_wave /
#     set_property needs_save false [current_wave_config]
#   } else {
#      send_msg_id Add_Wave-1 WARNING "No top level signals found. Simulator will start without a wave window. If you want to open a wave window go to 'File->New Waveform Configuration' or type 'create_wave_config' in the TCL console."
#   }
# }
# log_wave -r /
INFO: [USF-XSim-96] XSim completed. Design snapshot 'XBar_tb_behav' loaded.
launch_simulation: Time (s): cpu = 00:00:04 ; elapsed = 00:00:09 . Memory (MB): peak = 1291.973 ; gain = 13.660
run 1 ns
run 1 ns
run 1 ns
run 1 ns
run 1 ns
run 1 ns
run 1 ns
run 1 ns
run 1 ns
run 1 ns
run 1 ns
run 1 ns
run 1 ns
run 1 ns
launch_runs impl_1 -jobs 4
[Sun Jul 26 14:05:40 2020] Launched impl_1...
Run output will be captured here: C:/Users/monke/Documents/GitHub/ReconHardware/PynqSoftware/Projects/XBar/XBar.runs/impl_1/runme.log
close_sim
INFO: [Simtcl 6-16] Simulation closed
exit
INFO: [Common 17-206] Exiting Vivado at Sun Jul 26 14:06:43 2020...
