INFO: [VRFC 10-2263] Analyzing Verilog file "C:/Users/monke/Documents/GitHub/ReconHardware/PynqSoftware/staticXBarMulti/staticXBarMulti.sim/sim_1/impl/func/xsim/XBarMulti_tb_func_impl.v" into library xil_defaultlib
INFO: [VRFC 10-311] analyzing module XBar
INFO: [VRFC 10-311] analyzing module dynamicMulti
INFO: [VRFC 10-311] analyzing module dynamicMulti__xdcDup__1
INFO: [VRFC 10-311] analyzing module dynamicMulti__xdcDup__2
INFO: [VRFC 10-311] analyzing module dynamicMulti__xdcDup__3
INFO: [VRFC 10-311] analyzing module dynamicMulti__xdcDup__4
INFO: [VRFC 10-311] analyzing module dynamicMulti__xdcDup__5
INFO: [VRFC 10-311] analyzing module dynamicMulti__xdcDup__6
INFO: [VRFC 10-311] analyzing module dynamicMulti__xdcDup__7
INFO: [VRFC 10-311] analyzing module multiplyCompute
INFO: [VRFC 10-311] analyzing module multiplyCompute_0
INFO: [VRFC 10-311] analyzing module multiplyCompute_1
INFO: [VRFC 10-311] analyzing module multiplyCompute_2
INFO: [VRFC 10-311] analyzing module multiplyCompute_3
INFO: [VRFC 10-311] analyzing module multiplyCompute_4
INFO: [VRFC 10-311] analyzing module multiplyCompute_5
INFO: [VRFC 10-311] analyzing module multiplyCompute_6
INFO: [VRFC 10-311] analyzing module multiplyXBar
INFO: [VRFC 10-311] analyzing module mux
INFO: [VRFC 10-311] analyzing module ps_Wrap
INFO: [VRFC 10-311] analyzing module ps_Wrap_ParallelBuffer_0_0
INFO: [VRFC 10-311] analyzing module ps_Wrap_ParallelBuffer_0_0_HD12
INFO: [VRFC 10-311] analyzing module ps_Wrap_ParallelBuffer_0_0_HD16
INFO: [VRFC 10-311] analyzing module ps_Wrap_ParallelBuffer_0_0_HD20
INFO: [VRFC 10-311] analyzing module ps_Wrap_ParallelBuffer_0_0_HD24
INFO: [VRFC 10-311] analyzing module ps_Wrap_ParallelBuffer_0_0_HD28
INFO: [VRFC 10-311] analyzing module ps_Wrap_ParallelBuffer_0_0_HD32
INFO: [VRFC 10-311] analyzing module ps_Wrap_ParallelBuffer_0_0_HD8
INFO: [VRFC 10-311] analyzing module ps_Wrap_ParallelBuffer_0_0_ParallelBuffer
INFO: [VRFC 10-311] analyzing module ps_Wrap_ParallelBuffer_0_0_ParallelBuffer_HD13
INFO: [VRFC 10-311] analyzing module ps_Wrap_ParallelBuffer_0_0_ParallelBuffer_HD17
INFO: [VRFC 10-311] analyzing module ps_Wrap_ParallelBuffer_0_0_ParallelBuffer_HD21
INFO: [VRFC 10-311] analyzing module ps_Wrap_ParallelBuffer_0_0_ParallelBuffer_HD25
INFO: [VRFC 10-311] analyzing module ps_Wrap_ParallelBuffer_0_0_ParallelBuffer_HD29
INFO: [VRFC 10-311] analyzing module ps_Wrap_ParallelBuffer_0_0_ParallelBuffer_HD33
INFO: [VRFC 10-311] analyzing module ps_Wrap_ParallelBuffer_0_0_ParallelBuffer_HD9
INFO: [VRFC 10-311] analyzing module ps_Wrap_ParallelBuffer_0_0_SingleBuffer
INFO: [VRFC 10-311] analyzing module ps_Wrap_ParallelBuffer_0_0_SingleBuffer_0
INFO: [VRFC 10-311] analyzing module ps_Wrap_ParallelBuffer_0_0_SingleBuffer_0_HD11
INFO: [VRFC 10-311] analyzing module ps_Wrap_ParallelBuffer_0_0_SingleBuffer_0_HD15
INFO: [VRFC 10-311] analyzing module ps_Wrap_ParallelBuffer_0_0_SingleBuffer_0_HD19
INFO: [VRFC 10-311] analyzing module ps_Wrap_ParallelBuffer_0_0_SingleBuffer_0_HD23
INFO: [VRFC 10-311] analyzing module ps_Wrap_ParallelBuffer_0_0_SingleBuffer_0_HD27
INFO: [VRFC 10-311] analyzing module ps_Wrap_ParallelBuffer_0_0_SingleBuffer_0_HD31
INFO: [VRFC 10-311] analyzing module ps_Wrap_ParallelBuffer_0_0_SingleBuffer_0_HD35
INFO: [VRFC 10-311] analyzing module ps_Wrap_ParallelBuffer_0_0_SingleBuffer_HD10
INFO: [VRFC 10-311] analyzing module ps_Wrap_ParallelBuffer_0_0_SingleBuffer_HD14
INFO: [VRFC 10-311] analyzing module ps_Wrap_ParallelBuffer_0_0_SingleBuffer_HD18
INFO: [VRFC 10-311] analyzing module ps_Wrap_ParallelBuffer_0_0_SingleBuffer_HD22
INFO: [VRFC 10-311] analyzing module ps_Wrap_ParallelBuffer_0_0_SingleBuffer_HD26
INFO: [VRFC 10-311] analyzing module ps_Wrap_ParallelBuffer_0_0_SingleBuffer_HD30
INFO: [VRFC 10-311] analyzing module ps_Wrap_ParallelBuffer_0_0_SingleBuffer_HD34
INFO: [VRFC 10-311] analyzing module ps_Wrap__xdcDup__1
INFO: [VRFC 10-311] analyzing module ps_Wrap__xdcDup__2
INFO: [VRFC 10-311] analyzing module ps_Wrap__xdcDup__3
INFO: [VRFC 10-311] analyzing module ps_Wrap__xdcDup__4
INFO: [VRFC 10-311] analyzing module ps_Wrap__xdcDup__5
INFO: [VRFC 10-311] analyzing module ps_Wrap__xdcDup__6
INFO: [VRFC 10-311] analyzing module ps_Wrap__xdcDup__7
INFO: [VRFC 10-311] analyzing module ps_Wrap_dataSplit_0_0
INFO: [VRFC 10-311] analyzing module ps_Wrap_dataSplit_0_0_HD43
INFO: [VRFC 10-311] analyzing module ps_Wrap_dataSplit_0_0_HD45
INFO: [VRFC 10-311] analyzing module ps_Wrap_dataSplit_0_0_HD47
INFO: [VRFC 10-311] analyzing module ps_Wrap_dataSplit_0_0_HD49
INFO: [VRFC 10-311] analyzing module ps_Wrap_dataSplit_0_0_HD51
INFO: [VRFC 10-311] analyzing module ps_Wrap_dataSplit_0_0_HD53
INFO: [VRFC 10-311] analyzing module ps_Wrap_dataSplit_0_0_HD55
INFO: [VRFC 10-311] analyzing module ps_Wrap_dataSplit_0_0_dataSplit
INFO: [VRFC 10-311] analyzing module ps_Wrap_dataSplit_0_0_dataSplit_HD44
INFO: [VRFC 10-311] analyzing module ps_Wrap_dataSplit_0_0_dataSplit_HD46
INFO: [VRFC 10-311] analyzing module ps_Wrap_dataSplit_0_0_dataSplit_HD48
INFO: [VRFC 10-311] analyzing module ps_Wrap_dataSplit_0_0_dataSplit_HD50
INFO: [VRFC 10-311] analyzing module ps_Wrap_dataSplit_0_0_dataSplit_HD52
INFO: [VRFC 10-311] analyzing module ps_Wrap_dataSplit_0_0_dataSplit_HD54
INFO: [VRFC 10-311] analyzing module ps_Wrap_dataSplit_0_0_dataSplit_HD56
INFO: [VRFC 10-311] analyzing module glbl
INFO: [VRFC 10-2263] Analyzing Verilog file "C:/Users/monke/Documents/GitHub/ReconHardware/PynqSoftware/staticXBarMulti/staticXBarMulti.srcs/sim_1/new/XBarMulti_tb.v" into library xil_defaultlib
INFO: [VRFC 10-311] analyzing module XBarMulti_tb
