Copyright 1986-2019 Xilinx, Inc. All Rights Reserved.
--------------------------------------------------------------------------------------------------
| Tool Version : Vivado v.2019.2 (win64) Build 2708876 Wed Nov  6 21:40:23 MST 2019
| Date         : Wed Jul  1 18:27:01 2020
| Host         : DESKTOP-D9F9TPQ running 64-bit major release  (build 9200)
| Command      : report_control_sets -verbose -file reconfigMultiplyBlock_control_sets_placed.rpt
| Design       : reconfigMultiplyBlock
| Device       : xc7z020
--------------------------------------------------------------------------------------------------

Control Set Information

Table of Contents
-----------------
1. Summary
2. Histogram
3. Flip-Flop Distribution
4. Detailed Control Set Information

1. Summary
----------

+----------------------------------------------------------+-------+
|                          Status                          | Count |
+----------------------------------------------------------+-------+
| Total control sets                                       |     4 |
|    Minimum number of control sets                        |     4 |
|    Addition due to synthesis replication                 |     0 |
|    Addition due to physical synthesis replication        |     0 |
| Unused register locations in slices containing registers |    13 |
+----------------------------------------------------------+-------+
* Control sets can be merged at opt_design using control_set_merge or merge_equivalent_drivers
** Run report_qor_suggestions for automated merging and remapping suggestions


2. Histogram
------------

+--------------------+-------+
|       Fanout       | Count |
+--------------------+-------+
| Total control sets |     4 |
| >= 0 to < 4        |     1 |
| >= 4 to < 6        |     2 |
| >= 6 to < 8        |     0 |
| >= 8 to < 10       |     1 |
| >= 10 to < 12      |     0 |
| >= 12 to < 14      |     0 |
| >= 14 to < 16      |     0 |
| >= 16              |     0 |
+--------------------+-------+
* Control sets can be remapped at either synth_design or opt_design


3. Flip-Flop Distribution
-------------------------

+--------------+-----------------------+------------------------+-----------------+--------------+
| Clock Enable | Synchronous Set/Reset | Asynchronous Set/Reset | Total Registers | Total Slices |
+--------------+-----------------------+------------------------+-----------------+--------------+
| No           | No                    | No                     |               3 |            2 |
| No           | No                    | Yes                    |               0 |            0 |
| No           | Yes                   | No                     |               0 |            0 |
| Yes          | No                    | No                     |               0 |            0 |
| Yes          | No                    | Yes                    |               0 |            0 |
| Yes          | Yes                   | No                     |              16 |            4 |
+--------------+-----------------------+------------------------+-----------------+--------------+


4. Detailed Control Set Information
-----------------------------------

+--------------+--------------------------------------------------------+------------------------------------------+------------------+----------------+
| Clock Signal |                      Enable Signal                     |             Set/Reset Signal             | Slice Load Count | Bel Load Count |
+--------------+--------------------------------------------------------+------------------------------------------+------------------+----------------+
|  Clk_IBUF    |                                                        |                                          |                2 |              3 |
|  Clk_IBUF    | psWrap/ParallelBuffer_0/inst/buff0/holdData            | psWrap/ParallelBuffer_0/inst/buff1/SR[0] |                1 |              4 |
|  Clk_IBUF    | psWrap/ParallelBuffer_0/inst/buff1/holdData[3]_i_1_n_0 | psWrap/ParallelBuffer_0/inst/buff1/SR[0] |                1 |              4 |
|  Clk_IBUF    | mCompute/product[7]_i_1_n_0                            | Rst_IBUF                                 |                2 |              8 |
+--------------+--------------------------------------------------------+------------------------------------------+------------------+----------------+


