#-----------------------------------------------------------
# Vivado v2019.2 (64-bit)
# SW Build 2708876 on Wed Nov  6 21:40:23 MST 2019
# IP Build 2700528 on Thu Nov  7 00:09:20 MST 2019
# Start of session at: Sun Jul 26 13:22:48 2020
# Process ID: 15528
# Current directory: C:/Users/monke/Documents/GitHub/ReconHardware/PynqSoftware/staticXBarMulti
# Command line: vivado.exe -gui_launcher_event rodinguilauncherevent14084 C:\Users\monke\Documents\GitHub\ReconHardware\PynqSoftware\staticXBarMulti\staticXBarMulti.xpr
# Log file: C:/Users/monke/Documents/GitHub/ReconHardware/PynqSoftware/staticXBarMulti/vivado.log
# Journal file: C:/Users/monke/Documents/GitHub/ReconHardware/PynqSoftware/staticXBarMulti\vivado.jou
#-----------------------------------------------------------
start_gui
open_project C:/Users/monke/Documents/GitHub/ReconHardware/PynqSoftware/staticXBarMulti/staticXBarMulti.xpr
Scanning sources...
Finished scanning sources
INFO: [IP_Flow 19-234] Refreshing IP repositories
INFO: [IP_Flow 19-1704] No user IP repositories specified
INFO: [IP_Flow 19-2313] Loaded Vivado IP repository 'C:/Xilinx/Vivado/2019.2/data/ip'.
open_project: Time (s): cpu = 00:00:13 ; elapsed = 00:00:08 . Memory (MB): peak = 1225.762 ; gain = 544.098
update_compile_order -fileset sources_1
exit
INFO: [Common 17-206] Exiting Vivado at Sun Jul 26 13:33:44 2020...
