INFO: [VRFC 10-2263] Analyzing Verilog file "C:/Users/monke/Documents/GitHub/ReconHardware/PynqSoftware/staticXBarMulti/staticXBarMulti.sim/sim_1/synth/timing/xsim/XBarMulti_tb_time_synth.v" into library xil_defaultlib
INFO: [VRFC 10-311] analyzing module XBar
INFO: [VRFC 10-311] analyzing module dynamicMulti
INFO: [VRFC 10-311] analyzing module dynamicMulti__xdcDup__1
INFO: [VRFC 10-311] analyzing module dynamicMulti__xdcDup__2
INFO: [VRFC 10-311] analyzing module dynamicMulti__xdcDup__3
INFO: [VRFC 10-311] analyzing module dynamicMulti__xdcDup__4
INFO: [VRFC 10-311] analyzing module dynamicMulti__xdcDup__5
INFO: [VRFC 10-311] analyzing module dynamicMulti__xdcDup__6
INFO: [VRFC 10-311] analyzing module dynamicMulti__xdcDup__7
INFO: [VRFC 10-311] analyzing module multiplyCompute
INFO: [VRFC 10-311] analyzing module multiplyCompute_0
INFO: [VRFC 10-311] analyzing module multiplyCompute_1
INFO: [VRFC 10-311] analyzing module multiplyCompute_2
INFO: [VRFC 10-311] analyzing module multiplyCompute_3
INFO: [VRFC 10-311] analyzing module multiplyCompute_4
INFO: [VRFC 10-311] analyzing module multiplyCompute_5
INFO: [VRFC 10-311] analyzing module multiplyCompute_6
INFO: [VRFC 10-311] analyzing module multiplyXBar
INFO: [VRFC 10-311] analyzing module mux
INFO: [VRFC 10-311] analyzing module ps_Wrap
INFO: [VRFC 10-311] analyzing module ps_Wrap_ParallelBuffer_0_0
INFO: [VRFC 10-311] analyzing module ps_Wrap_ParallelBuffer_0_0_HD64
INFO: [VRFC 10-311] analyzing module ps_Wrap_ParallelBuffer_0_0_HD68
INFO: [VRFC 10-311] analyzing module ps_Wrap_ParallelBuffer_0_0_HD72
INFO: [VRFC 10-311] analyzing module ps_Wrap_ParallelBuffer_0_0_HD76
INFO: [VRFC 10-311] analyzing module ps_Wrap_ParallelBuffer_0_0_HD80
INFO: [VRFC 10-311] analyzing module ps_Wrap_ParallelBuffer_0_0_HD84
INFO: [VRFC 10-311] analyzing module ps_Wrap_ParallelBuffer_0_0_HD88
INFO: [VRFC 10-311] analyzing module ps_Wrap_ParallelBuffer_0_0_ParallelBuffer
INFO: [VRFC 10-311] analyzing module ps_Wrap_ParallelBuffer_0_0_ParallelBuffer_HD65
INFO: [VRFC 10-311] analyzing module ps_Wrap_ParallelBuffer_0_0_ParallelBuffer_HD69
INFO: [VRFC 10-311] analyzing module ps_Wrap_ParallelBuffer_0_0_ParallelBuffer_HD73
INFO: [VRFC 10-311] analyzing module ps_Wrap_ParallelBuffer_0_0_ParallelBuffer_HD77
INFO: [VRFC 10-311] analyzing module ps_Wrap_ParallelBuffer_0_0_ParallelBuffer_HD81
INFO: [VRFC 10-311] analyzing module ps_Wrap_ParallelBuffer_0_0_ParallelBuffer_HD85
INFO: [VRFC 10-311] analyzing module ps_Wrap_ParallelBuffer_0_0_ParallelBuffer_HD89
INFO: [VRFC 10-311] analyzing module ps_Wrap_ParallelBuffer_0_0_SingleBuffer
INFO: [VRFC 10-311] analyzing module ps_Wrap_ParallelBuffer_0_0_SingleBuffer_0
INFO: [VRFC 10-311] analyzing module ps_Wrap_ParallelBuffer_0_0_SingleBuffer_0_HD67
INFO: [VRFC 10-311] analyzing module ps_Wrap_ParallelBuffer_0_0_SingleBuffer_0_HD71
INFO: [VRFC 10-311] analyzing module ps_Wrap_ParallelBuffer_0_0_SingleBuffer_0_HD75
INFO: [VRFC 10-311] analyzing module ps_Wrap_ParallelBuffer_0_0_SingleBuffer_0_HD79
INFO: [VRFC 10-311] analyzing module ps_Wrap_ParallelBuffer_0_0_SingleBuffer_0_HD83
INFO: [VRFC 10-311] analyzing module ps_Wrap_ParallelBuffer_0_0_SingleBuffer_0_HD87
INFO: [VRFC 10-311] analyzing module ps_Wrap_ParallelBuffer_0_0_SingleBuffer_0_HD91
INFO: [VRFC 10-311] analyzing module ps_Wrap_ParallelBuffer_0_0_SingleBuffer_HD66
INFO: [VRFC 10-311] analyzing module ps_Wrap_ParallelBuffer_0_0_SingleBuffer_HD70
INFO: [VRFC 10-311] analyzing module ps_Wrap_ParallelBuffer_0_0_SingleBuffer_HD74
INFO: [VRFC 10-311] analyzing module ps_Wrap_ParallelBuffer_0_0_SingleBuffer_HD78
INFO: [VRFC 10-311] analyzing module ps_Wrap_ParallelBuffer_0_0_SingleBuffer_HD82
INFO: [VRFC 10-311] analyzing module ps_Wrap_ParallelBuffer_0_0_SingleBuffer_HD86
INFO: [VRFC 10-311] analyzing module ps_Wrap_ParallelBuffer_0_0_SingleBuffer_HD90
INFO: [VRFC 10-311] analyzing module ps_Wrap__xdcDup__1
INFO: [VRFC 10-311] analyzing module ps_Wrap__xdcDup__2
INFO: [VRFC 10-311] analyzing module ps_Wrap__xdcDup__3
INFO: [VRFC 10-311] analyzing module ps_Wrap__xdcDup__4
INFO: [VRFC 10-311] analyzing module ps_Wrap__xdcDup__5
INFO: [VRFC 10-311] analyzing module ps_Wrap__xdcDup__6
INFO: [VRFC 10-311] analyzing module ps_Wrap__xdcDup__7
INFO: [VRFC 10-311] analyzing module ps_Wrap_dataSplit_0_0
INFO: [VRFC 10-311] analyzing module ps_Wrap_dataSplit_0_0_HD101
INFO: [VRFC 10-311] analyzing module ps_Wrap_dataSplit_0_0_HD103
INFO: [VRFC 10-311] analyzing module ps_Wrap_dataSplit_0_0_HD105
INFO: [VRFC 10-311] analyzing module ps_Wrap_dataSplit_0_0_HD107
INFO: [VRFC 10-311] analyzing module ps_Wrap_dataSplit_0_0_HD109
INFO: [VRFC 10-311] analyzing module ps_Wrap_dataSplit_0_0_HD111
INFO: [VRFC 10-311] analyzing module ps_Wrap_dataSplit_0_0_HD99
INFO: [VRFC 10-311] analyzing module ps_Wrap_dataSplit_0_0_dataSplit
INFO: [VRFC 10-311] analyzing module ps_Wrap_dataSplit_0_0_dataSplit_HD100
INFO: [VRFC 10-311] analyzing module ps_Wrap_dataSplit_0_0_dataSplit_HD102
INFO: [VRFC 10-311] analyzing module ps_Wrap_dataSplit_0_0_dataSplit_HD104
INFO: [VRFC 10-311] analyzing module ps_Wrap_dataSplit_0_0_dataSplit_HD106
INFO: [VRFC 10-311] analyzing module ps_Wrap_dataSplit_0_0_dataSplit_HD108
INFO: [VRFC 10-311] analyzing module ps_Wrap_dataSplit_0_0_dataSplit_HD110
INFO: [VRFC 10-311] analyzing module ps_Wrap_dataSplit_0_0_dataSplit_HD112
INFO: [VRFC 10-311] analyzing module glbl
INFO: [VRFC 10-2263] Analyzing Verilog file "C:/Users/monke/Documents/GitHub/ReconHardware/PynqSoftware/staticXBarMulti/staticXBarMulti.srcs/sim_1/new/XBarMulti_tb.v" into library xil_defaultlib
INFO: [VRFC 10-311] analyzing module XBarMulti_tb
