#-----------------------------------------------------------
# Vivado v2019.2 (64-bit)
# SW Build 2708876 on Wed Nov  6 21:40:23 MST 2019
# IP Build 2700528 on Thu Nov  7 00:09:20 MST 2019
# Start of session at: Sun Jul 12 13:48:21 2020
# Process ID: 8352
# Current directory: C:/Users/monke/Documents/GitHub/ReconHardware/PynqSoftware/dynamicXBarMulti
# Command line: vivado.exe -gui_launcher_event rodinguilauncherevent7020 C:\Users\monke\Documents\GitHub\ReconHardware\PynqSoftware\dynamicXBarMulti\dynamicXBarMulti.xpr
# Log file: C:/Users/monke/Documents/GitHub/ReconHardware/PynqSoftware/dynamicXBarMulti/vivado.log
# Journal file: C:/Users/monke/Documents/GitHub/ReconHardware/PynqSoftware/dynamicXBarMulti\vivado.jou
#-----------------------------------------------------------
start_gui
open_project C:/Users/monke/Documents/GitHub/ReconHardware/PynqSoftware/dynamicXBarMulti/dynamicXBarMulti.xpr
Scanning sources...
Finished scanning sources
INFO: [IP_Flow 19-234] Refreshing IP repositories
INFO: [IP_Flow 19-1704] No user IP repositories specified
INFO: [IP_Flow 19-2313] Loaded Vivado IP repository 'C:/Xilinx/Vivado/2019.2/data/ip'.
open_project: Time (s): cpu = 00:00:15 ; elapsed = 00:00:10 . Memory (MB): peak = 1170.695 ; gain = 490.910
update_compile_order -fileset sources_1
update_compile_order -fileset sources_1
export_ip_user_files -of_objects  [get_files C:/Users/monke/Documents/GitHub/ReconHardware/PynqSoftware/dynamicXBarMulti/dynamicXBarMulti.srcs/sources_1/imports/PynqSoftware/reconfigMultiplyBlock/reconfigMultiplyBlock.srcs/sources_1/new/reconfigMultiplyBlock.v] -no_script -reset -force -quiet
remove_files  C:/Users/monke/Documents/GitHub/ReconHardware/PynqSoftware/dynamicXBarMulti/dynamicXBarMulti.srcs/sources_1/imports/PynqSoftware/reconfigMultiplyBlock/reconfigMultiplyBlock.srcs/sources_1/new/reconfigMultiplyBlock.v
export_ip_user_files -of_objects  [get_files C:/Users/monke/Documents/GitHub/ReconHardware/PynqSoftware/dynamicXBarMulti/dynamicXBarMulti.srcs/sim_1/new/mux_tb.v] -no_script -reset -force -quiet
remove_files  -fileset sim_1 C:/Users/monke/Documents/GitHub/ReconHardware/PynqSoftware/dynamicXBarMulti/dynamicXBarMulti.srcs/sim_1/new/mux_tb.v
add_files -norecurse -scan_for_includes C:/Users/monke/Documents/GitHub/ReconHardware/PynqSoftware/dynamicMulti/dynamicMulti.srcs/sources_1/new/dynamicMulti.v
update_compile_order -fileset sources_1
reset_run synth_1
launch_runs synth_1 -jobs 4
[Sun Jul 12 13:54:59 2020] Launched synth_1...
Run output will be captured here: C:/Users/monke/Documents/GitHub/ReconHardware/PynqSoftware/dynamicXBarMulti/dynamicXBarMulti.runs/synth_1/runme.log
launch_runs impl_1 child_0_impl_1 child_1_impl_1 child_2_impl_1 child_3_impl_1 -jobs 4
[Sun Jul 12 13:55:41 2020] Launched impl_1...
Run output will be captured here: C:/Users/monke/Documents/GitHub/ReconHardware/PynqSoftware/dynamicXBarMulti/dynamicXBarMulti.runs/impl_1/runme.log
[Sun Jul 12 13:55:41 2020] Launched impl_1, child_0_impl_1, child_1_impl_1, child_2_impl_1, child_3_impl_1...
Run output will be captured here:
impl_1: C:/Users/monke/Documents/GitHub/ReconHardware/PynqSoftware/dynamicXBarMulti/dynamicXBarMulti.runs/impl_1/runme.log
child_0_impl_1: C:/Users/monke/Documents/GitHub/ReconHardware/PynqSoftware/dynamicXBarMulti/dynamicXBarMulti.runs/child_0_impl_1/runme.log
child_1_impl_1: C:/Users/monke/Documents/GitHub/ReconHardware/PynqSoftware/dynamicXBarMulti/dynamicXBarMulti.runs/child_1_impl_1/runme.log
child_2_impl_1: C:/Users/monke/Documents/GitHub/ReconHardware/PynqSoftware/dynamicXBarMulti/dynamicXBarMulti.runs/child_2_impl_1/runme.log
child_3_impl_1: C:/Users/monke/Documents/GitHub/ReconHardware/PynqSoftware/dynamicXBarMulti/dynamicXBarMulti.runs/child_3_impl_1/runme.log
exit
INFO: [Common 17-206] Exiting Vivado at Sun Jul 12 15:09:15 2020...
