Command: pr_verify -full_check -initial C:/GitHub/ReconHardware/PynqSoftware/Projects/Convolution_Accelerator/Convolution_Accelerator.runs/impl_1/Conv_Accel_Top_routed.dcp -additional C:/GitHub/ReconHardware/PynqSoftware/Projects/Convolution_Accelerator/Convolution_Accelerator.runs/child_1_impl_1/Conv_Accel_Top_routed.dcp -file child_1_impl_1_pr_verify.log
Wed Sep  9 20:58:35 2020

INFO: [Constraints 18-1020] PR Verify Summary:
DCP1: C:/GitHub/ReconHardware/PynqSoftware/Projects/Convolution_Accelerator/Convolution_Accelerator.runs/impl_1/Conv_Accel_Top_routed.dcp
  Number of reconfigurable modules compared = 7
  Number of partition pins compared         = 456
  Number of static tiles compared           = 5355
  Number of static sites compared           = 268
  Number of static cells compared           = 694
  Number of static routed nodes compared    = 15869
  Number of static routed pips compared     = 14926

DCP2: C:/GitHub/ReconHardware/PynqSoftware/Projects/Convolution_Accelerator/Convolution_Accelerator.runs/child_1_impl_1/Conv_Accel_Top_routed.dcp
  Number of reconfigurable modules compared = 7
  Number of partition pins compared         = 456
  Number of static tiles compared           = 5355
  Number of static sites compared           = 268
  Number of static cells compared           = 694
  Number of static routed nodes compared    = 15869
  Number of static routed pips compared     = 14926
INFO: [Vivado 12-3253] PR_VERIFY: check points C:/GitHub/ReconHardware/PynqSoftware/Projects/Convolution_Accelerator/Convolution_Accelerator.runs/impl_1/Conv_Accel_Top_routed.dcp and C:/GitHub/ReconHardware/PynqSoftware/Projects/Convolution_Accelerator/Convolution_Accelerator.runs/child_1_impl_1/Conv_Accel_Top_routed.dcp are compatible
