
*** Running vivado
    with args -log top.vds -m64 -product Vivado -mode batch -messageDb vivado.pb -notrace -source top.tcl



****** Vivado v2020.1 (64-bit)
  **** SW Build 2902540 on Wed May 27 19:54:49 MDT 2020
  **** IP Build 2902112 on Wed May 27 22:43:36 MDT 2020
    ** Copyright 1986-2020 Xilinx, Inc. All Rights Reserved.

source top.tcl -notrace
INFO: [IP_Flow 19-234] Refreshing IP repositories
INFO: [IP_Flow 19-1700] Loaded user IP repository 'c:/GitHub/ReconHardware/FPGA_Files/Sources/IP_Source'.
INFO: [IP_Flow 19-2313] Loaded Vivado IP repository 'C:/Xilinx/Vivado/2020.1/data/ip'.
Command: synth_design -top top -part xc7z020clg400-1
Starting synth_design
Attempting to get a license for feature 'Synthesis' and/or device 'xc7z020'
INFO: [Common 17-349] Got license for feature 'Synthesis' and/or device 'xc7z020'
INFO: [Device 21-403] Loading part xc7z020clg400-1

*** Running vivado
    with args -log top.vds -m64 -product Vivado -mode batch -messageDb vivado.pb -notrace -source top.tcl



****** Vivado v2020.1 (64-bit)
  **** SW Build 2902540 on Wed May 27 19:54:49 MDT 2020
  **** IP Build 2902112 on Wed May 27 22:43:36 MDT 2020
    ** Copyright 1986-2020 Xilinx, Inc. All Rights Reserved.

source top.tcl -notrace
INFO: [IP_Flow 19-234] Refreshing IP repositories
INFO: [IP_Flow 19-1700] Loaded user IP repository 'c:/GitHub/ReconHardware/FPGA_Files/Sources/IP_Source'.
INFO: [IP_Flow 19-2313] Loaded Vivado IP repository 'C:/Xilinx/Vivado/2020.1/data/ip'.
Command: synth_design -top top -part xc7z020clg400-1
Starting synth_design
Attempting to get a license for feature 'Synthesis' and/or device 'xc7z020'
INFO: [Common 17-349] Got license for feature 'Synthesis' and/or device 'xc7z020'
INFO: [Device 21-403] Loading part xc7z020clg400-1
INFO: [Synth 8-7079] Multithreading enabled for synth_design using a maximum of 2 processes.
INFO: [Synth 8-7078] Launching helper process for spawning children vivado processes
INFO: [Synth 8-7075] Helper process launched with PID 19216
---------------------------------------------------------------------------------
Starting RTL Elaboration : Time (s): cpu = 00:00:03 ; elapsed = 00:00:03 . Memory (MB): peak = 1079.812 ; gain = 0.000
---------------------------------------------------------------------------------
INFO: [Synth 8-6157] synthesizing module 'top' [C:/GitHub/ReconHardware/FPGA_Files/Projects/shifting_leds/shifting_leds.srcs/sources_1/new/top.v:3]
INFO: [Synth 8-6157] synthesizing module 'design_1_wrapper' [C:/GitHub/ReconHardware/FPGA_Files/Projects/shifting_leds/shifting_leds.srcs/sources_1/bd/design_1/hdl/design_1_wrapper.v:12]
INFO: [Synth 8-6157] synthesizing module 'design_1' [C:/GitHub/ReconHardware/FPGA_Files/Projects/shifting_leds/shifting_leds.srcs/sources_1/bd/design_1/synth/design_1.v:13]
INFO: [Synth 8-6157] synthesizing module 'design_1_processing_system7_0_0' [C:/GitHub/ReconHardware/FPGA_Files/Projects/shifting_leds/shifting_leds.runs/synth_1/.Xil/Vivado-3284-DESKTOP-D9F9TPQ/realtime/design_1_processing_system7_0_0_stub.v:6]
INFO: [Synth 8-6155] done synthesizing module 'design_1_processing_system7_0_0' (1#1) [C:/GitHub/ReconHardware/FPGA_Files/Projects/shifting_leds/shifting_leds.runs/synth_1/.Xil/Vivado-3284-DESKTOP-D9F9TPQ/realtime/design_1_processing_system7_0_0_stub.v:6]
WARNING: [Synth 8-7071] port 'USB0_PORT_INDCTL' of module 'design_1_processing_system7_0_0' is unconnected for instance 'processing_system7_0' [C:/GitHub/ReconHardware/FPGA_Files/Projects/shifting_leds/shifting_leds.srcs/sources_1/bd/design_1/synth/design_1.v:87]
WARNING: [Synth 8-7071] port 'USB0_VBUS_PWRSELECT' of module 'design_1_processing_system7_0_0' is unconnected for instance 'processing_system7_0' [C:/GitHub/ReconHardware/FPGA_Files/Projects/shifting_leds/shifting_leds.srcs/sources_1/bd/design_1/synth/design_1.v:87]
WARNING: [Synth 8-7071] port 'M_AXI_GP0_ARVALID' of module 'design_1_processing_system7_0_0' is unconnected for instance 'processing_system7_0' [C:/GitHub/ReconHardware/FPGA_Files/Projects/shifting_leds/shifting_leds.srcs/sources_1/bd/design_1/synth/design_1.v:87]
WARNING: [Synth 8-7071] port 'M_AXI_GP0_AWVALID' of module 'design_1_processing_system7_0_0' is unconnected for instance 'processing_system7_0' [C:/GitHub/ReconHardware/FPGA_Files/Projects/shifting_leds/shifting_leds.srcs/sources_1/bd/design_1/synth/design_1.v:87]
WARNING: [Synth 8-7071] port 'M_AXI_GP0_BREADY' of module 'design_1_processing_system7_0_0' is unconnected for instance 'processing_system7_0' [C:/GitHub/ReconHardware/FPGA_Files/Projects/shifting_leds/shifting_leds.srcs/sources_1/bd/design_1/synth/design_1.v:87]
WARNING: [Synth 8-7071] port 'M_AXI_GP0_RREADY' of module 'design_1_processing_system7_0_0' is unconnected for instance 'processing_system7_0' [C:/GitHub/ReconHardware/FPGA_Files/Projects/shifting_leds/shifting_leds.srcs/sources_1/bd/design_1/synth/design_1.v:87]
WARNING: [Synth 8-7071] port 'M_AXI_GP0_WLAST' of module 'design_1_processing_system7_0_0' is unconnected for instance 'processing_system7_0' [C:/GitHub/ReconHardware/FPGA_Files/Projects/shifting_leds/shifting_leds.srcs/sources_1/bd/design_1/synth/design_1.v:87]
WARNING: [Synth 8-7071] port 'M_AXI_GP0_WVALID' of module 'design_1_processing_system7_0_0' is unconnected for instance 'processing_system7_0' [C:/GitHub/ReconHardware/FPGA_Files/Projects/shifting_leds/shifting_leds.srcs/sources_1/bd/design_1/synth/design_1.v:87]
WARNING: [Synth 8-7071] port 'M_AXI_GP0_ARID' of module 'design_1_processing_system7_0_0' is unconnected for instance 'processing_system7_0' [C:/GitHub/ReconHardware/FPGA_Files/Projects/shifting_leds/shifting_leds.srcs/sources_1/bd/design_1/synth/design_1.v:87]
WARNING: [Synth 8-7071] port 'M_AXI_GP0_AWID' of module 'design_1_processing_system7_0_0' is unconnected for instance 'processing_system7_0' [C:/GitHub/ReconHardware/FPGA_Files/Projects/shifting_leds/shifting_leds.srcs/sources_1/bd/design_1/synth/design_1.v:87]
WARNING: [Synth 8-7071] port 'M_AXI_GP0_WID' of module 'design_1_processing_system7_0_0' is unconnected for instance 'processing_system7_0' [C:/GitHub/ReconHardware/FPGA_Files/Projects/shifting_leds/shifting_leds.srcs/sources_1/bd/design_1/synth/design_1.v:87]
WARNING: [Synth 8-7071] port 'M_AXI_GP0_ARBURST' of module 'design_1_processing_system7_0_0' is unconnected for instance 'processing_system7_0' [C:/GitHub/ReconHardware/FPGA_Files/Projects/shifting_leds/shifting_leds.srcs/sources_1/bd/design_1/synth/design_1.v:87]
WARNING: [Synth 8-7071] port 'M_AXI_GP0_ARLOCK' of module 'design_1_processing_system7_0_0' is unconnected for instance 'processing_system7_0' [C:/GitHub/ReconHardware/FPGA_Files/Projects/shifting_leds/shifting_leds.srcs/sources_1/bd/design_1/synth/design_1.v:87]
WARNING: [Synth 8-7071] port 'M_AXI_GP0_ARSIZE' of module 'design_1_processing_system7_0_0' is unconnected for instance 'processing_system7_0' [C:/GitHub/ReconHardware/FPGA_Files/Projects/shifting_leds/shifting_leds.srcs/sources_1/bd/design_1/synth/design_1.v:87]
WARNING: [Synth 8-7071] port 'M_AXI_GP0_AWBURST' of module 'design_1_processing_system7_0_0' is unconnected for instance 'processing_system7_0' [C:/GitHub/ReconHardware/FPGA_Files/Projects/shifting_leds/shifting_leds.srcs/sources_1/bd/design_1/synth/design_1.v:87]
WARNING: [Synth 8-7071] port 'M_AXI_GP0_AWLOCK' of module 'design_1_processing_system7_0_0' is unconnected for instance 'processing_system7_0' [C:/GitHub/ReconHardware/FPGA_Files/Projects/shifting_leds/shifting_leds.srcs/sources_1/bd/design_1/synth/design_1.v:87]
WARNING: [Synth 8-7071] port 'M_AXI_GP0_AWSIZE' of module 'design_1_processing_system7_0_0' is unconnected for instance 'processing_system7_0' [C:/GitHub/ReconHardware/FPGA_Files/Projects/shifting_leds/shifting_leds.srcs/sources_1/bd/design_1/synth/design_1.v:87]
WARNING: [Synth 8-7071] port 'M_AXI_GP0_ARPROT' of module 'design_1_processing_system7_0_0' is unconnected for instance 'processing_system7_0' [C:/GitHub/ReconHardware/FPGA_Files/Projects/shifting_leds/shifting_leds.srcs/sources_1/bd/design_1/synth/design_1.v:87]
WARNING: [Synth 8-7071] port 'M_AXI_GP0_AWPROT' of module 'design_1_processing_system7_0_0' is unconnected for instance 'processing_system7_0' [C:/GitHub/ReconHardware/FPGA_Files/Projects/shifting_leds/shifting_leds.srcs/sources_1/bd/design_1/synth/design_1.v:87]
WARNING: [Synth 8-7071] port 'M_AXI_GP0_ARADDR' of module 'design_1_processing_system7_0_0' is unconnected for instance 'processing_system7_0' [C:/GitHub/ReconHardware/FPGA_Files/Projects/shifting_leds/shifting_leds.srcs/sources_1/bd/design_1/synth/design_1.v:87]
WARNING: [Synth 8-7071] port 'M_AXI_GP0_AWADDR' of module 'design_1_processing_system7_0_0' is unconnected for instance 'processing_system7_0' [C:/GitHub/ReconHardware/FPGA_Files/Projects/shifting_leds/shifting_leds.srcs/sources_1/bd/design_1/synth/design_1.v:87]
WARNING: [Synth 8-7071] port 'M_AXI_GP0_WDATA' of module 'design_1_processing_system7_0_0' is unconnected for instance 'processing_system7_0' [C:/GitHub/ReconHardware/FPGA_Files/Projects/shifting_leds/shifting_leds.srcs/sources_1/bd/design_1/synth/design_1.v:87]
WARNING: [Synth 8-7071] port 'M_AXI_GP0_ARCACHE' of module 'design_1_processing_system7_0_0' is unconnected for instance 'processing_system7_0' [C:/GitHub/ReconHardware/FPGA_Files/Projects/shifting_leds/shifting_leds.srcs/sources_1/bd/design_1/synth/design_1.v:87]
WARNING: [Synth 8-7071] port 'M_AXI_GP0_ARLEN' of module 'design_1_processing_system7_0_0' is unconnected for instance 'processing_system7_0' [C:/GitHub/ReconHardware/FPGA_Files/Projects/shifting_leds/shifting_leds.srcs/sources_1/bd/design_1/synth/design_1.v:87]
WARNING: [Synth 8-7071] port 'M_AXI_GP0_ARQOS' of module 'design_1_processing_system7_0_0' is unconnected for instance 'processing_system7_0' [C:/GitHub/ReconHardware/FPGA_Files/Projects/shifting_leds/shifting_leds.srcs/sources_1/bd/design_1/synth/design_1.v:87]
WARNING: [Synth 8-7071] port 'M_AXI_GP0_AWCACHE' of module 'design_1_processing_system7_0_0' is unconnected for instance 'processing_system7_0' [C:/GitHub/ReconHardware/FPGA_Files/Projects/shifting_leds/shifting_leds.srcs/sources_1/bd/design_1/synth/design_1.v:87]
WARNING: [Synth 8-7071] port 'M_AXI_GP0_AWLEN' of module 'design_1_processing_system7_0_0' is unconnected for instance 'processing_system7_0' [C:/GitHub/ReconHardware/FPGA_Files/Projects/shifting_leds/shifting_leds.srcs/sources_1/bd/design_1/synth/design_1.v:87]
WARNING: [Synth 8-7071] port 'M_AXI_GP0_AWQOS' of module 'design_1_processing_system7_0_0' is unconnected for instance 'processing_system7_0' [C:/GitHub/ReconHardware/FPGA_Files/Projects/shifting_leds/shifting_leds.srcs/sources_1/bd/design_1/synth/design_1.v:87]
WARNING: [Synth 8-7071] port 'M_AXI_GP0_WSTRB' of module 'design_1_processing_system7_0_0' is unconnected for instance 'processing_system7_0' [C:/GitHub/ReconHardware/FPGA_Files/Projects/shifting_leds/shifting_leds.srcs/sources_1/bd/design_1/synth/design_1.v:87]
WARNING: [Synth 8-7023] instance 'processing_system7_0' of module 'design_1_processing_system7_0_0' has 65 connections declared, but only 36 given [C:/GitHub/ReconHardware/FPGA_Files/Projects/shifting_leds/shifting_leds.srcs/sources_1/bd/design_1/synth/design_1.v:87]
INFO: [Synth 8-6155] done synthesizing module 'design_1' (2#1) [C:/GitHub/ReconHardware/FPGA_Files/Projects/shifting_leds/shifting_leds.srcs/sources_1/bd/design_1/synth/design_1.v:13]
INFO: [Synth 8-6155] done synthesizing module 'design_1_wrapper' (3#1) [C:/GitHub/ReconHardware/FPGA_Files/Projects/shifting_leds/shifting_leds.srcs/sources_1/bd/design_1/hdl/design_1_wrapper.v:12]
WARNING: [Synth 8-7071] port 'DDR_addr' of module 'design_1_wrapper' is unconnected for instance 'nolabel_line10' [C:/GitHub/ReconHardware/FPGA_Files/Projects/shifting_leds/shifting_leds.srcs/sources_1/new/top.v:10]
WARNING: [Synth 8-7071] port 'DDR_ba' of module 'design_1_wrapper' is unconnected for instance 'nolabel_line10' [C:/GitHub/ReconHardware/FPGA_Files/Projects/shifting_leds/shifting_leds.srcs/sources_1/new/top.v:10]
WARNING: [Synth 8-7071] port 'DDR_cas_n' of module 'design_1_wrapper' is unconnected for instance 'nolabel_line10' [C:/GitHub/ReconHardware/FPGA_Files/Projects/shifting_leds/shifting_leds.srcs/sources_1/new/top.v:10]
WARNING: [Synth 8-7071] port 'DDR_ck_n' of module 'design_1_wrapper' is unconnected for instance 'nolabel_line10' [C:/GitHub/ReconHardware/FPGA_Files/Projects/shifting_leds/shifting_leds.srcs/sources_1/new/top.v:10]
WARNING: [Synth 8-7071] port 'DDR_ck_p' of module 'design_1_wrapper' is unconnected for instance 'nolabel_line10' [C:/GitHub/ReconHardware/FPGA_Files/Projects/shifting_leds/shifting_leds.srcs/sources_1/new/top.v:10]
WARNING: [Synth 8-7071] port 'DDR_cke' of module 'design_1_wrapper' is unconnected for instance 'nolabel_line10' [C:/GitHub/ReconHardware/FPGA_Files/Projects/shifting_leds/shifting_leds.srcs/sources_1/new/top.v:10]
WARNING: [Synth 8-7071] port 'DDR_cs_n' of module 'design_1_wrapper' is unconnected for instance 'nolabel_line10' [C:/GitHub/ReconHardware/FPGA_Files/Projects/shifting_leds/shifting_leds.srcs/sources_1/new/top.v:10]
WARNING: [Synth 8-7071] port 'DDR_dm' of module 'design_1_wrapper' is unconnected for instance 'nolabel_line10' [C:/GitHub/ReconHardware/FPGA_Files/Projects/shifting_leds/shifting_leds.srcs/sources_1/new/top.v:10]
WARNING: [Synth 8-7071] port 'DDR_dq' of module 'design_1_wrapper' is unconnected for instance 'nolabel_line10' [C:/GitHub/ReconHardware/FPGA_Files/Projects/shifting_leds/shifting_leds.srcs/sources_1/new/top.v:10]
WARNING: [Synth 8-7071] port 'DDR_dqs_n' of module 'design_1_wrapper' is unconnected for instance 'nolabel_line10' [C:/GitHub/ReconHardware/FPGA_Files/Projects/shifting_leds/shifting_leds.srcs/sources_1/new/top.v:10]
WARNING: [Synth 8-7071] port 'DDR_dqs_p' of module 'design_1_wrapper' is unconnected for instance 'nolabel_line10' [C:/GitHub/ReconHardware/FPGA_Files/Projects/shifting_leds/shifting_leds.srcs/sources_1/new/top.v:10]
WARNING: [Synth 8-7071] port 'DDR_odt' of module 'design_1_wrapper' is unconnected for instance 'nolabel_line10' [C:/GitHub/ReconHardware/FPGA_Files/Projects/shifting_leds/shifting_leds.srcs/sources_1/new/top.v:10]
WARNING: [Synth 8-7071] port 'DDR_ras_n' of module 'design_1_wrapper' is unconnected for instance 'nolabel_line10' [C:/GitHub/ReconHardware/FPGA_Files/Projects/shifting_leds/shifting_leds.srcs/sources_1/new/top.v:10]
WARNING: [Synth 8-7071] port 'DDR_reset_n' of module 'design_1_wrapper' is unconnected for instance 'nolabel_line10' [C:/GitHub/ReconHardware/FPGA_Files/Projects/shifting_leds/shifting_leds.srcs/sources_1/new/top.v:10]
WARNING: [Synth 8-7071] port 'DDR_we_n' of module 'design_1_wrapper' is unconnected for instance 'nolabel_line10' [C:/GitHub/ReconHardware/FPGA_Files/Projects/shifting_leds/shifting_leds.srcs/sources_1/new/top.v:10]
WARNING: [Synth 8-7071] port 'FIXED_IO_ddr_vrn' of module 'design_1_wrapper' is unconnected for instance 'nolabel_line10' [C:/GitHub/ReconHardware/FPGA_Files/Projects/shifting_leds/shifting_leds.srcs/sources_1/new/top.v:10]
WARNING: [Synth 8-7071] port 'FIXED_IO_ddr_vrp' of module 'design_1_wrapper' is unconnected for instance 'nolabel_line10' [C:/GitHub/ReconHardware/FPGA_Files/Projects/shifting_leds/shifting_leds.srcs/sources_1/new/top.v:10]
WARNING: [Synth 8-7071] port 'FIXED_IO_mio' of module 'design_1_wrapper' is unconnected for instance 'nolabel_line10' [C:/GitHub/ReconHardware/FPGA_Files/Projects/shifting_leds/shifting_leds.srcs/sources_1/new/top.v:10]
WARNING: [Synth 8-7071] port 'FIXED_IO_ps_clk' of module 'design_1_wrapper' is unconnected for instance 'nolabel_line10' [C:/GitHub/ReconHardware/FPGA_Files/Projects/shifting_leds/shifting_leds.srcs/sources_1/new/top.v:10]
WARNING: [Synth 8-7071] port 'FIXED_IO_ps_porb' of module 'design_1_wrapper' is unconnected for instance 'nolabel_line10' [C:/GitHub/ReconHardware/FPGA_Files/Projects/shifting_leds/shifting_leds.srcs/sources_1/new/top.v:10]
WARNING: [Synth 8-7071] port 'FIXED_IO_ps_srstb' of module 'design_1_wrapper' is unconnected for instance 'nolabel_line10' [C:/GitHub/ReconHardware/FPGA_Files/Projects/shifting_leds/shifting_leds.srcs/sources_1/new/top.v:10]
WARNING: [Synth 8-7023] instance 'nolabel_line10' of module 'design_1_wrapper' has 23 connections declared, but only 2 given [C:/GitHub/ReconHardware/FPGA_Files/Projects/shifting_leds/shifting_leds.srcs/sources_1/new/top.v:10]
INFO: [Synth 8-6157] synthesizing module 'shift_left' [C:/GitHub/ReconHardware/FPGA_Files/Projects/shifting_leds/shifting_leds.srcs/sources_1/new/shift_left.v:1]
INFO: [Synth 8-6155] done synthesizing module 'shift_left' (4#1) [C:/GitHub/ReconHardware/FPGA_Files/Projects/shifting_leds/shifting_leds.srcs/sources_1/new/shift_left.v:1]
INFO: [Synth 8-6155] done synthesizing module 'top' (5#1) [C:/GitHub/ReconHardware/FPGA_Files/Projects/shifting_leds/shifting_leds.srcs/sources_1/new/top.v:3]
---------------------------------------------------------------------------------
Finished RTL Elaboration : Time (s): cpu = 00:00:03 ; elapsed = 00:00:04 . Memory (MB): peak = 1120.645 ; gain = 40.832
---------------------------------------------------------------------------------
---------------------------------------------------------------------------------
Start Handling Custom Attributes
---------------------------------------------------------------------------------
---------------------------------------------------------------------------------
Finished Handling Custom Attributes : Time (s): cpu = 00:00:04 ; elapsed = 00:00:04 . Memory (MB): peak = 1138.555 ; gain = 58.742
---------------------------------------------------------------------------------
---------------------------------------------------------------------------------
Finished RTL Optimization Phase 1 : Time (s): cpu = 00:00:04 ; elapsed = 00:00:04 . Memory (MB): peak = 1138.555 ; gain = 58.742
---------------------------------------------------------------------------------
Netlist sorting complete. Time (s): cpu = 00:00:00 ; elapsed = 00:00:00.004 . Memory (MB): peak = 1138.555 ; gain = 0.000
INFO: [Project 1-570] Preparing netlist for logic optimization

Processing XDC Constraints
Initializing timing engine
Parsing XDC File [c:/GitHub/ReconHardware/FPGA_Files/Projects/shifting_leds/shifting_leds.srcs/sources_1/bd/design_1/ip/design_1_processing_system7_0_0/design_1_processing_system7_0_0/design_1_processing_system7_0_0_in_context.xdc] for cell 'nolabel_line10/design_1_i/processing_system7_0'
WARNING: [Vivado 12-584] No ports matched ''. [c:/GitHub/ReconHardware/FPGA_Files/Projects/shifting_leds/shifting_leds.srcs/sources_1/bd/design_1/ip/design_1_processing_system7_0_0/design_1_processing_system7_0_0/design_1_processing_system7_0_0_in_context.xdc:2]
Finished Parsing XDC File [c:/GitHub/ReconHardware/FPGA_Files/Projects/shifting_leds/shifting_leds.srcs/sources_1/bd/design_1/ip/design_1_processing_system7_0_0/design_1_processing_system7_0_0/design_1_processing_system7_0_0_in_context.xdc] for cell 'nolabel_line10/design_1_i/processing_system7_0'
Parsing XDC File [C:/GitHub/ReconHardware/FPGA_Files/Projects/shifting_leds/shifting_leds.srcs/constrs_1/new/leds.xdc]
Finished Parsing XDC File [C:/GitHub/ReconHardware/FPGA_Files/Projects/shifting_leds/shifting_leds.srcs/constrs_1/new/leds.xdc]
INFO: [Project 1-236] Implementation specific constraints were found while reading constraint file [C:/GitHub/ReconHardware/FPGA_Files/Projects/shifting_leds/shifting_leds.srcs/constrs_1/new/leds.xdc]. These constraints will be ignored for synthesis but will be used in implementation. Impacted constraints are listed in the file [.Xil/top_propImpl.xdc].
Resolution: To avoid this warning, move constraints listed in [.Xil/top_propImpl.xdc] to another XDC file and exclude this new file from synthesis with the used_in_synthesis property (File Properties dialog in GUI) and re-run elaboration/synthesis.
Parsing XDC File [C:/GitHub/ReconHardware/FPGA_Files/Projects/shifting_leds/shifting_leds.runs/synth_1/dont_touch.xdc]
Finished Parsing XDC File [C:/GitHub/ReconHardware/FPGA_Files/Projects/shifting_leds/shifting_leds.runs/synth_1/dont_touch.xdc]
Completed Processing XDC Constraints

Netlist sorting complete. Time (s): cpu = 00:00:00 ; elapsed = 00:00:00 . Memory (MB): peak = 1228.215 ; gain = 0.000
INFO: [Project 1-111] Unisim Transformation Summary:
No Unisim elements were transformed.

Constraint Validation Runtime : Time (s): cpu = 00:00:00 ; elapsed = 00:00:00.005 . Memory (MB): peak = 1228.215 ; gain = 0.000
---------------------------------------------------------------------------------
Finished Constraint Validation : Time (s): cpu = 00:00:08 ; elapsed = 00:00:09 . Memory (MB): peak = 1228.215 ; gain = 148.402
---------------------------------------------------------------------------------
---------------------------------------------------------------------------------
Start Loading Part and Timing Information
---------------------------------------------------------------------------------
Loading part: xc7z020clg400-1
---------------------------------------------------------------------------------
Finished Loading Part and Timing Information : Time (s): cpu = 00:00:08 ; elapsed = 00:00:09 . Memory (MB): peak = 1228.215 ; gain = 148.402
---------------------------------------------------------------------------------
---------------------------------------------------------------------------------
Start Applying 'set_property' XDC Constraints
---------------------------------------------------------------------------------
Applied set_property DONT_TOUCH = true for nolabel_line10/design_1_i. (constraint file  auto generated constraint, line ).
Applied set_property DONT_TOUCH = true for nolabel_line10/design_1_i/processing_system7_0. (constraint file  auto generated constraint, line ).
---------------------------------------------------------------------------------
Finished applying 'set_property' XDC Constraints : Time (s): cpu = 00:00:08 ; elapsed = 00:00:09 . Memory (MB): peak = 1228.215 ; gain = 148.402
---------------------------------------------------------------------------------
---------------------------------------------------------------------------------
Finished RTL Optimization Phase 2 : Time (s): cpu = 00:00:08 ; elapsed = 00:00:09 . Memory (MB): peak = 1228.215 ; gain = 148.402
---------------------------------------------------------------------------------
---------------------------------------------------------------------------------
Start RTL Component Statistics 
---------------------------------------------------------------------------------
Detailed RTL Component Info : 
+---Adders : 
	   2 Input   32 Bit       Adders := 1     
+---Registers : 
	                4 Bit    Registers := 1     
+---Muxes : 
	   2 Input   32 Bit        Muxes := 1     
	   2 Input    4 Bit        Muxes := 2     
---------------------------------------------------------------------------------
Finished RTL Component Statistics 
---------------------------------------------------------------------------------
---------------------------------------------------------------------------------
Start Part Resource Summary
---------------------------------------------------------------------------------
Part Resources:
DSPs: 220 (col length:60)
BRAMs: 280 (col length: RAMB18 60 RAMB36 30)
---------------------------------------------------------------------------------
Finished Part Resource Summary
---------------------------------------------------------------------------------
---------------------------------------------------------------------------------
Start Cross Boundary and Area Optimization
---------------------------------------------------------------------------------
---------------------------------------------------------------------------------
Finished Cross Boundary and Area Optimization : Time (s): cpu = 00:00:10 ; elapsed = 00:00:10 . Memory (MB): peak = 1228.215 ; gain = 148.402
---------------------------------------------------------------------------------
---------------------------------------------------------------------------------
Start Applying XDC Timing Constraints
---------------------------------------------------------------------------------
---------------------------------------------------------------------------------
Finished Applying XDC Timing Constraints : Time (s): cpu = 00:00:15 ; elapsed = 00:00:15 . Memory (MB): peak = 1228.215 ; gain = 148.402
---------------------------------------------------------------------------------
---------------------------------------------------------------------------------
Start Timing Optimization
---------------------------------------------------------------------------------
---------------------------------------------------------------------------------
Finished Timing Optimization : Time (s): cpu = 00:00:15 ; elapsed = 00:00:15 . Memory (MB): peak = 1239.957 ; gain = 160.145
---------------------------------------------------------------------------------
---------------------------------------------------------------------------------
Start Technology Mapping
---------------------------------------------------------------------------------
---------------------------------------------------------------------------------
Finished Technology Mapping : Time (s): cpu = 00:00:15 ; elapsed = 00:00:15 . Memory (MB): peak = 1240.527 ; gain = 160.715
---------------------------------------------------------------------------------
---------------------------------------------------------------------------------
Start IO Insertion
---------------------------------------------------------------------------------
---------------------------------------------------------------------------------
Start Flattening Before IO Insertion
---------------------------------------------------------------------------------
---------------------------------------------------------------------------------
Finished Flattening Before IO Insertion
---------------------------------------------------------------------------------
---------------------------------------------------------------------------------
Start Final Netlist Cleanup
---------------------------------------------------------------------------------
---------------------------------------------------------------------------------
Finished Final Netlist Cleanup
---------------------------------------------------------------------------------
---------------------------------------------------------------------------------
Finished IO Insertion : Time (s): cpu = 00:00:18 ; elapsed = 00:00:18 . Memory (MB): peak = 1247.266 ; gain = 167.453
---------------------------------------------------------------------------------
---------------------------------------------------------------------------------
Start Renaming Generated Instances
---------------------------------------------------------------------------------
---------------------------------------------------------------------------------
Finished Renaming Generated Instances : Time (s): cpu = 00:00:18 ; elapsed = 00:00:18 . Memory (MB): peak = 1247.266 ; gain = 167.453
---------------------------------------------------------------------------------
---------------------------------------------------------------------------------
Start Rebuilding User Hierarchy
---------------------------------------------------------------------------------
---------------------------------------------------------------------------------
Finished Rebuilding User Hierarchy : Time (s): cpu = 00:00:18 ; elapsed = 00:00:18 . Memory (MB): peak = 1247.266 ; gain = 167.453
---------------------------------------------------------------------------------
---------------------------------------------------------------------------------
Start Renaming Generated Ports
---------------------------------------------------------------------------------
---------------------------------------------------------------------------------
Finished Renaming Generated Ports : Time (s): cpu = 00:00:18 ; elapsed = 00:00:18 . Memory (MB): peak = 1247.266 ; gain = 167.453
---------------------------------------------------------------------------------
---------------------------------------------------------------------------------
Start Handling Custom Attributes
---------------------------------------------------------------------------------
---------------------------------------------------------------------------------
Finished Handling Custom Attributes : Time (s): cpu = 00:00:18 ; elapsed = 00:00:18 . Memory (MB): peak = 1247.266 ; gain = 167.453
---------------------------------------------------------------------------------
---------------------------------------------------------------------------------
Start Renaming Generated Nets
---------------------------------------------------------------------------------
---------------------------------------------------------------------------------
Finished Renaming Generated Nets : Time (s): cpu = 00:00:18 ; elapsed = 00:00:18 . Memory (MB): peak = 1247.266 ; gain = 167.453
---------------------------------------------------------------------------------
---------------------------------------------------------------------------------
Start Writing Synthesis Report
---------------------------------------------------------------------------------

Report BlackBoxes: 
+------+--------------------------------+----------+
|      |BlackBox name                   |Instances |
+------+--------------------------------+----------+
|1     |design_1_processing_system7_0_0 |         1|
+------+--------------------------------+----------+

Report Cell Usage: 
+------+------------------------------+------+
|      |Cell                          |Count |
+------+------------------------------+------+
|1     |design_1_processing_system7_0 |     1|
|2     |CARRY4                        |    16|
|3     |LUT2                          |    65|
|4     |LUT3                          |     1|
|5     |LUT4                          |     4|
|6     |LUT5                          |     1|
|7     |LUT6                          |     4|
|8     |FDRE                          |    36|
|9     |OBUF                          |     4|
+------+------------------------------+------+
---------------------------------------------------------------------------------
Finished Writing Synthesis Report : Time (s): cpu = 00:00:18 ; elapsed = 00:00:18 . Memory (MB): peak = 1247.266 ; gain = 167.453
---------------------------------------------------------------------------------
Synthesis finished with 0 errors, 0 critical warnings and 0 warnings.
Synthesis Optimization Runtime : Time (s): cpu = 00:00:13 ; elapsed = 00:00:17 . Memory (MB): peak = 1247.266 ; gain = 77.793
Synthesis Optimization Complete : Time (s): cpu = 00:00:18 ; elapsed = 00:00:18 . Memory (MB): peak = 1247.266 ; gain = 167.453
INFO: [Project 1-571] Translating synthesized netlist
Netlist sorting complete. Time (s): cpu = 00:00:00 ; elapsed = 00:00:00.004 . Memory (MB): peak = 1259.375 ; gain = 0.000
INFO: [Netlist 29-17] Analyzing 16 Unisim elements for replacement
INFO: [Netlist 29-28] Unisim Transformation completed in 0 CPU seconds
INFO: [Project 1-570] Preparing netlist for logic optimization
INFO: [Opt 31-138] Pushed 0 inverter(s) to 0 load pin(s).
Netlist sorting complete. Time (s): cpu = 00:00:00 ; elapsed = 00:00:00 . Memory (MB): peak = 1259.387 ; gain = 0.000
INFO: [Project 1-111] Unisim Transformation Summary:
No Unisim elements were transformed.

INFO: [Common 17-83] Releasing license: Synthesis
28 Infos, 53 Warnings, 0 Critical Warnings and 0 Errors encountered.
synth_design completed successfully
synth_design: Time (s): cpu = 00:00:22 ; elapsed = 00:00:23 . Memory (MB): peak = 1259.387 ; gain = 179.574
INFO: [Common 17-1381] The checkpoint 'C:/GitHub/ReconHardware/FPGA_Files/Projects/shifting_leds/shifting_leds.runs/synth_1/top.dcp' has been generated.
INFO: [runtcl-4] Executing : report_utilization -file top_utilization_synth.rpt -pb top_utilization_synth.pb
INFO: [Common 17-206] Exiting Vivado at Mon Feb  8 23:34:37 2021...
