Command: pr_verify -full_check -initial C:/GitHub/ReconHardware/FPGA_Files/Projects/shifting_leds/shifting_leds.runs/impl_1/top_routed.dcp -additional C:/GitHub/ReconHardware/FPGA_Files/Projects/shifting_leds/shifting_leds.runs/child_0_impl_1/top_routed.dcp -file child_0_impl_1_pr_verify.log
Tue Feb  9 00:02:47 2021

INFO: [Constraints 18-1020] PR Verify Summary:
DCP1: C:/GitHub/ReconHardware/FPGA_Files/Projects/shifting_leds/shifting_leds.runs/impl_1/top_routed.dcp
  Number of reconfigurable modules compared = 1
  Number of partition pins compared         = 6
  Number of static tiles compared           = 408
  Number of static sites compared           = 136
  Number of static cells compared           = 136
  Number of static routed nodes compared    = 6618
  Number of static routed pips compared     = 6382

DCP2: C:/GitHub/ReconHardware/FPGA_Files/Projects/shifting_leds/shifting_leds.runs/child_0_impl_1/top_routed.dcp
  Number of reconfigurable modules compared = 1
  Number of partition pins compared         = 6
  Number of static tiles compared           = 408
  Number of static sites compared           = 136
  Number of static cells compared           = 136
  Number of static routed nodes compared    = 6618
  Number of static routed pips compared     = 6382
INFO: [Vivado 12-3253] PR_VERIFY: check points C:/GitHub/ReconHardware/FPGA_Files/Projects/shifting_leds/shifting_leds.runs/impl_1/top_routed.dcp and C:/GitHub/ReconHardware/FPGA_Files/Projects/shifting_leds/shifting_leds.runs/child_0_impl_1/top_routed.dcp are compatible
