#-----------------------------------------------------------
# Webtalk v2017.4 (64-bit)
# SW Build 2086221 on Fri Dec 15 20:55:39 MST 2017
# 
# Start of session at: Tue Mar  9 16:09:58 2021
# Process ID: 8760
# Current directory: C:/GitHub/ReconHardware/FPGA_Files/Projects/PRwithZycap/imageProcessingVideoDisplay.sdk/webtalk
# Command line: wbtcv.exe -mode batch -source sdk_webtalk.tcl
# Log file: C:/GitHub/ReconHardware/FPGA_Files/Projects/PRwithZycap/imageProcessingVideoDisplay.sdk/webtalk/webtalk.log
# Journal file: C:/GitHub/ReconHardware/FPGA_Files/Projects/PRwithZycap/imageProcessingVideoDisplay.sdk/webtalk\webtalk.jou
#-----------------------------------------------------------
source sdk_webtalk.tcl
# webtalk_init -webtalk_dir C:\\GitHub\\ReconHardware\\FPGA_Files\\Projects\\PRwithZycap\\imageProcessingVideoDisplay.sdk\\webtalk
# webtalk_register_client -client project
# webtalk_add_data -client project -key date_generated -value "2021-03-09 16:09:57" -context "software_version_and_target_device"
# webtalk_add_data -client project -key product_version -value "SDK v2017.4" -context "software_version_and_target_device"
# webtalk_add_data -client project -key build_version -value "2017.4" -context "software_version_and_target_device"
# webtalk_add_data -client project -key os_platform -value "amd64" -context "software_version_and_target_device"
# webtalk_add_data -client project -key registration_id -value "211906792_0_0_107" -context "software_version_and_target_device"
# webtalk_add_data -client project -key tool_flow -value "SDK" -context "software_version_and_target_device"
# webtalk_add_data -client project -key beta -value "false" -context "software_version_and_target_device"
# webtalk_add_data -client project -key route_design -value "NA" -context "software_version_and_target_device"
# webtalk_add_data -client project -key target_family -value "NA" -context "software_version_and_target_device"
# webtalk_add_data -client project -key target_device -value "NA" -context "software_version_and_target_device"
# webtalk_add_data -client project -key target_package -value "NA" -context "software_version_and_target_device"
# webtalk_add_data -client project -key target_speed -value "NA" -context "software_version_and_target_device"
# webtalk_add_data -client project -key random_id -value "qnl9lna0rirv6753880ra18s7r" -context "software_version_and_target_device"
# webtalk_add_data -client project -key project_id -value "2017.4_2" -context "software_version_and_target_device"
# webtalk_add_data -client project -key project_iteration -value "2" -context "software_version_and_target_device"
# webtalk_add_data -client project -key os_name -value "Microsoft Windows 8 or later , 64-bit" -context "user_environment"
# webtalk_add_data -client project -key os_release -value "major release  (build 9200)" -context "user_environment"
# webtalk_add_data -client project -key cpu_name -value "Intel(R) Core(TM) i7-9700K CPU @ 3.60GHz" -context "user_environment"
# webtalk_add_data -client project -key cpu_speed -value "3600 MHz" -context "user_environment"
# webtalk_add_data -client project -key total_processors -value "1" -context "user_environment"
# webtalk_add_data -client project -key system_ram -value "17.093 GB" -context "user_environment"
# webtalk_register_client -client sdk
# webtalk_add_data -client sdk -key uid -value "1615327333706" -context "sdk\\\\hardware/1615327333706"
# webtalk_add_data -client sdk -key isZynq -value "true" -context "sdk\\\\hardware/1615327333706"
# webtalk_add_data -client sdk -key isZynqMP -value "false" -context "sdk\\\\hardware/1615327333706"
# webtalk_add_data -client sdk -key Processors -value "2" -context "sdk\\\\hardware/1615327333706"
# webtalk_add_data -client sdk -key VivadoVersion -value "2020.1" -context "sdk\\\\hardware/1615327333706"
# webtalk_add_data -client sdk -key Arch -value "zynq" -context "sdk\\\\hardware/1615327333706"
# webtalk_add_data -client sdk -key Device -value "7z020" -context "sdk\\\\hardware/1615327333706"
# webtalk_add_data -client sdk -key IsHandoff -value "true" -context "sdk\\\\hardware/1615327333706"
# webtalk_add_data -client sdk -key os -value "NA" -context "sdk\\\\hardware/1615327333706"
# webtalk_add_data -client sdk -key apptemplate -value "NA" -context "sdk\\\\hardware/1615327333706"
# webtalk_add_data -client sdk -key RecordType -value "HWCreation" -context "sdk\\\\hardware/1615327333706"
# webtalk_add_data -client sdk -key uid -value "1615327342906" -context "sdk\\\\bsp/1615327342906"
# webtalk_add_data -client sdk -key hwid -value "1615327333706" -context "sdk\\\\bsp/1615327342906"
# webtalk_add_data -client sdk -key os -value "standalone" -context "sdk\\\\bsp/1615327342906"
# webtalk_add_data -client sdk -key apptemplate -value "hello_world" -context "sdk\\\\bsp/1615327342906"
# webtalk_add_data -client sdk -key RecordType -value "BSPCreation" -context "sdk\\\\bsp/1615327342906"
# webtalk_add_data -client sdk -key uid -value "1615327347525" -context "sdk\\\\application/1615327347525"
# webtalk_add_data -client sdk -key hwid -value "1615327333706" -context "sdk\\\\application/1615327347525"
# webtalk_add_data -client sdk -key bspid -value "1615327342906" -context "sdk\\\\application/1615327347525"
# webtalk_add_data -client sdk -key newbsp -value "true" -context "sdk\\\\application/1615327347525"
# webtalk_add_data -client sdk -key os -value "standalone" -context "sdk\\\\application/1615327347525"
# webtalk_add_data -client sdk -key apptemplate -value "hello_world" -context "sdk\\\\application/1615327347525"
# webtalk_add_data -client sdk -key RecordType -value "APPCreation" -context "sdk\\\\application/1615327347525"
# webtalk_add_data -client sdk -key LangUsed -value "C" -context "sdk\\\\application/1615327347525"
# webtalk_add_data -client sdk -key Procused -value "ps7_cortexa9" -context "sdk\\\\application/1615327347525"
# webtalk_add_data -client sdk -key uid -value "1615327551167" -context "sdk\\\\hardware/1615327551167"
# webtalk_add_data -client sdk -key isZynq -value "true" -context "sdk\\\\hardware/1615327551167"
# webtalk_add_data -client sdk -key isZynqMP -value "false" -context "sdk\\\\hardware/1615327551167"
# webtalk_add_data -client sdk -key Processors -value "2" -context "sdk\\\\hardware/1615327551167"
# webtalk_add_data -client sdk -key VivadoVersion -value "2020.1" -context "sdk\\\\hardware/1615327551167"
# webtalk_add_data -client sdk -key Arch -value "zynq" -context "sdk\\\\hardware/1615327551167"
# webtalk_add_data -client sdk -key Device -value "7z020" -context "sdk\\\\hardware/1615327551167"
# webtalk_add_data -client sdk -key IsHandoff -value "true" -context "sdk\\\\hardware/1615327551167"
# webtalk_add_data -client sdk -key os -value "NA" -context "sdk\\\\hardware/1615327551167"
# webtalk_add_data -client sdk -key apptemplate -value "NA" -context "sdk\\\\hardware/1615327551167"
# webtalk_add_data -client sdk -key RecordType -value "HWCreation" -context "sdk\\\\hardware/1615327551167"
# webtalk_add_data -client sdk -key uid -value "1615327570874" -context "sdk\\\\bsp/1615327570874"
# webtalk_add_data -client sdk -key hwid -value "1615327551167" -context "sdk\\\\bsp/1615327570874"
# webtalk_add_data -client sdk -key os -value "standalone" -context "sdk\\\\bsp/1615327570874"
# webtalk_add_data -client sdk -key apptemplate -value "hello_world" -context "sdk\\\\bsp/1615327570874"
# webtalk_add_data -client sdk -key RecordType -value "BSPCreation" -context "sdk\\\\bsp/1615327570874"
# webtalk_add_data -client sdk -key uid -value "1615327572804" -context "sdk\\\\application/1615327572804"
# webtalk_add_data -client sdk -key hwid -value "1615327551167" -context "sdk\\\\application/1615327572804"
# webtalk_add_data -client sdk -key bspid -value "1615327570874" -context "sdk\\\\application/1615327572804"
# webtalk_add_data -client sdk -key newbsp -value "true" -context "sdk\\\\application/1615327572804"
# webtalk_add_data -client sdk -key os -value "standalone" -context "sdk\\\\application/1615327572804"
# webtalk_add_data -client sdk -key apptemplate -value "hello_world" -context "sdk\\\\application/1615327572804"
# webtalk_add_data -client sdk -key RecordType -value "APPCreation" -context "sdk\\\\application/1615327572804"
# webtalk_add_data -client sdk -key LangUsed -value "C" -context "sdk\\\\application/1615327572804"
# webtalk_add_data -client sdk -key Procused -value "ps7_cortexa9" -context "sdk\\\\application/1615327572804"
# webtalk_add_data -client sdk -key projSize -value "164.35546875" -context "sdk\\\\application/1615327572804"
# webtalk_add_data -client sdk -key uid -value "NA" -context "sdk\\\\bsp/1615327797417"
# webtalk_add_data -client sdk -key RecordType -value "ToolUsage" -context "sdk\\\\bsp/1615327797417"
# webtalk_add_data -client sdk -key BootgenCount -value "0" -context "sdk\\\\bsp/1615327797417"
# webtalk_add_data -client sdk -key DebugCount -value "2" -context "sdk\\\\bsp/1615327797417"
# webtalk_add_data -client sdk -key PerfCount -value "0" -context "sdk\\\\bsp/1615327797417"
# webtalk_add_data -client sdk -key FlashCount -value "0" -context "sdk\\\\bsp/1615327797417"
# webtalk_add_data -client sdk -key CrossTriggCount -value "0" -context "sdk\\\\bsp/1615327797417"
# webtalk_add_data -client sdk -key QemuDebugCount -value "0" -context "sdk\\\\bsp/1615327797417"
# webtalk_transmit -clientid 4294475935 -regid "211906792_0_0_107" -xml C:\\GitHub\\ReconHardware\\FPGA_Files\\Projects\\PRwithZycap\\imageProcessingVideoDisplay.sdk\\webtalk\\usage_statistics_ext_sdk.xml -html C:\\GitHub\\ReconHardware\\FPGA_Files\\Projects\\PRwithZycap\\imageProcessingVideoDisplay.sdk\\webtalk\\usage_statistics_ext_sdk.html -wdm C:\\GitHub\\ReconHardware\\FPGA_Files\\Projects\\PRwithZycap\\imageProcessingVideoDisplay.sdk\\webtalk\\sdk_webtalk.wdm -intro "<H3>SDK Usage Report</H3><BR>"
# webtalk_terminate
INFO: [Common 17-206] Exiting Webtalk at Tue Mar  9 16:10:02 2021...
