#-----------------------------------------------------------
# Vivado v2019.2 (64-bit)
# SW Build 2708876 on Wed Nov  6 21:40:23 MST 2019
# IP Build 2700528 on Thu Nov  7 00:09:20 MST 2019
# Start of session at: Sat Aug 22 15:01:02 2020
# Process ID: 16480
# Current directory: C:/Users/monke/Documents/GitHub/ReconHardware/PynqSoftware/Projects/dynamicMatrixAccel
# Command line: vivado.exe -gui_launcher_event rodinguilauncherevent9944 C:\Users\monke\Documents\GitHub\ReconHardware\PynqSoftware\Projects\dynamicMatrixAccel\dynamicMatrixAccel.xpr
# Log file: C:/Users/monke/Documents/GitHub/ReconHardware/PynqSoftware/Projects/dynamicMatrixAccel/vivado.log
# Journal file: C:/Users/monke/Documents/GitHub/ReconHardware/PynqSoftware/Projects/dynamicMatrixAccel\vivado.jou
#-----------------------------------------------------------
start_gui
open_project C:/Users/monke/Documents/GitHub/ReconHardware/PynqSoftware/Projects/dynamicMatrixAccel/dynamicMatrixAccel.xpr
INFO: [ProjectBase 1-489] The host OS only allows 260 characters in a normal path. The project is stored in a path with more than 80 characters. If you experience issues with IP, Block Designs, or files not being found, please consider moving the project to a location with a shorter path. Alternately consider using the OS subst command to map part of the path to a drive letter.
Current project path is 'C:/Users/monke/Documents/GitHub/ReconHardware/PynqSoftware/Projects/dynamicMatrixAccel'
Scanning sources...
Finished scanning sources
INFO: [IP_Flow 19-234] Refreshing IP repositories
INFO: [IP_Flow 19-1704] No user IP repositories specified
INFO: [IP_Flow 19-2313] Loaded Vivado IP repository 'C:/Xilinx/Vivado/2019.2/data/ip'.
open_project: Time (s): cpu = 00:00:14 ; elapsed = 00:00:08 . Memory (MB): peak = 1179.414 ; gain = 483.934
update_compile_order -fileset sources_1
set_property source_mgmt_mode DisplayOnly [current_project]
CRITICAL WARNING: [filemgmt 56-176] Module references are not supported in manual compile order mode and will be ignored.
export_ip_user_files -of_objects  [get_files C:/Users/monke/Documents/GitHub/ReconHardware/PynqSoftware/Projects/dynamicMatrixAccel/dynamicMatrixAccel.srcs/sources_1/bd/Convolution_Accel/Convolution_Accel.bd] -no_script -reset -force -quiet
remove_files  C:/Users/monke/Documents/GitHub/ReconHardware/PynqSoftware/Projects/dynamicMatrixAccel/dynamicMatrixAccel.srcs/sources_1/bd/Convolution_Accel/Convolution_Accel.bd
INFO: [IP_Flow 19-234] Refreshing IP repositories
INFO: [IP_Flow 19-1704] No user IP repositories specified
file delete -force C:/Users/monke/Documents/GitHub/ReconHardware/PynqSoftware/Projects/dynamicMatrixAccel/dynamicMatrixAccel.srcs/sources_1/bd/Convolution_Accel
CRITICAL WARNING: [filemgmt 56-176] Module references are not supported in manual compile order mode and will be ignored.
export_ip_user_files -of_objects  [get_files C:/Users/monke/Documents/GitHub/ReconHardware/PynqSoftware/Projects/dynamicMatrixAccel/dynamicMatrixAccel.srcs/sources_1/imports/Sources/General/matrixAccTopDevice.v] -no_script -reset -force -quiet
remove_files  C:/Users/monke/Documents/GitHub/ReconHardware/PynqSoftware/Projects/dynamicMatrixAccel/dynamicMatrixAccel.srcs/sources_1/imports/Sources/General/matrixAccTopDevice.v
file delete -force C:/Users/monke/Documents/GitHub/ReconHardware/PynqSoftware/Projects/dynamicMatrixAccel/dynamicMatrixAccel.srcs/sources_1/imports/Sources/General/matrixAccTopDevice.v
CRITICAL WARNING: [filemgmt 56-176] Module references are not supported in manual compile order mode and will be ignored.
export_ip_user_files -of_objects  [get_files C:/Users/monke/Documents/GitHub/ReconHardware/PynqSoftware/Projects/dynamicMatrixAccel/dynamicMatrixAccel.srcs/sources_1/imports/Sources/General/matrixAccelerator.v] -no_script -reset -force -quiet
remove_files  C:/Users/monke/Documents/GitHub/ReconHardware/PynqSoftware/Projects/dynamicMatrixAccel/dynamicMatrixAccel.srcs/sources_1/imports/Sources/General/matrixAccelerator.v
file delete -force C:/Users/monke/Documents/GitHub/ReconHardware/PynqSoftware/Projects/dynamicMatrixAccel/dynamicMatrixAccel.srcs/sources_1/imports/Sources/General/matrixAccelerator.v
CRITICAL WARNING: [filemgmt 56-176] Module references are not supported in manual compile order mode and will be ignored.
export_ip_user_files -of_objects  [get_files C:/Users/monke/Documents/GitHub/ReconHardware/PynqSoftware/Projects/dynamicMatrixAccel/dynamicMatrixAccel.srcs/sources_1/imports/Sources/General/aFIFO.v] -no_script -reset -force -quiet
remove_files  C:/Users/monke/Documents/GitHub/ReconHardware/PynqSoftware/Projects/dynamicMatrixAccel/dynamicMatrixAccel.srcs/sources_1/imports/Sources/General/aFIFO.v
file delete -force C:/Users/monke/Documents/GitHub/ReconHardware/PynqSoftware/Projects/dynamicMatrixAccel/dynamicMatrixAccel.srcs/sources_1/imports/Sources/General/aFIFO.v
export_ip_user_files -of_objects  [get_files C:/Users/monke/Documents/GitHub/ReconHardware/PynqSoftware/Projects/dynamicMatrixAccel/dynamicMatrixAccel.srcs/sources_1/imports/Sources/General/matrixControl3x3.v] -no_script -reset -force -quiet
remove_files  C:/Users/monke/Documents/GitHub/ReconHardware/PynqSoftware/Projects/dynamicMatrixAccel/dynamicMatrixAccel.srcs/sources_1/imports/Sources/General/matrixControl3x3.v
file delete -force C:/Users/monke/Documents/GitHub/ReconHardware/PynqSoftware/Projects/dynamicMatrixAccel/dynamicMatrixAccel.srcs/sources_1/imports/Sources/General/matrixControl3x3.v
CRITICAL WARNING: [filemgmt 56-176] Module references are not supported in manual compile order mode and will be ignored.
export_ip_user_files -of_objects  [get_files C:/Users/monke/Documents/GitHub/ReconHardware/PynqSoftware/Projects/dynamicMatrixAccel/dynamicMatrixAccel.srcs/sources_1/imports/Sources/General/XBar2.v] -no_script -reset -force -quiet
remove_files  C:/Users/monke/Documents/GitHub/ReconHardware/PynqSoftware/Projects/dynamicMatrixAccel/dynamicMatrixAccel.srcs/sources_1/imports/Sources/General/XBar2.v
file delete -force C:/Users/monke/Documents/GitHub/ReconHardware/PynqSoftware/Projects/dynamicMatrixAccel/dynamicMatrixAccel.srcs/sources_1/imports/Sources/General/XBar2.v
export_ip_user_files -of_objects  [get_files C:/Users/monke/Documents/GitHub/ReconHardware/PynqSoftware/Projects/dynamicMatrixAccel/dynamicMatrixAccel.srcs/sources_1/imports/Sources/Adder/adderFloat.v] -no_script -reset -force -quiet
remove_files  C:/Users/monke/Documents/GitHub/ReconHardware/PynqSoftware/Projects/dynamicMatrixAccel/dynamicMatrixAccel.srcs/sources_1/imports/Sources/Adder/adderFloat.v
file delete -force C:/Users/monke/Documents/GitHub/ReconHardware/PynqSoftware/Projects/dynamicMatrixAccel/dynamicMatrixAccel.srcs/sources_1/imports/Sources/Adder/adderFloat.v
CRITICAL WARNING: [filemgmt 56-176] Module references are not supported in manual compile order mode and will be ignored.
export_ip_user_files -of_objects  [get_files C:/Users/monke/Documents/GitHub/ReconHardware/PynqSoftware/Projects/dynamicMatrixAccel/dynamicMatrixAccel.srcs/sources_1/imports/Sources/Multiplier/floatmComputePynq.v] -no_script -reset -force -quiet
remove_files  C:/Users/monke/Documents/GitHub/ReconHardware/PynqSoftware/Projects/dynamicMatrixAccel/dynamicMatrixAccel.srcs/sources_1/imports/Sources/Multiplier/floatmComputePynq.v
file delete -force C:/Users/monke/Documents/GitHub/ReconHardware/PynqSoftware/Projects/dynamicMatrixAccel/dynamicMatrixAccel.srcs/sources_1/imports/Sources/Multiplier/floatmComputePynq.v
CRITICAL WARNING: [filemgmt 56-176] Module references are not supported in manual compile order mode and will be ignored.
export_ip_user_files -of_objects  [get_files C:/Users/monke/Documents/GitHub/ReconHardware/PynqSoftware/Projects/dynamicMatrixAccel/dynamicMatrixAccel.srcs/sources_1/imports/Sources/definitions.h] -no_script -reset -force -quiet
remove_files  C:/Users/monke/Documents/GitHub/ReconHardware/PynqSoftware/Projects/dynamicMatrixAccel/dynamicMatrixAccel.srcs/sources_1/imports/Sources/definitions.h
file delete -force C:/Users/monke/Documents/GitHub/ReconHardware/PynqSoftware/Projects/dynamicMatrixAccel/dynamicMatrixAccel.srcs/sources_1/imports/Sources/definitions.h
CRITICAL WARNING: [filemgmt 56-176] Module references are not supported in manual compile order mode and will be ignored.
add_files -norecurse -scan_for_includes {C:/Users/monke/Documents/GitHub/ReconHardware/PynqSoftware/Sources/General/matrixAccTopDevice.v C:/Users/monke/Documents/GitHub/ReconHardware/PynqSoftware/Sources/General/matrixAccelerator.v C:/Users/monke/Documents/GitHub/ReconHardware/PynqSoftware/Sources/General/matrixControl3x3.v C:/Users/monke/Documents/GitHub/ReconHardware/PynqSoftware/Sources/General/XBar2.v C:/Users/monke/Documents/GitHub/ReconHardware/PynqSoftware/Sources/General/aFIFO.v}
CRITICAL WARNING: [filemgmt 56-176] Module references are not supported in manual compile order mode and will be ignored.
add_files -norecurse -scan_for_includes C:/Users/monke/Documents/GitHub/ReconHardware/PynqSoftware/Sources/definitions.h
CRITICAL WARNING: [filemgmt 56-176] Module references are not supported in manual compile order mode and will be ignored.
add_files -norecurse -scan_for_includes {C:/Users/monke/Documents/GitHub/ReconHardware/PynqSoftware/Sources/Multiplier/multiplyComputePynq.v C:/Users/monke/Documents/GitHub/ReconHardware/PynqSoftware/Sources/Adder/adderFloat.v C:/Users/monke/Documents/GitHub/ReconHardware/PynqSoftware/Sources/Multiplier/floatmComputePynq.v C:/Users/monke/Documents/GitHub/ReconHardware/PynqSoftware/Sources/Adder/adder.v C:/Users/monke/Documents/GitHub/ReconHardware/PynqSoftware/Sources/Multiplier/fixedmultiplyCompute.v}
CRITICAL WARNING: [filemgmt 56-176] Module references are not supported in manual compile order mode and will be ignored.
set_property PR_FLOW 1 [current_project] 
set_property top matrixAccTopDevice [current_fileset]
CRITICAL WARNING: [filemgmt 56-176] Module references are not supported in manual compile order mode and will be ignored.
set_property top matrixAccelerator [current_fileset]
CRITICAL WARNING: [filemgmt 56-176] Module references are not supported in manual compile order mode and will be ignored.
set_property is_enabled false [get_files  C:/Users/monke/Documents/GitHub/ReconHardware/PynqSoftware/Sources/General/matrixAccTopDevice.v]
CRITICAL WARNING: [filemgmt 56-176] Module references are not supported in manual compile order mode and will be ignored.
create_partition_def -name multiplier -module floatmultiplyComputePynq
CRITICAL WARNING: [filemgmt 56-176] Module references are not supported in manual compile order mode and will be ignored.
create_reconfig_module -name floatmultiplyComputePynq -partition_def [get_partition_defs multiplier ]  -define_from floatmultiplyComputePynq
CRITICAL WARNING: [filemgmt 56-176] Module references are not supported in manual compile order mode and will be ignored.
INFO: [Vivado 12-2924] Moving file 'C:/Users/monke/Documents/GitHub/ReconHardware/PynqSoftware/Sources/Multiplier/floatmComputePynq.v' from fileset 'sources_1' to fileset 'floatmultiplyComputePynq'.
INFO: [Vivado 12-2924] Copying file 'C:/Users/monke/Documents/GitHub/ReconHardware/PynqSoftware/Sources/definitions.h' from fileset 'sources_1' to fileset 'floatmultiplyComputePynq'.
CRITICAL WARNING: [filemgmt 56-176] Module references are not supported in manual compile order mode and will be ignored.
create_partition_def -name adder -module adderFloat
CRITICAL WARNING: [filemgmt 56-176] Module references are not supported in manual compile order mode and will be ignored.
create_reconfig_module -name adderFloat -partition_def [get_partition_defs adder ]  -define_from adderFloat
CRITICAL WARNING: [filemgmt 56-176] Module references are not supported in manual compile order mode and will be ignored.
INFO: [Vivado 12-2924] Moving file 'C:/Users/monke/Documents/GitHub/ReconHardware/PynqSoftware/Sources/Adder/adderFloat.v' from fileset 'sources_1' to fileset 'adderFloat'.
INFO: [Vivado 12-2924] Copying file 'C:/Users/monke/Documents/GitHub/ReconHardware/PynqSoftware/Sources/definitions.h' from fileset 'sources_1' to fileset 'adderFloat'.
CRITICAL WARNING: [filemgmt 56-176] Module references are not supported in manual compile order mode and will be ignored.
set_property name Float [get_reconfig_modules floatmultiplyComputePynq]
create_reconfig_module -name adder -partition_def [get_partition_defs adder ] 
add_files -norecurse -scan_for_includes C:/Users/monke/Documents/GitHub/ReconHardware/PynqSoftware/Sources/Adder/adder.v C:/Users/monke/Documents/GitHub/ReconHardware/PynqSoftware/Sources/definitions.h  -of_objects [get_reconfig_modules adder]
create_reconfig_module -name Integer -partition_def [get_partition_defs multiplier ] 
add_files -norecurse -scan_for_includes C:/Users/monke/Documents/GitHub/ReconHardware/PynqSoftware/Sources/Multiplier/multiplyComputePynq.v C:/Users/monke/Documents/GitHub/ReconHardware/PynqSoftware/Sources/definitions.h  -of_objects [get_reconfig_modules Integer]
create_reconfig_module -name Fixed -partition_def [get_partition_defs multiplier ] 
add_files -norecurse -scan_for_includes C:/Users/monke/Documents/GitHub/ReconHardware/PynqSoftware/Sources/Multiplier/fixedmultiplyCompute.v C:/Users/monke/Documents/GitHub/ReconHardware/PynqSoftware/Sources/definitions.h  -of_objects [get_reconfig_modules Fixed]
create_pr_configuration -name config_1 -partitions [list finalAdder:adderFloat genblk4[0].outputAdder:adderFloat genblk4[1].outputAdder:adderFloat genblk4[2].outputAdder:adderFloat genblk3[0].inputMulti:Float genblk3[1].inputMulti:Float genblk3[2].inputMulti:Float ]
create_pr_configuration -name config_2 -partitions [list finalAdder:adder genblk4[0].outputAdder:adder genblk4[1].outputAdder:adder genblk4[2].outputAdder:adder genblk3[0].inputMulti:Integer genblk3[1].inputMulti:Integer genblk3[2].inputMulti:Integer ]
create_pr_configuration -name config_3 -partitions [list finalAdder:adder genblk4[0].outputAdder:adder genblk4[1].outputAdder:adder genblk4[2].outputAdder:adder genblk3[0].inputMulti:Fixed genblk3[1].inputMulti:Fixed genblk3[2].inputMulti:Fixed ]
set_property PR_CONFIGURATION config_1 [get_runs impl_1]
create_run child_0_impl_1 -parent_run impl_1 -flow {Vivado Implementation 2019} -pr_config config_2
Run is defaulting to parent run srcset: sources_1
Run is defaulting to parent run constrset: constrs_1
Run is defaulting to parent run part: xc7z020clg400-1
create_run child_1_impl_1 -parent_run impl_1 -flow {Vivado Implementation 2019} -pr_config config_3
Run is defaulting to parent run srcset: sources_1
Run is defaulting to parent run constrset: constrs_1
Run is defaulting to parent run part: xc7z020clg400-1
launch_runs synth_1 -jobs 4
[Sat Aug 22 15:20:29 2020] Launched Float_synth_1, adderFloat_synth_1, adder_synth_1, Integer_synth_1, Fixed_synth_1...
Run output will be captured here:
Float_synth_1: C:/Users/monke/Documents/GitHub/ReconHardware/PynqSoftware/Projects/dynamicMatrixAccel/dynamicMatrixAccel.runs/Float_synth_1/runme.log
adderFloat_synth_1: C:/Users/monke/Documents/GitHub/ReconHardware/PynqSoftware/Projects/dynamicMatrixAccel/dynamicMatrixAccel.runs/adderFloat_synth_1/runme.log
adder_synth_1: C:/Users/monke/Documents/GitHub/ReconHardware/PynqSoftware/Projects/dynamicMatrixAccel/dynamicMatrixAccel.runs/adder_synth_1/runme.log
Integer_synth_1: C:/Users/monke/Documents/GitHub/ReconHardware/PynqSoftware/Projects/dynamicMatrixAccel/dynamicMatrixAccel.runs/Integer_synth_1/runme.log
Fixed_synth_1: C:/Users/monke/Documents/GitHub/ReconHardware/PynqSoftware/Projects/dynamicMatrixAccel/dynamicMatrixAccel.runs/Fixed_synth_1/runme.log
[Sat Aug 22 15:20:30 2020] Launched synth_1...
Run output will be captured here: C:/Users/monke/Documents/GitHub/ReconHardware/PynqSoftware/Projects/dynamicMatrixAccel/dynamicMatrixAccel.runs/synth_1/runme.log
open_run synth_1 -name synth_1 -pr_config [current_pr_configuration]
Design is defaulting to impl run constrset: constrs_1
Design is defaulting to synth run part: xc7z020clg400-1
INFO: [Device 21-403] Loading part xc7z020clg400-1
INFO: [Project 1-454] Reading design checkpoint 'C:/Users/monke/Documents/GitHub/ReconHardware/PynqSoftware/Projects/dynamicMatrixAccel/dynamicMatrixAccel.runs/adderFloat_synth_1/adderFloat.dcp' for cell 'finalAdder'
INFO: [Project 1-454] Reading design checkpoint 'C:/Users/monke/Documents/GitHub/ReconHardware/PynqSoftware/Projects/dynamicMatrixAccel/dynamicMatrixAccel.runs/Float_synth_1/floatmultiplyComputePynq.dcp' for cell 'genblk3[0].inputMulti'
INFO: [Project 1-454] Reading design checkpoint 'C:/Users/monke/Documents/GitHub/ReconHardware/PynqSoftware/Projects/dynamicMatrixAccel/dynamicMatrixAccel.runs/Float_synth_1/floatmultiplyComputePynq.dcp' for cell 'genblk3[1].inputMulti'
INFO: [Project 1-454] Reading design checkpoint 'C:/Users/monke/Documents/GitHub/ReconHardware/PynqSoftware/Projects/dynamicMatrixAccel/dynamicMatrixAccel.runs/Float_synth_1/floatmultiplyComputePynq.dcp' for cell 'genblk3[2].inputMulti'
INFO: [Project 1-454] Reading design checkpoint 'C:/Users/monke/Documents/GitHub/ReconHardware/PynqSoftware/Projects/dynamicMatrixAccel/dynamicMatrixAccel.runs/adderFloat_synth_1/adderFloat.dcp' for cell 'genblk4[0].outputAdder'
INFO: [Project 1-454] Reading design checkpoint 'C:/Users/monke/Documents/GitHub/ReconHardware/PynqSoftware/Projects/dynamicMatrixAccel/dynamicMatrixAccel.runs/adderFloat_synth_1/adderFloat.dcp' for cell 'genblk4[1].outputAdder'
INFO: [Project 1-454] Reading design checkpoint 'C:/Users/monke/Documents/GitHub/ReconHardware/PynqSoftware/Projects/dynamicMatrixAccel/dynamicMatrixAccel.runs/adderFloat_synth_1/adderFloat.dcp' for cell 'genblk4[2].outputAdder'
Netlist sorting complete. Time (s): cpu = 00:00:00 ; elapsed = 00:00:00.029 . Memory (MB): peak = 1600.910 ; gain = 0.000
INFO: [Netlist 29-17] Analyzing 263 Unisim elements for replacement
INFO: [Netlist 29-28] Unisim Transformation completed in 0 CPU seconds
INFO: [Project 1-479] Netlist was created with Vivado 2019.2
INFO: [Project 1-570] Preparing netlist for logic optimization
INFO: [Opt 31-140] Inserted 102 IBUFs to IO ports without IO buffers.
INFO: [Opt 31-141] Inserted 3 OBUFs to IO ports without IO buffers.
INFO: [Opt 31-138] Pushed 0 inverter(s) to 0 load pin(s).
Netlist sorting complete. Time (s): cpu = 00:00:00 ; elapsed = 00:00:00.001 . Memory (MB): peak = 1687.129 ; gain = 0.000
INFO: [Project 1-111] Unisim Transformation Summary:
No Unisim elements were transformed.

open_run: Time (s): cpu = 00:00:11 ; elapsed = 00:00:09 . Memory (MB): peak = 1836.742 ; gain = 527.191
launch_runs impl_1 child_0_impl_1 child_1_impl_1 -jobs 4
Netlist sorting complete. Time (s): cpu = 00:00:00 ; elapsed = 00:00:00.001 . Memory (MB): peak = 2267.207 ; gain = 0.000
WARNING: [Constraints 18-5210] No constraints selected for write.
Resolution: This message can indicate that there are no constraints for the design, or it can indicate that the used_in flags are set such that the constraints are ignored. This later case is used when running synth_design to not write synthesis constraints to the resulting checkpoint. Instead, project constraints are read when the synthesized design is opened.
[Sat Aug 22 15:22:51 2020] Launched impl_1...
Run output will be captured here: C:/Users/monke/Documents/GitHub/ReconHardware/PynqSoftware/Projects/dynamicMatrixAccel/dynamicMatrixAccel.runs/impl_1/runme.log
[Sat Aug 22 15:22:51 2020] Launched impl_1, child_0_impl_1, child_1_impl_1...
Run output will be captured here:
impl_1: C:/Users/monke/Documents/GitHub/ReconHardware/PynqSoftware/Projects/dynamicMatrixAccel/dynamicMatrixAccel.runs/impl_1/runme.log
child_0_impl_1: C:/Users/monke/Documents/GitHub/ReconHardware/PynqSoftware/Projects/dynamicMatrixAccel/dynamicMatrixAccel.runs/child_0_impl_1/runme.log
child_1_impl_1: C:/Users/monke/Documents/GitHub/ReconHardware/PynqSoftware/Projects/dynamicMatrixAccel/dynamicMatrixAccel.runs/child_1_impl_1/runme.log
exit
INFO: [Common 17-206] Exiting Vivado at Sat Aug 22 15:23:59 2020...
