Copyright 1986-2019 Xilinx, Inc. All Rights Reserved.
---------------------------------------------------------------------------------------------------------------------------------------------------------------------
| Tool Version : Vivado v.2019.2 (win64) Build 2708876 Wed Nov  6 21:40:23 MST 2019
| Date         : Sun Aug 16 14:16:59 2020
| Host         : DESKTOP-D9F9TPQ running 64-bit major release  (build 9200)
| Command      : report_drc -file Convolution_Accel_wrapper_drc_routed.rpt -pb Convolution_Accel_wrapper_drc_routed.pb -rpx Convolution_Accel_wrapper_drc_routed.rpx
| Design       : Convolution_Accel_wrapper
| Device       : xc7z020clg400-1
| Speed File   : -1
| Design State : Fully Routed
---------------------------------------------------------------------------------------------------------------------------------------------------------------------

Report DRC

Table of Contents
-----------------
1. REPORT SUMMARY
2. REPORT DETAILS

1. REPORT SUMMARY
-----------------
            Netlist: netlist
          Floorplan: design_1
      Design limits: <entire design considered>
           Ruledeck: default
             Max violations: <unlimited>
             Violations found: 12
+--------+----------+------------------------+------------+
| Rule   | Severity | Description            | Violations |
+--------+----------+------------------------+------------+
| DPIP-1 | Warning  | Input pipelining       | 6          |
| DPOP-1 | Warning  | PREG Output pipelining | 3          |
| DPOP-2 | Warning  | MREG Output pipelining | 3          |
+--------+----------+------------------------+------------+

2. REPORT DETAILS
-----------------
DPIP-1#1 Warning
Input pipelining  
DSP Convolution_Accel_i/matrixAccTopDevice_0/inst/matrixAccel/genblk3[0].inputMulti/product_man2 input Convolution_Accel_i/matrixAccTopDevice_0/inst/matrixAccel/genblk3[0].inputMulti/product_man2/A[29:0] is not pipelined. Pipelining DSP48 input will improve performance.
Related violations: <none>

DPIP-1#2 Warning
Input pipelining  
DSP Convolution_Accel_i/matrixAccTopDevice_0/inst/matrixAccel/genblk3[0].inputMulti/product_man2 input Convolution_Accel_i/matrixAccTopDevice_0/inst/matrixAccel/genblk3[0].inputMulti/product_man2/B[17:0] is not pipelined. Pipelining DSP48 input will improve performance.
Related violations: <none>

DPIP-1#3 Warning
Input pipelining  
DSP Convolution_Accel_i/matrixAccTopDevice_0/inst/matrixAccel/genblk3[1].inputMulti/product_man2 input Convolution_Accel_i/matrixAccTopDevice_0/inst/matrixAccel/genblk3[1].inputMulti/product_man2/A[29:0] is not pipelined. Pipelining DSP48 input will improve performance.
Related violations: <none>

DPIP-1#4 Warning
Input pipelining  
DSP Convolution_Accel_i/matrixAccTopDevice_0/inst/matrixAccel/genblk3[1].inputMulti/product_man2 input Convolution_Accel_i/matrixAccTopDevice_0/inst/matrixAccel/genblk3[1].inputMulti/product_man2/B[17:0] is not pipelined. Pipelining DSP48 input will improve performance.
Related violations: <none>

DPIP-1#5 Warning
Input pipelining  
DSP Convolution_Accel_i/matrixAccTopDevice_0/inst/matrixAccel/genblk3[2].inputMulti/product_man2 input Convolution_Accel_i/matrixAccTopDevice_0/inst/matrixAccel/genblk3[2].inputMulti/product_man2/A[29:0] is not pipelined. Pipelining DSP48 input will improve performance.
Related violations: <none>

DPIP-1#6 Warning
Input pipelining  
DSP Convolution_Accel_i/matrixAccTopDevice_0/inst/matrixAccel/genblk3[2].inputMulti/product_man2 input Convolution_Accel_i/matrixAccTopDevice_0/inst/matrixAccel/genblk3[2].inputMulti/product_man2/B[17:0] is not pipelined. Pipelining DSP48 input will improve performance.
Related violations: <none>

DPOP-1#1 Warning
PREG Output pipelining  
DSP Convolution_Accel_i/matrixAccTopDevice_0/inst/matrixAccel/genblk3[0].inputMulti/product_man2 output Convolution_Accel_i/matrixAccTopDevice_0/inst/matrixAccel/genblk3[0].inputMulti/product_man2/P[47:0] is not pipelined (PREG=0). Pipelining the DSP48 output will improve performance and often saves power so it is suggested whenever possible to fully pipeline this function.  If this DSP48 function was inferred, it is suggested to describe an additional register stage after this function.  If the DSP48 was instantiated in the design, it is suggested to set the PREG attribute to 1.
Related violations: <none>

DPOP-1#2 Warning
PREG Output pipelining  
DSP Convolution_Accel_i/matrixAccTopDevice_0/inst/matrixAccel/genblk3[1].inputMulti/product_man2 output Convolution_Accel_i/matrixAccTopDevice_0/inst/matrixAccel/genblk3[1].inputMulti/product_man2/P[47:0] is not pipelined (PREG=0). Pipelining the DSP48 output will improve performance and often saves power so it is suggested whenever possible to fully pipeline this function.  If this DSP48 function was inferred, it is suggested to describe an additional register stage after this function.  If the DSP48 was instantiated in the design, it is suggested to set the PREG attribute to 1.
Related violations: <none>

DPOP-1#3 Warning
PREG Output pipelining  
DSP Convolution_Accel_i/matrixAccTopDevice_0/inst/matrixAccel/genblk3[2].inputMulti/product_man2 output Convolution_Accel_i/matrixAccTopDevice_0/inst/matrixAccel/genblk3[2].inputMulti/product_man2/P[47:0] is not pipelined (PREG=0). Pipelining the DSP48 output will improve performance and often saves power so it is suggested whenever possible to fully pipeline this function.  If this DSP48 function was inferred, it is suggested to describe an additional register stage after this function.  If the DSP48 was instantiated in the design, it is suggested to set the PREG attribute to 1.
Related violations: <none>

DPOP-2#1 Warning
MREG Output pipelining  
DSP Convolution_Accel_i/matrixAccTopDevice_0/inst/matrixAccel/genblk3[0].inputMulti/product_man2 multiplier stage Convolution_Accel_i/matrixAccTopDevice_0/inst/matrixAccel/genblk3[0].inputMulti/product_man2/P[47:0] is not pipelined (MREG=0). Pipelining the multiplier function will improve performance and will save significant power so it is suggested whenever possible to fully pipeline this function.  If this multiplier was inferred, it is suggested to describe an additional register stage after this function.  If there is no registered adder/accumulator following the multiply function, two pipeline stages are suggested to allow both the MREG and PREG registers to be used.  If the DSP48 was instantiated in the design, it is suggested to set both the MREG and PREG attributes to 1 when performing multiply functions.
Related violations: <none>

DPOP-2#2 Warning
MREG Output pipelining  
DSP Convolution_Accel_i/matrixAccTopDevice_0/inst/matrixAccel/genblk3[1].inputMulti/product_man2 multiplier stage Convolution_Accel_i/matrixAccTopDevice_0/inst/matrixAccel/genblk3[1].inputMulti/product_man2/P[47:0] is not pipelined (MREG=0). Pipelining the multiplier function will improve performance and will save significant power so it is suggested whenever possible to fully pipeline this function.  If this multiplier was inferred, it is suggested to describe an additional register stage after this function.  If there is no registered adder/accumulator following the multiply function, two pipeline stages are suggested to allow both the MREG and PREG registers to be used.  If the DSP48 was instantiated in the design, it is suggested to set both the MREG and PREG attributes to 1 when performing multiply functions.
Related violations: <none>

DPOP-2#3 Warning
MREG Output pipelining  
DSP Convolution_Accel_i/matrixAccTopDevice_0/inst/matrixAccel/genblk3[2].inputMulti/product_man2 multiplier stage Convolution_Accel_i/matrixAccTopDevice_0/inst/matrixAccel/genblk3[2].inputMulti/product_man2/P[47:0] is not pipelined (MREG=0). Pipelining the multiplier function will improve performance and will save significant power so it is suggested whenever possible to fully pipeline this function.  If this multiplier was inferred, it is suggested to describe an additional register stage after this function.  If there is no registered adder/accumulator following the multiply function, two pipeline stages are suggested to allow both the MREG and PREG registers to be used.  If the DSP48 was instantiated in the design, it is suggested to set both the MREG and PREG attributes to 1 when performing multiply functions.
Related violations: <none>


