Copyright 1986-2020 Xilinx, Inc. All Rights Reserved.
------------------------------------------------------------------------------------
| Tool Version : Vivado v.2020.1 (win64) Build 2902540 Wed May 27 19:54:49 MDT 2020
| Date         : Wed Feb  3 16:12:29 2021
| Host         : DESKTOP-D9F9TPQ running 64-bit major release  (build 9200)
| Command      : upgrade_ip
| Device       : xc7z020clg400-1
------------------------------------------------------------------------------------

Upgrade Log for IP 'design_1_multiplyComputePynq_0_0'

1. Summary
----------

CAUTION (success, with warnings) in the upgrade of design_1_multiplyComputePynq_0_0 from xilinx.com:user:multiplyComputePynq:1.0 (Rev. 2) to xilinx.com:user:Integer_Multipler:1.0 (Rev. 1)

After upgrade, an IP may have parameter differences compared to the original customization. Please review the parameters within the IP customization GUI to ensure proper functionality.

2. Customization warnings
-------------------------

Parameter 'DOUBLE_DATA_WIDTH' is no longer present on the upgraded IP 'design_1_multiplyComputePynq_0_0', and cannot be set to '64'


3. Debug Commands
-----------------

  The following debug information can be passed to Vivado as Tcl commands,
in order to validate or debug the output of the upgrade flow.
  You may consult any warnings from within this upgrade, and alter or remove
the configuration parameter(s) which caused the warning; then execute the Tcl
commands, and use the IP Customization GUI to verify the IP configuration.

create_ip -vlnv xilinx.com:user:Integer_Multipler:1.0 -user_name design_1_multiplyComputePynq_0_0
set_property -dict "\
  CONFIG.Component_Name {design_1_multiplyComputePynq_0_0} \
  CONFIG.DATA_WIDTH {32} \
  CONFIG.clk.ASSOCIATED_BUSIF {} \
  CONFIG.clk.ASSOCIATED_RESET {reset} \
  CONFIG.clk.CLK_DOMAIN {} \
  CONFIG.clk.FREQ_HZ {100000000} \
  CONFIG.clk.FREQ_TOLERANCE_HZ {0} \
  CONFIG.clk.INSERT_VIP {0} \
  CONFIG.clk.PHASE {0.000} \
  CONFIG.reset.INSERT_VIP {0} \
  CONFIG.reset.POLARITY {ACTIVE_LOW} " [get_ips design_1_multiplyComputePynq_0_0]


