Command: pr_verify -full_check -initial C:/Users/monke/Documents/GitHub/ReconHardware/PynqSoftware/dynamicMulti/dynamicMulti.runs/impl_1/dynamicMulti_routed.dcp -additional C:/Users/monke/Documents/GitHub/ReconHardware/PynqSoftware/dynamicMulti/dynamicMulti.runs/child_0_impl_1/dynamicMulti_routed.dcp -file child_0_impl_1_pr_verify.log
Sun Jul 12 13:44:23 2020

INFO: [Constraints 18-1020] PR Verify Summary:
DCP1: C:/Users/monke/Documents/GitHub/ReconHardware/PynqSoftware/dynamicMulti/dynamicMulti.runs/impl_1/dynamicMulti_routed.dcp
  Number of reconfigurable modules compared = 1
  Number of partition pins compared         = 20
  Number of static tiles compared           = 126
  Number of static sites compared           = 24
  Number of static cells compared           = 45
  Number of static routed nodes compared    = 618
  Number of static routed pips compared     = 571

DCP2: C:/Users/monke/Documents/GitHub/ReconHardware/PynqSoftware/dynamicMulti/dynamicMulti.runs/child_0_impl_1/dynamicMulti_routed.dcp
  Number of reconfigurable modules compared = 1
  Number of partition pins compared         = 20
  Number of static tiles compared           = 126
  Number of static sites compared           = 24
  Number of static cells compared           = 45
  Number of static routed nodes compared    = 618
  Number of static routed pips compared     = 571
INFO: [Vivado 12-3253] PR_VERIFY: check points C:/Users/monke/Documents/GitHub/ReconHardware/PynqSoftware/dynamicMulti/dynamicMulti.runs/impl_1/dynamicMulti_routed.dcp and C:/Users/monke/Documents/GitHub/ReconHardware/PynqSoftware/dynamicMulti/dynamicMulti.runs/child_0_impl_1/dynamicMulti_routed.dcp are compatible
