
*** Running vivado
    with args -log Convolution_Controller_Convolution_Controll_0_0.vds -m64 -product Vivado -mode batch -messageDb vivado.pb -notrace -source Convolution_Controller_Convolution_Controll_0_0.tcl



****** Vivado v2020.1 (64-bit)
  **** SW Build 2902540 on Wed May 27 19:54:49 MDT 2020
  **** IP Build 2902112 on Wed May 27 22:43:36 MDT 2020
    ** Copyright 1986-2020 Xilinx, Inc. All Rights Reserved.

source Convolution_Controller_Convolution_Controll_0_0.tcl -notrace
INFO: [IP_Flow 19-234] Refreshing IP repositories
INFO: [IP_Flow 19-1700] Loaded user IP repository 'c:/GitHub/ReconHardware/FPGA_Files/Sources/IP_Source/Convolution_Controller_v1.0'.
INFO: [IP_Flow 19-2313] Loaded Vivado IP repository 'C:/Xilinx/Vivado/2020.1/data/ip'.
WARNING: [IP_Flow 19-4995] The host OS only allows 260 characters in a normal path. The IP cache path is more than 80 characters. If you experience issues with IP caching, please consider changing the IP cache to a location with a shorter path. Alternately consider using the OS subst command to map part of the path to a drive letter. 
Current IP cache path is c:/GitHub/ReconHardware/FPGA_Files/Projects/ConvolutionAccel_d/ConvolutionAccel_d.cache/ip 
Command: synth_design -top Convolution_Controller_Convolution_Controll_0_0 -part xc7z020clg400-1 -mode out_of_context
Starting synth_design
Attempting to get a license for feature 'Synthesis' and/or device 'xc7z020'
INFO: [Common 17-349] Got license for feature 'Synthesis' and/or device 'xc7z020'
INFO: [Device 21-403] Loading part xc7z020clg400-1
INFO: [Synth 8-7079] Multithreading enabled for synth_design using a maximum of 2 processes.
INFO: [Synth 8-7078] Launching helper process for spawning children vivado processes
INFO: [Synth 8-7075] Helper process launched with PID 11992
WARNING: [Synth 8-1849] concatenation with unsized literal; will interpret as 32 bits [c:/GitHub/ReconHardware/FPGA_Files/Projects/ConvolutionAccel_d/ConvolutionAccel_d.srcs/sources_1/bd/Convolution_Controller/ipshared/e069/AXI_Convolution_Controller.v:148]
WARNING: [Synth 8-1849] concatenation with unsized literal; will interpret as 32 bits [c:/GitHub/ReconHardware/FPGA_Files/Projects/ConvolutionAccel_d/ConvolutionAccel_d.srcs/sources_1/bd/Convolution_Controller/ipshared/e069/AXI_Convolution_Controller.v:149]
---------------------------------------------------------------------------------
Starting RTL Elaboration : Time (s): cpu = 00:00:06 ; elapsed = 00:00:07 . Memory (MB): peak = 1079.852 ; gain = 0.000
---------------------------------------------------------------------------------
INFO: [Synth 8-6157] synthesizing module 'Convolution_Controller_Convolution_Controll_0_0' [c:/GitHub/ReconHardware/FPGA_Files/Projects/ConvolutionAccel_d/ConvolutionAccel_d.srcs/sources_1/bd/Convolution_Controller/ip/Convolution_Controller_Convolution_Controll_0_0/synth/Convolution_Controller_Convolution_Controll_0_0.v:58]
INFO: [Synth 8-6157] synthesizing module 'Convolution_Controller' [c:/GitHub/ReconHardware/FPGA_Files/Projects/ConvolutionAccel_d/ConvolutionAccel_d.srcs/sources_1/bd/Convolution_Controller/ipshared/e069/AXI_Convolution_Controller.v:7]
	Parameter KERNEL_SIZE bound to: 3 - type: integer 
	Parameter CHANNELS bound to: 1 - type: integer 
	Parameter BRAM_WIDTH bound to: 1800 - type: integer 
	Parameter K_SQUARED bound to: 9 - type: integer 
	Parameter FILTER_BASE bound to: 24 - type: integer 
	Parameter FINAL_CHANNEL bound to: 4 - type: integer 
	Parameter DATA_BASE bound to: 60 - type: integer 
	Parameter CTRL_REG_SIZE bound to: 96 - type: integer 
	Parameter CTRL_REG_ADDR_WIDTH bound to: 7 - type: string 
	Parameter STATE_MAC_ADDR_WIDTH bound to: 4 - type: string 
	Parameter AXI_BUS_WIDTH bound to: 32 - type: integer 
	Parameter AXI_ADDR_WIDTH bound to: 10 - type: integer 
INFO: [Synth 8-6157] synthesizing module 'bram_coupler' [c:/GitHub/ReconHardware/FPGA_Files/Projects/ConvolutionAccel_d/ConvolutionAccel_d.srcs/sources_1/bd/Convolution_Controller/ipshared/e069/src/bram_coupler.v:1]
	Parameter BUS_WIDTH bound to: 32 - type: integer 
	Parameter ROWS bound to: 3 - type: integer 
	Parameter MAX_ROW_WIDTH bound to: 1800 - type: integer 
	Parameter FIFO_LENGTH bound to: 2 - type: integer 
	Parameter MUXS_WIDTH bound to: 2 - type: integer 
	Parameter ADDR_WIDTH bound to: 11 - type: integer 
INFO: [Synth 8-6157] synthesizing module 'BRAM_wrapper' [c:/GitHub/ReconHardware/FPGA_Files/Projects/ConvolutionAccel_d/ConvolutionAccel_d.srcs/sources_1/bd/Convolution_Controller/ipshared/e069/src/BRAM/hdl/BRAM_wrapper.v:12]
INFO: [Synth 8-6157] synthesizing module 'BRAM' [c:/GitHub/ReconHardware/FPGA_Files/Projects/ConvolutionAccel_d/ConvolutionAccel_d.srcs/sources_1/bd/Convolution_Controller/ipshared/e069/src/BRAM/synth/BRAM.v:13]
INFO: [Synth 8-638] synthesizing module 'BRAM_blk_mem_gen_0_0' [c:/GitHub/ReconHardware/FPGA_Files/Projects/ConvolutionAccel_d/ConvolutionAccel_d.srcs/sources_1/bd/Convolution_Controller/ip/Convolution_Controller_Convolution_Controll_0_0/src/BRAM/ip/BRAM_blk_mem_gen_0_0/synth/BRAM_blk_mem_gen_0_0.vhd:76]
	Parameter C_FAMILY bound to: zynq - type: string 
	Parameter C_XDEVICEFAMILY bound to: zynq - type: string 
	Parameter C_ELABORATION_DIR bound to: ./ - type: string 
	Parameter C_INTERFACE_TYPE bound to: 0 - type: integer 
	Parameter C_AXI_TYPE bound to: 1 - type: integer 
	Parameter C_AXI_SLAVE_TYPE bound to: 0 - type: integer 
	Parameter C_USE_BRAM_BLOCK bound to: 0 - type: integer 
	Parameter C_ENABLE_32BIT_ADDRESS bound to: 0 - type: integer 
	Parameter C_CTRL_ECC_ALGO bound to: NONE - type: string 
	Parameter C_HAS_AXI_ID bound to: 0 - type: integer 
	Parameter C_AXI_ID_WIDTH bound to: 4 - type: integer 
	Parameter C_MEM_TYPE bound to: 2 - type: integer 
	Parameter C_BYTE_SIZE bound to: 9 - type: integer 
	Parameter C_ALGORITHM bound to: 1 - type: integer 
	Parameter C_PRIM_TYPE bound to: 1 - type: integer 
	Parameter C_LOAD_INIT_FILE bound to: 0 - type: integer 
	Parameter C_INIT_FILE_NAME bound to: no_coe_file_loaded - type: string 
	Parameter C_INIT_FILE bound to: NONE - type: string 
	Parameter C_USE_DEFAULT_DATA bound to: 0 - type: integer 
	Parameter C_DEFAULT_DATA bound to: 0 - type: string 
	Parameter C_HAS_RSTA bound to: 0 - type: integer 
	Parameter C_RST_PRIORITY_A bound to: CE - type: string 
	Parameter C_RSTRAM_A bound to: 0 - type: integer 
	Parameter C_INITA_VAL bound to: 0 - type: string 
	Parameter C_HAS_ENA bound to: 1 - type: integer 
	Parameter C_HAS_REGCEA bound to: 0 - type: integer 
	Parameter C_USE_BYTE_WEA bound to: 0 - type: integer 
	Parameter C_WEA_WIDTH bound to: 1 - type: integer 
	Parameter C_WRITE_MODE_A bound to: WRITE_FIRST - type: string 
	Parameter C_WRITE_WIDTH_A bound to: 32 - type: integer 
	Parameter C_READ_WIDTH_A bound to: 32 - type: integer 
	Parameter C_WRITE_DEPTH_A bound to: 1800 - type: integer 
	Parameter C_READ_DEPTH_A bound to: 1800 - type: integer 
	Parameter C_ADDRA_WIDTH bound to: 11 - type: integer 
	Parameter C_HAS_RSTB bound to: 0 - type: integer 
	Parameter C_RST_PRIORITY_B bound to: CE - type: string 
	Parameter C_RSTRAM_B bound to: 0 - type: integer 
	Parameter C_INITB_VAL bound to: 0 - type: string 
	Parameter C_HAS_ENB bound to: 1 - type: integer 
	Parameter C_HAS_REGCEB bound to: 0 - type: integer 
	Parameter C_USE_BYTE_WEB bound to: 0 - type: integer 
	Parameter C_WEB_WIDTH bound to: 1 - type: integer 
	Parameter C_WRITE_MODE_B bound to: WRITE_FIRST - type: string 
	Parameter C_WRITE_WIDTH_B bound to: 32 - type: integer 
	Parameter C_READ_WIDTH_B bound to: 32 - type: integer 
	Parameter C_WRITE_DEPTH_B bound to: 1800 - type: integer 
	Parameter C_READ_DEPTH_B bound to: 1800 - type: integer 
	Parameter C_ADDRB_WIDTH bound to: 11 - type: integer 
	Parameter C_HAS_MEM_OUTPUT_REGS_A bound to: 1 - type: integer 
	Parameter C_HAS_MEM_OUTPUT_REGS_B bound to: 1 - type: integer 
	Parameter C_HAS_MUX_OUTPUT_REGS_A bound to: 0 - type: integer 
	Parameter C_HAS_MUX_OUTPUT_REGS_B bound to: 0 - type: integer 
	Parameter C_MUX_PIPELINE_STAGES bound to: 0 - type: integer 
	Parameter C_HAS_SOFTECC_INPUT_REGS_A bound to: 0 - type: integer 
	Parameter C_HAS_SOFTECC_OUTPUT_REGS_B bound to: 0 - type: integer 
	Parameter C_USE_SOFTECC bound to: 0 - type: integer 
	Parameter C_USE_ECC bound to: 0 - type: integer 
	Parameter C_EN_ECC_PIPE bound to: 0 - type: integer 
	Parameter C_READ_LATENCY_A bound to: 1 - type: integer 
	Parameter C_READ_LATENCY_B bound to: 1 - type: integer 
	Parameter C_HAS_INJECTERR bound to: 0 - type: integer 
	Parameter C_SIM_COLLISION_CHECK bound to: ALL - type: string 
	Parameter C_COMMON_CLK bound to: 0 - type: integer 
	Parameter C_DISABLE_WARN_BHV_COLL bound to: 0 - type: integer 
	Parameter C_EN_SLEEP_PIN bound to: 0 - type: integer 
	Parameter C_USE_URAM bound to: 0 - type: integer 
	Parameter C_EN_RDADDRA_CHG bound to: 0 - type: integer 
	Parameter C_EN_RDADDRB_CHG bound to: 0 - type: integer 
	Parameter C_EN_DEEPSLEEP_PIN bound to: 0 - type: integer 
	Parameter C_EN_SHUTDOWN_PIN bound to: 0 - type: integer 
	Parameter C_EN_SAFETY_CKT bound to: 0 - type: integer 
	Parameter C_DISABLE_WARN_BHV_RANGE bound to: 0 - type: integer 
	Parameter C_COUNT_36K_BRAM bound to: 2 - type: string 
	Parameter C_COUNT_18K_BRAM bound to: 0 - type: string 
	Parameter C_EST_POWER_SUMMARY bound to: Estimated Power for IP     :     10.698 mW - type: string 
INFO: [Synth 8-3491] module 'blk_mem_gen_v8_4_4' declared at 'c:/GitHub/ReconHardware/FPGA_Files/Projects/ConvolutionAccel_d/ConvolutionAccel_d.srcs/sources_1/bd/Convolution_Controller/ip/Convolution_Controller_Convolution_Controll_0_0/src/BRAM/ipshared/2985/hdl/blk_mem_gen_v8_4_vhsyn_rfs.vhd:195321' bound to instance 'U0' of component 'blk_mem_gen_v8_4_4' [c:/GitHub/ReconHardware/FPGA_Files/Projects/ConvolutionAccel_d/ConvolutionAccel_d.srcs/sources_1/bd/Convolution_Controller/ip/Convolution_Controller_Convolution_Controll_0_0/src/BRAM/ip/BRAM_blk_mem_gen_0_0/synth/BRAM_blk_mem_gen_0_0.vhd:249]
INFO: [Synth 8-256] done synthesizing module 'BRAM_blk_mem_gen_0_0' (9#1) [c:/GitHub/ReconHardware/FPGA_Files/Projects/ConvolutionAccel_d/ConvolutionAccel_d.srcs/sources_1/bd/Convolution_Controller/ip/Convolution_Controller_Convolution_Controll_0_0/src/BRAM/ip/BRAM_blk_mem_gen_0_0/synth/BRAM_blk_mem_gen_0_0.vhd:76]
INFO: [Synth 8-6155] done synthesizing module 'BRAM' (10#1) [c:/GitHub/ReconHardware/FPGA_Files/Projects/ConvolutionAccel_d/ConvolutionAccel_d.srcs/sources_1/bd/Convolution_Controller/ipshared/e069/src/BRAM/synth/BRAM.v:13]
INFO: [Synth 8-6155] done synthesizing module 'BRAM_wrapper' (11#1) [c:/GitHub/ReconHardware/FPGA_Files/Projects/ConvolutionAccel_d/ConvolutionAccel_d.srcs/sources_1/bd/Convolution_Controller/ipshared/e069/src/BRAM/hdl/BRAM_wrapper.v:12]
WARNING: [Synth 8-689] width (13) of port connection 'BRAM_PORTA_0_addr' does not match port width (11) of module 'BRAM_wrapper' [c:/GitHub/ReconHardware/FPGA_Files/Projects/ConvolutionAccel_d/ConvolutionAccel_d.srcs/sources_1/bd/Convolution_Controller/ipshared/e069/src/bram_coupler.v:74]
WARNING: [Synth 8-689] width (13) of port connection 'BRAM_PORTB_0_addr' does not match port width (11) of module 'BRAM_wrapper' [c:/GitHub/ReconHardware/FPGA_Files/Projects/ConvolutionAccel_d/ConvolutionAccel_d.srcs/sources_1/bd/Convolution_Controller/ipshared/e069/src/bram_coupler.v:81]
WARNING: [Synth 8-689] width (13) of port connection 'BRAM_PORTA_0_addr' does not match port width (11) of module 'BRAM_wrapper' [c:/GitHub/ReconHardware/FPGA_Files/Projects/ConvolutionAccel_d/ConvolutionAccel_d.srcs/sources_1/bd/Convolution_Controller/ipshared/e069/src/bram_coupler.v:74]
WARNING: [Synth 8-689] width (13) of port connection 'BRAM_PORTB_0_addr' does not match port width (11) of module 'BRAM_wrapper' [c:/GitHub/ReconHardware/FPGA_Files/Projects/ConvolutionAccel_d/ConvolutionAccel_d.srcs/sources_1/bd/Convolution_Controller/ipshared/e069/src/bram_coupler.v:81]
WARNING: [Synth 8-689] width (13) of port connection 'BRAM_PORTA_0_addr' does not match port width (11) of module 'BRAM_wrapper' [c:/GitHub/ReconHardware/FPGA_Files/Projects/ConvolutionAccel_d/ConvolutionAccel_d.srcs/sources_1/bd/Convolution_Controller/ipshared/e069/src/bram_coupler.v:74]
WARNING: [Synth 8-689] width (13) of port connection 'BRAM_PORTB_0_addr' does not match port width (11) of module 'BRAM_wrapper' [c:/GitHub/ReconHardware/FPGA_Files/Projects/ConvolutionAccel_d/ConvolutionAccel_d.srcs/sources_1/bd/Convolution_Controller/ipshared/e069/src/bram_coupler.v:81]
INFO: [Synth 8-6155] done synthesizing module 'bram_coupler' (12#1) [c:/GitHub/ReconHardware/FPGA_Files/Projects/ConvolutionAccel_d/ConvolutionAccel_d.srcs/sources_1/bd/Convolution_Controller/ipshared/e069/src/bram_coupler.v:1]
WARNING: [Synth 8-689] width (32) of port connection 'r_add' does not match port width (11) of module 'bram_coupler' [c:/GitHub/ReconHardware/FPGA_Files/Projects/ConvolutionAccel_d/ConvolutionAccel_d.srcs/sources_1/bd/Convolution_Controller/ipshared/e069/AXI_Convolution_Controller.v:137]
INFO: [Synth 8-6155] done synthesizing module 'Convolution_Controller' (13#1) [c:/GitHub/ReconHardware/FPGA_Files/Projects/ConvolutionAccel_d/ConvolutionAccel_d.srcs/sources_1/bd/Convolution_Controller/ipshared/e069/AXI_Convolution_Controller.v:7]
INFO: [Synth 8-6155] done synthesizing module 'Convolution_Controller_Convolution_Controll_0_0' (14#1) [c:/GitHub/ReconHardware/FPGA_Files/Projects/ConvolutionAccel_d/ConvolutionAccel_d.srcs/sources_1/bd/Convolution_Controller/ip/Convolution_Controller_Convolution_Controll_0_0/synth/Convolution_Controller_Convolution_Controll_0_0.v:58]
---------------------------------------------------------------------------------
Finished RTL Elaboration : Time (s): cpu = 00:00:20 ; elapsed = 00:00:22 . Memory (MB): peak = 1321.656 ; gain = 241.805
---------------------------------------------------------------------------------
---------------------------------------------------------------------------------
Start Handling Custom Attributes
---------------------------------------------------------------------------------
---------------------------------------------------------------------------------
Finished Handling Custom Attributes : Time (s): cpu = 00:00:21 ; elapsed = 00:00:23 . Memory (MB): peak = 1331.590 ; gain = 251.738
---------------------------------------------------------------------------------
---------------------------------------------------------------------------------
Finished RTL Optimization Phase 1 : Time (s): cpu = 00:00:21 ; elapsed = 00:00:23 . Memory (MB): peak = 1331.590 ; gain = 251.738
---------------------------------------------------------------------------------
Netlist sorting complete. Time (s): cpu = 00:00:00 ; elapsed = 00:00:00.169 . Memory (MB): peak = 1331.590 ; gain = 0.000
INFO: [Netlist 29-17] Analyzing 6 Unisim elements for replacement
INFO: [Netlist 29-28] Unisim Transformation completed in 0 CPU seconds
INFO: [Project 1-570] Preparing netlist for logic optimization

Processing XDC Constraints
Initializing timing engine
Parsing XDC File [c:/GitHub/ReconHardware/FPGA_Files/Projects/ConvolutionAccel_d/ConvolutionAccel_d.srcs/sources_1/bd/Convolution_Controller/ip/Convolution_Controller_Convolution_Controll_0_0/src/BRAM/BRAM_ooc.xdc] for cell 'inst/genblk1[0].br_coupler/genblk1[0].BRAM/BRAM_i'
Finished Parsing XDC File [c:/GitHub/ReconHardware/FPGA_Files/Projects/ConvolutionAccel_d/ConvolutionAccel_d.srcs/sources_1/bd/Convolution_Controller/ip/Convolution_Controller_Convolution_Controll_0_0/src/BRAM/BRAM_ooc.xdc] for cell 'inst/genblk1[0].br_coupler/genblk1[0].BRAM/BRAM_i'
Parsing XDC File [c:/GitHub/ReconHardware/FPGA_Files/Projects/ConvolutionAccel_d/ConvolutionAccel_d.srcs/sources_1/bd/Convolution_Controller/ip/Convolution_Controller_Convolution_Controll_0_0/src/BRAM/BRAM_ooc.xdc] for cell 'inst/genblk1[0].br_coupler/genblk1[1].BRAM/BRAM_i'
Finished Parsing XDC File [c:/GitHub/ReconHardware/FPGA_Files/Projects/ConvolutionAccel_d/ConvolutionAccel_d.srcs/sources_1/bd/Convolution_Controller/ip/Convolution_Controller_Convolution_Controll_0_0/src/BRAM/BRAM_ooc.xdc] for cell 'inst/genblk1[0].br_coupler/genblk1[1].BRAM/BRAM_i'
Parsing XDC File [c:/GitHub/ReconHardware/FPGA_Files/Projects/ConvolutionAccel_d/ConvolutionAccel_d.srcs/sources_1/bd/Convolution_Controller/ip/Convolution_Controller_Convolution_Controll_0_0/src/BRAM/BRAM_ooc.xdc] for cell 'inst/genblk1[0].br_coupler/genblk1[2].BRAM/BRAM_i'
Finished Parsing XDC File [c:/GitHub/ReconHardware/FPGA_Files/Projects/ConvolutionAccel_d/ConvolutionAccel_d.srcs/sources_1/bd/Convolution_Controller/ip/Convolution_Controller_Convolution_Controll_0_0/src/BRAM/BRAM_ooc.xdc] for cell 'inst/genblk1[0].br_coupler/genblk1[2].BRAM/BRAM_i'
Parsing XDC File [C:/GitHub/ReconHardware/FPGA_Files/Projects/ConvolutionAccel_d/ConvolutionAccel_d.runs/Convolution_Controller_Convolution_Controll_0_0_synth_1/dont_touch.xdc]
Finished Parsing XDC File [C:/GitHub/ReconHardware/FPGA_Files/Projects/ConvolutionAccel_d/ConvolutionAccel_d.runs/Convolution_Controller_Convolution_Controll_0_0_synth_1/dont_touch.xdc]
Completed Processing XDC Constraints

Netlist sorting complete. Time (s): cpu = 00:00:00 ; elapsed = 00:00:00.001 . Memory (MB): peak = 1351.934 ; gain = 0.000
INFO: [Project 1-111] Unisim Transformation Summary:
No Unisim elements were transformed.

Constraint Validation Runtime : Time (s): cpu = 00:00:00 ; elapsed = 00:00:00.158 . Memory (MB): peak = 1352.688 ; gain = 0.754
---------------------------------------------------------------------------------
Finished Constraint Validation : Time (s): cpu = 00:00:30 ; elapsed = 00:00:32 . Memory (MB): peak = 1352.688 ; gain = 272.836
---------------------------------------------------------------------------------
---------------------------------------------------------------------------------
Start Loading Part and Timing Information
---------------------------------------------------------------------------------
Loading part: xc7z020clg400-1
---------------------------------------------------------------------------------
Finished Loading Part and Timing Information : Time (s): cpu = 00:00:30 ; elapsed = 00:00:32 . Memory (MB): peak = 1352.688 ; gain = 272.836
---------------------------------------------------------------------------------
---------------------------------------------------------------------------------
Start Applying 'set_property' XDC Constraints
---------------------------------------------------------------------------------
Applied set_property DONT_TOUCH = true for inst/\genblk1[0].br_coupler /\genblk1[0].BRAM /BRAM_i/blk_mem_gen_0. (constraint file  auto generated constraint, line ).
Applied set_property DONT_TOUCH = true for inst/\genblk1[0].br_coupler /\genblk1[1].BRAM /BRAM_i/blk_mem_gen_0. (constraint file  auto generated constraint, line ).
Applied set_property DONT_TOUCH = true for inst/\genblk1[0].br_coupler /\genblk1[2].BRAM /BRAM_i/blk_mem_gen_0. (constraint file  auto generated constraint, line ).
---------------------------------------------------------------------------------
Finished applying 'set_property' XDC Constraints : Time (s): cpu = 00:00:30 ; elapsed = 00:00:32 . Memory (MB): peak = 1352.688 ; gain = 272.836
---------------------------------------------------------------------------------
---------------------------------------------------------------------------------
Finished RTL Optimization Phase 2 : Time (s): cpu = 00:00:34 ; elapsed = 00:00:37 . Memory (MB): peak = 1352.688 ; gain = 272.836
---------------------------------------------------------------------------------
---------------------------------------------------------------------------------
Start RTL Component Statistics 
---------------------------------------------------------------------------------
Detailed RTL Component Info : 
+---Adders : 
	   3 Input   33 Bit       Adders := 2     
	   2 Input   32 Bit       Adders := 3     
	   3 Input   32 Bit       Adders := 1     
	   2 Input   11 Bit       Adders := 3     
	   2 Input    3 Bit       Adders := 2     
	   2 Input    2 Bit       Adders := 2     
+---Registers : 
	               32 Bit    Registers := 110   
	               11 Bit    Registers := 3     
	                9 Bit    Registers := 1     
	                4 Bit    Registers := 1     
	                3 Bit    Registers := 3     
	                2 Bit    Registers := 3     
	                1 Bit    Registers := 16    
+---Muxes : 
	   4 Input   32 Bit        Muxes := 3     
	   2 Input   32 Bit        Muxes := 911   
	   2 Input   11 Bit        Muxes := 14    
	   2 Input    9 Bit        Muxes := 3     
	   3 Input    9 Bit        Muxes := 1     
	   2 Input    3 Bit        Muxes := 16    
	   3 Input    3 Bit        Muxes := 1     
	   2 Input    2 Bit        Muxes := 14    
	   3 Input    2 Bit        Muxes := 1     
	   2 Input    1 Bit        Muxes := 70    
	   3 Input    1 Bit        Muxes := 1     
---------------------------------------------------------------------------------
Finished RTL Component Statistics 
---------------------------------------------------------------------------------
---------------------------------------------------------------------------------
Start Part Resource Summary
---------------------------------------------------------------------------------
Part Resources:
DSPs: 220 (col length:60)
BRAMs: 280 (col length: RAMB18 60 RAMB36 30)
---------------------------------------------------------------------------------
Finished Part Resource Summary
---------------------------------------------------------------------------------
---------------------------------------------------------------------------------
Start Cross Boundary and Area Optimization
---------------------------------------------------------------------------------
---------------------------------------------------------------------------------
Finished Cross Boundary and Area Optimization : Time (s): cpu = 00:00:59 ; elapsed = 00:01:02 . Memory (MB): peak = 1506.738 ; gain = 426.887
---------------------------------------------------------------------------------
---------------------------------------------------------------------------------
Start Applying XDC Timing Constraints
---------------------------------------------------------------------------------
WARNING: [Synth 8-565] redefining clock 'BRAM_PORTA_0_clk'
WARNING: [Synth 8-565] redefining clock 'BRAM_PORTB_0_clk'
WARNING: [Synth 8-565] redefining clock 'BRAM_PORTA_0_clk'
WARNING: [Synth 8-565] redefining clock 'BRAM_PORTB_0_clk'
---------------------------------------------------------------------------------
Finished Applying XDC Timing Constraints : Time (s): cpu = 00:01:06 ; elapsed = 00:01:09 . Memory (MB): peak = 1506.738 ; gain = 426.887
---------------------------------------------------------------------------------
---------------------------------------------------------------------------------
Start Timing Optimization
---------------------------------------------------------------------------------
---------------------------------------------------------------------------------
Finished Timing Optimization : Time (s): cpu = 00:01:16 ; elapsed = 00:01:19 . Memory (MB): peak = 1506.738 ; gain = 426.887
---------------------------------------------------------------------------------
---------------------------------------------------------------------------------
Start Technology Mapping
---------------------------------------------------------------------------------
---------------------------------------------------------------------------------
Finished Technology Mapping : Time (s): cpu = 00:01:20 ; elapsed = 00:01:23 . Memory (MB): peak = 1518.094 ; gain = 438.242
---------------------------------------------------------------------------------
---------------------------------------------------------------------------------
Start IO Insertion
---------------------------------------------------------------------------------
---------------------------------------------------------------------------------
Start Flattening Before IO Insertion
---------------------------------------------------------------------------------
---------------------------------------------------------------------------------
Finished Flattening Before IO Insertion
---------------------------------------------------------------------------------
---------------------------------------------------------------------------------
Start Final Netlist Cleanup
---------------------------------------------------------------------------------
---------------------------------------------------------------------------------
Finished Final Netlist Cleanup
---------------------------------------------------------------------------------
---------------------------------------------------------------------------------
Finished IO Insertion : Time (s): cpu = 00:01:24 ; elapsed = 00:01:27 . Memory (MB): peak = 1522.895 ; gain = 443.043
---------------------------------------------------------------------------------
---------------------------------------------------------------------------------
Start Renaming Generated Instances
---------------------------------------------------------------------------------
---------------------------------------------------------------------------------
Finished Renaming Generated Instances : Time (s): cpu = 00:01:24 ; elapsed = 00:01:27 . Memory (MB): peak = 1522.895 ; gain = 443.043
---------------------------------------------------------------------------------
---------------------------------------------------------------------------------
Start Rebuilding User Hierarchy
---------------------------------------------------------------------------------
---------------------------------------------------------------------------------
Finished Rebuilding User Hierarchy : Time (s): cpu = 00:01:24 ; elapsed = 00:01:28 . Memory (MB): peak = 1522.895 ; gain = 443.043
---------------------------------------------------------------------------------
---------------------------------------------------------------------------------
Start Renaming Generated Ports
---------------------------------------------------------------------------------
---------------------------------------------------------------------------------
Finished Renaming Generated Ports : Time (s): cpu = 00:01:24 ; elapsed = 00:01:28 . Memory (MB): peak = 1522.895 ; gain = 443.043
---------------------------------------------------------------------------------
---------------------------------------------------------------------------------
Start Handling Custom Attributes
---------------------------------------------------------------------------------
---------------------------------------------------------------------------------
Finished Handling Custom Attributes : Time (s): cpu = 00:01:25 ; elapsed = 00:01:28 . Memory (MB): peak = 1522.895 ; gain = 443.043
---------------------------------------------------------------------------------
---------------------------------------------------------------------------------
Start Renaming Generated Nets
---------------------------------------------------------------------------------
---------------------------------------------------------------------------------
Finished Renaming Generated Nets : Time (s): cpu = 00:01:25 ; elapsed = 00:01:29 . Memory (MB): peak = 1522.895 ; gain = 443.043
---------------------------------------------------------------------------------
---------------------------------------------------------------------------------
Start Writing Synthesis Report
---------------------------------------------------------------------------------

Report BlackBoxes: 
+-+--------------+----------+
| |BlackBox name |Instances |
+-+--------------+----------+
+-+--------------+----------+

Report Cell Usage: 
+------+---------+------+
|      |Cell     |Count |
+------+---------+------+
|1     |CARRY4   |    48|
|2     |LUT1     |    73|
|3     |LUT2     |   764|
|4     |LUT3     |  2681|
|5     |LUT4     |   477|
|6     |LUT5     |   369|
|7     |LUT6     |  2463|
|8     |MUXF7    |   514|
|9     |MUXF8    |    89|
|10    |RAMB36E1 |     6|
|11    |FDRE     |  3565|
|12    |FDSE     |     2|
+------+---------+------+
---------------------------------------------------------------------------------
Finished Writing Synthesis Report : Time (s): cpu = 00:01:25 ; elapsed = 00:01:29 . Memory (MB): peak = 1522.895 ; gain = 443.043
---------------------------------------------------------------------------------
Synthesis finished with 0 errors, 0 critical warnings and 4 warnings.
Synthesis Optimization Runtime : Time (s): cpu = 00:01:00 ; elapsed = 00:01:25 . Memory (MB): peak = 1522.895 ; gain = 421.945
Synthesis Optimization Complete : Time (s): cpu = 00:01:25 ; elapsed = 00:01:29 . Memory (MB): peak = 1522.895 ; gain = 443.043
INFO: [Project 1-571] Translating synthesized netlist
Netlist sorting complete. Time (s): cpu = 00:00:00 ; elapsed = 00:00:00.152 . Memory (MB): peak = 1522.895 ; gain = 0.000
INFO: [Netlist 29-17] Analyzing 657 Unisim elements for replacement
INFO: [Netlist 29-28] Unisim Transformation completed in 0 CPU seconds
WARNING: [Netlist 29-101] Netlist 'Convolution_Controller_Convolution_Controll_0_0' is not ideal for floorplanning, since the cellview 'Convolution_Controller' contains a large number of primitives.  Please consider enabling hierarchy in synthesis if you want to do floorplanning.
INFO: [Project 1-570] Preparing netlist for logic optimization
INFO: [Opt 31-138] Pushed 0 inverter(s) to 0 load pin(s).
Netlist sorting complete. Time (s): cpu = 00:00:00 ; elapsed = 00:00:00.002 . Memory (MB): peak = 1522.895 ; gain = 0.000
INFO: [Project 1-111] Unisim Transformation Summary:
No Unisim elements were transformed.

INFO: [Common 17-83] Releasing license: Synthesis
32 Infos, 15 Warnings, 0 Critical Warnings and 0 Errors encountered.
synth_design completed successfully
synth_design: Time (s): cpu = 00:01:32 ; elapsed = 00:01:36 . Memory (MB): peak = 1522.895 ; gain = 443.043
INFO: [Common 17-1381] The checkpoint 'C:/GitHub/ReconHardware/FPGA_Files/Projects/ConvolutionAccel_d/ConvolutionAccel_d.runs/Convolution_Controller_Convolution_Controll_0_0_synth_1/Convolution_Controller_Convolution_Controll_0_0.dcp' has been generated.
INFO: [Coretcl 2-1174] Renamed 35 cell refs.
INFO: [Common 17-1381] The checkpoint 'C:/GitHub/ReconHardware/FPGA_Files/Projects/ConvolutionAccel_d/ConvolutionAccel_d.runs/Convolution_Controller_Convolution_Controll_0_0_synth_1/Convolution_Controller_Convolution_Controll_0_0.dcp' has been generated.
INFO: [runtcl-4] Executing : report_utilization -file Convolution_Controller_Convolution_Controll_0_0_utilization_synth.rpt -pb Convolution_Controller_Convolution_Controll_0_0_utilization_synth.pb
INFO: [Common 17-206] Exiting Vivado at Sat Mar 20 11:34:17 2021...
