Copyright 1986-2020 Xilinx, Inc. All Rights Reserved.
-----------------------------------------------------------------------------------------------------------------------------------------------------------------------------------------------------------------------------------
| Tool Version : Vivado v.2020.1 (win64) Build 2902540 Wed May 27 19:54:49 MDT 2020
| Date         : Mon Dec  7 11:59:46 2020
| Host         : DESKTOP-D9F9TPQ running 64-bit major release  (build 9200)
| Command      : report_methodology -file AXI_Convolution_Controller_v1_0_methodology_drc_routed.rpt -pb AXI_Convolution_Controller_v1_0_methodology_drc_routed.pb -rpx AXI_Convolution_Controller_v1_0_methodology_drc_routed.rpx
| Design       : AXI_Convolution_Controller_v1_0
| Device       : xc7z020clg400-1
| Speed File   : -1
| Design State : Fully Routed
-----------------------------------------------------------------------------------------------------------------------------------------------------------------------------------------------------------------------------------

Report Methodology

Table of Contents
-----------------
1. REPORT SUMMARY
2. REPORT DETAILS

1. REPORT SUMMARY
-----------------
            Netlist: netlist
          Floorplan: design_1
      Design limits: <entire design considered>
             Max violations: <unlimited>
             Violations found: 0
+------+----------+-------------+------------+
| Rule | Severity | Description | Violations |
+------+----------+-------------+------------+
+------+----------+-------------+------------+

2. REPORT DETAILS
-----------------

