Vivado Simulator 2020.1
Copyright 1986-1999, 2001-2020 Xilinx, Inc. All Rights Reserved.
Running: C:/Xilinx/Vivado/2020.1/bin/unwrapped/win64.o/xelab.exe -wto c9763829a085402ebf4f5ad6c83803e9 --incr --debug typical --relax --mt 2 -L xil_defaultlib -L unisims_ver -L unimacro_ver -L secureip --snapshot matrixAccelerator_tb_behav xil_defaultlib.matrixAccelerator_tb xil_defaultlib.glbl -log elaborate.log 
Using 2 slave threads.
Starting static elaboration
Pass Through NonSizing Optimizer
WARNING: [VRFC 10-3091] actual bit length 1 differs from formal bit length 7 for port 'AddressSelect' [C:/GitHub/ReconHardware/FPGA_Files/Sources/TB/General/matrixAccelerator_tb.v:41]
WARNING: [VRFC 10-3091] actual bit length 32 differs from formal bit length 1 for port 'direct' [C:/GitHub/ReconHardware/FPGA_Files/Sources/TB/General/matrixAccelerator_tb.v:43]
WARNING: [VRFC 10-3091] actual bit length 32 differs from formal bit length 33 for port 'out_data' [C:/GitHub/ReconHardware/FPGA_Files/Sources/Adder/Wrappers/integer_adder_32.v:17]
Completed static elaboration
Starting simulation data flow analysis
Completed simulation data flow analysis
Time Resolution for simulation is 1ps
Compiling module xil_defaultlib.XBar2(IP_COUNT=9,OP_COUNT=9)
Compiling module xil_defaultlib.param_int_adder
Compiling module xil_defaultlib.integer_adder_32
Compiling module xil_defaultlib.multiplyComputePynq
Compiling module xil_defaultlib.integer_multiplier_32
Compiling module xil_defaultlib.matrixAccelerator_default
Compiling module xil_defaultlib.matrixAccelerator_tb
Compiling module xil_defaultlib.glbl
Built simulation snapshot matrixAccelerator_tb_behav
