INFO: [VRFC 10-2263] Analyzing Verilog file "C:/Users/monke/Documents/GitHub/ReconHardware/PynqSoftware/Sources/definitions.h" into library xil_defaultlib
INFO: [VRFC 10-2263] Analyzing Verilog file "C:/Users/monke/Documents/GitHub/ReconHardware/PynqSoftware/Sources/General/FlipFlop.v" into library xil_defaultlib
INFO: [VRFC 10-311] analyzing module SingleBuffer
INFO: [VRFC 10-2263] Analyzing Verilog file "C:/Users/monke/Documents/GitHub/ReconHardware/PynqSoftware/Projects/matrixAccelerator/matrixAccelerator.srcs/sources_1/new/matrixAccelerator.v" into library xil_defaultlib
INFO: [VRFC 10-311] analyzing module matrixAccelerator
INFO: [VRFC 10-2263] Analyzing Verilog file "C:/Users/monke/Documents/GitHub/ReconHardware/PynqSoftware/Sources/Multiplier/multiplyCompute.v" into library xil_defaultlib
INFO: [VRFC 10-311] analyzing module multiplyCompute
INFO: [VRFC 10-2263] Analyzing Verilog file "C:/Users/monke/Documents/GitHub/ReconHardware/PynqSoftware/Sources/Multiplier/dynamicMulti2.v" into library xil_defaultlib
INFO: [VRFC 10-311] analyzing module dynamicMulti2
WARNING: [VRFC 10-3380] identifier 'product' is used before its declaration [C:/Users/monke/Documents/GitHub/ReconHardware/PynqSoftware/Sources/Multiplier/dynamicMulti2.v:24]
WARNING: [VRFC 10-3380] identifier 'product' is used before its declaration [C:/Users/monke/Documents/GitHub/ReconHardware/PynqSoftware/Sources/Multiplier/dynamicMulti2.v:25]
INFO: [VRFC 10-2263] Analyzing Verilog file "C:/Users/monke/Documents/GitHub/ReconHardware/PynqSoftware/Sources/General/mux.v" into library xil_defaultlib
INFO: [VRFC 10-311] analyzing module mux
INFO: [VRFC 10-2263] Analyzing Verilog file "C:/Users/monke/Documents/GitHub/ReconHardware/PynqSoftware/Sources/General/XBar2.v" into library xil_defaultlib
INFO: [VRFC 10-311] analyzing module XBar2
INFO: [VRFC 10-2263] Analyzing Verilog file "C:/Users/monke/Documents/GitHub/ReconHardware/PynqSoftware/Projects/matrixAccelerator/matrixAccelerator.srcs/sources_1/new/adder.v" into library xil_defaultlib
INFO: [VRFC 10-311] analyzing module adder
INFO: [VRFC 10-2263] Analyzing Verilog file "C:/Users/monke/Documents/GitHub/ReconHardware/PynqSoftware/Sources/Adder/adderFloat.v" into library xil_defaultlib
INFO: [VRFC 10-311] analyzing module adderFloat
INFO: [VRFC 10-2263] Analyzing Verilog file "C:/Users/monke/Documents/GitHub/ReconHardware/PynqSoftware/Sources/TB/dynamicMulti2_tb.v" into library xil_defaultlib
INFO: [VRFC 10-311] analyzing module dynamicMulti2_tb
INFO: [VRFC 10-2263] Analyzing Verilog file "C:/Users/monke/Documents/GitHub/ReconHardware/PynqSoftware/Sources/TB/XBar2_tb.v" into library xil_defaultlib
INFO: [VRFC 10-311] analyzing module XBar2_tb
INFO: [VRFC 10-2263] Analyzing Verilog file "C:/Users/monke/Documents/GitHub/ReconHardware/PynqSoftware/Sources/TB/adder_tb.v" into library xil_defaultlib
INFO: [VRFC 10-311] analyzing module adder_tb
