
*** Running vivado
    with args -log design_1_wrapper.vdi -applog -m64 -product Vivado -messageDb vivado.pb -mode batch -source design_1_wrapper.tcl -notrace



****** Vivado v2020.1 (64-bit)
  **** SW Build 2902540 on Wed May 27 19:54:49 MDT 2020
  **** IP Build 2902112 on Wed May 27 22:43:36 MDT 2020
    ** Copyright 1986-2020 Xilinx, Inc. All Rights Reserved.

source design_1_wrapper.tcl -notrace
INFO: [IP_Flow 19-234] Refreshing IP repositories
INFO: [IP_Flow 19-1700] Loaded user IP repository 'c:/GitHub/ReconHardware/FPGA_Files/Sources/IP_Source/LED_Timer_1.0'.
INFO: [IP_Flow 19-1700] Loaded user IP repository 'c:/GitHub/ReconHardware/FPGA_Files/Projects/ip_repo/AXI_LED_1.0'.
INFO: [IP_Flow 19-1700] Loaded user IP repository 'c:/GitHub/ReconHardware/FPGA_Files/Projects/ip_repo/Convolution_Accelerator_1.0'.
INFO: [IP_Flow 19-1700] Loaded user IP repository 'c:/GitHub/ReconHardware/FPGA_Files/Sources/IP_Source/AXI_Matrix_Controller_1.0'.
WARNING: [IP_Flow 19-2207] Repository 'c:/GitHub/ReconHardware/FPGA_Files/Projects/ip_repo/Convolution_Accelerator_1.0' already exists; ignoring attempt to add it again.
INFO: [IP_Flow 19-1700] Loaded user IP repository 'c:/GitHub/ReconHardware/FPGA_Files/Projects/ip_repo/Convolution_Accelerator_1.0'.
WARNING: [IP_Flow 19-2248] Failed to load user IP repository 'c:/GitHub/ReconHardware/FPGA_Files/Projects/ip_repo/AXI_Convolution_Accelerator_1.0'; Can't find the specified path.
If this directory should no longer be in your list of user repositories, go to the IP Settings dialog and remove it.
WARNING: [IP_Flow 19-2248] Failed to load user IP repository 'c:/GitHub/ReconHardware/FPGA_Files/Projects/ip_repo/AXI_Convolution_IP_1.0'; Can't find the specified path.
If this directory should no longer be in your list of user repositories, go to the IP Settings dialog and remove it.
INFO: [IP_Flow 19-2313] Loaded Vivado IP repository 'C:/Xilinx/Vivado/2020.1/data/ip'.
WARNING: [IP_Flow 19-4995] The host OS only allows 260 characters in a normal path. The IP cache path is more than 80 characters. If you experience issues with IP caching, please consider changing the IP cache to a location with a shorter path. Alternately consider using the OS subst command to map part of the path to a drive letter. 
Current IP cache path is C:/GitHub/ReconHardware/FPGA_Files/Projects/matrixAccelerator/matrixAccelerator.cache/ip 
Command: link_design -top design_1_wrapper -part xc7z020clg400-1
Design is defaulting to srcset: sources_1
Design is defaulting to constrset: constrs_1
INFO: [Device 21-403] Loading part xc7z020clg400-1
INFO: [Project 1-454] Reading design checkpoint 'c:/GitHub/ReconHardware/FPGA_Files/Projects/matrixAccelerator/matrixAccelerator.srcs/sources_1/bd/design_1/ip/design_1_LED_Timer_0_4/design_1_LED_Timer_0_4.dcp' for cell 'design_1_i/LED_Timer_0'
INFO: [Project 1-454] Reading design checkpoint 'c:/GitHub/ReconHardware/FPGA_Files/Projects/matrixAccelerator/matrixAccelerator.srcs/sources_1/bd/design_1/ip/design_1_processing_system7_0_0/design_1_processing_system7_0_0.dcp' for cell 'design_1_i/processing_system7_0'
INFO: [Project 1-454] Reading design checkpoint 'c:/GitHub/ReconHardware/FPGA_Files/Projects/matrixAccelerator/matrixAccelerator.srcs/sources_1/bd/design_1/ip/design_1_rst_ps7_0_100M_0/design_1_rst_ps7_0_100M_0.dcp' for cell 'design_1_i/rst_ps7_0_100M'
INFO: [Project 1-454] Reading design checkpoint 'c:/GitHub/ReconHardware/FPGA_Files/Projects/matrixAccelerator/matrixAccelerator.srcs/sources_1/bd/design_1/ip/design_1_auto_pc_0/design_1_auto_pc_0.dcp' for cell 'design_1_i/ps7_0_axi_periph/s00_couplers/auto_pc'
Netlist sorting complete. Time (s): cpu = 00:00:01 ; elapsed = 00:00:00.055 . Memory (MB): peak = 1073.293 ; gain = 0.000
INFO: [Netlist 29-17] Analyzing 35 Unisim elements for replacement
INFO: [Netlist 29-28] Unisim Transformation completed in 0 CPU seconds
INFO: [Project 1-479] Netlist was created with Vivado 2020.1
INFO: [Project 1-570] Preparing netlist for logic optimization
Parsing XDC File [c:/GitHub/ReconHardware/FPGA_Files/Projects/matrixAccelerator/matrixAccelerator.srcs/sources_1/bd/design_1/ip/design_1_processing_system7_0_0/design_1_processing_system7_0_0.xdc] for cell 'design_1_i/processing_system7_0/inst'
Finished Parsing XDC File [c:/GitHub/ReconHardware/FPGA_Files/Projects/matrixAccelerator/matrixAccelerator.srcs/sources_1/bd/design_1/ip/design_1_processing_system7_0_0/design_1_processing_system7_0_0.xdc] for cell 'design_1_i/processing_system7_0/inst'
Parsing XDC File [c:/GitHub/ReconHardware/FPGA_Files/Projects/matrixAccelerator/matrixAccelerator.srcs/sources_1/bd/design_1/ip/design_1_rst_ps7_0_100M_0/design_1_rst_ps7_0_100M_0_board.xdc] for cell 'design_1_i/rst_ps7_0_100M/U0'
Finished Parsing XDC File [c:/GitHub/ReconHardware/FPGA_Files/Projects/matrixAccelerator/matrixAccelerator.srcs/sources_1/bd/design_1/ip/design_1_rst_ps7_0_100M_0/design_1_rst_ps7_0_100M_0_board.xdc] for cell 'design_1_i/rst_ps7_0_100M/U0'
Parsing XDC File [c:/GitHub/ReconHardware/FPGA_Files/Projects/matrixAccelerator/matrixAccelerator.srcs/sources_1/bd/design_1/ip/design_1_rst_ps7_0_100M_0/design_1_rst_ps7_0_100M_0.xdc] for cell 'design_1_i/rst_ps7_0_100M/U0'
Finished Parsing XDC File [c:/GitHub/ReconHardware/FPGA_Files/Projects/matrixAccelerator/matrixAccelerator.srcs/sources_1/bd/design_1/ip/design_1_rst_ps7_0_100M_0/design_1_rst_ps7_0_100M_0.xdc] for cell 'design_1_i/rst_ps7_0_100M/U0'
Parsing XDC File [C:/GitHub/ReconHardware/FPGA_Files/Projects/matrixAccelerator/matrixAccelerator.srcs/constrs_1/new/makerfile.xdc]
WARNING: [Vivado 12-584] No ports matched 'rd'. [C:/GitHub/ReconHardware/FPGA_Files/Projects/matrixAccelerator/matrixAccelerator.srcs/constrs_1/new/makerfile.xdc:1]
CRITICAL WARNING: [Common 17-55] 'set_property' expects at least one object. [C:/GitHub/ReconHardware/FPGA_Files/Projects/matrixAccelerator/matrixAccelerator.srcs/constrs_1/new/makerfile.xdc:1]
Resolution: If [get_<value>] was used to populate the object, check to make sure this command returns at least one valid object.
WARNING: [Vivado 12-584] No ports matched 'EMPTY_out'. [C:/GitHub/ReconHardware/FPGA_Files/Projects/matrixAccelerator/matrixAccelerator.srcs/constrs_1/new/makerfile.xdc:2]
CRITICAL WARNING: [Common 17-55] 'set_property' expects at least one object. [C:/GitHub/ReconHardware/FPGA_Files/Projects/matrixAccelerator/matrixAccelerator.srcs/constrs_1/new/makerfile.xdc:2]
Resolution: If [get_<value>] was used to populate the object, check to make sure this command returns at least one valid object.
WARNING: [Vivado 12-584] No ports matched 'EMPTY_in'. [C:/GitHub/ReconHardware/FPGA_Files/Projects/matrixAccelerator/matrixAccelerator.srcs/constrs_1/new/makerfile.xdc:3]
CRITICAL WARNING: [Common 17-55] 'set_property' expects at least one object. [C:/GitHub/ReconHardware/FPGA_Files/Projects/matrixAccelerator/matrixAccelerator.srcs/constrs_1/new/makerfile.xdc:3]
Resolution: If [get_<value>] was used to populate the object, check to make sure this command returns at least one valid object.
WARNING: [Vivado 12-584] No ports matched 'wr'. [C:/GitHub/ReconHardware/FPGA_Files/Projects/matrixAccelerator/matrixAccelerator.srcs/constrs_1/new/makerfile.xdc:4]
CRITICAL WARNING: [Common 17-55] 'set_property' expects at least one object. [C:/GitHub/ReconHardware/FPGA_Files/Projects/matrixAccelerator/matrixAccelerator.srcs/constrs_1/new/makerfile.xdc:4]
Resolution: If [get_<value>] was used to populate the object, check to make sure this command returns at least one valid object.
WARNING: [Vivado 12-584] No ports matched 'FULL_out'. [C:/GitHub/ReconHardware/FPGA_Files/Projects/matrixAccelerator/matrixAccelerator.srcs/constrs_1/new/makerfile.xdc:5]
CRITICAL WARNING: [Common 17-55] 'set_property' expects at least one object. [C:/GitHub/ReconHardware/FPGA_Files/Projects/matrixAccelerator/matrixAccelerator.srcs/constrs_1/new/makerfile.xdc:5]
Resolution: If [get_<value>] was used to populate the object, check to make sure this command returns at least one valid object.
WARNING: [Vivado 12-584] No ports matched 'FULL_in'. [C:/GitHub/ReconHardware/FPGA_Files/Projects/matrixAccelerator/matrixAccelerator.srcs/constrs_1/new/makerfile.xdc:6]
CRITICAL WARNING: [Common 17-55] 'set_property' expects at least one object. [C:/GitHub/ReconHardware/FPGA_Files/Projects/matrixAccelerator/matrixAccelerator.srcs/constrs_1/new/makerfile.xdc:6]
Resolution: If [get_<value>] was used to populate the object, check to make sure this command returns at least one valid object.
WARNING: [Vivado 12-584] No ports matched 'EMPTY_in'. [C:/GitHub/ReconHardware/FPGA_Files/Projects/matrixAccelerator/matrixAccelerator.srcs/constrs_1/new/makerfile.xdc:7]
CRITICAL WARNING: [Common 17-55] 'set_property' expects at least one object. [C:/GitHub/ReconHardware/FPGA_Files/Projects/matrixAccelerator/matrixAccelerator.srcs/constrs_1/new/makerfile.xdc:7]
Resolution: If [get_<value>] was used to populate the object, check to make sure this command returns at least one valid object.
WARNING: [Vivado 12-584] No ports matched 'FULL_in'. [C:/GitHub/ReconHardware/FPGA_Files/Projects/matrixAccelerator/matrixAccelerator.srcs/constrs_1/new/makerfile.xdc:8]
CRITICAL WARNING: [Common 17-55] 'set_property' expects at least one object. [C:/GitHub/ReconHardware/FPGA_Files/Projects/matrixAccelerator/matrixAccelerator.srcs/constrs_1/new/makerfile.xdc:8]
Resolution: If [get_<value>] was used to populate the object, check to make sure this command returns at least one valid object.
WARNING: [Vivado 12-584] No ports matched 'EMPTY_out'. [C:/GitHub/ReconHardware/FPGA_Files/Projects/matrixAccelerator/matrixAccelerator.srcs/constrs_1/new/makerfile.xdc:9]
CRITICAL WARNING: [Common 17-55] 'set_property' expects at least one object. [C:/GitHub/ReconHardware/FPGA_Files/Projects/matrixAccelerator/matrixAccelerator.srcs/constrs_1/new/makerfile.xdc:9]
Resolution: If [get_<value>] was used to populate the object, check to make sure this command returns at least one valid object.
WARNING: [Vivado 12-584] No ports matched 'FULL_out'. [C:/GitHub/ReconHardware/FPGA_Files/Projects/matrixAccelerator/matrixAccelerator.srcs/constrs_1/new/makerfile.xdc:10]
CRITICAL WARNING: [Common 17-55] 'set_property' expects at least one object. [C:/GitHub/ReconHardware/FPGA_Files/Projects/matrixAccelerator/matrixAccelerator.srcs/constrs_1/new/makerfile.xdc:10]
Resolution: If [get_<value>] was used to populate the object, check to make sure this command returns at least one valid object.
WARNING: [Vivado 12-584] No ports matched 'wr'. [C:/GitHub/ReconHardware/FPGA_Files/Projects/matrixAccelerator/matrixAccelerator.srcs/constrs_1/new/makerfile.xdc:11]
CRITICAL WARNING: [Common 17-55] 'set_property' expects at least one object. [C:/GitHub/ReconHardware/FPGA_Files/Projects/matrixAccelerator/matrixAccelerator.srcs/constrs_1/new/makerfile.xdc:11]
Resolution: If [get_<value>] was used to populate the object, check to make sure this command returns at least one valid object.
WARNING: [Vivado 12-584] No ports matched 'rd'. [C:/GitHub/ReconHardware/FPGA_Files/Projects/matrixAccelerator/matrixAccelerator.srcs/constrs_1/new/makerfile.xdc:12]
CRITICAL WARNING: [Common 17-55] 'set_property' expects at least one object. [C:/GitHub/ReconHardware/FPGA_Files/Projects/matrixAccelerator/matrixAccelerator.srcs/constrs_1/new/makerfile.xdc:12]
Resolution: If [get_<value>] was used to populate the object, check to make sure this command returns at least one valid object.
Finished Parsing XDC File [C:/GitHub/ReconHardware/FPGA_Files/Projects/matrixAccelerator/matrixAccelerator.srcs/constrs_1/new/makerfile.xdc]
INFO: [Opt 31-138] Pushed 0 inverter(s) to 0 load pin(s).
Netlist sorting complete. Time (s): cpu = 00:00:00 ; elapsed = 00:00:00.001 . Memory (MB): peak = 1073.293 ; gain = 0.000
INFO: [Project 1-111] Unisim Transformation Summary:
No Unisim elements were transformed.

18 Infos, 16 Warnings, 12 Critical Warnings and 0 Errors encountered.
link_design completed successfully
link_design: Time (s): cpu = 00:00:08 ; elapsed = 00:00:10 . Memory (MB): peak = 1073.293 ; gain = 0.000
Command: opt_design
Attempting to get a license for feature 'Implementation' and/or device 'xc7z020'
INFO: [Common 17-349] Got license for feature 'Implementation' and/or device 'xc7z020'
Running DRC as a precondition to command opt_design

Starting DRC Task
INFO: [DRC 23-27] Running DRC with 2 threads
INFO: [Project 1-461] DRC finished with 0 Errors
INFO: [Project 1-462] Please refer to the DRC report (report_drc) for more information.

Time (s): cpu = 00:00:01 ; elapsed = 00:00:00.659 . Memory (MB): peak = 1073.293 ; gain = 0.000

Starting Cache Timing Information Task
INFO: [Timing 38-35] Done setting XDC timing constraints.
Ending Cache Timing Information Task | Checksum: 15037e427

Time (s): cpu = 00:00:06 ; elapsed = 00:00:06 . Memory (MB): peak = 1531.863 ; gain = 458.570

Starting Logic Optimization Task

Phase 1 Retarget
INFO: [Opt 31-138] Pushed 0 inverter(s) to 0 load pin(s).
INFO: [Opt 31-49] Retargeted 0 cell(s).
Phase 1 Retarget | Checksum: 184b621b9

Time (s): cpu = 00:00:01 ; elapsed = 00:00:00.085 . Memory (MB): peak = 1734.957 ; gain = 0.000
INFO: [Opt 31-389] Phase Retarget created 4 cells and removed 29 cells

Phase 2 Constant propagation
INFO: [Opt 31-138] Pushed 0 inverter(s) to 0 load pin(s).
Phase 2 Constant propagation | Checksum: 23193bf21

Time (s): cpu = 00:00:01 ; elapsed = 00:00:00.098 . Memory (MB): peak = 1734.957 ; gain = 0.000
INFO: [Opt 31-389] Phase Constant propagation created 0 cells and removed 8 cells

Phase 3 Sweep
Phase 3 Sweep | Checksum: 22ef96866

Time (s): cpu = 00:00:01 ; elapsed = 00:00:00.422 . Memory (MB): peak = 1734.957 ; gain = 0.000
INFO: [Opt 31-389] Phase Sweep created 0 cells and removed 383 cells

Phase 4 BUFG optimization
Phase 4 BUFG optimization | Checksum: 22ef96866

Time (s): cpu = 00:00:01 ; elapsed = 00:00:00.448 . Memory (MB): peak = 1734.957 ; gain = 0.000
INFO: [Opt 31-662] Phase BUFG optimization created 0 cells of which 0 are BUFGs and removed 0 cells.

Phase 5 Shift Register Optimization
INFO: [Opt 31-1064] SRL Remap converted 0 SRLs to 0 registers and converted 0 registers of register chains to 0 SRLs
Phase 5 Shift Register Optimization | Checksum: 22ef96866

Time (s): cpu = 00:00:01 ; elapsed = 00:00:00.471 . Memory (MB): peak = 1734.957 ; gain = 0.000
INFO: [Opt 31-389] Phase Shift Register Optimization created 0 cells and removed 0 cells

Phase 6 Post Processing Netlist
Phase 6 Post Processing Netlist | Checksum: 22ef96866

Time (s): cpu = 00:00:01 ; elapsed = 00:00:00.497 . Memory (MB): peak = 1734.957 ; gain = 0.000
INFO: [Opt 31-389] Phase Post Processing Netlist created 0 cells and removed 0 cells
Opt_design Change Summary
=========================


-------------------------------------------------------------------------------------------------------------------------
|  Phase                        |  #Cells created  |  #Cells Removed  |  #Constrained objects preventing optimizations  |
-------------------------------------------------------------------------------------------------------------------------
|  Retarget                     |               4  |              29  |                                              0  |
|  Constant propagation         |               0  |               8  |                                              0  |
|  Sweep                        |               0  |             383  |                                              0  |
|  BUFG optimization            |               0  |               0  |                                              0  |
|  Shift Register Optimization  |               0  |               0  |                                              0  |
|  Post Processing Netlist      |               0  |               0  |                                              0  |
-------------------------------------------------------------------------------------------------------------------------



Starting Connectivity Check Task

Time (s): cpu = 00:00:00 ; elapsed = 00:00:00.003 . Memory (MB): peak = 1734.957 ; gain = 0.000
Ending Logic Optimization Task | Checksum: 1fa5fab77

Time (s): cpu = 00:00:01 ; elapsed = 00:00:00.564 . Memory (MB): peak = 1734.957 ; gain = 0.000

Starting Power Optimization Task
INFO: [Pwropt 34-132] Skipping clock gating for clocks with a period < 2.00 ns.
Ending Power Optimization Task | Checksum: 1fa5fab77

Time (s): cpu = 00:00:00 ; elapsed = 00:00:00.007 . Memory (MB): peak = 1734.957 ; gain = 0.000

Starting Final Cleanup Task
Ending Final Cleanup Task | Checksum: 1fa5fab77

Time (s): cpu = 00:00:00 ; elapsed = 00:00:00 . Memory (MB): peak = 1734.957 ; gain = 0.000

Starting Netlist Obfuscation Task
Netlist sorting complete. Time (s): cpu = 00:00:00 ; elapsed = 00:00:00.001 . Memory (MB): peak = 1734.957 ; gain = 0.000
Ending Netlist Obfuscation Task | Checksum: 1fa5fab77

Time (s): cpu = 00:00:00 ; elapsed = 00:00:00.001 . Memory (MB): peak = 1734.957 ; gain = 0.000
INFO: [Common 17-83] Releasing license: Implementation
35 Infos, 16 Warnings, 12 Critical Warnings and 0 Errors encountered.
opt_design completed successfully
opt_design: Time (s): cpu = 00:00:09 ; elapsed = 00:00:09 . Memory (MB): peak = 1734.957 ; gain = 661.664
INFO: [Timing 38-480] Writing timing data to binary archive.
Writing placer database...
Writing XDEF routing.
Writing XDEF routing logical nets.
Writing XDEF routing special nets.
Write XDEF Complete: Time (s): cpu = 00:00:00 ; elapsed = 00:00:00.052 . Memory (MB): peak = 1734.957 ; gain = 0.000
INFO: [Common 17-1381] The checkpoint 'C:/GitHub/ReconHardware/FPGA_Files/Projects/matrixAccelerator/matrixAccelerator.runs/impl_2/design_1_wrapper_opt.dcp' has been generated.
INFO: [runtcl-4] Executing : report_drc -file design_1_wrapper_drc_opted.rpt -pb design_1_wrapper_drc_opted.pb -rpx design_1_wrapper_drc_opted.rpx
Command: report_drc -file design_1_wrapper_drc_opted.rpt -pb design_1_wrapper_drc_opted.pb -rpx design_1_wrapper_drc_opted.rpx
INFO: [IP_Flow 19-1839] IP Catalog is up to date.
INFO: [DRC 23-27] Running DRC with 2 threads
INFO: [Coretcl 2-168] The results of DRC are in file C:/GitHub/ReconHardware/FPGA_Files/Projects/matrixAccelerator/matrixAccelerator.runs/impl_2/design_1_wrapper_drc_opted.rpt.
report_drc completed successfully
Command: place_design
Attempting to get a license for feature 'Implementation' and/or device 'xc7z020'
INFO: [Common 17-349] Got license for feature 'Implementation' and/or device 'xc7z020'
INFO: [DRC 23-27] Running DRC with 2 threads
INFO: [Vivado_Tcl 4-198] DRC finished with 0 Errors
INFO: [Vivado_Tcl 4-199] Please refer to the DRC report (report_drc) for more information.
Running DRC as a precondition to command place_design
INFO: [DRC 23-27] Running DRC with 2 threads
INFO: [Vivado_Tcl 4-198] DRC finished with 0 Errors
INFO: [Vivado_Tcl 4-199] Please refer to the DRC report (report_drc) for more information.

Starting Placer Task
INFO: [Place 30-611] Multithreading enabled for place_design using a maximum of 2 CPUs

Phase 1 Placer Initialization

Phase 1.1 Placer Initialization Netlist Sorting
Netlist sorting complete. Time (s): cpu = 00:00:00 ; elapsed = 00:00:00.001 . Memory (MB): peak = 1734.957 ; gain = 0.000
Phase 1.1 Placer Initialization Netlist Sorting | Checksum: 1a2df061f

Time (s): cpu = 00:00:00 ; elapsed = 00:00:00.006 . Memory (MB): peak = 1734.957 ; gain = 0.000
Netlist sorting complete. Time (s): cpu = 00:00:00 ; elapsed = 00:00:00 . Memory (MB): peak = 1734.957 ; gain = 0.000

Phase 1.2 IO Placement/ Clock Placement/ Build Placer Device
INFO: [Timing 38-35] Done setting XDC timing constraints.
Phase 1.2 IO Placement/ Clock Placement/ Build Placer Device | Checksum: b9924021

Time (s): cpu = 00:00:01 ; elapsed = 00:00:00.594 . Memory (MB): peak = 1734.957 ; gain = 0.000

Phase 1.3 Build Placer Netlist Model
Phase 1.3 Build Placer Netlist Model | Checksum: 124290474

Time (s): cpu = 00:00:01 ; elapsed = 00:00:00.795 . Memory (MB): peak = 1734.957 ; gain = 0.000

Phase 1.4 Constrain Clocks/Macros
Phase 1.4 Constrain Clocks/Macros | Checksum: 124290474

Time (s): cpu = 00:00:01 ; elapsed = 00:00:00.798 . Memory (MB): peak = 1734.957 ; gain = 0.000
Phase 1 Placer Initialization | Checksum: 124290474

Time (s): cpu = 00:00:01 ; elapsed = 00:00:00.804 . Memory (MB): peak = 1734.957 ; gain = 0.000

Phase 2 Global Placement

Phase 2.1 Floorplanning
Phase 2.1 Floorplanning | Checksum: 884d9c36

Time (s): cpu = 00:00:01 ; elapsed = 00:00:00.872 . Memory (MB): peak = 1734.957 ; gain = 0.000

Phase 2.2 Global Placement Core

Phase 2.2.1 Physical Synthesis In Placer
INFO: [Physopt 32-1035] Found 0 LUTNM shape to break, 36 LUT instances to create LUTNM shape
INFO: [Physopt 32-1044] Break lutnm for timing: one critical 0, two critical 0, total 0, new lutff created 0
INFO: [Physopt 32-775] End 1 Pass. Optimized 17 nets or cells. Created 0 new cell, deleted 17 existing cells and moved 0 existing cell
INFO: [Physopt 32-65] No nets found for high-fanout optimization.
INFO: [Physopt 32-232] Optimized 0 net. Created 0 new instance.
INFO: [Physopt 32-775] End 1 Pass. Optimized 0 net or cell. Created 0 new cell, deleted 0 existing cell and moved 0 existing cell
INFO: [Physopt 32-670] No setup violation found.  DSP Register Optimization was not performed.
INFO: [Physopt 32-670] No setup violation found.  Shift Register to Pipeline Optimization was not performed.
INFO: [Physopt 32-670] No setup violation found.  Shift Register Optimization was not performed.
INFO: [Physopt 32-670] No setup violation found.  BRAM Register Optimization was not performed.
INFO: [Physopt 32-670] No setup violation found.  URAM Register Optimization was not performed.
INFO: [Physopt 32-949] No candidate nets found for HD net replication
INFO: [Physopt 32-775] End 1 Pass. Optimized 0 net or cell. Created 0 new cell, deleted 0 existing cell and moved 0 existing cell
Netlist sorting complete. Time (s): cpu = 00:00:00 ; elapsed = 00:00:00.001 . Memory (MB): peak = 1734.957 ; gain = 0.000

Summary of Physical Synthesis Optimizations
============================================


-----------------------------------------------------------------------------------------------------------------------------------------------------------
|  Optimization                                     |  Added Cells  |  Removed Cells  |  Optimized Cells/Nets  |  Dont Touch  |  Iterations  |  Elapsed   |
-----------------------------------------------------------------------------------------------------------------------------------------------------------
|  LUT Combining                                    |            0  |             17  |                    17  |           0  |           1  |  00:00:00  |
|  Very High Fanout                                 |            0  |              0  |                     0  |           0  |           1  |  00:00:00  |
|  DSP Register                                     |            0  |              0  |                     0  |           0  |           0  |  00:00:00  |
|  Shift Register to Pipeline                       |            0  |              0  |                     0  |           0  |           0  |  00:00:00  |
|  Shift Register                                   |            0  |              0  |                     0  |           0  |           0  |  00:00:00  |
|  BRAM Register                                    |            0  |              0  |                     0  |           0  |           0  |  00:00:00  |
|  URAM Register                                    |            0  |              0  |                     0  |           0  |           0  |  00:00:00  |
|  Dynamic/Static Region Interface Net Replication  |            0  |              0  |                     0  |           0  |           1  |  00:00:00  |
|  Total                                            |            0  |             17  |                    17  |           0  |           3  |  00:00:00  |
-----------------------------------------------------------------------------------------------------------------------------------------------------------


Phase 2.2.1 Physical Synthesis In Placer | Checksum: 1c8e04edc

Time (s): cpu = 00:00:03 ; elapsed = 00:00:02 . Memory (MB): peak = 1734.957 ; gain = 0.000
Phase 2.2 Global Placement Core | Checksum: 13f5eb67a

Time (s): cpu = 00:00:03 ; elapsed = 00:00:02 . Memory (MB): peak = 1734.957 ; gain = 0.000
Phase 2 Global Placement | Checksum: 13f5eb67a

Time (s): cpu = 00:00:03 ; elapsed = 00:00:02 . Memory (MB): peak = 1734.957 ; gain = 0.000

Phase 3 Detail Placement

Phase 3.1 Commit Multi Column Macros
Phase 3.1 Commit Multi Column Macros | Checksum: 1f3334957

Time (s): cpu = 00:00:03 ; elapsed = 00:00:02 . Memory (MB): peak = 1734.957 ; gain = 0.000

Phase 3.2 Commit Most Macros & LUTRAMs
Phase 3.2 Commit Most Macros & LUTRAMs | Checksum: 1effef6d0

Time (s): cpu = 00:00:04 ; elapsed = 00:00:02 . Memory (MB): peak = 1734.957 ; gain = 0.000

Phase 3.3 Area Swap Optimization
Phase 3.3 Area Swap Optimization | Checksum: 1fc5e8a6b

Time (s): cpu = 00:00:04 ; elapsed = 00:00:02 . Memory (MB): peak = 1734.957 ; gain = 0.000

Phase 3.4 Pipeline Register Optimization
Phase 3.4 Pipeline Register Optimization | Checksum: 1b269d870

Time (s): cpu = 00:00:04 ; elapsed = 00:00:02 . Memory (MB): peak = 1734.957 ; gain = 0.000

Phase 3.5 Small Shape Detail Placement
Phase 3.5 Small Shape Detail Placement | Checksum: 1b25c51a3

Time (s): cpu = 00:00:04 ; elapsed = 00:00:02 . Memory (MB): peak = 1734.957 ; gain = 0.000

Phase 3.6 Re-assign LUT pins
Phase 3.6 Re-assign LUT pins | Checksum: 1dfa65b3d

Time (s): cpu = 00:00:04 ; elapsed = 00:00:02 . Memory (MB): peak = 1734.957 ; gain = 0.000

Phase 3.7 Pipeline Register Optimization
Phase 3.7 Pipeline Register Optimization | Checksum: 1b5b8fd32

Time (s): cpu = 00:00:04 ; elapsed = 00:00:02 . Memory (MB): peak = 1734.957 ; gain = 0.000
Phase 3 Detail Placement | Checksum: 1b5b8fd32

Time (s): cpu = 00:00:04 ; elapsed = 00:00:02 . Memory (MB): peak = 1734.957 ; gain = 0.000

Phase 4 Post Placement Optimization and Clean-Up

Phase 4.1 Post Commit Optimization
INFO: [Timing 38-35] Done setting XDC timing constraints.

Phase 4.1.1 Post Placement Optimization
Post Placement Optimization Initialization | Checksum: 1491791bf

Phase 4.1.1.1 BUFG Insertion

Starting Physical Synthesis Task

Phase 1 Physical Synthesis Initialization
INFO: [Physopt 32-721] Multithreading enabled for phys_opt_design using a maximum of 2 CPUs
INFO: [Physopt 32-619] Estimated Timing Summary | WNS=4.297 | TNS=0.000 |
Phase 1 Physical Synthesis Initialization | Checksum: 12848d3a7

Time (s): cpu = 00:00:01 ; elapsed = 00:00:00.039 . Memory (MB): peak = 1757.094 ; gain = 0.000
INFO: [Place 46-56] BUFG insertion identified 0 candidate nets. Inserted BUFG: 0, Replicated BUFG Driver: 0, Skipped due to Placement/Routing Conflicts: 0, Skipped due to Timing Degradation: 0, Skipped due to Illegal Netlist: 0.
Ending Physical Synthesis Task | Checksum: 172d41eaf

Time (s): cpu = 00:00:01 ; elapsed = 00:00:00.042 . Memory (MB): peak = 1757.094 ; gain = 0.000
Phase 4.1.1.1 BUFG Insertion | Checksum: 1491791bf

Time (s): cpu = 00:00:05 ; elapsed = 00:00:03 . Memory (MB): peak = 1757.094 ; gain = 22.137
INFO: [Place 30-746] Post Placement Timing Summary WNS=4.297. For the most accurate timing information please run report_timing.
Phase 4.1.1 Post Placement Optimization | Checksum: 1310283d6

Time (s): cpu = 00:00:05 ; elapsed = 00:00:03 . Memory (MB): peak = 1757.094 ; gain = 22.137
Phase 4.1 Post Commit Optimization | Checksum: 1310283d6

Time (s): cpu = 00:00:05 ; elapsed = 00:00:03 . Memory (MB): peak = 1757.094 ; gain = 22.137

Phase 4.2 Post Placement Cleanup
Phase 4.2 Post Placement Cleanup | Checksum: 1310283d6

Time (s): cpu = 00:00:05 ; elapsed = 00:00:03 . Memory (MB): peak = 1757.094 ; gain = 22.137

Phase 4.3 Placer Reporting
Phase 4.3 Placer Reporting | Checksum: 1310283d6

Time (s): cpu = 00:00:05 ; elapsed = 00:00:03 . Memory (MB): peak = 1757.094 ; gain = 22.137

Phase 4.4 Final Placement Cleanup
Netlist sorting complete. Time (s): cpu = 00:00:00 ; elapsed = 00:00:00 . Memory (MB): peak = 1757.094 ; gain = 0.000
Phase 4.4 Final Placement Cleanup | Checksum: aede3bf8

Time (s): cpu = 00:00:05 ; elapsed = 00:00:03 . Memory (MB): peak = 1757.094 ; gain = 22.137
Phase 4 Post Placement Optimization and Clean-Up | Checksum: aede3bf8

Time (s): cpu = 00:00:05 ; elapsed = 00:00:03 . Memory (MB): peak = 1757.094 ; gain = 22.137
Ending Placer Task | Checksum: 992f3179

Time (s): cpu = 00:00:05 ; elapsed = 00:00:03 . Memory (MB): peak = 1757.094 ; gain = 22.137
INFO: [Common 17-83] Releasing license: Implementation
69 Infos, 16 Warnings, 12 Critical Warnings and 0 Errors encountered.
place_design completed successfully
INFO: [Timing 38-480] Writing timing data to binary archive.
Writing placer database...
Writing XDEF routing.
Writing XDEF routing logical nets.
Writing XDEF routing special nets.
Write XDEF Complete: Time (s): cpu = 00:00:00 ; elapsed = 00:00:00.108 . Memory (MB): peak = 1757.152 ; gain = 0.059
INFO: [Common 17-1381] The checkpoint 'C:/GitHub/ReconHardware/FPGA_Files/Projects/matrixAccelerator/matrixAccelerator.runs/impl_2/design_1_wrapper_placed.dcp' has been generated.
INFO: [runtcl-4] Executing : report_io -file design_1_wrapper_io_placed.rpt
report_io: Time (s): cpu = 00:00:00 ; elapsed = 00:00:00.042 . Memory (MB): peak = 1757.152 ; gain = 0.000
INFO: [runtcl-4] Executing : report_utilization -file design_1_wrapper_utilization_placed.rpt -pb design_1_wrapper_utilization_placed.pb
INFO: [runtcl-4] Executing : report_control_sets -verbose -file design_1_wrapper_control_sets_placed.rpt
report_control_sets: Time (s): cpu = 00:00:00 ; elapsed = 00:00:00.007 . Memory (MB): peak = 1757.152 ; gain = 0.000
Command: phys_opt_design
Attempting to get a license for feature 'Implementation' and/or device 'xc7z020'
INFO: [Common 17-349] Got license for feature 'Implementation' and/or device 'xc7z020'
INFO: [Vivado_Tcl 4-383] Design worst setup slack (WNS) is greater than or equal to 0.000 ns. Skipping all physical synthesis optimizations.
INFO: [Vivado_Tcl 4-232] No setup violation found. The netlist was not modified.
INFO: [Common 17-83] Releasing license: Implementation
78 Infos, 16 Warnings, 12 Critical Warnings and 0 Errors encountered.
phys_opt_design completed successfully
INFO: [Timing 38-480] Writing timing data to binary archive.
Writing placer database...
Writing XDEF routing.
Writing XDEF routing logical nets.
Writing XDEF routing special nets.
Write XDEF Complete: Time (s): cpu = 00:00:00 ; elapsed = 00:00:00.104 . Memory (MB): peak = 1781.379 ; gain = 17.895
INFO: [Common 17-1381] The checkpoint 'C:/GitHub/ReconHardware/FPGA_Files/Projects/matrixAccelerator/matrixAccelerator.runs/impl_2/design_1_wrapper_physopt.dcp' has been generated.
Command: route_design
Attempting to get a license for feature 'Implementation' and/or device 'xc7z020'
INFO: [Common 17-349] Got license for feature 'Implementation' and/or device 'xc7z020'
Running DRC as a precondition to command route_design
INFO: [DRC 23-27] Running DRC with 2 threads
INFO: [Vivado_Tcl 4-198] DRC finished with 0 Errors
INFO: [Vivado_Tcl 4-199] Please refer to the DRC report (report_drc) for more information.


Starting Routing Task
INFO: [Route 35-254] Multithreading enabled for route_design using a maximum of 2 CPUs
Checksum: PlaceDB: 784f6370 ConstDB: 0 ShapeSum: 20dfce09 RouteDB: 0

Phase 1 Build RT Design
Phase 1 Build RT Design | Checksum: 13a50e519

Time (s): cpu = 00:00:19 ; elapsed = 00:00:16 . Memory (MB): peak = 1884.820 ; gain = 93.375
Post Restoration Checksum: NetGraph: 456b03bc NumContArr: f4e5e15d Constraints: 0 Timing: 0

Phase 2 Router Initialization

Phase 2.1 Create Timer
Phase 2.1 Create Timer | Checksum: 13a50e519

Time (s): cpu = 00:00:19 ; elapsed = 00:00:16 . Memory (MB): peak = 1884.820 ; gain = 93.375

Phase 2.2 Fix Topology Constraints
Phase 2.2 Fix Topology Constraints | Checksum: 13a50e519

Time (s): cpu = 00:00:19 ; elapsed = 00:00:16 . Memory (MB): peak = 1891.309 ; gain = 99.863

Phase 2.3 Pre Route Cleanup
Phase 2.3 Pre Route Cleanup | Checksum: 13a50e519

Time (s): cpu = 00:00:19 ; elapsed = 00:00:16 . Memory (MB): peak = 1891.309 ; gain = 99.863
 Number of Nodes with overlaps = 0

Phase 2.4 Update Timing
Phase 2.4 Update Timing | Checksum: 1df634ec3

Time (s): cpu = 00:00:19 ; elapsed = 00:00:16 . Memory (MB): peak = 1913.230 ; gain = 121.785
INFO: [Route 35-416] Intermediate Timing Summary | WNS=4.318  | TNS=0.000  | WHS=-0.187 | THS=-15.302|

Phase 2 Router Initialization | Checksum: 1df7e9cc9

Time (s): cpu = 00:00:19 ; elapsed = 00:00:16 . Memory (MB): peak = 1913.230 ; gain = 121.785

Router Utilization Summary
  Global Vertical Routing Utilization    = 0 %
  Global Horizontal Routing Utilization  = 0 %
  Routable Net Status*
  *Does not include unroutable nets such as driverless and loadless.
  Run report_route_status for detailed report.
  Number of Failed Nets               = 1165
    (Failed Nets is the sum of unrouted and partially routed nets)
  Number of Unrouted Nets             = 1165
  Number of Partially Routed Nets     = 0
  Number of Node Overlaps             = 0


Phase 3 Initial Routing
Phase 3 Initial Routing | Checksum: a411d54c

Time (s): cpu = 00:00:20 ; elapsed = 00:00:17 . Memory (MB): peak = 1913.230 ; gain = 121.785

Phase 4 Rip-up And Reroute

Phase 4.1 Global Iteration 0
 Number of Nodes with overlaps = 87
 Number of Nodes with overlaps = 0
INFO: [Route 35-416] Intermediate Timing Summary | WNS=3.895  | TNS=0.000  | WHS=N/A    | THS=N/A    |

Phase 4.1 Global Iteration 0 | Checksum: f263729b

Time (s): cpu = 00:00:20 ; elapsed = 00:00:17 . Memory (MB): peak = 1913.230 ; gain = 121.785

Phase 4.2 Global Iteration 1
 Number of Nodes with overlaps = 2
 Number of Nodes with overlaps = 0
INFO: [Route 35-416] Intermediate Timing Summary | WNS=3.895  | TNS=0.000  | WHS=N/A    | THS=N/A    |

Phase 4.2 Global Iteration 1 | Checksum: 16f910a80

Time (s): cpu = 00:00:20 ; elapsed = 00:00:17 . Memory (MB): peak = 1913.230 ; gain = 121.785
Phase 4 Rip-up And Reroute | Checksum: 16f910a80

Time (s): cpu = 00:00:20 ; elapsed = 00:00:17 . Memory (MB): peak = 1913.230 ; gain = 121.785

Phase 5 Delay and Skew Optimization

Phase 5.1 Delay CleanUp
Phase 5.1 Delay CleanUp | Checksum: 16f910a80

Time (s): cpu = 00:00:20 ; elapsed = 00:00:17 . Memory (MB): peak = 1913.230 ; gain = 121.785

Phase 5.2 Clock Skew Optimization
Phase 5.2 Clock Skew Optimization | Checksum: 16f910a80

Time (s): cpu = 00:00:20 ; elapsed = 00:00:17 . Memory (MB): peak = 1913.230 ; gain = 121.785
Phase 5 Delay and Skew Optimization | Checksum: 16f910a80

Time (s): cpu = 00:00:20 ; elapsed = 00:00:17 . Memory (MB): peak = 1913.230 ; gain = 121.785

Phase 6 Post Hold Fix

Phase 6.1 Hold Fix Iter

Phase 6.1.1 Update Timing
Phase 6.1.1 Update Timing | Checksum: 1e371de37

Time (s): cpu = 00:00:20 ; elapsed = 00:00:17 . Memory (MB): peak = 1913.230 ; gain = 121.785
INFO: [Route 35-416] Intermediate Timing Summary | WNS=4.043  | TNS=0.000  | WHS=0.064  | THS=0.000  |

Phase 6.1 Hold Fix Iter | Checksum: 1770f2048

Time (s): cpu = 00:00:20 ; elapsed = 00:00:17 . Memory (MB): peak = 1913.230 ; gain = 121.785
Phase 6 Post Hold Fix | Checksum: 1770f2048

Time (s): cpu = 00:00:20 ; elapsed = 00:00:17 . Memory (MB): peak = 1913.230 ; gain = 121.785

Phase 7 Route finalize

Router Utilization Summary
  Global Vertical Routing Utilization    = 0.118929 %
  Global Horizontal Routing Utilization  = 0.184162 %
  Routable Net Status*
  *Does not include unroutable nets such as driverless and loadless.
  Run report_route_status for detailed report.
  Number of Failed Nets               = 0
    (Failed Nets is the sum of unrouted and partially routed nets)
  Number of Unrouted Nets             = 0
  Number of Partially Routed Nets     = 0
  Number of Node Overlaps             = 0

Phase 7 Route finalize | Checksum: 1b7a79da9

Time (s): cpu = 00:00:20 ; elapsed = 00:00:17 . Memory (MB): peak = 1913.230 ; gain = 121.785

Phase 8 Verifying routed nets

 Verification completed successfully
Phase 8 Verifying routed nets | Checksum: 1b7a79da9

Time (s): cpu = 00:00:20 ; elapsed = 00:00:17 . Memory (MB): peak = 1913.230 ; gain = 121.785

Phase 9 Depositing Routes
Phase 9 Depositing Routes | Checksum: 1ed7d74da

Time (s): cpu = 00:00:20 ; elapsed = 00:00:17 . Memory (MB): peak = 1913.230 ; gain = 121.785

Phase 10 Post Router Timing
INFO: [Route 35-57] Estimated Timing Summary | WNS=4.043  | TNS=0.000  | WHS=0.064  | THS=0.000  |

INFO: [Route 35-327] The final timing numbers are based on the router estimated timing analysis. For a complete and accurate timing signoff, please run report_timing_summary.
Phase 10 Post Router Timing | Checksum: 1ed7d74da

Time (s): cpu = 00:00:20 ; elapsed = 00:00:17 . Memory (MB): peak = 1913.230 ; gain = 121.785
INFO: [Route 35-16] Router Completed Successfully

Time (s): cpu = 00:00:20 ; elapsed = 00:00:17 . Memory (MB): peak = 1913.230 ; gain = 121.785

Routing Is Done.
INFO: [Common 17-83] Releasing license: Implementation
93 Infos, 16 Warnings, 12 Critical Warnings and 0 Errors encountered.
route_design completed successfully
route_design: Time (s): cpu = 00:00:21 ; elapsed = 00:00:18 . Memory (MB): peak = 1913.230 ; gain = 131.852
INFO: [Timing 38-480] Writing timing data to binary archive.
Writing placer database...
Writing XDEF routing.
Writing XDEF routing logical nets.
Writing XDEF routing special nets.
Write XDEF Complete: Time (s): cpu = 00:00:01 ; elapsed = 00:00:00.130 . Memory (MB): peak = 1918.996 ; gain = 5.766
INFO: [Common 17-1381] The checkpoint 'C:/GitHub/ReconHardware/FPGA_Files/Projects/matrixAccelerator/matrixAccelerator.runs/impl_2/design_1_wrapper_routed.dcp' has been generated.
INFO: [runtcl-4] Executing : report_drc -file design_1_wrapper_drc_routed.rpt -pb design_1_wrapper_drc_routed.pb -rpx design_1_wrapper_drc_routed.rpx
Command: report_drc -file design_1_wrapper_drc_routed.rpt -pb design_1_wrapper_drc_routed.pb -rpx design_1_wrapper_drc_routed.rpx
INFO: [IP_Flow 19-1839] IP Catalog is up to date.
INFO: [DRC 23-27] Running DRC with 2 threads
INFO: [Coretcl 2-168] The results of DRC are in file C:/GitHub/ReconHardware/FPGA_Files/Projects/matrixAccelerator/matrixAccelerator.runs/impl_2/design_1_wrapper_drc_routed.rpt.
report_drc completed successfully
INFO: [runtcl-4] Executing : report_methodology -file design_1_wrapper_methodology_drc_routed.rpt -pb design_1_wrapper_methodology_drc_routed.pb -rpx design_1_wrapper_methodology_drc_routed.rpx
Command: report_methodology -file design_1_wrapper_methodology_drc_routed.rpt -pb design_1_wrapper_methodology_drc_routed.pb -rpx design_1_wrapper_methodology_drc_routed.rpx
INFO: [Timing 38-35] Done setting XDC timing constraints.
INFO: [DRC 23-133] Running Methodology with 2 threads
INFO: [Coretcl 2-1520] The results of Report Methodology are in file C:/GitHub/ReconHardware/FPGA_Files/Projects/matrixAccelerator/matrixAccelerator.runs/impl_2/design_1_wrapper_methodology_drc_routed.rpt.
report_methodology completed successfully
INFO: [runtcl-4] Executing : report_power -file design_1_wrapper_power_routed.rpt -pb design_1_wrapper_power_summary_routed.pb -rpx design_1_wrapper_power_routed.rpx
Command: report_power -file design_1_wrapper_power_routed.rpt -pb design_1_wrapper_power_summary_routed.pb -rpx design_1_wrapper_power_routed.rpx
INFO: [Timing 38-35] Done setting XDC timing constraints.
Running Vector-less Activity Propagation...

Finished Running Vector-less Activity Propagation
105 Infos, 16 Warnings, 12 Critical Warnings and 0 Errors encountered.
report_power completed successfully
INFO: [runtcl-4] Executing : report_route_status -file design_1_wrapper_route_status.rpt -pb design_1_wrapper_route_status.pb
INFO: [runtcl-4] Executing : report_timing_summary -max_paths 10 -file design_1_wrapper_timing_summary_routed.rpt -pb design_1_wrapper_timing_summary_routed.pb -rpx design_1_wrapper_timing_summary_routed.rpx -warn_on_violation 
INFO: [Timing 38-91] UpdateTimingParams: Speed grade: -1, Delay Type: min_max.
INFO: [Timing 38-191] Multithreading enabled for timing update using a maximum of 2 CPUs
INFO: [runtcl-4] Executing : report_incremental_reuse -file design_1_wrapper_incremental_reuse_routed.rpt
INFO: [Vivado_Tcl 4-1062] Incremental flow is disabled. No incremental reuse Info to report.
INFO: [runtcl-4] Executing : report_clock_utilization -file design_1_wrapper_clock_utilization_routed.rpt
INFO: [runtcl-4] Executing : report_bus_skew -warn_on_violation -file design_1_wrapper_bus_skew_routed.rpt -pb design_1_wrapper_bus_skew_routed.pb -rpx design_1_wrapper_bus_skew_routed.rpx
INFO: [Timing 38-91] UpdateTimingParams: Speed grade: -1, Delay Type: min_max.
INFO: [Timing 38-191] Multithreading enabled for timing update using a maximum of 2 CPUs
Command: write_bitstream -force design_1_wrapper.bit
Attempting to get a license for feature 'Implementation' and/or device 'xc7z020'
INFO: [Common 17-349] Got license for feature 'Implementation' and/or device 'xc7z020'
Running DRC as a precondition to command write_bitstream
INFO: [IP_Flow 19-1839] IP Catalog is up to date.
INFO: [DRC 23-27] Running DRC with 2 threads
INFO: [Vivado 12-3199] DRC finished with 0 Errors
INFO: [Vivado 12-3200] Please refer to the DRC report (report_drc) for more information.
INFO: [Designutils 20-2272] Running write_bitstream with 2 threads.
Loading data files...
Loading site data...
Loading route data...
Processing options...
Creating bitmap...
Creating bitstream...
Writing bitstream ./design_1_wrapper.bit...
INFO: [Vivado 12-1842] Bitgen Completed Successfully.
INFO: [Project 1-120] WebTalk data collection is mandatory when using a WebPACK part without a full Vivado license. To see the specific WebTalk data collected for your design, open the usage_statistics_webtalk.html or usage_statistics_webtalk.xml file in the implementation directory.
INFO: [Common 17-186] 'C:/GitHub/ReconHardware/FPGA_Files/Projects/matrixAccelerator/matrixAccelerator.runs/impl_2/usage_statistics_webtalk.xml' has been successfully sent to Xilinx on Sat Oct 31 12:38:18 2020. For additional details about this file, please refer to the WebTalk help file at C:/Xilinx/Vivado/2020.1/doc/webtalk_introduction.html.
INFO: [Common 17-83] Releasing license: Implementation
125 Infos, 16 Warnings, 12 Critical Warnings and 0 Errors encountered.
write_bitstream completed successfully
write_bitstream: Time (s): cpu = 00:00:11 ; elapsed = 00:00:12 . Memory (MB): peak = 2358.598 ; gain = 412.797
INFO: [Common 17-206] Exiting Vivado at Sat Oct 31 12:38:18 2020...
