
*** Running vivado
    with args -log prio_pr_2_decoupler_0.vds -m64 -product Vivado -mode batch -messageDb vivado.pb -notrace -source prio_pr_2_decoupler_0.tcl



****** Vivado v2020.1 (64-bit)
  **** SW Build 2902540 on Wed May 27 19:54:49 MDT 2020
  **** IP Build 2902112 on Wed May 27 22:43:36 MDT 2020
    ** Copyright 1986-2020 Xilinx, Inc. All Rights Reserved.

source prio_pr_2_decoupler_0.tcl -notrace
Command: synth_design -top prio_pr_2_decoupler_0 -part xc7z020clg400-1 -mode out_of_context
Starting synth_design
Attempting to get a license for feature 'Synthesis' and/or device 'xc7z020'
INFO: [Common 17-349] Got license for feature 'Synthesis' and/or device 'xc7z020'
INFO: [Device 21-403] Loading part xc7z020clg400-1
INFO: [Synth 8-7079] Multithreading enabled for synth_design using a maximum of 2 processes.
INFO: [Synth 8-7078] Launching helper process for spawning children vivado processes
INFO: [Synth 8-7075] Helper process launched with PID 8644
---------------------------------------------------------------------------------
Starting RTL Elaboration : Time (s): cpu = 00:00:03 ; elapsed = 00:00:04 . Memory (MB): peak = 1080.469 ; gain = 0.000
---------------------------------------------------------------------------------
INFO: [Synth 8-638] synthesizing module 'prio_pr_2_decoupler_0' [c:/Users/monke/Downloads/PYNQ-PRIO-master/PYNQ-PRIO-master/boards/Pynq-Z1/prio/prio/prio.srcs/sources_1/bd/prio/ip/prio_pr_2_decoupler_0/synth/prio_pr_2_decoupler_0.vhd:108]
	Parameter C_XDEVICEFAMILY bound to: zynq - type: string 
INFO: [Synth 8-3491] module 'dfx_decoupler_prio_pr_2_decoupler_0' declared at 'c:/Users/monke/Downloads/PYNQ-PRIO-master/PYNQ-PRIO-master/boards/Pynq-Z1/prio/prio/prio.srcs/sources_1/bd/prio/ip/prio_pr_2_decoupler_0/dfx_decoupler_prio_pr_2_decoupler_0.vhd:68' bound to instance 'U0' of component 'dfx_decoupler_prio_pr_2_decoupler_0' [c:/Users/monke/Downloads/PYNQ-PRIO-master/PYNQ-PRIO-master/boards/Pynq-Z1/prio/prio/prio.srcs/sources_1/bd/prio/ip/prio_pr_2_decoupler_0/synth/prio_pr_2_decoupler_0.vhd:224]
INFO: [Synth 8-256] done synthesizing module 'prio_pr_2_decoupler_0' (2#1) [c:/Users/monke/Downloads/PYNQ-PRIO-master/PYNQ-PRIO-master/boards/Pynq-Z1/prio/prio/prio.srcs/sources_1/bd/prio/ip/prio_pr_2_decoupler_0/synth/prio_pr_2_decoupler_0.vhd:108]
---------------------------------------------------------------------------------
Finished RTL Elaboration : Time (s): cpu = 00:00:04 ; elapsed = 00:00:05 . Memory (MB): peak = 1116.902 ; gain = 36.434
---------------------------------------------------------------------------------
---------------------------------------------------------------------------------
Start Handling Custom Attributes
---------------------------------------------------------------------------------
---------------------------------------------------------------------------------
Finished Handling Custom Attributes : Time (s): cpu = 00:00:04 ; elapsed = 00:00:06 . Memory (MB): peak = 1116.902 ; gain = 36.434
---------------------------------------------------------------------------------
---------------------------------------------------------------------------------
Finished RTL Optimization Phase 1 : Time (s): cpu = 00:00:04 ; elapsed = 00:00:06 . Memory (MB): peak = 1116.902 ; gain = 36.434
---------------------------------------------------------------------------------
Netlist sorting complete. Time (s): cpu = 00:00:00 ; elapsed = 00:00:00.005 . Memory (MB): peak = 1116.902 ; gain = 0.000
INFO: [Project 1-570] Preparing netlist for logic optimization

Processing XDC Constraints
Initializing timing engine
Parsing XDC File [c:/Users/monke/Downloads/PYNQ-PRIO-master/PYNQ-PRIO-master/boards/Pynq-Z1/prio/prio/prio.srcs/sources_1/bd/prio/ip/prio_pr_2_decoupler_0/prio_pr_2_decoupler_0_ooc.xdc] for cell 'U0'
Finished Parsing XDC File [c:/Users/monke/Downloads/PYNQ-PRIO-master/PYNQ-PRIO-master/boards/Pynq-Z1/prio/prio/prio.srcs/sources_1/bd/prio/ip/prio_pr_2_decoupler_0/prio_pr_2_decoupler_0_ooc.xdc] for cell 'U0'
Parsing XDC File [c:/Users/monke/Downloads/PYNQ-PRIO-master/PYNQ-PRIO-master/boards/Pynq-Z1/prio/prio/prio.srcs/sources_1/bd/prio/ip/prio_pr_2_decoupler_0/prio_pr_2_decoupler_0.xdc] for cell 'U0'
Finished Parsing XDC File [c:/Users/monke/Downloads/PYNQ-PRIO-master/PYNQ-PRIO-master/boards/Pynq-Z1/prio/prio/prio.srcs/sources_1/bd/prio/ip/prio_pr_2_decoupler_0/prio_pr_2_decoupler_0.xdc] for cell 'U0'
Parsing XDC File [C:/Users/monke/Downloads/PYNQ-PRIO-master/PYNQ-PRIO-master/boards/Pynq-Z1/prio/prio/prio.runs/prio_pr_2_decoupler_0_synth_1/dont_touch.xdc]
Finished Parsing XDC File [C:/Users/monke/Downloads/PYNQ-PRIO-master/PYNQ-PRIO-master/boards/Pynq-Z1/prio/prio/prio.runs/prio_pr_2_decoupler_0_synth_1/dont_touch.xdc]
Completed Processing XDC Constraints

Netlist sorting complete. Time (s): cpu = 00:00:00 ; elapsed = 00:00:00 . Memory (MB): peak = 1200.820 ; gain = 0.000
INFO: [Project 1-111] Unisim Transformation Summary:
No Unisim elements were transformed.

Constraint Validation Runtime : Time (s): cpu = 00:00:00 ; elapsed = 00:00:00.025 . Memory (MB): peak = 1204.148 ; gain = 3.328
---------------------------------------------------------------------------------
Finished Constraint Validation : Time (s): cpu = 00:00:09 ; elapsed = 00:00:12 . Memory (MB): peak = 1204.148 ; gain = 123.680
---------------------------------------------------------------------------------
---------------------------------------------------------------------------------
Start Loading Part and Timing Information
---------------------------------------------------------------------------------
Loading part: xc7z020clg400-1
---------------------------------------------------------------------------------
Finished Loading Part and Timing Information : Time (s): cpu = 00:00:09 ; elapsed = 00:00:12 . Memory (MB): peak = 1204.148 ; gain = 123.680
---------------------------------------------------------------------------------
---------------------------------------------------------------------------------
Start Applying 'set_property' XDC Constraints
---------------------------------------------------------------------------------
Applied set_property DONT_TOUCH = true for U0. (constraint file  C:/Users/monke/Downloads/PYNQ-PRIO-master/PYNQ-PRIO-master/boards/Pynq-Z1/prio/prio/prio.runs/prio_pr_2_decoupler_0_synth_1/dont_touch.xdc, line 9).
---------------------------------------------------------------------------------
Finished applying 'set_property' XDC Constraints : Time (s): cpu = 00:00:09 ; elapsed = 00:00:12 . Memory (MB): peak = 1204.148 ; gain = 123.680
---------------------------------------------------------------------------------
---------------------------------------------------------------------------------
Finished RTL Optimization Phase 2 : Time (s): cpu = 00:00:10 ; elapsed = 00:00:12 . Memory (MB): peak = 1204.148 ; gain = 123.680
---------------------------------------------------------------------------------
---------------------------------------------------------------------------------
Start RTL Component Statistics 
---------------------------------------------------------------------------------
Detailed RTL Component Info : 
---------------------------------------------------------------------------------
Finished RTL Component Statistics 
---------------------------------------------------------------------------------
---------------------------------------------------------------------------------
Start Part Resource Summary
---------------------------------------------------------------------------------
Part Resources:
DSPs: 220 (col length:60)
BRAMs: 280 (col length: RAMB18 60 RAMB36 30)
---------------------------------------------------------------------------------
Finished Part Resource Summary
---------------------------------------------------------------------------------
---------------------------------------------------------------------------------
Start Cross Boundary and Area Optimization
---------------------------------------------------------------------------------
---------------------------------------------------------------------------------
Finished Cross Boundary and Area Optimization : Time (s): cpu = 00:00:11 ; elapsed = 00:00:13 . Memory (MB): peak = 1204.148 ; gain = 123.680
---------------------------------------------------------------------------------
---------------------------------------------------------------------------------
Start Applying XDC Timing Constraints
---------------------------------------------------------------------------------
---------------------------------------------------------------------------------
Finished Applying XDC Timing Constraints : Time (s): cpu = 00:00:16 ; elapsed = 00:00:19 . Memory (MB): peak = 1204.988 ; gain = 124.520
---------------------------------------------------------------------------------
---------------------------------------------------------------------------------
Start Timing Optimization
---------------------------------------------------------------------------------
---------------------------------------------------------------------------------
Finished Timing Optimization : Time (s): cpu = 00:00:16 ; elapsed = 00:00:19 . Memory (MB): peak = 1205.062 ; gain = 124.594
---------------------------------------------------------------------------------
---------------------------------------------------------------------------------
Start Technology Mapping
---------------------------------------------------------------------------------
---------------------------------------------------------------------------------
Finished Technology Mapping : Time (s): cpu = 00:00:16 ; elapsed = 00:00:20 . Memory (MB): peak = 1224.188 ; gain = 143.719
---------------------------------------------------------------------------------
---------------------------------------------------------------------------------
Start IO Insertion
---------------------------------------------------------------------------------
---------------------------------------------------------------------------------
Start Flattening Before IO Insertion
---------------------------------------------------------------------------------
---------------------------------------------------------------------------------
Finished Flattening Before IO Insertion
---------------------------------------------------------------------------------
---------------------------------------------------------------------------------
Start Final Netlist Cleanup
---------------------------------------------------------------------------------
---------------------------------------------------------------------------------
Finished Final Netlist Cleanup
---------------------------------------------------------------------------------
---------------------------------------------------------------------------------
Finished IO Insertion : Time (s): cpu = 00:00:20 ; elapsed = 00:00:23 . Memory (MB): peak = 1230.961 ; gain = 150.492
---------------------------------------------------------------------------------
---------------------------------------------------------------------------------
Start Renaming Generated Instances
---------------------------------------------------------------------------------
---------------------------------------------------------------------------------
Finished Renaming Generated Instances : Time (s): cpu = 00:00:20 ; elapsed = 00:00:23 . Memory (MB): peak = 1230.961 ; gain = 150.492
---------------------------------------------------------------------------------
---------------------------------------------------------------------------------
Start Rebuilding User Hierarchy
---------------------------------------------------------------------------------
---------------------------------------------------------------------------------
Finished Rebuilding User Hierarchy : Time (s): cpu = 00:00:20 ; elapsed = 00:00:23 . Memory (MB): peak = 1230.961 ; gain = 150.492
---------------------------------------------------------------------------------
---------------------------------------------------------------------------------
Start Renaming Generated Ports
---------------------------------------------------------------------------------
---------------------------------------------------------------------------------
Finished Renaming Generated Ports : Time (s): cpu = 00:00:20 ; elapsed = 00:00:23 . Memory (MB): peak = 1230.961 ; gain = 150.492
---------------------------------------------------------------------------------
---------------------------------------------------------------------------------
Start Handling Custom Attributes
---------------------------------------------------------------------------------
---------------------------------------------------------------------------------
Finished Handling Custom Attributes : Time (s): cpu = 00:00:20 ; elapsed = 00:00:23 . Memory (MB): peak = 1230.961 ; gain = 150.492
---------------------------------------------------------------------------------
---------------------------------------------------------------------------------
Start Renaming Generated Nets
---------------------------------------------------------------------------------
---------------------------------------------------------------------------------
Finished Renaming Generated Nets : Time (s): cpu = 00:00:20 ; elapsed = 00:00:23 . Memory (MB): peak = 1230.961 ; gain = 150.492
---------------------------------------------------------------------------------
---------------------------------------------------------------------------------
Start Writing Synthesis Report
---------------------------------------------------------------------------------

Report BlackBoxes: 
+-+--------------+----------+
| |BlackBox name |Instances |
+-+--------------+----------+
+-+--------------+----------+

Report Cell Usage: 
+------+-----+------+
|      |Cell |Count |
+------+-----+------+
|1     |LUT2 |    10|
+------+-----+------+
---------------------------------------------------------------------------------
Finished Writing Synthesis Report : Time (s): cpu = 00:00:20 ; elapsed = 00:00:23 . Memory (MB): peak = 1230.961 ; gain = 150.492
---------------------------------------------------------------------------------
Synthesis finished with 0 errors, 0 critical warnings and 0 warnings.
Synthesis Optimization Runtime : Time (s): cpu = 00:00:14 ; elapsed = 00:00:21 . Memory (MB): peak = 1230.961 ; gain = 63.246
Synthesis Optimization Complete : Time (s): cpu = 00:00:20 ; elapsed = 00:00:23 . Memory (MB): peak = 1230.961 ; gain = 150.492
INFO: [Project 1-571] Translating synthesized netlist
Netlist sorting complete. Time (s): cpu = 00:00:00 ; elapsed = 00:00:00.007 . Memory (MB): peak = 1242.023 ; gain = 0.000
INFO: [Project 1-570] Preparing netlist for logic optimization
INFO: [Opt 31-138] Pushed 0 inverter(s) to 0 load pin(s).
Netlist sorting complete. Time (s): cpu = 00:00:00 ; elapsed = 00:00:00 . Memory (MB): peak = 1251.527 ; gain = 0.000
INFO: [Project 1-111] Unisim Transformation Summary:
No Unisim elements were transformed.

INFO: [Common 17-83] Releasing license: Synthesis
15 Infos, 0 Warnings, 0 Critical Warnings and 0 Errors encountered.
synth_design completed successfully
synth_design: Time (s): cpu = 00:00:25 ; elapsed = 00:00:30 . Memory (MB): peak = 1251.527 ; gain = 171.059
INFO: [Common 17-1381] The checkpoint 'C:/Users/monke/Downloads/PYNQ-PRIO-master/PYNQ-PRIO-master/boards/Pynq-Z1/prio/prio/prio.runs/prio_pr_2_decoupler_0_synth_1/prio_pr_2_decoupler_0.dcp' has been generated.
WARNING: [Common 17-576] 'use_project_ipc' is deprecated. This option is deprecated and no longer used.
INFO: [Coretcl 2-1648] Added synthesis output to IP cache for IP prio_pr_2_decoupler_0, cache-ID = f6d71c7ec668c824
INFO: [Common 17-1381] The checkpoint 'C:/Users/monke/Downloads/PYNQ-PRIO-master/PYNQ-PRIO-master/boards/Pynq-Z1/prio/prio/prio.runs/prio_pr_2_decoupler_0_synth_1/prio_pr_2_decoupler_0.dcp' has been generated.
INFO: [runtcl-4] Executing : report_utilization -file prio_pr_2_decoupler_0_utilization_synth.rpt -pb prio_pr_2_decoupler_0_utilization_synth.pb
INFO: [Common 17-206] Exiting Vivado at Sat Jan  2 12:46:11 2021...
