#-----------------------------------------------------------
# Vivado v2019.2 (64-bit)
# SW Build 2708876 on Wed Nov  6 21:40:23 MST 2019
# IP Build 2700528 on Thu Nov  7 00:09:20 MST 2019
# Start of session at: Sun Jul 26 14:06:21 2020
# Process ID: 21028
# Current directory: C:/Users/monke/Documents/GitHub/ReconHardware/PynqSoftware/Projects/staticXBarMulti
# Command line: vivado.exe -gui_launcher_event rodinguilauncherevent31780 C:\Users\monke\Documents\GitHub\ReconHardware\PynqSoftware\Projects\staticXBarMulti\staticXBarMulti.xpr
# Log file: C:/Users/monke/Documents/GitHub/ReconHardware/PynqSoftware/Projects/staticXBarMulti/vivado.log
# Journal file: C:/Users/monke/Documents/GitHub/ReconHardware/PynqSoftware/Projects/staticXBarMulti\vivado.jou
#-----------------------------------------------------------
start_gui
open_project C:/Users/monke/Documents/GitHub/ReconHardware/PynqSoftware/Projects/staticXBarMulti/staticXBarMulti.xpr
INFO: [ProjectBase 1-489] The host OS only allows 260 characters in a normal path. The project is stored in a path with more than 80 characters. If you experience issues with IP, Block Designs, or files not being found, please consider moving the project to a location with a shorter path. Alternately consider using the OS subst command to map part of the path to a drive letter.
Current project path is 'C:/Users/monke/Documents/GitHub/ReconHardware/PynqSoftware/Projects/staticXBarMulti'
INFO: [Project 1-313] Project file moved from 'C:/Users/monke/Documents/GitHub/ReconHardware/PynqSoftware/staticXBarMulti' since last save.
CRITICAL WARNING: [Project 1-311] Could not find the file 'C:/Users/monke/Documents/GitHub/ReconHardware/PynqSoftware/Projects/dynamicMulti/dynamicMulti.srcs/sources_1/imports/new/definitions.h', nor could it be found using path 'C:/Users/monke/Documents/GitHub/ReconHardware/PynqSoftware/dynamicMulti/dynamicMulti.srcs/sources_1/imports/new/definitions.h'.
CRITICAL WARNING: [Project 1-311] Could not find the file 'C:/Users/monke/Documents/GitHub/ReconHardware/PynqSoftware/Projects/dynamicMulti/dynamicMulti.srcs/sources_1/imports/new/FlipFlop.v', nor could it be found using path 'C:/Users/monke/Documents/GitHub/ReconHardware/PynqSoftware/dynamicMulti/dynamicMulti.srcs/sources_1/imports/new/FlipFlop.v'.
CRITICAL WARNING: [Project 1-311] Could not find the file 'C:/Users/monke/Documents/GitHub/ReconHardware/PynqSoftware/Projects/dynamicMulti/dynamicMulti.srcs/sources_1/imports/new/ParallelBuffer.v', nor could it be found using path 'C:/Users/monke/Documents/GitHub/ReconHardware/PynqSoftware/dynamicMulti/dynamicMulti.srcs/sources_1/imports/new/ParallelBuffer.v'.
CRITICAL WARNING: [Project 1-311] Could not find the file 'C:/Users/monke/Documents/GitHub/ReconHardware/PynqSoftware/Projects/dynamicMulti/dynamicMulti.srcs/sources_1/imports/new/dataSplit.v', nor could it be found using path 'C:/Users/monke/Documents/GitHub/ReconHardware/PynqSoftware/dynamicMulti/dynamicMulti.srcs/sources_1/imports/new/dataSplit.v'.
CRITICAL WARNING: [Project 1-311] Could not find the file 'C:/Users/monke/Documents/GitHub/ReconHardware/PynqSoftware/Projects/dynamicMulti/dynamicMulti.srcs/sources_1/bd/ps_Wrap/ps_Wrap.bd', nor could it be found using path 'C:/Users/monke/Documents/GitHub/ReconHardware/PynqSoftware/dynamicMulti/dynamicMulti.srcs/sources_1/bd/ps_Wrap/ps_Wrap.bd'.
CRITICAL WARNING: [Project 1-311] Could not find the file 'C:/Users/monke/Documents/GitHub/ReconHardware/PynqSoftware/Projects/staticXBarMulti/staticXBarMulti.srcs/sources_1/bd/PYNQ_wrap/PYNQ_wrap.bd', nor could it be found using path 'C:/Users/monke/Documents/GitHub/ReconHardware/PynqSoftware/staticXBarMulti/staticXBarMulti.srcs/sources_1/bd/PYNQ_wrap/PYNQ_wrap.bd'.
CRITICAL WARNING: [Project 1-311] Could not find the file 'C:/Users/monke/Documents/GitHub/ReconHardware/PynqSoftware/Projects/staticXBarMulti/staticXBarMulti.srcs/sources_1/imports/new/XBar.v', nor could it be found using path 'C:/Users/monke/Documents/GitHub/ReconHardware/PynqSoftware/staticXBarMulti/staticXBarMulti.srcs/sources_1/imports/new/XBar.v'.
CRITICAL WARNING: [Project 1-311] Could not find the file 'C:/Users/monke/Documents/GitHub/ReconHardware/PynqSoftware/Projects/dynamicMulti/dynamicMulti.srcs/sources_1/new/dynamicMulti.v', nor could it be found using path 'C:/Users/monke/Documents/GitHub/ReconHardware/PynqSoftware/dynamicMulti/dynamicMulti.srcs/sources_1/new/dynamicMulti.v'.
CRITICAL WARNING: [Project 1-311] Could not find the file 'C:/Users/monke/Documents/GitHub/ReconHardware/PynqSoftware/Projects/dynamicMulti/dynamicMulti.srcs/sources_1/imports/new/multiplyCompute.v', nor could it be found using path 'C:/Users/monke/Documents/GitHub/ReconHardware/PynqSoftware/dynamicMulti/dynamicMulti.srcs/sources_1/imports/new/multiplyCompute.v'.
CRITICAL WARNING: [Project 1-311] Could not find the file 'C:/Users/monke/Documents/GitHub/ReconHardware/PynqSoftware/Projects/staticXBarMulti/staticXBarMulti.srcs/sources_1/imports/new/multiplyXBar.v', nor could it be found using path 'C:/Users/monke/Documents/GitHub/ReconHardware/PynqSoftware/staticXBarMulti/staticXBarMulti.srcs/sources_1/imports/new/multiplyXBar.v'.
CRITICAL WARNING: [Project 1-311] Could not find the file 'C:/Users/monke/Documents/GitHub/ReconHardware/PynqSoftware/Projects/staticXBarMulti/staticXBarMulti.srcs/sources_1/imports/PynqSoftware/dynamicXBarMulti/dynamicXBarMulti.srcs/sources_1/new/mux.v', nor could it be found using path 'C:/Users/monke/Documents/GitHub/ReconHardware/PynqSoftware/staticXBarMulti/staticXBarMulti.srcs/sources_1/imports/PynqSoftware/dynamicXBarMulti/dynamicXBarMulti.srcs/sources_1/new/mux.v'.
CRITICAL WARNING: [Project 1-311] Could not find the file 'C:/Users/monke/Documents/GitHub/ReconHardware/PynqSoftware/Projects/staticXBarMulti/staticXBarMulti.srcs/sources_1/new/top_wrap.v', nor could it be found using path 'C:/Users/monke/Documents/GitHub/ReconHardware/PynqSoftware/staticXBarMulti/staticXBarMulti.srcs/sources_1/new/top_wrap.v'.
CRITICAL WARNING: [Project 1-311] Could not find the file 'C:/Users/monke/Documents/GitHub/ReconHardware/PynqSoftware/Projects/staticXBarMulti/staticXBarMulti.srcs/sources_1/imports/new/floatmComputePynq.v', nor could it be found using path 'C:/Users/monke/Documents/GitHub/ReconHardware/PynqSoftware/staticXBarMulti/staticXBarMulti.srcs/sources_1/imports/new/floatmComputePynq.v'.
Scanning sources...
Finished scanning sources
INFO: [filemgmt 56-1] Board Part Repository Path: Directory not found as 'C:/Users/monke/Documents/AppData/Roaming/Xilinx/Vivado/2019.2/xhub/board_store'; using path 'C:/Users/monke/AppData/Roaming/Xilinx/Vivado/2019.2/xhub/board_store' instead.
WARNING: [Project 1-533] File 'C:/Users/monke/Documents/GitHub/ReconHardware/PynqSoftware/Projects/staticXBarMulti/staticXBarMulti.srcs/sources_1/bd/PYNQ_wrap/ip/PYNQ_wrap_processing_system7_0_0/PYNQ_wrap_processing_system7_0_0.xci' could not be found in the subdesign 'C:/Users/monke/Documents/GitHub/ReconHardware/PynqSoftware/Projects/staticXBarMulti/staticXBarMulti.srcs/sources_1/bd/PYNQ_wrap/PYNQ_wrap.bd', but fileset 'PYNQ_wrap_processing_system7_0_0' still exists. The fileset and corresponding run(s) will be deleted the next time top-level synthesis is run.
WARNING: [Project 1-533] File 'C:/Users/monke/Documents/GitHub/ReconHardware/PynqSoftware/Projects/dynamicMulti/dynamicMulti.srcs/sources_1/bd/ps_Wrap/ip/ps_Wrap_dataSplit_0_0/ps_Wrap_dataSplit_0_0.xci' could not be found in the subdesign 'C:/Users/monke/Documents/GitHub/ReconHardware/PynqSoftware/Projects/dynamicMulti/dynamicMulti.srcs/sources_1/bd/ps_Wrap/ps_Wrap.bd', but fileset 'ps_Wrap_dataSplit_0_0' still exists. The fileset and corresponding run(s) will be deleted the next time top-level synthesis is run.
WARNING: [Project 1-533] File 'C:/Users/monke/Documents/GitHub/ReconHardware/PynqSoftware/Projects/dynamicMulti/dynamicMulti.srcs/sources_1/bd/ps_Wrap/ip/ps_Wrap_ParallelBuffer_0_0/ps_Wrap_ParallelBuffer_0_0.xci' could not be found in the subdesign 'C:/Users/monke/Documents/GitHub/ReconHardware/PynqSoftware/Projects/dynamicMulti/dynamicMulti.srcs/sources_1/bd/ps_Wrap/ps_Wrap.bd', but fileset 'ps_Wrap_ParallelBuffer_0_0' still exists. The fileset and corresponding run(s) will be deleted the next time top-level synthesis is run.
INFO: [IP_Flow 19-234] Refreshing IP repositories
INFO: [IP_Flow 19-1704] No user IP repositories specified
INFO: [IP_Flow 19-2313] Loaded Vivado IP repository 'C:/Xilinx/Vivado/2019.2/data/ip'.
open_project: Time (s): cpu = 00:00:11 ; elapsed = 00:00:07 . Memory (MB): peak = 1178.648 ; gain = 486.254
update_compile_order -fileset sources_1
set_property source_mgmt_mode DisplayOnly [current_project]
add_files -norecurse -scan_for_includes {{C:/Users/monke/Documents/GitHub/ReconHardware/PynqSoftware/Sources/Block Diagrams/ps_Wrap/ps_Wrap.bd} C:/Users/monke/Documents/GitHub/ReconHardware/PynqSoftware/Sources/definitions.h {C:/Users/monke/Documents/GitHub/ReconHardware/PynqSoftware/Sources/Block Diagrams/PYNQ_wrap/PYNQ_wrap.bd}}
ERROR: [BD 41-1028] Cannot add 'ps_Wrap.bd' to the project, since there is another block-design of same name already present in this project.
CRITICAL WARNING: [Vivado 12-1464] The source file 'C:/Users/monke/Documents/GitHub/ReconHardware/PynqSoftware/Sources/Block Diagrams/ps_Wrap/ps_Wrap.bd' cannot be added to the fileset 'sources_1'.
ERROR: [BD 41-1028] Cannot add 'PYNQ_wrap.bd' to the project, since there is another block-design of same name already present in this project.
CRITICAL WARNING: [Vivado 12-1464] The source file 'C:/Users/monke/Documents/GitHub/ReconHardware/PynqSoftware/Sources/Block Diagrams/PYNQ_wrap/PYNQ_wrap.bd' cannot be added to the fileset 'sources_1'.
ERROR: [Common 17-39] 'add_files' failed due to earlier errors.
add_files -norecurse -scan_for_includes {{C:/Users/monke/Documents/GitHub/ReconHardware/PynqSoftware/Sources/Block Diagrams/ps_Wrap/ps_Wrap.bd}}
ERROR: [BD 41-1028] Cannot add 'ps_Wrap.bd' to the project, since there is another block-design of same name already present in this project.
CRITICAL WARNING: [Vivado 12-1464] The source file 'C:/Users/monke/Documents/GitHub/ReconHardware/PynqSoftware/Sources/Block Diagrams/ps_Wrap/ps_Wrap.bd' cannot be added to the fileset 'sources_1'.
ERROR: [Common 17-39] 'add_files' failed due to earlier errors.
export_ip_user_files -of_objects  [get_files C:/Users/monke/Documents/GitHub/ReconHardware/PynqSoftware/Projects/dynamicMulti/dynamicMulti.srcs/sources_1/imports/new/FlipFlop.v] -no_script -reset -force -quiet
remove_files  C:/Users/monke/Documents/GitHub/ReconHardware/PynqSoftware/Projects/dynamicMulti/dynamicMulti.srcs/sources_1/imports/new/FlipFlop.v
export_ip_user_files -of_objects  [get_files C:/Users/monke/Documents/GitHub/ReconHardware/PynqSoftware/Projects/dynamicMulti/dynamicMulti.srcs/sources_1/imports/new/ParallelBuffer.v] -no_script -reset -force -quiet
remove_files  C:/Users/monke/Documents/GitHub/ReconHardware/PynqSoftware/Projects/dynamicMulti/dynamicMulti.srcs/sources_1/imports/new/ParallelBuffer.v
export_ip_user_files -of_objects  [get_files C:/Users/monke/Documents/GitHub/ReconHardware/PynqSoftware/Projects/staticXBarMulti/staticXBarMulti.srcs/sources_1/imports/new/XBar.v] -no_script -reset -force -quiet
remove_files  C:/Users/monke/Documents/GitHub/ReconHardware/PynqSoftware/Projects/staticXBarMulti/staticXBarMulti.srcs/sources_1/imports/new/XBar.v
export_ip_user_files -of_objects  [get_files C:/Users/monke/Documents/GitHub/ReconHardware/PynqSoftware/Projects/dynamicMulti/dynamicMulti.srcs/sources_1/imports/new/dataSplit.v] -no_script -reset -force -quiet
remove_files  C:/Users/monke/Documents/GitHub/ReconHardware/PynqSoftware/Projects/dynamicMulti/dynamicMulti.srcs/sources_1/imports/new/dataSplit.v
export_ip_user_files -of_objects  [get_files C:/Users/monke/Documents/GitHub/ReconHardware/PynqSoftware/Projects/dynamicMulti/dynamicMulti.srcs/sources_1/new/dynamicMulti.v] -no_script -reset -force -quiet
remove_files  C:/Users/monke/Documents/GitHub/ReconHardware/PynqSoftware/Projects/dynamicMulti/dynamicMulti.srcs/sources_1/new/dynamicMulti.v
export_ip_user_files -of_objects  [get_files C:/Users/monke/Documents/GitHub/ReconHardware/PynqSoftware/Projects/staticXBarMulti/staticXBarMulti.srcs/sources_1/imports/new/floatmComputePynq.v] -no_script -reset -force -quiet
remove_files  C:/Users/monke/Documents/GitHub/ReconHardware/PynqSoftware/Projects/staticXBarMulti/staticXBarMulti.srcs/sources_1/imports/new/floatmComputePynq.v
export_ip_user_files -of_objects  [get_files C:/Users/monke/Documents/GitHub/ReconHardware/PynqSoftware/Projects/dynamicMulti/dynamicMulti.srcs/sources_1/imports/new/multiplyCompute.v] -no_script -reset -force -quiet
remove_files  C:/Users/monke/Documents/GitHub/ReconHardware/PynqSoftware/Projects/dynamicMulti/dynamicMulti.srcs/sources_1/imports/new/multiplyCompute.v
export_ip_user_files -of_objects  [get_files C:/Users/monke/Documents/GitHub/ReconHardware/PynqSoftware/Projects/dynamicMulti/dynamicMulti.srcs/sources_1/imports/new/definitions.h] -no_script -reset -force -quiet
remove_files  C:/Users/monke/Documents/GitHub/ReconHardware/PynqSoftware/Projects/dynamicMulti/dynamicMulti.srcs/sources_1/imports/new/definitions.h
export_ip_user_files -of_objects  [get_files C:/Users/monke/Documents/GitHub/ReconHardware/PynqSoftware/Projects/staticXBarMulti/staticXBarMulti.srcs/sources_1/new/top_wrap.v] -no_script -reset -force -quiet
remove_files  C:/Users/monke/Documents/GitHub/ReconHardware/PynqSoftware/Projects/staticXBarMulti/staticXBarMulti.srcs/sources_1/new/top_wrap.v
export_ip_user_files -of_objects  [get_files C:/Users/monke/Documents/GitHub/ReconHardware/PynqSoftware/Projects/staticXBarMulti/staticXBarMulti.srcs/sources_1/imports/PynqSoftware/dynamicXBarMulti/dynamicXBarMulti.srcs/sources_1/new/mux.v] -no_script -reset -force -quiet
remove_files  C:/Users/monke/Documents/GitHub/ReconHardware/PynqSoftware/Projects/staticXBarMulti/staticXBarMulti.srcs/sources_1/imports/PynqSoftware/dynamicXBarMulti/dynamicXBarMulti.srcs/sources_1/new/mux.v
export_ip_user_files -of_objects  [get_files C:/Users/monke/Documents/GitHub/ReconHardware/PynqSoftware/Projects/staticXBarMulti/staticXBarMulti.srcs/sources_1/imports/new/multiplyXBar.v] -no_script -reset -force -quiet
remove_files  C:/Users/monke/Documents/GitHub/ReconHardware/PynqSoftware/Projects/staticXBarMulti/staticXBarMulti.srcs/sources_1/imports/new/multiplyXBar.v
export_ip_user_files -of_objects  [get_files C:/Users/monke/Documents/GitHub/ReconHardware/PynqSoftware/Projects/staticXBarMulti/staticXBarMulti.srcs/sources_1/bd/PYNQ_wrap/PYNQ_wrap.bd] -no_script -reset -force -quiet
remove_files  C:/Users/monke/Documents/GitHub/ReconHardware/PynqSoftware/Projects/staticXBarMulti/staticXBarMulti.srcs/sources_1/bd/PYNQ_wrap/PYNQ_wrap.bd
export_ip_user_files -of_objects  [get_files C:/Users/monke/Documents/GitHub/ReconHardware/PynqSoftware/Projects/dynamicMulti/dynamicMulti.srcs/sources_1/bd/ps_Wrap/ps_Wrap.bd] -no_script -reset -force -quiet
remove_files  C:/Users/monke/Documents/GitHub/ReconHardware/PynqSoftware/Projects/dynamicMulti/dynamicMulti.srcs/sources_1/bd/ps_Wrap/ps_Wrap.bd
set_property is_global_include true [get_files  C:/Users/monke/Documents/GitHub/ReconHardware/PynqSoftware/Sources/definitions.h]
add_files -norecurse -scan_for_includes {{C:/Users/monke/Documents/GitHub/ReconHardware/PynqSoftware/Sources/Block Diagrams/ps_Wrap/ps_Wrap.bd}}
CRITICAL WARNING: [filemgmt 56-176] Module references are not supported in manual compile order mode and will be ignored.
CRITICAL WARNING: [filemgmt 56-176] Module references are not supported in manual compile order mode and will be ignored.
export_ip_user_files -of_objects  [get_files  {{C:/Users/monke/Documents/GitHub/ReconHardware/PynqSoftware/Sources/Block Diagrams/ps_Wrap/ps_Wrap.bd}}] -lib_map_path [list {modelsim=C:/Users/monke/Documents/GitHub/ReconHardware/PynqSoftware/Projects/staticXBarMulti/staticXBarMulti.cache/compile_simlib/modelsim} {questa=C:/Users/monke/Documents/GitHub/ReconHardware/PynqSoftware/Projects/staticXBarMulti/staticXBarMulti.cache/compile_simlib/questa} {riviera=C:/Users/monke/Documents/GitHub/ReconHardware/PynqSoftware/Projects/staticXBarMulti/staticXBarMulti.cache/compile_simlib/riviera} {activehdl=C:/Users/monke/Documents/GitHub/ReconHardware/PynqSoftware/Projects/staticXBarMulti/staticXBarMulti.cache/compile_simlib/activehdl}] -force -quiet
add_files -norecurse -scan_for_includes {{C:/Users/monke/Documents/GitHub/ReconHardware/PynqSoftware/Sources/Block Diagrams/PYNQ_wrap/PYNQ_wrap.bd}}
export_ip_user_files -of_objects  [get_files  {{C:/Users/monke/Documents/GitHub/ReconHardware/PynqSoftware/Sources/Block Diagrams/PYNQ_wrap/PYNQ_wrap.bd}}] -lib_map_path [list {modelsim=C:/Users/monke/Documents/GitHub/ReconHardware/PynqSoftware/Projects/staticXBarMulti/staticXBarMulti.cache/compile_simlib/modelsim} {questa=C:/Users/monke/Documents/GitHub/ReconHardware/PynqSoftware/Projects/staticXBarMulti/staticXBarMulti.cache/compile_simlib/questa} {riviera=C:/Users/monke/Documents/GitHub/ReconHardware/PynqSoftware/Projects/staticXBarMulti/staticXBarMulti.cache/compile_simlib/riviera} {activehdl=C:/Users/monke/Documents/GitHub/ReconHardware/PynqSoftware/Projects/staticXBarMulti/staticXBarMulti.cache/compile_simlib/activehdl}] -force -quiet
add_files -norecurse -scan_for_includes {C:/Users/monke/Documents/GitHub/ReconHardware/PynqSoftware/Sources/General/multiplyXBar.v C:/Users/monke/Documents/GitHub/ReconHardware/PynqSoftware/Sources/General/XBar.v C:/Users/monke/Documents/GitHub/ReconHardware/PynqSoftware/Sources/General/mux.v C:/Users/monke/Documents/GitHub/ReconHardware/PynqSoftware/Sources/General/FlipFlop.v C:/Users/monke/Documents/GitHub/ReconHardware/PynqSoftware/Sources/General/dataSplit.v C:/Users/monke/Documents/GitHub/ReconHardware/PynqSoftware/Sources/General/top_wrap.v C:/Users/monke/Documents/GitHub/ReconHardware/PynqSoftware/Sources/General/ParallelBuffer.v}
CRITICAL WARNING: [filemgmt 56-176] Module references are not supported in manual compile order mode and will be ignored.
CRITICAL WARNING: [filemgmt 56-176] Module references are not supported in manual compile order mode and will be ignored.
add_files -norecurse -scan_for_includes {C:/Users/monke/Documents/GitHub/ReconHardware/PynqSoftware/Sources/Multiplier/multiplyCompute.v C:/Users/monke/Documents/GitHub/ReconHardware/PynqSoftware/Sources/Multiplier/dynamicMulti.v}
CRITICAL WARNING: [filemgmt 56-176] Module references are not supported in manual compile order mode and will be ignored.
CRITICAL WARNING: [filemgmt 56-176] Module references are not supported in manual compile order mode and will be ignored.
add_files -norecurse -scan_for_includes C:/Users/monke/Documents/GitHub/ReconHardware/PynqSoftware/Sources/General/ParallelBuffer.v
WARNING: [filemgmt 56-12] File 'C:/Users/monke/Documents/GitHub/ReconHardware/PynqSoftware/Sources/General/ParallelBuffer.v' cannot be added to the project because it already exists in the project, skipping this file
open_bd_design {C:/Users/monke/Documents/GitHub/ReconHardware/PynqSoftware/Sources/Block Diagrams/ps_Wrap/ps_Wrap.bd}
Adding component instance block -- xilinx.com:module_ref:ParallelBuffer:1.0 - ParallelBuffer_0
CRITICAL WARNING: [filemgmt 56-176] Module references are not supported in manual compile order mode and will be ignored.
CRITICAL WARNING: [BD 41-1726] Unable to resolve module-source for block '/ParallelBuffer_0'.
Given inputs for module-source, Top-module name : ParallelBuffer, Module Type : RTL.
Please review and update or add design-sources to this project to resolve this module-reference.
Adding component instance block -- xilinx.com:module_ref:dataSplit:1.0 - dataSplit_0
CRITICAL WARNING: [filemgmt 56-176] Module references are not supported in manual compile order mode and will be ignored.
CRITICAL WARNING: [BD 41-1726] Unable to resolve module-source for block '/dataSplit_0'.
Given inputs for module-source, Top-module name : dataSplit, Module Type : RTL.
Please review and update or add design-sources to this project to resolve this module-reference.
Successfully read diagram <ps_Wrap> from BD file <C:/Users/monke/Documents/GitHub/ReconHardware/PynqSoftware/Sources/Block Diagrams/ps_Wrap/ps_Wrap.bd>
open_bd_design: Time (s): cpu = 00:00:05 ; elapsed = 00:00:05 . Memory (MB): peak = 1321.188 ; gain = 82.695
exit
INFO: [Common 17-206] Exiting Vivado at Sun Jul 26 14:13:17 2020...
