#-----------------------------------------------------------
# Vivado v2019.2 (64-bit)
# SW Build 2708876 on Wed Nov  6 21:40:23 MST 2019
# IP Build 2700528 on Thu Nov  7 00:09:20 MST 2019
# Start of session at: Wed Jul  1 18:25:22 2020
# Process ID: 36016
# Current directory: C:/Users/monke/Documents/GitHub/ReconHardware/PynqSoftware/reconfigMultiplyBlock
# Command line: vivado.exe -gui_launcher_event rodinguilauncherevent31060 C:\Users\monke\Documents\GitHub\ReconHardware\PynqSoftware\reconfigMultiplyBlock\reconfigMultiplyBlock.xpr
# Log file: C:/Users/monke/Documents/GitHub/ReconHardware/PynqSoftware/reconfigMultiplyBlock/vivado.log
# Journal file: C:/Users/monke/Documents/GitHub/ReconHardware/PynqSoftware/reconfigMultiplyBlock\vivado.jou
#-----------------------------------------------------------
start_gui
open_project C:/Users/monke/Documents/GitHub/ReconHardware/PynqSoftware/reconfigMultiplyBlock/reconfigMultiplyBlock.xpr
Scanning sources...
Finished scanning sources
INFO: [IP_Flow 19-234] Refreshing IP repositories
INFO: [IP_Flow 19-1704] No user IP repositories specified
INFO: [IP_Flow 19-2313] Loaded Vivado IP repository 'C:/Xilinx/Vivado/2019.2/data/ip'.
open_project: Time (s): cpu = 00:00:15 ; elapsed = 00:00:09 . Memory (MB): peak = 1188.297 ; gain = 497.008
update_compile_order -fileset sources_1
reset_run impl_1
launch_runs impl_1 child_0_impl_1 child_1_impl_1 child_2_impl_1 child_3_impl_1 -jobs 4
[Wed Jul  1 18:26:26 2020] Launched impl_1...
Run output will be captured here: C:/Users/monke/Documents/GitHub/ReconHardware/PynqSoftware/reconfigMultiplyBlock/reconfigMultiplyBlock.runs/impl_1/runme.log
[Wed Jul  1 18:26:26 2020] Launched impl_1, child_0_impl_1, child_1_impl_1, child_2_impl_1, child_3_impl_1...
Run output will be captured here:
impl_1: C:/Users/monke/Documents/GitHub/ReconHardware/PynqSoftware/reconfigMultiplyBlock/reconfigMultiplyBlock.runs/impl_1/runme.log
child_0_impl_1: C:/Users/monke/Documents/GitHub/ReconHardware/PynqSoftware/reconfigMultiplyBlock/reconfigMultiplyBlock.runs/child_0_impl_1/runme.log
child_1_impl_1: C:/Users/monke/Documents/GitHub/ReconHardware/PynqSoftware/reconfigMultiplyBlock/reconfigMultiplyBlock.runs/child_1_impl_1/runme.log
child_2_impl_1: C:/Users/monke/Documents/GitHub/ReconHardware/PynqSoftware/reconfigMultiplyBlock/reconfigMultiplyBlock.runs/child_2_impl_1/runme.log
child_3_impl_1: C:/Users/monke/Documents/GitHub/ReconHardware/PynqSoftware/reconfigMultiplyBlock/reconfigMultiplyBlock.runs/child_3_impl_1/runme.log
open_run impl_1
INFO: [Device 21-403] Loading part xc7z020clg400-1
Netlist sorting complete. Time (s): cpu = 00:00:00 ; elapsed = 00:00:00.001 . Memory (MB): peak = 1819.625 ; gain = 0.000
INFO: [Netlist 29-17] Analyzing 2 Unisim elements for replacement
INFO: [Netlist 29-28] Unisim Transformation completed in 0 CPU seconds
INFO: [Project 1-479] Netlist was created with Vivado 2019.2
INFO: [Project 1-570] Preparing netlist for logic optimization
INFO: [Timing 38-478] Restoring timing data from binary archive.
INFO: [Timing 38-479] Binary timing data restore complete.
INFO: [Project 1-856] Restoring constraints from binary archive.
INFO: [Project 1-853] Binary constraint restore complete.
Reading XDEF placement.
Reading placer database...
Reading XDEF routing.
Read XDEF File: Time (s): cpu = 00:00:00 ; elapsed = 00:00:00.043 . Memory (MB): peak = 2266.336 ; gain = 0.000
Restored from archive | CPU: 0.000000 secs | Memory: 0.000000 MB |
Finished XDEF File Restore: Time (s): cpu = 00:00:00 ; elapsed = 00:00:00.043 . Memory (MB): peak = 2266.336 ; gain = 0.000
Netlist sorting complete. Time (s): cpu = 00:00:00 ; elapsed = 00:00:00 . Memory (MB): peak = 2266.336 ; gain = 0.000
INFO: [Project 1-111] Unisim Transformation Summary:
No Unisim elements were transformed.

open_run: Time (s): cpu = 00:00:21 ; elapsed = 00:00:16 . Memory (MB): peak = 2397.535 ; gain = 760.422
WARNING: [Timing 38-313] There are no user specified timing constraints. Timing constraints are needed for proper timing analysis.
exit
INFO: [Common 17-206] Exiting Vivado at Wed Jul  1 19:46:29 2020...
