#-----------------------------------------------------------
# Vivado v2019.2 (64-bit)
# SW Build 2708876 on Wed Nov  6 21:40:23 MST 2019
# IP Build 2700528 on Thu Nov  7 00:09:20 MST 2019
# Start of session at: Sat Aug 22 14:57:09 2020
# Process ID: 18084
# Current directory: C:/Users/monke/Documents/GitHub/ReconHardware/PynqSoftware/Projects/matrixAccelerator
# Command line: vivado.exe -gui_launcher_event rodinguilauncherevent20444 C:\Users\monke\Documents\GitHub\ReconHardware\PynqSoftware\Projects\matrixAccelerator\matrixAccelerator.xpr
# Log file: C:/Users/monke/Documents/GitHub/ReconHardware/PynqSoftware/Projects/matrixAccelerator/vivado.log
# Journal file: C:/Users/monke/Documents/GitHub/ReconHardware/PynqSoftware/Projects/matrixAccelerator\vivado.jou
#-----------------------------------------------------------
start_gui
open_project C:/Users/monke/Documents/GitHub/ReconHardware/PynqSoftware/Projects/matrixAccelerator/matrixAccelerator.xpr
INFO: [ProjectBase 1-489] The host OS only allows 260 characters in a normal path. The project is stored in a path with more than 80 characters. If you experience issues with IP, Block Designs, or files not being found, please consider moving the project to a location with a shorter path. Alternately consider using the OS subst command to map part of the path to a drive letter.
Current project path is 'C:/Users/monke/Documents/GitHub/ReconHardware/PynqSoftware/Projects/matrixAccelerator'
Scanning sources...
Finished scanning sources
INFO: [IP_Flow 19-234] Refreshing IP repositories
INFO: [IP_Flow 19-1704] No user IP repositories specified
INFO: [IP_Flow 19-2313] Loaded Vivado IP repository 'C:/Xilinx/Vivado/2019.2/data/ip'.
open_project: Time (s): cpu = 00:00:14 ; elapsed = 00:00:08 . Memory (MB): peak = 1177.301 ; gain = 489.836
update_compile_order -fileset sources_1
save_project_as dynamicMatrixAccel C:/Users/monke/Documents/GitHub/ReconHardware/PynqSoftware/Projects/dynamicMatrixAccel -force
INFO: [ProjectBase 1-489] The host OS only allows 260 characters in a normal path. The project is stored in a path with more than 80 characters. If you experience issues with IP, Block Designs, or files not being found, please consider moving the project to a location with a shorter path. Alternately consider using the OS subst command to map part of the path to a drive letter.
Current project path is 'C:/Users/monke/Documents/GitHub/ReconHardware/PynqSoftware/Projects/dynamicMatrixAccel'
INFO: [IP_Flow 19-5107] Inferred bus interface 'Rst' of definition 'xilinx.com:signal:reset:1.0' (from Xilinx Repository).
INFO: [IP_Flow 19-5107] Inferred bus interface 'Clk' of definition 'xilinx.com:signal:clock:1.0' (from Xilinx Repository).
INFO: [IP_Flow 19-5107] Inferred bus interface 'wr_clk' of definition 'xilinx.com:signal:clock:1.0' (from Xilinx Repository).
WARNING: [IP_Flow 19-3153] Bus Interface 'Clk': ASSOCIATED_BUSIF bus parameter is missing.
WARNING: [IP_Flow 19-3153] Bus Interface 'wr_clk': ASSOCIATED_BUSIF bus parameter is missing.
INFO: [IP_Flow 19-234] Refreshing IP repositories
INFO: [IP_Flow 19-1704] No user IP repositories specified
import_files
INFO: [filemgmt 20-334] All file(s) are already imported in fileset: 'Convolution_Accel_matrixAccTopDevice_0_0'
INFO: [filemgmt 20-348] Importing the appropriate files for fileset: 'Convolution_Accel_matrixAccTopDevice_0_0'
INFO: [filemgmt 20-348] Importing the appropriate files for fileset: 'sim_1'
INFO: [filemgmt 20-348] Importing the appropriate files for fileset: 'sources_1'
ERROR: [Common 17-49] Internal Data Exception: HDDASrcFileProxy::HDDASrcFileProxy: Given HDDASrcFile isn't associated with a fileset.  File: 'C:/Users/monke/Documents/GitHub/ReconHardware/PynqSoftware/Sources/definitions.h'
.
CRITICAL WARNING: [filemgmt 56-222] HADGDesignGraphMgr::getCurrentGraph: Graph could not be found.
export_ip_user_files -of_objects  [get_files C:/Users/monke/Documents/GitHub/ReconHardware/PynqSoftware/Projects/dynamicMatrixAccel/dynamicMatrixAccel.srcs/sources_1/imports/Sources/Multiplier/multiplyCompute.v] -no_script -reset -force -quiet
remove_files  C:/Users/monke/Documents/GitHub/ReconHardware/PynqSoftware/Projects/dynamicMatrixAccel/dynamicMatrixAccel.srcs/sources_1/imports/Sources/Multiplier/multiplyCompute.v
export_ip_user_files -of_objects  [get_files C:/Users/monke/Documents/GitHub/ReconHardware/PynqSoftware/Projects/dynamicMatrixAccel/dynamicMatrixAccel.srcs/sources_1/imports/Sources/Adder/adder.v] -no_script -reset -force -quiet
remove_files  C:/Users/monke/Documents/GitHub/ReconHardware/PynqSoftware/Projects/dynamicMatrixAccel/dynamicMatrixAccel.srcs/sources_1/imports/Sources/Adder/adder.v
file delete -force C:/Users/monke/Documents/GitHub/ReconHardware/PynqSoftware/Projects/dynamicMatrixAccel/dynamicMatrixAccel.srcs/sources_1/imports/Sources/Adder/adder.v
export_ip_user_files -of_objects  [get_files C:/Users/monke/Documents/GitHub/ReconHardware/PynqSoftware/Projects/dynamicMatrixAccel/dynamicMatrixAccel.srcs/sources_1/bd/Convolution_Accel/hdl/Convolution_Accel_wrapper.v] -no_script -reset -force -quiet
remove_files  C:/Users/monke/Documents/GitHub/ReconHardware/PynqSoftware/Projects/dynamicMatrixAccel/dynamicMatrixAccel.srcs/sources_1/bd/Convolution_Accel/hdl/Convolution_Accel_wrapper.v
file delete -force C:/Users/monke/Documents/GitHub/ReconHardware/PynqSoftware/Projects/dynamicMatrixAccel/dynamicMatrixAccel.srcs/sources_1/bd/Convolution_Accel/hdl/Convolution_Accel_wrapper.v
export_ip_user_files -of_objects  [get_files C:/Users/monke/Documents/GitHub/ReconHardware/PynqSoftware/Projects/dynamicMatrixAccel/dynamicMatrixAccel.srcs/sim_1/imports/TB/matrixAccelerator_tb.v] -no_script -reset -force -quiet
remove_files  -fileset sim_1 C:/Users/monke/Documents/GitHub/ReconHardware/PynqSoftware/Projects/dynamicMatrixAccel/dynamicMatrixAccel.srcs/sim_1/imports/TB/matrixAccelerator_tb.v
file delete -force C:/Users/monke/Documents/GitHub/ReconHardware/PynqSoftware/Projects/dynamicMatrixAccel/dynamicMatrixAccel.srcs/sim_1/imports/TB/matrixAccelerator_tb.v
export_ip_user_files -of_objects  [get_files C:/Users/monke/Documents/GitHub/ReconHardware/PynqSoftware/Projects/dynamicMatrixAccel/dynamicMatrixAccel.srcs/sim_1/imports/TB/XBar2_tb.v] -no_script -reset -force -quiet
remove_files  -fileset sim_1 C:/Users/monke/Documents/GitHub/ReconHardware/PynqSoftware/Projects/dynamicMatrixAccel/dynamicMatrixAccel.srcs/sim_1/imports/TB/XBar2_tb.v
file delete -force C:/Users/monke/Documents/GitHub/ReconHardware/PynqSoftware/Projects/dynamicMatrixAccel/dynamicMatrixAccel.srcs/sim_1/imports/TB/XBar2_tb.v
export_ip_user_files -of_objects  [get_files C:/Users/monke/Documents/GitHub/ReconHardware/PynqSoftware/Projects/dynamicMatrixAccel/dynamicMatrixAccel.srcs/sim_1/imports/TB/aFIFO_tb.v] -no_script -reset -force -quiet
remove_files  -fileset sim_1 C:/Users/monke/Documents/GitHub/ReconHardware/PynqSoftware/Projects/dynamicMatrixAccel/dynamicMatrixAccel.srcs/sim_1/imports/TB/aFIFO_tb.v
file delete -force C:/Users/monke/Documents/GitHub/ReconHardware/PynqSoftware/Projects/dynamicMatrixAccel/dynamicMatrixAccel.srcs/sim_1/imports/TB/aFIFO_tb.v
export_ip_user_files -of_objects  [get_files C:/Users/monke/Documents/GitHub/ReconHardware/PynqSoftware/Projects/dynamicMatrixAccel/dynamicMatrixAccel.srcs/sim_1/imports/TB/adder_tb.v] -no_script -reset -force -quiet
remove_files  -fileset sim_1 C:/Users/monke/Documents/GitHub/ReconHardware/PynqSoftware/Projects/dynamicMatrixAccel/dynamicMatrixAccel.srcs/sim_1/imports/TB/adder_tb.v
file delete -force C:/Users/monke/Documents/GitHub/ReconHardware/PynqSoftware/Projects/dynamicMatrixAccel/dynamicMatrixAccel.srcs/sim_1/imports/TB/adder_tb.v
export_ip_user_files -of_objects  [get_files C:/Users/monke/Documents/GitHub/ReconHardware/PynqSoftware/Projects/dynamicMatrixAccel/dynamicMatrixAccel.srcs/sim_1/imports/TB/adderFloat_tb.v] -no_script -reset -force -quiet
remove_files  -fileset sim_1 C:/Users/monke/Documents/GitHub/ReconHardware/PynqSoftware/Projects/dynamicMatrixAccel/dynamicMatrixAccel.srcs/sim_1/imports/TB/adderFloat_tb.v
file delete -force C:/Users/monke/Documents/GitHub/ReconHardware/PynqSoftware/Projects/dynamicMatrixAccel/dynamicMatrixAccel.srcs/sim_1/imports/TB/adderFloat_tb.v
export_ip_user_files -of_objects  [get_files C:/Users/monke/Documents/GitHub/ReconHardware/PynqSoftware/Projects/dynamicMatrixAccel/dynamicMatrixAccel.srcs/sim_1/imports/TB/convolve3x3_tb.v] -no_script -reset -force -quiet
remove_files  -fileset sim_1 C:/Users/monke/Documents/GitHub/ReconHardware/PynqSoftware/Projects/dynamicMatrixAccel/dynamicMatrixAccel.srcs/sim_1/imports/TB/convolve3x3_tb.v
file delete -force C:/Users/monke/Documents/GitHub/ReconHardware/PynqSoftware/Projects/dynamicMatrixAccel/dynamicMatrixAccel.srcs/sim_1/imports/TB/convolve3x3_tb.v
export_ip_user_files -of_objects  [get_files C:/Users/monke/Documents/GitHub/ReconHardware/PynqSoftware/Projects/dynamicMatrixAccel/dynamicMatrixAccel.srcs/sim_1/imports/TB/integer_tb.v] -no_script -reset -force -quiet
remove_files  -fileset sim_1 C:/Users/monke/Documents/GitHub/ReconHardware/PynqSoftware/Projects/dynamicMatrixAccel/dynamicMatrixAccel.srcs/sim_1/imports/TB/integer_tb.v
file delete -force C:/Users/monke/Documents/GitHub/ReconHardware/PynqSoftware/Projects/dynamicMatrixAccel/dynamicMatrixAccel.srcs/sim_1/imports/TB/integer_tb.v
exit
INFO: [Common 17-206] Exiting Vivado at Sat Aug 22 15:01:00 2020...
