#-----------------------------------------------------------
# Vivado v2019.2 (64-bit)
# SW Build 2708876 on Wed Nov  6 21:40:23 MST 2019
# IP Build 2700528 on Thu Nov  7 00:09:20 MST 2019
# Start of session at: Sat Aug 22 15:10:16 2020
# Process ID: 22312
# Current directory: C:/Users/monke/Documents/GitHub/ReconHardware/PynqSoftware/Projects/matrixAccelerator
# Command line: vivado.exe -gui_launcher_event rodinguilauncherevent31772 C:\Users\monke\Documents\GitHub\ReconHardware\PynqSoftware\Projects\matrixAccelerator\matrixAccelerator.xpr
# Log file: C:/Users/monke/Documents/GitHub/ReconHardware/PynqSoftware/Projects/matrixAccelerator/vivado.log
# Journal file: C:/Users/monke/Documents/GitHub/ReconHardware/PynqSoftware/Projects/matrixAccelerator\vivado.jou
#-----------------------------------------------------------
start_gui
open_project C:/Users/monke/Documents/GitHub/ReconHardware/PynqSoftware/Projects/matrixAccelerator/matrixAccelerator.xpr
INFO: [ProjectBase 1-489] The host OS only allows 260 characters in a normal path. The project is stored in a path with more than 80 characters. If you experience issues with IP, Block Designs, or files not being found, please consider moving the project to a location with a shorter path. Alternately consider using the OS subst command to map part of the path to a drive letter.
Current project path is 'C:/Users/monke/Documents/GitHub/ReconHardware/PynqSoftware/Projects/matrixAccelerator'
Scanning sources...
Finished scanning sources
INFO: [IP_Flow 19-234] Refreshing IP repositories
INFO: [IP_Flow 19-1704] No user IP repositories specified
INFO: [IP_Flow 19-2313] Loaded Vivado IP repository 'C:/Xilinx/Vivado/2019.2/data/ip'.
open_project: Time (s): cpu = 00:00:14 ; elapsed = 00:00:08 . Memory (MB): peak = 1184.066 ; gain = 487.562
update_compile_order -fileset sources_1
exit
INFO: [Common 17-206] Exiting Vivado at Sat Aug 22 15:11:23 2020...
