Command: pr_verify -full_check -initial C:/Users/monke/Documents/GitHub/ReconHardware/PynqSoftware/reconfigMultiplyBlock/reconfigMultiplyBlock.runs/impl_1/reconfigMultiplyBlock_routed.dcp -additional C:/Users/monke/Documents/GitHub/ReconHardware/PynqSoftware/reconfigMultiplyBlock/reconfigMultiplyBlock.runs/child_2_impl_1/reconfigMultiplyBlock_routed.dcp -file child_2_impl_1_pr_verify.log
Thu Jun 25 13:29:34 2020

INFO: [Constraints 18-1020] PR Verify Summary:
DCP1: C:/Users/monke/Documents/GitHub/ReconHardware/PynqSoftware/reconfigMultiplyBlock/reconfigMultiplyBlock.runs/impl_1/reconfigMultiplyBlock_routed.dcp
  Number of reconfigurable modules compared = 1
  Number of partition pins compared         = 20
  Number of static tiles compared           = 24
  Number of static sites compared           = 24
  Number of static cells compared           = 45
  Number of static routed nodes compared    = 605
  Number of static routed pips compared     = 557

DCP2: C:/Users/monke/Documents/GitHub/ReconHardware/PynqSoftware/reconfigMultiplyBlock/reconfigMultiplyBlock.runs/child_2_impl_1/reconfigMultiplyBlock_routed.dcp
  Number of reconfigurable modules compared = 1
  Number of partition pins compared         = 20
  Number of static tiles compared           = 24
  Number of static sites compared           = 24
  Number of static cells compared           = 45
  Number of static routed nodes compared    = 605
  Number of static routed pips compared     = 557
INFO: [Vivado 12-3253] PR_VERIFY: check points C:/Users/monke/Documents/GitHub/ReconHardware/PynqSoftware/reconfigMultiplyBlock/reconfigMultiplyBlock.runs/impl_1/reconfigMultiplyBlock_routed.dcp and C:/Users/monke/Documents/GitHub/ReconHardware/PynqSoftware/reconfigMultiplyBlock/reconfigMultiplyBlock.runs/child_2_impl_1/reconfigMultiplyBlock_routed.dcp are compatible
