
*** Running vivado
    with args -log CPE_Wrapper.vds -m64 -product Vivado -mode batch -messageDb vivado.pb -notrace -source CPE_Wrapper.tcl



****** Vivado v2020.1 (64-bit)
  **** SW Build 2902540 on Wed May 27 19:54:49 MDT 2020
  **** IP Build 2902112 on Wed May 27 22:43:36 MDT 2020
    ** Copyright 1986-2020 Xilinx, Inc. All Rights Reserved.

source CPE_Wrapper.tcl -notrace
INFO: [IP_Flow 19-234] Refreshing IP repositories
INFO: [IP_Flow 19-1700] Loaded user IP repository 'c:/GitHub/ReconHardware/FPGA_Files/Sources/IP_Source/Convolution_Controller_v1.0'.
INFO: [IP_Flow 19-2313] Loaded Vivado IP repository 'C:/Xilinx/Vivado/2020.1/data/ip'.
WARNING: [IP_Flow 19-4995] The host OS only allows 260 characters in a normal path. The IP cache path is more than 80 characters. If you experience issues with IP caching, please consider changing the IP cache to a location with a shorter path. Alternately consider using the OS subst command to map part of the path to a drive letter. 
Current IP cache path is c:/GitHub/ReconHardware/FPGA_Files/Projects/ConvolutionAccel_d/ConvolutionAccel_d.cache/ip 
Command: synth_design -top CPE_Wrapper -part xc7z020clg400-1
Starting synth_design
Attempting to get a license for feature 'Synthesis' and/or device 'xc7z020'
INFO: [Common 17-349] Got license for feature 'Synthesis' and/or device 'xc7z020'
INFO: [Device 21-403] Loading part xc7z020clg400-1
INFO: [Synth 8-7079] Multithreading enabled for synth_design using a maximum of 2 processes.
INFO: [Synth 8-7078] Launching helper process for spawning children vivado processes
INFO: [Synth 8-7075] Helper process launched with PID 22672
---------------------------------------------------------------------------------
Starting RTL Elaboration : Time (s): cpu = 00:00:03 ; elapsed = 00:00:03 . Memory (MB): peak = 1113.426 ; gain = 33.812
---------------------------------------------------------------------------------
INFO: [Synth 8-6157] synthesizing module 'CPE_Wrapper' [C:/GitHub/ReconHardware/FPGA_Files/Sources/General/Convolution_Top_d.v:3]
	Parameter DATA_WIDTH bound to: 32 - type: integer 
	Parameter KERNEL_SIZE bound to: 3 - type: integer 
	Parameter CHANNELS bound to: 1 - type: integer 
	Parameter REST_ADDR bound to: 9 - type: integer 
	Parameter ADDR_WIDTH bound to: 4 - type: integer 
INFO: [Synth 8-6157] synthesizing module 'Convolution_Controller_wrapper' [C:/GitHub/ReconHardware/FPGA_Files/Projects/ConvolutionAccel_d/ConvolutionAccel_d.srcs/sources_1/bd/Convolution_Controller/hdl/Convolution_Controller_wrapper.v:12]
INFO: [Synth 8-6157] synthesizing module 'Convolution_Controller' [C:/GitHub/ReconHardware/FPGA_Files/Projects/ConvolutionAccel_d/ConvolutionAccel_d.srcs/sources_1/bd/Convolution_Controller/synth/Convolution_Controller.v:13]
INFO: [Synth 8-6157] synthesizing module 'Convolution_Controller_Convolution_Controll_0_0' [C:/GitHub/ReconHardware/FPGA_Files/Projects/ConvolutionAccel_d/ConvolutionAccel_d.runs/synth_1/.Xil/Vivado-18152-DESKTOP-D9F9TPQ/realtime/Convolution_Controller_Convolution_Controll_0_0_stub.v:6]
INFO: [Synth 8-6155] done synthesizing module 'Convolution_Controller_Convolution_Controll_0_0' (1#1) [C:/GitHub/ReconHardware/FPGA_Files/Projects/ConvolutionAccel_d/ConvolutionAccel_d.runs/synth_1/.Xil/Vivado-18152-DESKTOP-D9F9TPQ/realtime/Convolution_Controller_Convolution_Controll_0_0_stub.v:6]
WARNING: [Synth 8-7071] port 's_axi_rlast' of module 'Convolution_Controller_Convolution_Controll_0_0' is unconnected for instance 'Convolution_Controll_0' [C:/GitHub/ReconHardware/FPGA_Files/Projects/ConvolutionAccel_d/ConvolutionAccel_d.srcs/sources_1/bd/Convolution_Controller/synth/Convolution_Controller.v:302]
WARNING: [Synth 8-7023] instance 'Convolution_Controll_0' of module 'Convolution_Controller_Convolution_Controll_0_0' has 32 connections declared, but only 31 given [C:/GitHub/ReconHardware/FPGA_Files/Projects/ConvolutionAccel_d/ConvolutionAccel_d.srcs/sources_1/bd/Convolution_Controller/synth/Convolution_Controller.v:302]
INFO: [Synth 8-6157] synthesizing module 'Convolution_Controller_axi_dma_0_0' [C:/GitHub/ReconHardware/FPGA_Files/Projects/ConvolutionAccel_d/ConvolutionAccel_d.runs/synth_1/.Xil/Vivado-18152-DESKTOP-D9F9TPQ/realtime/Convolution_Controller_axi_dma_0_0_stub.v:6]
INFO: [Synth 8-6155] done synthesizing module 'Convolution_Controller_axi_dma_0_0' (2#1) [C:/GitHub/ReconHardware/FPGA_Files/Projects/ConvolutionAccel_d/ConvolutionAccel_d.runs/synth_1/.Xil/Vivado-18152-DESKTOP-D9F9TPQ/realtime/Convolution_Controller_axi_dma_0_0_stub.v:6]
WARNING: [Synth 8-7071] port 'mm2s_prmry_reset_out_n' of module 'Convolution_Controller_axi_dma_0_0' is unconnected for instance 'axi_dma_0' [C:/GitHub/ReconHardware/FPGA_Files/Projects/ConvolutionAccel_d/ConvolutionAccel_d.srcs/sources_1/bd/Convolution_Controller/synth/Convolution_Controller.v:334]
WARNING: [Synth 8-7071] port 's2mm_prmry_reset_out_n' of module 'Convolution_Controller_axi_dma_0_0' is unconnected for instance 'axi_dma_0' [C:/GitHub/ReconHardware/FPGA_Files/Projects/ConvolutionAccel_d/ConvolutionAccel_d.srcs/sources_1/bd/Convolution_Controller/synth/Convolution_Controller.v:334]
WARNING: [Synth 8-7071] port 'mm2s_introut' of module 'Convolution_Controller_axi_dma_0_0' is unconnected for instance 'axi_dma_0' [C:/GitHub/ReconHardware/FPGA_Files/Projects/ConvolutionAccel_d/ConvolutionAccel_d.srcs/sources_1/bd/Convolution_Controller/synth/Convolution_Controller.v:334]
WARNING: [Synth 8-7071] port 's2mm_introut' of module 'Convolution_Controller_axi_dma_0_0' is unconnected for instance 'axi_dma_0' [C:/GitHub/ReconHardware/FPGA_Files/Projects/ConvolutionAccel_d/ConvolutionAccel_d.srcs/sources_1/bd/Convolution_Controller/synth/Convolution_Controller.v:334]
WARNING: [Synth 8-7071] port 'axi_dma_tstvec' of module 'Convolution_Controller_axi_dma_0_0' is unconnected for instance 'axi_dma_0' [C:/GitHub/ReconHardware/FPGA_Files/Projects/ConvolutionAccel_d/ConvolutionAccel_d.srcs/sources_1/bd/Convolution_Controller/synth/Convolution_Controller.v:334]
WARNING: [Synth 8-7023] instance 'axi_dma_0' of module 'Convolution_Controller_axi_dma_0_0' has 64 connections declared, but only 59 given [C:/GitHub/ReconHardware/FPGA_Files/Projects/ConvolutionAccel_d/ConvolutionAccel_d.srcs/sources_1/bd/Convolution_Controller/synth/Convolution_Controller.v:334]
INFO: [Synth 8-6157] synthesizing module 'Convolution_Controller_dfx_controller_0_1' [C:/GitHub/ReconHardware/FPGA_Files/Projects/ConvolutionAccel_d/ConvolutionAccel_d.runs/synth_1/.Xil/Vivado-18152-DESKTOP-D9F9TPQ/realtime/Convolution_Controller_dfx_controller_0_1_stub.v:6]
INFO: [Synth 8-6155] done synthesizing module 'Convolution_Controller_dfx_controller_0_1' (3#1) [C:/GitHub/ReconHardware/FPGA_Files/Projects/ConvolutionAccel_d/ConvolutionAccel_d.runs/synth_1/.Xil/Vivado-18152-DESKTOP-D9F9TPQ/realtime/Convolution_Controller_dfx_controller_0_1_stub.v:6]
WARNING: [Synth 8-7071] port 'vsm_ma_rm_shutdown_req' of module 'Convolution_Controller_dfx_controller_0_1' is unconnected for instance 'dfx_controller_0' [C:/GitHub/ReconHardware/FPGA_Files/Projects/ConvolutionAccel_d/ConvolutionAccel_d.srcs/sources_1/bd/Convolution_Controller/synth/Convolution_Controller.v:394]
WARNING: [Synth 8-7071] port 'vsm_ma_event_error' of module 'Convolution_Controller_dfx_controller_0_1' is unconnected for instance 'dfx_controller_0' [C:/GitHub/ReconHardware/FPGA_Files/Projects/ConvolutionAccel_d/ConvolutionAccel_d.srcs/sources_1/bd/Convolution_Controller/synth/Convolution_Controller.v:394]
WARNING: [Synth 8-7071] port 'vsm_ma_sw_shutdown_req' of module 'Convolution_Controller_dfx_controller_0_1' is unconnected for instance 'dfx_controller_0' [C:/GitHub/ReconHardware/FPGA_Files/Projects/ConvolutionAccel_d/ConvolutionAccel_d.srcs/sources_1/bd/Convolution_Controller/synth/Convolution_Controller.v:394]
WARNING: [Synth 8-7071] port 'vsm_ma_sw_startup_req' of module 'Convolution_Controller_dfx_controller_0_1' is unconnected for instance 'dfx_controller_0' [C:/GitHub/ReconHardware/FPGA_Files/Projects/ConvolutionAccel_d/ConvolutionAccel_d.srcs/sources_1/bd/Convolution_Controller/synth/Convolution_Controller.v:394]
WARNING: [Synth 8-7023] instance 'dfx_controller_0' of module 'Convolution_Controller_dfx_controller_0_1' has 45 connections declared, but only 41 given [C:/GitHub/ReconHardware/FPGA_Files/Projects/ConvolutionAccel_d/ConvolutionAccel_d.srcs/sources_1/bd/Convolution_Controller/synth/Convolution_Controller.v:394]
INFO: [Synth 8-6157] synthesizing module 'Convolution_Controller_processing_system7_0_0' [C:/GitHub/ReconHardware/FPGA_Files/Projects/ConvolutionAccel_d/ConvolutionAccel_d.runs/synth_1/.Xil/Vivado-18152-DESKTOP-D9F9TPQ/realtime/Convolution_Controller_processing_system7_0_0_stub.v:6]
INFO: [Synth 8-6155] done synthesizing module 'Convolution_Controller_processing_system7_0_0' (4#1) [C:/GitHub/ReconHardware/FPGA_Files/Projects/ConvolutionAccel_d/ConvolutionAccel_d.runs/synth_1/.Xil/Vivado-18152-DESKTOP-D9F9TPQ/realtime/Convolution_Controller_processing_system7_0_0_stub.v:6]
WARNING: [Synth 8-7071] port 'USB0_PORT_INDCTL' of module 'Convolution_Controller_processing_system7_0_0' is unconnected for instance 'processing_system7_0' [C:/GitHub/ReconHardware/FPGA_Files/Projects/ConvolutionAccel_d/ConvolutionAccel_d.srcs/sources_1/bd/Convolution_Controller/synth/Convolution_Controller.v:436]
WARNING: [Synth 8-7071] port 'USB0_VBUS_PWRSELECT' of module 'Convolution_Controller_processing_system7_0_0' is unconnected for instance 'processing_system7_0' [C:/GitHub/ReconHardware/FPGA_Files/Projects/ConvolutionAccel_d/ConvolutionAccel_d.srcs/sources_1/bd/Convolution_Controller/synth/Convolution_Controller.v:436]
WARNING: [Synth 8-7071] port 'S_AXI_HP0_BID' of module 'Convolution_Controller_processing_system7_0_0' is unconnected for instance 'processing_system7_0' [C:/GitHub/ReconHardware/FPGA_Files/Projects/ConvolutionAccel_d/ConvolutionAccel_d.srcs/sources_1/bd/Convolution_Controller/synth/Convolution_Controller.v:436]
WARNING: [Synth 8-7071] port 'S_AXI_HP0_RID' of module 'Convolution_Controller_processing_system7_0_0' is unconnected for instance 'processing_system7_0' [C:/GitHub/ReconHardware/FPGA_Files/Projects/ConvolutionAccel_d/ConvolutionAccel_d.srcs/sources_1/bd/Convolution_Controller/synth/Convolution_Controller.v:436]
WARNING: [Synth 8-7071] port 'S_AXI_HP0_RCOUNT' of module 'Convolution_Controller_processing_system7_0_0' is unconnected for instance 'processing_system7_0' [C:/GitHub/ReconHardware/FPGA_Files/Projects/ConvolutionAccel_d/ConvolutionAccel_d.srcs/sources_1/bd/Convolution_Controller/synth/Convolution_Controller.v:436]
WARNING: [Synth 8-7071] port 'S_AXI_HP0_WCOUNT' of module 'Convolution_Controller_processing_system7_0_0' is unconnected for instance 'processing_system7_0' [C:/GitHub/ReconHardware/FPGA_Files/Projects/ConvolutionAccel_d/ConvolutionAccel_d.srcs/sources_1/bd/Convolution_Controller/synth/Convolution_Controller.v:436]
WARNING: [Synth 8-7071] port 'S_AXI_HP0_RACOUNT' of module 'Convolution_Controller_processing_system7_0_0' is unconnected for instance 'processing_system7_0' [C:/GitHub/ReconHardware/FPGA_Files/Projects/ConvolutionAccel_d/ConvolutionAccel_d.srcs/sources_1/bd/Convolution_Controller/synth/Convolution_Controller.v:436]
WARNING: [Synth 8-7071] port 'S_AXI_HP0_WACOUNT' of module 'Convolution_Controller_processing_system7_0_0' is unconnected for instance 'processing_system7_0' [C:/GitHub/ReconHardware/FPGA_Files/Projects/ConvolutionAccel_d/ConvolutionAccel_d.srcs/sources_1/bd/Convolution_Controller/synth/Convolution_Controller.v:436]
WARNING: [Synth 8-7023] instance 'processing_system7_0' of module 'Convolution_Controller_processing_system7_0_0' has 110 connections declared, but only 102 given [C:/GitHub/ReconHardware/FPGA_Files/Projects/ConvolutionAccel_d/ConvolutionAccel_d.srcs/sources_1/bd/Convolution_Controller/synth/Convolution_Controller.v:436]
INFO: [Synth 8-6157] synthesizing module 'Convolution_Controller_rst_ps7_0_100M_0' [C:/GitHub/ReconHardware/FPGA_Files/Projects/ConvolutionAccel_d/ConvolutionAccel_d.runs/synth_1/.Xil/Vivado-18152-DESKTOP-D9F9TPQ/realtime/Convolution_Controller_rst_ps7_0_100M_0_stub.v:6]
INFO: [Synth 8-6155] done synthesizing module 'Convolution_Controller_rst_ps7_0_100M_0' (5#1) [C:/GitHub/ReconHardware/FPGA_Files/Projects/ConvolutionAccel_d/ConvolutionAccel_d.runs/synth_1/.Xil/Vivado-18152-DESKTOP-D9F9TPQ/realtime/Convolution_Controller_rst_ps7_0_100M_0_stub.v:6]
WARNING: [Synth 8-7071] port 'mb_reset' of module 'Convolution_Controller_rst_ps7_0_100M_0' is unconnected for instance 'rst_ps7_0_100M' [C:/GitHub/ReconHardware/FPGA_Files/Projects/ConvolutionAccel_d/ConvolutionAccel_d.srcs/sources_1/bd/Convolution_Controller/synth/Convolution_Controller.v:539]
WARNING: [Synth 8-7071] port 'bus_struct_reset' of module 'Convolution_Controller_rst_ps7_0_100M_0' is unconnected for instance 'rst_ps7_0_100M' [C:/GitHub/ReconHardware/FPGA_Files/Projects/ConvolutionAccel_d/ConvolutionAccel_d.srcs/sources_1/bd/Convolution_Controller/synth/Convolution_Controller.v:539]
WARNING: [Synth 8-7071] port 'peripheral_reset' of module 'Convolution_Controller_rst_ps7_0_100M_0' is unconnected for instance 'rst_ps7_0_100M' [C:/GitHub/ReconHardware/FPGA_Files/Projects/ConvolutionAccel_d/ConvolutionAccel_d.srcs/sources_1/bd/Convolution_Controller/synth/Convolution_Controller.v:539]
WARNING: [Synth 8-7023] instance 'rst_ps7_0_100M' of module 'Convolution_Controller_rst_ps7_0_100M_0' has 10 connections declared, but only 7 given [C:/GitHub/ReconHardware/FPGA_Files/Projects/ConvolutionAccel_d/ConvolutionAccel_d.srcs/sources_1/bd/Convolution_Controller/synth/Convolution_Controller.v:539]
INFO: [Synth 8-6157] synthesizing module 'Convolution_Controller_smartconnect_0_0' [C:/GitHub/ReconHardware/FPGA_Files/Projects/ConvolutionAccel_d/ConvolutionAccel_d.runs/synth_1/.Xil/Vivado-18152-DESKTOP-D9F9TPQ/realtime/Convolution_Controller_smartconnect_0_0_stub.v:6]
INFO: [Synth 8-6155] done synthesizing module 'Convolution_Controller_smartconnect_0_0' (6#1) [C:/GitHub/ReconHardware/FPGA_Files/Projects/ConvolutionAccel_d/ConvolutionAccel_d.runs/synth_1/.Xil/Vivado-18152-DESKTOP-D9F9TPQ/realtime/Convolution_Controller_smartconnect_0_0_stub.v:6]
WARNING: [Synth 8-7071] port 'M00_AXI_awprot' of module 'Convolution_Controller_smartconnect_0_0' is unconnected for instance 'smartconnect_0' [C:/GitHub/ReconHardware/FPGA_Files/Projects/ConvolutionAccel_d/ConvolutionAccel_d.srcs/sources_1/bd/Convolution_Controller/synth/Convolution_Controller.v:547]
WARNING: [Synth 8-7071] port 'M00_AXI_wstrb' of module 'Convolution_Controller_smartconnect_0_0' is unconnected for instance 'smartconnect_0' [C:/GitHub/ReconHardware/FPGA_Files/Projects/ConvolutionAccel_d/ConvolutionAccel_d.srcs/sources_1/bd/Convolution_Controller/synth/Convolution_Controller.v:547]
WARNING: [Synth 8-7071] port 'M00_AXI_arprot' of module 'Convolution_Controller_smartconnect_0_0' is unconnected for instance 'smartconnect_0' [C:/GitHub/ReconHardware/FPGA_Files/Projects/ConvolutionAccel_d/ConvolutionAccel_d.srcs/sources_1/bd/Convolution_Controller/synth/Convolution_Controller.v:547]
WARNING: [Synth 8-7071] port 'M01_AXI_awprot' of module 'Convolution_Controller_smartconnect_0_0' is unconnected for instance 'smartconnect_0' [C:/GitHub/ReconHardware/FPGA_Files/Projects/ConvolutionAccel_d/ConvolutionAccel_d.srcs/sources_1/bd/Convolution_Controller/synth/Convolution_Controller.v:547]
WARNING: [Synth 8-7071] port 'M01_AXI_wstrb' of module 'Convolution_Controller_smartconnect_0_0' is unconnected for instance 'smartconnect_0' [C:/GitHub/ReconHardware/FPGA_Files/Projects/ConvolutionAccel_d/ConvolutionAccel_d.srcs/sources_1/bd/Convolution_Controller/synth/Convolution_Controller.v:547]
WARNING: [Synth 8-7071] port 'M01_AXI_arprot' of module 'Convolution_Controller_smartconnect_0_0' is unconnected for instance 'smartconnect_0' [C:/GitHub/ReconHardware/FPGA_Files/Projects/ConvolutionAccel_d/ConvolutionAccel_d.srcs/sources_1/bd/Convolution_Controller/synth/Convolution_Controller.v:547]
WARNING: [Synth 8-7071] port 'M02_AXI_awprot' of module 'Convolution_Controller_smartconnect_0_0' is unconnected for instance 'smartconnect_0' [C:/GitHub/ReconHardware/FPGA_Files/Projects/ConvolutionAccel_d/ConvolutionAccel_d.srcs/sources_1/bd/Convolution_Controller/synth/Convolution_Controller.v:547]
WARNING: [Synth 8-7071] port 'M02_AXI_wstrb' of module 'Convolution_Controller_smartconnect_0_0' is unconnected for instance 'smartconnect_0' [C:/GitHub/ReconHardware/FPGA_Files/Projects/ConvolutionAccel_d/ConvolutionAccel_d.srcs/sources_1/bd/Convolution_Controller/synth/Convolution_Controller.v:547]
WARNING: [Synth 8-7071] port 'M02_AXI_arprot' of module 'Convolution_Controller_smartconnect_0_0' is unconnected for instance 'smartconnect_0' [C:/GitHub/ReconHardware/FPGA_Files/Projects/ConvolutionAccel_d/ConvolutionAccel_d.srcs/sources_1/bd/Convolution_Controller/synth/Convolution_Controller.v:547]
WARNING: [Synth 8-7023] instance 'smartconnect_0' of module 'Convolution_Controller_smartconnect_0_0' has 97 connections declared, but only 88 given [C:/GitHub/ReconHardware/FPGA_Files/Projects/ConvolutionAccel_d/ConvolutionAccel_d.srcs/sources_1/bd/Convolution_Controller/synth/Convolution_Controller.v:547]
INFO: [Synth 8-6157] synthesizing module 'Convolution_Controller_smartconnect_0_1' [C:/GitHub/ReconHardware/FPGA_Files/Projects/ConvolutionAccel_d/ConvolutionAccel_d.runs/synth_1/.Xil/Vivado-18152-DESKTOP-D9F9TPQ/realtime/Convolution_Controller_smartconnect_0_1_stub.v:6]
INFO: [Synth 8-6155] done synthesizing module 'Convolution_Controller_smartconnect_0_1' (7#1) [C:/GitHub/ReconHardware/FPGA_Files/Projects/ConvolutionAccel_d/ConvolutionAccel_d.runs/synth_1/.Xil/Vivado-18152-DESKTOP-D9F9TPQ/realtime/Convolution_Controller_smartconnect_0_1_stub.v:6]
WARNING: [Synth 8-7071] port 'M00_AXI_aruser' of module 'Convolution_Controller_smartconnect_0_1' is unconnected for instance 'smartconnect_1' [C:/GitHub/ReconHardware/FPGA_Files/Projects/ConvolutionAccel_d/ConvolutionAccel_d.srcs/sources_1/bd/Convolution_Controller/synth/Convolution_Controller.v:636]
WARNING: [Synth 8-7023] instance 'smartconnect_1' of module 'Convolution_Controller_smartconnect_0_1' has 85 connections declared, but only 84 given [C:/GitHub/ReconHardware/FPGA_Files/Projects/ConvolutionAccel_d/ConvolutionAccel_d.srcs/sources_1/bd/Convolution_Controller/synth/Convolution_Controller.v:636]
INFO: [Synth 8-6157] synthesizing module 'Convolution_Controller_util_vector_logic_0_0' [C:/GitHub/ReconHardware/FPGA_Files/Projects/ConvolutionAccel_d/ConvolutionAccel_d.runs/synth_1/.Xil/Vivado-18152-DESKTOP-D9F9TPQ/realtime/Convolution_Controller_util_vector_logic_0_0_stub.v:6]
INFO: [Synth 8-6155] done synthesizing module 'Convolution_Controller_util_vector_logic_0_0' (8#1) [C:/GitHub/ReconHardware/FPGA_Files/Projects/ConvolutionAccel_d/ConvolutionAccel_d.runs/synth_1/.Xil/Vivado-18152-DESKTOP-D9F9TPQ/realtime/Convolution_Controller_util_vector_logic_0_0_stub.v:6]
INFO: [Synth 8-6157] synthesizing module 'Convolution_Controller_util_vector_logic_0_1' [C:/GitHub/ReconHardware/FPGA_Files/Projects/ConvolutionAccel_d/ConvolutionAccel_d.runs/synth_1/.Xil/Vivado-18152-DESKTOP-D9F9TPQ/realtime/Convolution_Controller_util_vector_logic_0_1_stub.v:6]
INFO: [Synth 8-6155] done synthesizing module 'Convolution_Controller_util_vector_logic_0_1' (9#1) [C:/GitHub/ReconHardware/FPGA_Files/Projects/ConvolutionAccel_d/ConvolutionAccel_d.runs/synth_1/.Xil/Vivado-18152-DESKTOP-D9F9TPQ/realtime/Convolution_Controller_util_vector_logic_0_1_stub.v:6]
INFO: [Synth 8-6155] done synthesizing module 'Convolution_Controller' (10#1) [C:/GitHub/ReconHardware/FPGA_Files/Projects/ConvolutionAccel_d/ConvolutionAccel_d.srcs/sources_1/bd/Convolution_Controller/synth/Convolution_Controller.v:13]
INFO: [Synth 8-6155] done synthesizing module 'Convolution_Controller_wrapper' (11#1) [C:/GitHub/ReconHardware/FPGA_Files/Projects/ConvolutionAccel_d/ConvolutionAccel_d.srcs/sources_1/bd/Convolution_Controller/hdl/Convolution_Controller_wrapper.v:12]
WARNING: [Synth 8-689] width (1) of port connection 'ICAP_0_i' does not match port width (32) of module 'Convolution_Controller_wrapper' [C:/GitHub/ReconHardware/FPGA_Files/Sources/General/Convolution_Top_d.v:46]
WARNING: [Synth 8-7071] port 'DDR_addr' of module 'Convolution_Controller_wrapper' is unconnected for instance 'BD_Wrapper' [C:/GitHub/ReconHardware/FPGA_Files/Sources/General/Convolution_Top_d.v:35]
WARNING: [Synth 8-7071] port 'DDR_ba' of module 'Convolution_Controller_wrapper' is unconnected for instance 'BD_Wrapper' [C:/GitHub/ReconHardware/FPGA_Files/Sources/General/Convolution_Top_d.v:35]
WARNING: [Synth 8-7071] port 'DDR_cas_n' of module 'Convolution_Controller_wrapper' is unconnected for instance 'BD_Wrapper' [C:/GitHub/ReconHardware/FPGA_Files/Sources/General/Convolution_Top_d.v:35]
WARNING: [Synth 8-7071] port 'DDR_ck_n' of module 'Convolution_Controller_wrapper' is unconnected for instance 'BD_Wrapper' [C:/GitHub/ReconHardware/FPGA_Files/Sources/General/Convolution_Top_d.v:35]
WARNING: [Synth 8-7071] port 'DDR_ck_p' of module 'Convolution_Controller_wrapper' is unconnected for instance 'BD_Wrapper' [C:/GitHub/ReconHardware/FPGA_Files/Sources/General/Convolution_Top_d.v:35]
WARNING: [Synth 8-7071] port 'DDR_cke' of module 'Convolution_Controller_wrapper' is unconnected for instance 'BD_Wrapper' [C:/GitHub/ReconHardware/FPGA_Files/Sources/General/Convolution_Top_d.v:35]
WARNING: [Synth 8-7071] port 'DDR_cs_n' of module 'Convolution_Controller_wrapper' is unconnected for instance 'BD_Wrapper' [C:/GitHub/ReconHardware/FPGA_Files/Sources/General/Convolution_Top_d.v:35]
WARNING: [Synth 8-7071] port 'DDR_dm' of module 'Convolution_Controller_wrapper' is unconnected for instance 'BD_Wrapper' [C:/GitHub/ReconHardware/FPGA_Files/Sources/General/Convolution_Top_d.v:35]
WARNING: [Synth 8-7071] port 'DDR_dq' of module 'Convolution_Controller_wrapper' is unconnected for instance 'BD_Wrapper' [C:/GitHub/ReconHardware/FPGA_Files/Sources/General/Convolution_Top_d.v:35]
WARNING: [Synth 8-7071] port 'DDR_dqs_n' of module 'Convolution_Controller_wrapper' is unconnected for instance 'BD_Wrapper' [C:/GitHub/ReconHardware/FPGA_Files/Sources/General/Convolution_Top_d.v:35]
WARNING: [Synth 8-7071] port 'DDR_dqs_p' of module 'Convolution_Controller_wrapper' is unconnected for instance 'BD_Wrapper' [C:/GitHub/ReconHardware/FPGA_Files/Sources/General/Convolution_Top_d.v:35]
WARNING: [Synth 8-7071] port 'DDR_odt' of module 'Convolution_Controller_wrapper' is unconnected for instance 'BD_Wrapper' [C:/GitHub/ReconHardware/FPGA_Files/Sources/General/Convolution_Top_d.v:35]
WARNING: [Synth 8-7071] port 'DDR_ras_n' of module 'Convolution_Controller_wrapper' is unconnected for instance 'BD_Wrapper' [C:/GitHub/ReconHardware/FPGA_Files/Sources/General/Convolution_Top_d.v:35]
WARNING: [Synth 8-7071] port 'DDR_reset_n' of module 'Convolution_Controller_wrapper' is unconnected for instance 'BD_Wrapper' [C:/GitHub/ReconHardware/FPGA_Files/Sources/General/Convolution_Top_d.v:35]
WARNING: [Synth 8-7071] port 'DDR_we_n' of module 'Convolution_Controller_wrapper' is unconnected for instance 'BD_Wrapper' [C:/GitHub/ReconHardware/FPGA_Files/Sources/General/Convolution_Top_d.v:35]
WARNING: [Synth 8-7071] port 'FIXED_IO_ddr_vrn' of module 'Convolution_Controller_wrapper' is unconnected for instance 'BD_Wrapper' [C:/GitHub/ReconHardware/FPGA_Files/Sources/General/Convolution_Top_d.v:35]
WARNING: [Synth 8-7071] port 'FIXED_IO_ddr_vrp' of module 'Convolution_Controller_wrapper' is unconnected for instance 'BD_Wrapper' [C:/GitHub/ReconHardware/FPGA_Files/Sources/General/Convolution_Top_d.v:35]
WARNING: [Synth 8-7071] port 'FIXED_IO_mio' of module 'Convolution_Controller_wrapper' is unconnected for instance 'BD_Wrapper' [C:/GitHub/ReconHardware/FPGA_Files/Sources/General/Convolution_Top_d.v:35]
WARNING: [Synth 8-7071] port 'FIXED_IO_ps_clk' of module 'Convolution_Controller_wrapper' is unconnected for instance 'BD_Wrapper' [C:/GitHub/ReconHardware/FPGA_Files/Sources/General/Convolution_Top_d.v:35]
WARNING: [Synth 8-7071] port 'FIXED_IO_ps_porb' of module 'Convolution_Controller_wrapper' is unconnected for instance 'BD_Wrapper' [C:/GitHub/ReconHardware/FPGA_Files/Sources/General/Convolution_Top_d.v:35]
WARNING: [Synth 8-7071] port 'FIXED_IO_ps_srstb' of module 'Convolution_Controller_wrapper' is unconnected for instance 'BD_Wrapper' [C:/GitHub/ReconHardware/FPGA_Files/Sources/General/Convolution_Top_d.v:35]
WARNING: [Synth 8-7023] instance 'BD_Wrapper' of module 'Convolution_Controller_wrapper' has 33 connections declared, but only 12 given [C:/GitHub/ReconHardware/FPGA_Files/Sources/General/Convolution_Top_d.v:35]
INFO: [Synth 8-6157] synthesizing module 'ICAPE2' [C:/Xilinx/Vivado/2020.1/scripts/rt/data/unisim_comp.v:34797]
	Parameter DEVICE_ID bound to: 32'b00000011011001010001000010010011 
	Parameter ICAP_WIDTH bound to: X32 - type: string 
	Parameter SIM_CFG_FILE_NAME bound to: NONE - type: string 
INFO: [Synth 8-6155] done synthesizing module 'ICAPE2' (12#1) [C:/Xilinx/Vivado/2020.1/scripts/rt/data/unisim_comp.v:34797]
WARNING: [Synth 8-689] width (1) of port connection 'O' does not match port width (32) of module 'ICAPE2' [C:/GitHub/ReconHardware/FPGA_Files/Sources/General/Convolution_Top_d.v:62]
INFO: [Synth 8-6157] synthesizing module 'ma_int_32' [C:/GitHub/ReconHardware/FPGA_Files/Projects/ConvolutionAccel_d/ConvolutionAccel_d.runs/synth_1/.Xil/Vivado-18152-DESKTOP-D9F9TPQ/realtime/ma_int_32_stub.v:5]
INFO: [Synth 8-6155] done synthesizing module 'ma_int_32' (13#1) [C:/GitHub/ReconHardware/FPGA_Files/Projects/ConvolutionAccel_d/ConvolutionAccel_d.runs/synth_1/.Xil/Vivado-18152-DESKTOP-D9F9TPQ/realtime/ma_int_32_stub.v:5]
INFO: [Synth 8-6155] done synthesizing module 'CPE_Wrapper' (14#1) [C:/GitHub/ReconHardware/FPGA_Files/Sources/General/Convolution_Top_d.v:3]
---------------------------------------------------------------------------------
Finished RTL Elaboration : Time (s): cpu = 00:00:04 ; elapsed = 00:00:04 . Memory (MB): peak = 1169.566 ; gain = 89.953
---------------------------------------------------------------------------------
---------------------------------------------------------------------------------
Start Handling Custom Attributes
---------------------------------------------------------------------------------
---------------------------------------------------------------------------------
Finished Handling Custom Attributes : Time (s): cpu = 00:00:04 ; elapsed = 00:00:04 . Memory (MB): peak = 1169.566 ; gain = 89.953
---------------------------------------------------------------------------------
---------------------------------------------------------------------------------
Finished RTL Optimization Phase 1 : Time (s): cpu = 00:00:04 ; elapsed = 00:00:04 . Memory (MB): peak = 1169.566 ; gain = 89.953
---------------------------------------------------------------------------------
Netlist sorting complete. Time (s): cpu = 00:00:00 ; elapsed = 00:00:00.027 . Memory (MB): peak = 1170.812 ; gain = 0.000
INFO: [Project 1-570] Preparing netlist for logic optimization

Processing XDC Constraints
Initializing timing engine
Parsing XDC File [C:/GitHub/ReconHardware/FPGA_Files/Projects/ConvolutionAccel_d/ConvolutionAccel_d.runs/ma_int_32_synth_1/ma_int_32/ma_int_32_in_context.xdc] for cell 'ma'
Finished Parsing XDC File [C:/GitHub/ReconHardware/FPGA_Files/Projects/ConvolutionAccel_d/ConvolutionAccel_d.runs/ma_int_32_synth_1/ma_int_32/ma_int_32_in_context.xdc] for cell 'ma'
Parsing XDC File [c:/GitHub/ReconHardware/FPGA_Files/Projects/ConvolutionAccel_d/ConvolutionAccel_d.srcs/sources_1/bd/Convolution_Controller/ip/Convolution_Controller_processing_system7_0_0/Convolution_Controller_processing_system7_0_0/Convolution_Controller_processing_system7_0_0_in_context.xdc] for cell 'BD_Wrapper/Convolution_Controller_i/processing_system7_0'
WARNING: [Vivado 12-584] No ports matched ''. [c:/GitHub/ReconHardware/FPGA_Files/Projects/ConvolutionAccel_d/ConvolutionAccel_d.srcs/sources_1/bd/Convolution_Controller/ip/Convolution_Controller_processing_system7_0_0/Convolution_Controller_processing_system7_0_0/Convolution_Controller_processing_system7_0_0_in_context.xdc:2]
Finished Parsing XDC File [c:/GitHub/ReconHardware/FPGA_Files/Projects/ConvolutionAccel_d/ConvolutionAccel_d.srcs/sources_1/bd/Convolution_Controller/ip/Convolution_Controller_processing_system7_0_0/Convolution_Controller_processing_system7_0_0/Convolution_Controller_processing_system7_0_0_in_context.xdc] for cell 'BD_Wrapper/Convolution_Controller_i/processing_system7_0'
Parsing XDC File [c:/GitHub/ReconHardware/FPGA_Files/Projects/ConvolutionAccel_d/ConvolutionAccel_d.srcs/sources_1/bd/Convolution_Controller/ip/Convolution_Controller_axi_dma_0_0/Convolution_Controller_axi_dma_0_0/Convolution_Controller_axi_dma_0_0_in_context.xdc] for cell 'BD_Wrapper/Convolution_Controller_i/axi_dma_0'
Finished Parsing XDC File [c:/GitHub/ReconHardware/FPGA_Files/Projects/ConvolutionAccel_d/ConvolutionAccel_d.srcs/sources_1/bd/Convolution_Controller/ip/Convolution_Controller_axi_dma_0_0/Convolution_Controller_axi_dma_0_0/Convolution_Controller_axi_dma_0_0_in_context.xdc] for cell 'BD_Wrapper/Convolution_Controller_i/axi_dma_0'
Parsing XDC File [c:/GitHub/ReconHardware/FPGA_Files/Projects/ConvolutionAccel_d/ConvolutionAccel_d.srcs/sources_1/bd/Convolution_Controller/ip/Convolution_Controller_rst_ps7_0_100M_0/Convolution_Controller_rst_ps7_0_100M_0/Convolution_Controller_rst_ps7_0_100M_0_in_context.xdc] for cell 'BD_Wrapper/Convolution_Controller_i/rst_ps7_0_100M'
Finished Parsing XDC File [c:/GitHub/ReconHardware/FPGA_Files/Projects/ConvolutionAccel_d/ConvolutionAccel_d.srcs/sources_1/bd/Convolution_Controller/ip/Convolution_Controller_rst_ps7_0_100M_0/Convolution_Controller_rst_ps7_0_100M_0/Convolution_Controller_rst_ps7_0_100M_0_in_context.xdc] for cell 'BD_Wrapper/Convolution_Controller_i/rst_ps7_0_100M'
Parsing XDC File [c:/GitHub/ReconHardware/FPGA_Files/Projects/ConvolutionAccel_d/ConvolutionAccel_d.srcs/sources_1/bd/Convolution_Controller/ip/Convolution_Controller_Convolution_Controll_0_0/Convolution_Controller_Convolution_Controll_0_0/Convolution_Controller_Convolution_Controll_0_0_in_context.xdc] for cell 'BD_Wrapper/Convolution_Controller_i/Convolution_Controll_0'
Finished Parsing XDC File [c:/GitHub/ReconHardware/FPGA_Files/Projects/ConvolutionAccel_d/ConvolutionAccel_d.srcs/sources_1/bd/Convolution_Controller/ip/Convolution_Controller_Convolution_Controll_0_0/Convolution_Controller_Convolution_Controll_0_0/Convolution_Controller_Convolution_Controll_0_0_in_context.xdc] for cell 'BD_Wrapper/Convolution_Controller_i/Convolution_Controll_0'
Parsing XDC File [c:/GitHub/ReconHardware/FPGA_Files/Projects/ConvolutionAccel_d/ConvolutionAccel_d.srcs/sources_1/bd/Convolution_Controller/ip/Convolution_Controller_smartconnect_0_0/Convolution_Controller_smartconnect_0_0/Convolution_Controller_smartconnect_0_0_in_context.xdc] for cell 'BD_Wrapper/Convolution_Controller_i/smartconnect_0'
Finished Parsing XDC File [c:/GitHub/ReconHardware/FPGA_Files/Projects/ConvolutionAccel_d/ConvolutionAccel_d.srcs/sources_1/bd/Convolution_Controller/ip/Convolution_Controller_smartconnect_0_0/Convolution_Controller_smartconnect_0_0/Convolution_Controller_smartconnect_0_0_in_context.xdc] for cell 'BD_Wrapper/Convolution_Controller_i/smartconnect_0'
Parsing XDC File [c:/GitHub/ReconHardware/FPGA_Files/Projects/ConvolutionAccel_d/ConvolutionAccel_d.srcs/sources_1/bd/Convolution_Controller/ip/Convolution_Controller_smartconnect_0_1/Convolution_Controller_smartconnect_0_1/Convolution_Controller_smartconnect_0_1_in_context.xdc] for cell 'BD_Wrapper/Convolution_Controller_i/smartconnect_1'
Finished Parsing XDC File [c:/GitHub/ReconHardware/FPGA_Files/Projects/ConvolutionAccel_d/ConvolutionAccel_d.srcs/sources_1/bd/Convolution_Controller/ip/Convolution_Controller_smartconnect_0_1/Convolution_Controller_smartconnect_0_1/Convolution_Controller_smartconnect_0_1_in_context.xdc] for cell 'BD_Wrapper/Convolution_Controller_i/smartconnect_1'
Parsing XDC File [c:/GitHub/ReconHardware/FPGA_Files/Projects/ConvolutionAccel_d/ConvolutionAccel_d.srcs/sources_1/bd/Convolution_Controller/ip/Convolution_Controller_dfx_controller_0_1/Convolution_Controller_dfx_controller_0_1/Convolution_Controller_dfx_controller_0_1_in_context.xdc] for cell 'BD_Wrapper/Convolution_Controller_i/dfx_controller_0'
Finished Parsing XDC File [c:/GitHub/ReconHardware/FPGA_Files/Projects/ConvolutionAccel_d/ConvolutionAccel_d.srcs/sources_1/bd/Convolution_Controller/ip/Convolution_Controller_dfx_controller_0_1/Convolution_Controller_dfx_controller_0_1/Convolution_Controller_dfx_controller_0_1_in_context.xdc] for cell 'BD_Wrapper/Convolution_Controller_i/dfx_controller_0'
Parsing XDC File [c:/GitHub/ReconHardware/FPGA_Files/Projects/ConvolutionAccel_d/ConvolutionAccel_d.srcs/sources_1/bd/Convolution_Controller/ip/Convolution_Controller_util_vector_logic_0_0/Convolution_Controller_util_vector_logic_0_0/Convolution_Controller_util_vector_logic_0_0_in_context.xdc] for cell 'BD_Wrapper/Convolution_Controller_i/util_vector_logic_0'
Finished Parsing XDC File [c:/GitHub/ReconHardware/FPGA_Files/Projects/ConvolutionAccel_d/ConvolutionAccel_d.srcs/sources_1/bd/Convolution_Controller/ip/Convolution_Controller_util_vector_logic_0_0/Convolution_Controller_util_vector_logic_0_0/Convolution_Controller_util_vector_logic_0_0_in_context.xdc] for cell 'BD_Wrapper/Convolution_Controller_i/util_vector_logic_0'
Parsing XDC File [c:/GitHub/ReconHardware/FPGA_Files/Projects/ConvolutionAccel_d/ConvolutionAccel_d.srcs/sources_1/bd/Convolution_Controller/ip/Convolution_Controller_util_vector_logic_0_1/Convolution_Controller_util_vector_logic_0_1/Convolution_Controller_util_vector_logic_0_1_in_context.xdc] for cell 'BD_Wrapper/Convolution_Controller_i/util_vector_logic_1'
Finished Parsing XDC File [c:/GitHub/ReconHardware/FPGA_Files/Projects/ConvolutionAccel_d/ConvolutionAccel_d.srcs/sources_1/bd/Convolution_Controller/ip/Convolution_Controller_util_vector_logic_0_1/Convolution_Controller_util_vector_logic_0_1/Convolution_Controller_util_vector_logic_0_1_in_context.xdc] for cell 'BD_Wrapper/Convolution_Controller_i/util_vector_logic_1'
Parsing XDC File [C:/GitHub/ReconHardware/FPGA_Files/Projects/ConvolutionAccel_d/ConvolutionAccel_d.runs/synth_1/hd_reconfig.xdc]
Finished Parsing XDC File [C:/GitHub/ReconHardware/FPGA_Files/Projects/ConvolutionAccel_d/ConvolutionAccel_d.runs/synth_1/hd_reconfig.xdc]
Parsing XDC File [C:/GitHub/ReconHardware/FPGA_Files/Projects/ConvolutionAccel_d/ConvolutionAccel_d.srcs/constrs_1/new/conv.xdc]
Finished Parsing XDC File [C:/GitHub/ReconHardware/FPGA_Files/Projects/ConvolutionAccel_d/ConvolutionAccel_d.srcs/constrs_1/new/conv.xdc]
INFO: [Project 1-236] Implementation specific constraints were found while reading constraint file [C:/GitHub/ReconHardware/FPGA_Files/Projects/ConvolutionAccel_d/ConvolutionAccel_d.srcs/constrs_1/new/conv.xdc]. These constraints will be ignored for synthesis but will be used in implementation. Impacted constraints are listed in the file [.Xil/CPE_Wrapper_propImpl.xdc].
Resolution: To avoid this warning, move constraints listed in [.Xil/CPE_Wrapper_propImpl.xdc] to another XDC file and exclude this new file from synthesis with the used_in_synthesis property (File Properties dialog in GUI) and re-run elaboration/synthesis.
Parsing XDC File [C:/GitHub/ReconHardware/FPGA_Files/Projects/ConvolutionAccel_d/ConvolutionAccel_d.runs/synth_1/dont_touch.xdc]
Finished Parsing XDC File [C:/GitHub/ReconHardware/FPGA_Files/Projects/ConvolutionAccel_d/ConvolutionAccel_d.runs/synth_1/dont_touch.xdc]
Completed Processing XDC Constraints

Netlist sorting complete. Time (s): cpu = 00:00:00 ; elapsed = 00:00:00 . Memory (MB): peak = 1240.719 ; gain = 0.000
INFO: [Project 1-111] Unisim Transformation Summary:
No Unisim elements were transformed.

Constraint Validation Runtime : Time (s): cpu = 00:00:00 ; elapsed = 00:00:00.011 . Memory (MB): peak = 1240.719 ; gain = 0.000
---------------------------------------------------------------------------------
Finished Constraint Validation : Time (s): cpu = 00:00:09 ; elapsed = 00:00:10 . Memory (MB): peak = 1240.719 ; gain = 161.105
---------------------------------------------------------------------------------
---------------------------------------------------------------------------------
Start Loading Part and Timing Information
---------------------------------------------------------------------------------
Loading part: xc7z020clg400-1
---------------------------------------------------------------------------------
Finished Loading Part and Timing Information : Time (s): cpu = 00:00:09 ; elapsed = 00:00:10 . Memory (MB): peak = 1240.719 ; gain = 161.105
---------------------------------------------------------------------------------
---------------------------------------------------------------------------------
Start Applying 'set_property' XDC Constraints
---------------------------------------------------------------------------------
Applied set_property DONT_TOUCH = true for ma. (constraint file  C:/GitHub/ReconHardware/FPGA_Files/Projects/ConvolutionAccel_d/ConvolutionAccel_d.runs/synth_1/hd_reconfig.xdc, line 4).
Applied set_property HD.RECONFIGURABLE = true for ma. (constraint file  C:/GitHub/ReconHardware/FPGA_Files/Projects/ConvolutionAccel_d/ConvolutionAccel_d.runs/synth_1/hd_reconfig.xdc, line 4).
Applied set_property DONT_TOUCH = true for BD_Wrapper/Convolution_Controller_i. (constraint file  auto generated constraint, line ).
Applied set_property DONT_TOUCH = true for BD_Wrapper/Convolution_Controller_i/processing_system7_0. (constraint file  auto generated constraint, line ).
Applied set_property DONT_TOUCH = true for BD_Wrapper/Convolution_Controller_i/axi_dma_0. (constraint file  auto generated constraint, line ).
Applied set_property DONT_TOUCH = true for BD_Wrapper/Convolution_Controller_i/rst_ps7_0_100M. (constraint file  auto generated constraint, line ).
Applied set_property DONT_TOUCH = true for BD_Wrapper/Convolution_Controller_i/Convolution_Controll_0. (constraint file  auto generated constraint, line ).
Applied set_property DONT_TOUCH = true for BD_Wrapper/Convolution_Controller_i/smartconnect_0. (constraint file  auto generated constraint, line ).
Applied set_property DONT_TOUCH = true for BD_Wrapper/Convolution_Controller_i/smartconnect_1. (constraint file  auto generated constraint, line ).
Applied set_property DONT_TOUCH = true for BD_Wrapper/Convolution_Controller_i/dfx_controller_0. (constraint file  auto generated constraint, line ).
Applied set_property DONT_TOUCH = true for BD_Wrapper/Convolution_Controller_i/util_vector_logic_0. (constraint file  auto generated constraint, line ).
Applied set_property DONT_TOUCH = true for BD_Wrapper/Convolution_Controller_i/util_vector_logic_1. (constraint file  auto generated constraint, line ).
---------------------------------------------------------------------------------
Finished applying 'set_property' XDC Constraints : Time (s): cpu = 00:00:10 ; elapsed = 00:00:10 . Memory (MB): peak = 1240.719 ; gain = 161.105
---------------------------------------------------------------------------------
---------------------------------------------------------------------------------
Finished RTL Optimization Phase 2 : Time (s): cpu = 00:00:10 ; elapsed = 00:00:10 . Memory (MB): peak = 1240.719 ; gain = 161.105
---------------------------------------------------------------------------------
---------------------------------------------------------------------------------
Start RTL Component Statistics 
---------------------------------------------------------------------------------
Detailed RTL Component Info : 
---------------------------------------------------------------------------------
Finished RTL Component Statistics 
---------------------------------------------------------------------------------
---------------------------------------------------------------------------------
Start Part Resource Summary
---------------------------------------------------------------------------------
Part Resources:
DSPs: 220 (col length:60)
BRAMs: 280 (col length: RAMB18 60 RAMB36 30)
---------------------------------------------------------------------------------
Finished Part Resource Summary
---------------------------------------------------------------------------------
---------------------------------------------------------------------------------
Start Cross Boundary and Area Optimization
---------------------------------------------------------------------------------
---------------------------------------------------------------------------------
Finished Cross Boundary and Area Optimization : Time (s): cpu = 00:00:11 ; elapsed = 00:00:11 . Memory (MB): peak = 1240.719 ; gain = 161.105
---------------------------------------------------------------------------------
---------------------------------------------------------------------------------
Start Applying XDC Timing Constraints
---------------------------------------------------------------------------------
---------------------------------------------------------------------------------
Finished Applying XDC Timing Constraints : Time (s): cpu = 00:00:16 ; elapsed = 00:00:16 . Memory (MB): peak = 1258.445 ; gain = 178.832
---------------------------------------------------------------------------------
---------------------------------------------------------------------------------
Start Timing Optimization
---------------------------------------------------------------------------------
---------------------------------------------------------------------------------
Finished Timing Optimization : Time (s): cpu = 00:00:16 ; elapsed = 00:00:16 . Memory (MB): peak = 1258.668 ; gain = 179.055
---------------------------------------------------------------------------------
---------------------------------------------------------------------------------
Start Technology Mapping
---------------------------------------------------------------------------------
---------------------------------------------------------------------------------
Finished Technology Mapping : Time (s): cpu = 00:00:16 ; elapsed = 00:00:16 . Memory (MB): peak = 1278.805 ; gain = 199.191
---------------------------------------------------------------------------------
---------------------------------------------------------------------------------
Start IO Insertion
---------------------------------------------------------------------------------
---------------------------------------------------------------------------------
Start Flattening Before IO Insertion
---------------------------------------------------------------------------------
---------------------------------------------------------------------------------
Finished Flattening Before IO Insertion
---------------------------------------------------------------------------------
---------------------------------------------------------------------------------
Start Final Netlist Cleanup
---------------------------------------------------------------------------------
---------------------------------------------------------------------------------
Finished Final Netlist Cleanup
---------------------------------------------------------------------------------
CRITICAL WARNING: [Synth 8-4442] BlackBox module ma has unconnected pin AddressSelect[3]
CRITICAL WARNING: [Synth 8-4442] BlackBox module ma has unconnected pin AddressSelect[2]
CRITICAL WARNING: [Synth 8-4442] BlackBox module ma has unconnected pin AddressSelect[1]
CRITICAL WARNING: [Synth 8-4442] BlackBox module ma has unconnected pin AddressSelect[0]
---------------------------------------------------------------------------------
Finished IO Insertion : Time (s): cpu = 00:00:19 ; elapsed = 00:00:19 . Memory (MB): peak = 1283.664 ; gain = 204.051
---------------------------------------------------------------------------------
---------------------------------------------------------------------------------
Start Renaming Generated Instances
---------------------------------------------------------------------------------
---------------------------------------------------------------------------------
Finished Renaming Generated Instances : Time (s): cpu = 00:00:19 ; elapsed = 00:00:19 . Memory (MB): peak = 1283.664 ; gain = 204.051
---------------------------------------------------------------------------------
---------------------------------------------------------------------------------
Start Rebuilding User Hierarchy
---------------------------------------------------------------------------------
---------------------------------------------------------------------------------
Finished Rebuilding User Hierarchy : Time (s): cpu = 00:00:19 ; elapsed = 00:00:19 . Memory (MB): peak = 1283.664 ; gain = 204.051
---------------------------------------------------------------------------------
---------------------------------------------------------------------------------
Start Renaming Generated Ports
---------------------------------------------------------------------------------
---------------------------------------------------------------------------------
Finished Renaming Generated Ports : Time (s): cpu = 00:00:19 ; elapsed = 00:00:19 . Memory (MB): peak = 1283.664 ; gain = 204.051
---------------------------------------------------------------------------------
---------------------------------------------------------------------------------
Start Handling Custom Attributes
---------------------------------------------------------------------------------
---------------------------------------------------------------------------------
Finished Handling Custom Attributes : Time (s): cpu = 00:00:19 ; elapsed = 00:00:19 . Memory (MB): peak = 1283.664 ; gain = 204.051
---------------------------------------------------------------------------------
---------------------------------------------------------------------------------
Start Renaming Generated Nets
---------------------------------------------------------------------------------
---------------------------------------------------------------------------------
Finished Renaming Generated Nets : Time (s): cpu = 00:00:19 ; elapsed = 00:00:19 . Memory (MB): peak = 1283.664 ; gain = 204.051
---------------------------------------------------------------------------------
---------------------------------------------------------------------------------
Start Writing Synthesis Report
---------------------------------------------------------------------------------

Report BlackBoxes: 
+------+------------------------------------------------+----------+
|      |BlackBox name                                   |Instances |
+------+------------------------------------------------+----------+
|1     |ma_int_32                                       |         1|
|2     |Convolution_Controller_Convolution_Controll_0_0 |         1|
|3     |Convolution_Controller_axi_dma_0_0              |         1|
|4     |Convolution_Controller_dfx_controller_0_1       |         1|
|5     |Convolution_Controller_processing_system7_0_0   |         1|
|6     |Convolution_Controller_rst_ps7_0_100M_0         |         1|
|7     |Convolution_Controller_smartconnect_0_0         |         1|
|8     |Convolution_Controller_smartconnect_0_1         |         1|
|9     |Convolution_Controller_util_vector_logic_0_0    |         1|
|10    |Convolution_Controller_util_vector_logic_0_1    |         1|
+------+------------------------------------------------+----------+

Report Cell Usage: 
+------+----------------------------------------------+------+
|      |Cell                                          |Count |
+------+----------------------------------------------+------+
|1     |Convolution_Controller_Convolution_Controll_0 |     1|
|2     |Convolution_Controller_axi_dma_0              |     1|
|3     |Convolution_Controller_dfx_controller_0       |     1|
|4     |Convolution_Controller_processing_system7_0   |     1|
|5     |Convolution_Controller_rst_ps7_0_100M         |     1|
|6     |Convolution_Controller_smartconnect_0         |     2|
|8     |Convolution_Controller_util_vector_logic_0    |     2|
|10    |ma_int                                        |     1|
|11    |ICAPE2                                        |     1|
|12    |LUT2                                          |     1|
+------+----------------------------------------------+------+
---------------------------------------------------------------------------------
Finished Writing Synthesis Report : Time (s): cpu = 00:00:19 ; elapsed = 00:00:19 . Memory (MB): peak = 1283.664 ; gain = 204.051
---------------------------------------------------------------------------------
Synthesis finished with 0 errors, 4 critical warnings and 0 warnings.
Synthesis Optimization Runtime : Time (s): cpu = 00:00:13 ; elapsed = 00:00:17 . Memory (MB): peak = 1283.664 ; gain = 132.898
Synthesis Optimization Complete : Time (s): cpu = 00:00:19 ; elapsed = 00:00:19 . Memory (MB): peak = 1283.664 ; gain = 204.051
INFO: [Project 1-571] Translating synthesized netlist
Netlist sorting complete. Time (s): cpu = 00:00:00 ; elapsed = 00:00:00.027 . Memory (MB): peak = 1283.664 ; gain = 0.000
INFO: [Project 1-570] Preparing netlist for logic optimization
INFO: [Opt 31-138] Pushed 0 inverter(s) to 0 load pin(s).
Netlist sorting complete. Time (s): cpu = 00:00:00 ; elapsed = 00:00:00 . Memory (MB): peak = 1303.684 ; gain = 0.000
INFO: [Project 1-111] Unisim Transformation Summary:
No Unisim elements were transformed.

INFO: [Common 17-83] Releasing license: Synthesis
44 Infos, 64 Warnings, 4 Critical Warnings and 0 Errors encountered.
synth_design completed successfully
synth_design: Time (s): cpu = 00:00:24 ; elapsed = 00:00:25 . Memory (MB): peak = 1303.684 ; gain = 224.070
INFO: [Common 17-1381] The checkpoint 'C:/GitHub/ReconHardware/FPGA_Files/Projects/ConvolutionAccel_d/ConvolutionAccel_d.runs/synth_1/CPE_Wrapper.dcp' has been generated.
INFO: [runtcl-4] Executing : report_utilization -file CPE_Wrapper_utilization_synth.rpt -pb CPE_Wrapper_utilization_synth.pb
INFO: [Common 17-206] Exiting Vivado at Thu Mar 18 14:50:31 2021...
