Copyright 1986-2019 Xilinx, Inc. All Rights Reserved.
--------------------------------------------------------------------------------------------------------------------------------------------------------------------------
| Tool Version : Vivado v.2019.2 (win64) Build 2708876 Wed Nov  6 21:40:23 MST 2019
| Date         : Thu Jul 16 16:54:55 2020
| Host         : DESKTOP-D9F9TPQ running 64-bit major release  (build 9200)
| Command      : report_methodology -file multiplyXBar_methodology_drc_routed.rpt -pb multiplyXBar_methodology_drc_routed.pb -rpx multiplyXBar_methodology_drc_routed.rpx
| Design       : multiplyXBar
| Device       : xc7z020clg400-1
| Speed File   : -1
| Design State : Fully Routed
--------------------------------------------------------------------------------------------------------------------------------------------------------------------------

Report Methodology

Table of Contents
-----------------
1. REPORT SUMMARY
2. REPORT DETAILS

1. REPORT SUMMARY
-----------------
            Netlist: netlist
          Floorplan: checkpoint_multiplyXBar
      Design limits: <entire design considered>
             Max violations: <unlimited>
             Violations found: 124
+-----------+------------------+------------------------------+------------+
| Rule      | Severity         | Description                  | Violations |
+-----------+------------------+------------------------------+------------+
| TIMING-17 | Critical Warning | Non-clocked sequential cell  | 104        |
| LUTAR-1   | Warning          | LUT drives async reset alert | 4          |
| TIMING-20 | Warning          | Non-clocked latch            | 16         |
+-----------+------------------+------------------------------+------------+

2. REPORT DETAILS
-----------------
TIMING-17#1 Critical Warning
Non-clocked sequential cell  
The clock pin genblk3[0].m_computeBlock_in/mCompute/product_reg[0]/C is not reached by a timing clock
Related violations: <none>

TIMING-17#2 Critical Warning
Non-clocked sequential cell  
The clock pin genblk3[0].m_computeBlock_in/mCompute/product_reg[1]/C is not reached by a timing clock
Related violations: <none>

TIMING-17#3 Critical Warning
Non-clocked sequential cell  
The clock pin genblk3[0].m_computeBlock_in/mCompute/product_reg[2]/C is not reached by a timing clock
Related violations: <none>

TIMING-17#4 Critical Warning
Non-clocked sequential cell  
The clock pin genblk3[0].m_computeBlock_in/mCompute/product_reg[3]/C is not reached by a timing clock
Related violations: <none>

TIMING-17#5 Critical Warning
Non-clocked sequential cell  
The clock pin genblk3[0].m_computeBlock_in/mCompute/ready_reg/C is not reached by a timing clock
Related violations: <none>

TIMING-17#6 Critical Warning
Non-clocked sequential cell  
The clock pin genblk3[0].m_computeBlock_in/psWrap/ParallelBuffer_0/inst/buff0/holdData_reg[0]/C is not reached by a timing clock
Related violations: <none>

TIMING-17#7 Critical Warning
Non-clocked sequential cell  
The clock pin genblk3[0].m_computeBlock_in/psWrap/ParallelBuffer_0/inst/buff0/holdData_reg[1]/C is not reached by a timing clock
Related violations: <none>

TIMING-17#8 Critical Warning
Non-clocked sequential cell  
The clock pin genblk3[0].m_computeBlock_in/psWrap/ParallelBuffer_0/inst/buff0/holdData_reg[2]/C is not reached by a timing clock
Related violations: <none>

TIMING-17#9 Critical Warning
Non-clocked sequential cell  
The clock pin genblk3[0].m_computeBlock_in/psWrap/ParallelBuffer_0/inst/buff0/holdData_reg[3]/C is not reached by a timing clock
Related violations: <none>

TIMING-17#10 Critical Warning
Non-clocked sequential cell  
The clock pin genblk3[0].m_computeBlock_in/psWrap/ParallelBuffer_0/inst/buff1/holdData_reg[0]/C is not reached by a timing clock
Related violations: <none>

TIMING-17#11 Critical Warning
Non-clocked sequential cell  
The clock pin genblk3[0].m_computeBlock_in/psWrap/ParallelBuffer_0/inst/buff1/holdData_reg[1]/C is not reached by a timing clock
Related violations: <none>

TIMING-17#12 Critical Warning
Non-clocked sequential cell  
The clock pin genblk3[0].m_computeBlock_in/psWrap/ParallelBuffer_0/inst/buff1/holdData_reg[2]/C is not reached by a timing clock
Related violations: <none>

TIMING-17#13 Critical Warning
Non-clocked sequential cell  
The clock pin genblk3[0].m_computeBlock_in/psWrap/ParallelBuffer_0/inst/buff1/holdData_reg[3]/C is not reached by a timing clock
Related violations: <none>

TIMING-17#14 Critical Warning
Non-clocked sequential cell  
The clock pin genblk3[1].m_computeBlock_in/mCompute/product_reg[0]/C is not reached by a timing clock
Related violations: <none>

TIMING-17#15 Critical Warning
Non-clocked sequential cell  
The clock pin genblk3[1].m_computeBlock_in/mCompute/product_reg[1]/C is not reached by a timing clock
Related violations: <none>

TIMING-17#16 Critical Warning
Non-clocked sequential cell  
The clock pin genblk3[1].m_computeBlock_in/mCompute/product_reg[2]/C is not reached by a timing clock
Related violations: <none>

TIMING-17#17 Critical Warning
Non-clocked sequential cell  
The clock pin genblk3[1].m_computeBlock_in/mCompute/product_reg[3]/C is not reached by a timing clock
Related violations: <none>

TIMING-17#18 Critical Warning
Non-clocked sequential cell  
The clock pin genblk3[1].m_computeBlock_in/mCompute/ready_reg/C is not reached by a timing clock
Related violations: <none>

TIMING-17#19 Critical Warning
Non-clocked sequential cell  
The clock pin genblk3[1].m_computeBlock_in/psWrap/ParallelBuffer_0/inst/buff0/holdData_reg[0]/C is not reached by a timing clock
Related violations: <none>

TIMING-17#20 Critical Warning
Non-clocked sequential cell  
The clock pin genblk3[1].m_computeBlock_in/psWrap/ParallelBuffer_0/inst/buff0/holdData_reg[1]/C is not reached by a timing clock
Related violations: <none>

TIMING-17#21 Critical Warning
Non-clocked sequential cell  
The clock pin genblk3[1].m_computeBlock_in/psWrap/ParallelBuffer_0/inst/buff0/holdData_reg[2]/C is not reached by a timing clock
Related violations: <none>

TIMING-17#22 Critical Warning
Non-clocked sequential cell  
The clock pin genblk3[1].m_computeBlock_in/psWrap/ParallelBuffer_0/inst/buff0/holdData_reg[3]/C is not reached by a timing clock
Related violations: <none>

TIMING-17#23 Critical Warning
Non-clocked sequential cell  
The clock pin genblk3[1].m_computeBlock_in/psWrap/ParallelBuffer_0/inst/buff1/holdData_reg[0]/C is not reached by a timing clock
Related violations: <none>

TIMING-17#24 Critical Warning
Non-clocked sequential cell  
The clock pin genblk3[1].m_computeBlock_in/psWrap/ParallelBuffer_0/inst/buff1/holdData_reg[1]/C is not reached by a timing clock
Related violations: <none>

TIMING-17#25 Critical Warning
Non-clocked sequential cell  
The clock pin genblk3[1].m_computeBlock_in/psWrap/ParallelBuffer_0/inst/buff1/holdData_reg[2]/C is not reached by a timing clock
Related violations: <none>

TIMING-17#26 Critical Warning
Non-clocked sequential cell  
The clock pin genblk3[1].m_computeBlock_in/psWrap/ParallelBuffer_0/inst/buff1/holdData_reg[3]/C is not reached by a timing clock
Related violations: <none>

TIMING-17#27 Critical Warning
Non-clocked sequential cell  
The clock pin genblk3[2].m_computeBlock_in/mCompute/product_reg[0]/C is not reached by a timing clock
Related violations: <none>

TIMING-17#28 Critical Warning
Non-clocked sequential cell  
The clock pin genblk3[2].m_computeBlock_in/mCompute/product_reg[1]/C is not reached by a timing clock
Related violations: <none>

TIMING-17#29 Critical Warning
Non-clocked sequential cell  
The clock pin genblk3[2].m_computeBlock_in/mCompute/product_reg[2]/C is not reached by a timing clock
Related violations: <none>

TIMING-17#30 Critical Warning
Non-clocked sequential cell  
The clock pin genblk3[2].m_computeBlock_in/mCompute/product_reg[3]/C is not reached by a timing clock
Related violations: <none>

TIMING-17#31 Critical Warning
Non-clocked sequential cell  
The clock pin genblk3[2].m_computeBlock_in/mCompute/ready_reg/C is not reached by a timing clock
Related violations: <none>

TIMING-17#32 Critical Warning
Non-clocked sequential cell  
The clock pin genblk3[2].m_computeBlock_in/psWrap/ParallelBuffer_0/inst/buff0/holdData_reg[0]/C is not reached by a timing clock
Related violations: <none>

TIMING-17#33 Critical Warning
Non-clocked sequential cell  
The clock pin genblk3[2].m_computeBlock_in/psWrap/ParallelBuffer_0/inst/buff0/holdData_reg[1]/C is not reached by a timing clock
Related violations: <none>

TIMING-17#34 Critical Warning
Non-clocked sequential cell  
The clock pin genblk3[2].m_computeBlock_in/psWrap/ParallelBuffer_0/inst/buff0/holdData_reg[2]/C is not reached by a timing clock
Related violations: <none>

TIMING-17#35 Critical Warning
Non-clocked sequential cell  
The clock pin genblk3[2].m_computeBlock_in/psWrap/ParallelBuffer_0/inst/buff0/holdData_reg[3]/C is not reached by a timing clock
Related violations: <none>

TIMING-17#36 Critical Warning
Non-clocked sequential cell  
The clock pin genblk3[2].m_computeBlock_in/psWrap/ParallelBuffer_0/inst/buff1/holdData_reg[0]/C is not reached by a timing clock
Related violations: <none>

TIMING-17#37 Critical Warning
Non-clocked sequential cell  
The clock pin genblk3[2].m_computeBlock_in/psWrap/ParallelBuffer_0/inst/buff1/holdData_reg[1]/C is not reached by a timing clock
Related violations: <none>

TIMING-17#38 Critical Warning
Non-clocked sequential cell  
The clock pin genblk3[2].m_computeBlock_in/psWrap/ParallelBuffer_0/inst/buff1/holdData_reg[2]/C is not reached by a timing clock
Related violations: <none>

TIMING-17#39 Critical Warning
Non-clocked sequential cell  
The clock pin genblk3[2].m_computeBlock_in/psWrap/ParallelBuffer_0/inst/buff1/holdData_reg[3]/C is not reached by a timing clock
Related violations: <none>

TIMING-17#40 Critical Warning
Non-clocked sequential cell  
The clock pin genblk3[3].m_computeBlock_in/mCompute/product_reg[0]/C is not reached by a timing clock
Related violations: <none>

TIMING-17#41 Critical Warning
Non-clocked sequential cell  
The clock pin genblk3[3].m_computeBlock_in/mCompute/product_reg[1]/C is not reached by a timing clock
Related violations: <none>

TIMING-17#42 Critical Warning
Non-clocked sequential cell  
The clock pin genblk3[3].m_computeBlock_in/mCompute/product_reg[2]/C is not reached by a timing clock
Related violations: <none>

TIMING-17#43 Critical Warning
Non-clocked sequential cell  
The clock pin genblk3[3].m_computeBlock_in/mCompute/product_reg[3]/C is not reached by a timing clock
Related violations: <none>

TIMING-17#44 Critical Warning
Non-clocked sequential cell  
The clock pin genblk3[3].m_computeBlock_in/mCompute/ready_reg/C is not reached by a timing clock
Related violations: <none>

TIMING-17#45 Critical Warning
Non-clocked sequential cell  
The clock pin genblk3[3].m_computeBlock_in/psWrap/ParallelBuffer_0/inst/buff0/holdData_reg[0]/C is not reached by a timing clock
Related violations: <none>

TIMING-17#46 Critical Warning
Non-clocked sequential cell  
The clock pin genblk3[3].m_computeBlock_in/psWrap/ParallelBuffer_0/inst/buff0/holdData_reg[1]/C is not reached by a timing clock
Related violations: <none>

TIMING-17#47 Critical Warning
Non-clocked sequential cell  
The clock pin genblk3[3].m_computeBlock_in/psWrap/ParallelBuffer_0/inst/buff0/holdData_reg[2]/C is not reached by a timing clock
Related violations: <none>

TIMING-17#48 Critical Warning
Non-clocked sequential cell  
The clock pin genblk3[3].m_computeBlock_in/psWrap/ParallelBuffer_0/inst/buff0/holdData_reg[3]/C is not reached by a timing clock
Related violations: <none>

TIMING-17#49 Critical Warning
Non-clocked sequential cell  
The clock pin genblk3[3].m_computeBlock_in/psWrap/ParallelBuffer_0/inst/buff1/holdData_reg[0]/C is not reached by a timing clock
Related violations: <none>

TIMING-17#50 Critical Warning
Non-clocked sequential cell  
The clock pin genblk3[3].m_computeBlock_in/psWrap/ParallelBuffer_0/inst/buff1/holdData_reg[1]/C is not reached by a timing clock
Related violations: <none>

TIMING-17#51 Critical Warning
Non-clocked sequential cell  
The clock pin genblk3[3].m_computeBlock_in/psWrap/ParallelBuffer_0/inst/buff1/holdData_reg[2]/C is not reached by a timing clock
Related violations: <none>

TIMING-17#52 Critical Warning
Non-clocked sequential cell  
The clock pin genblk3[3].m_computeBlock_in/psWrap/ParallelBuffer_0/inst/buff1/holdData_reg[3]/C is not reached by a timing clock
Related violations: <none>

TIMING-17#53 Critical Warning
Non-clocked sequential cell  
The clock pin genblk4[0].m_computeBlock_out/mCompute/product_reg[0]/C is not reached by a timing clock
Related violations: <none>

TIMING-17#54 Critical Warning
Non-clocked sequential cell  
The clock pin genblk4[0].m_computeBlock_out/mCompute/product_reg[1]/C is not reached by a timing clock
Related violations: <none>

TIMING-17#55 Critical Warning
Non-clocked sequential cell  
The clock pin genblk4[0].m_computeBlock_out/mCompute/product_reg[2]/C is not reached by a timing clock
Related violations: <none>

TIMING-17#56 Critical Warning
Non-clocked sequential cell  
The clock pin genblk4[0].m_computeBlock_out/mCompute/product_reg[3]/C is not reached by a timing clock
Related violations: <none>

TIMING-17#57 Critical Warning
Non-clocked sequential cell  
The clock pin genblk4[0].m_computeBlock_out/mCompute/ready_reg/C is not reached by a timing clock
Related violations: <none>

TIMING-17#58 Critical Warning
Non-clocked sequential cell  
The clock pin genblk4[0].m_computeBlock_out/psWrap/ParallelBuffer_0/inst/buff0/holdData_reg[0]/C is not reached by a timing clock
Related violations: <none>

TIMING-17#59 Critical Warning
Non-clocked sequential cell  
The clock pin genblk4[0].m_computeBlock_out/psWrap/ParallelBuffer_0/inst/buff0/holdData_reg[1]/C is not reached by a timing clock
Related violations: <none>

TIMING-17#60 Critical Warning
Non-clocked sequential cell  
The clock pin genblk4[0].m_computeBlock_out/psWrap/ParallelBuffer_0/inst/buff0/holdData_reg[2]/C is not reached by a timing clock
Related violations: <none>

TIMING-17#61 Critical Warning
Non-clocked sequential cell  
The clock pin genblk4[0].m_computeBlock_out/psWrap/ParallelBuffer_0/inst/buff0/holdData_reg[3]/C is not reached by a timing clock
Related violations: <none>

TIMING-17#62 Critical Warning
Non-clocked sequential cell  
The clock pin genblk4[0].m_computeBlock_out/psWrap/ParallelBuffer_0/inst/buff1/holdData_reg[0]/C is not reached by a timing clock
Related violations: <none>

TIMING-17#63 Critical Warning
Non-clocked sequential cell  
The clock pin genblk4[0].m_computeBlock_out/psWrap/ParallelBuffer_0/inst/buff1/holdData_reg[1]/C is not reached by a timing clock
Related violations: <none>

TIMING-17#64 Critical Warning
Non-clocked sequential cell  
The clock pin genblk4[0].m_computeBlock_out/psWrap/ParallelBuffer_0/inst/buff1/holdData_reg[2]/C is not reached by a timing clock
Related violations: <none>

TIMING-17#65 Critical Warning
Non-clocked sequential cell  
The clock pin genblk4[0].m_computeBlock_out/psWrap/ParallelBuffer_0/inst/buff1/holdData_reg[3]/C is not reached by a timing clock
Related violations: <none>

TIMING-17#66 Critical Warning
Non-clocked sequential cell  
The clock pin genblk4[1].m_computeBlock_out/mCompute/product_reg[0]/C is not reached by a timing clock
Related violations: <none>

TIMING-17#67 Critical Warning
Non-clocked sequential cell  
The clock pin genblk4[1].m_computeBlock_out/mCompute/product_reg[1]/C is not reached by a timing clock
Related violations: <none>

TIMING-17#68 Critical Warning
Non-clocked sequential cell  
The clock pin genblk4[1].m_computeBlock_out/mCompute/product_reg[2]/C is not reached by a timing clock
Related violations: <none>

TIMING-17#69 Critical Warning
Non-clocked sequential cell  
The clock pin genblk4[1].m_computeBlock_out/mCompute/product_reg[3]/C is not reached by a timing clock
Related violations: <none>

TIMING-17#70 Critical Warning
Non-clocked sequential cell  
The clock pin genblk4[1].m_computeBlock_out/mCompute/ready_reg/C is not reached by a timing clock
Related violations: <none>

TIMING-17#71 Critical Warning
Non-clocked sequential cell  
The clock pin genblk4[1].m_computeBlock_out/psWrap/ParallelBuffer_0/inst/buff0/holdData_reg[0]/C is not reached by a timing clock
Related violations: <none>

TIMING-17#72 Critical Warning
Non-clocked sequential cell  
The clock pin genblk4[1].m_computeBlock_out/psWrap/ParallelBuffer_0/inst/buff0/holdData_reg[1]/C is not reached by a timing clock
Related violations: <none>

TIMING-17#73 Critical Warning
Non-clocked sequential cell  
The clock pin genblk4[1].m_computeBlock_out/psWrap/ParallelBuffer_0/inst/buff0/holdData_reg[2]/C is not reached by a timing clock
Related violations: <none>

TIMING-17#74 Critical Warning
Non-clocked sequential cell  
The clock pin genblk4[1].m_computeBlock_out/psWrap/ParallelBuffer_0/inst/buff0/holdData_reg[3]/C is not reached by a timing clock
Related violations: <none>

TIMING-17#75 Critical Warning
Non-clocked sequential cell  
The clock pin genblk4[1].m_computeBlock_out/psWrap/ParallelBuffer_0/inst/buff1/holdData_reg[0]/C is not reached by a timing clock
Related violations: <none>

TIMING-17#76 Critical Warning
Non-clocked sequential cell  
The clock pin genblk4[1].m_computeBlock_out/psWrap/ParallelBuffer_0/inst/buff1/holdData_reg[1]/C is not reached by a timing clock
Related violations: <none>

TIMING-17#77 Critical Warning
Non-clocked sequential cell  
The clock pin genblk4[1].m_computeBlock_out/psWrap/ParallelBuffer_0/inst/buff1/holdData_reg[2]/C is not reached by a timing clock
Related violations: <none>

TIMING-17#78 Critical Warning
Non-clocked sequential cell  
The clock pin genblk4[1].m_computeBlock_out/psWrap/ParallelBuffer_0/inst/buff1/holdData_reg[3]/C is not reached by a timing clock
Related violations: <none>

TIMING-17#79 Critical Warning
Non-clocked sequential cell  
The clock pin genblk4[2].m_computeBlock_out/mCompute/product_reg[0]/C is not reached by a timing clock
Related violations: <none>

TIMING-17#80 Critical Warning
Non-clocked sequential cell  
The clock pin genblk4[2].m_computeBlock_out/mCompute/product_reg[1]/C is not reached by a timing clock
Related violations: <none>

TIMING-17#81 Critical Warning
Non-clocked sequential cell  
The clock pin genblk4[2].m_computeBlock_out/mCompute/product_reg[2]/C is not reached by a timing clock
Related violations: <none>

TIMING-17#82 Critical Warning
Non-clocked sequential cell  
The clock pin genblk4[2].m_computeBlock_out/mCompute/product_reg[3]/C is not reached by a timing clock
Related violations: <none>

TIMING-17#83 Critical Warning
Non-clocked sequential cell  
The clock pin genblk4[2].m_computeBlock_out/mCompute/ready_reg/C is not reached by a timing clock
Related violations: <none>

TIMING-17#84 Critical Warning
Non-clocked sequential cell  
The clock pin genblk4[2].m_computeBlock_out/psWrap/ParallelBuffer_0/inst/buff0/holdData_reg[0]/C is not reached by a timing clock
Related violations: <none>

TIMING-17#85 Critical Warning
Non-clocked sequential cell  
The clock pin genblk4[2].m_computeBlock_out/psWrap/ParallelBuffer_0/inst/buff0/holdData_reg[1]/C is not reached by a timing clock
Related violations: <none>

TIMING-17#86 Critical Warning
Non-clocked sequential cell  
The clock pin genblk4[2].m_computeBlock_out/psWrap/ParallelBuffer_0/inst/buff0/holdData_reg[2]/C is not reached by a timing clock
Related violations: <none>

TIMING-17#87 Critical Warning
Non-clocked sequential cell  
The clock pin genblk4[2].m_computeBlock_out/psWrap/ParallelBuffer_0/inst/buff0/holdData_reg[3]/C is not reached by a timing clock
Related violations: <none>

TIMING-17#88 Critical Warning
Non-clocked sequential cell  
The clock pin genblk4[2].m_computeBlock_out/psWrap/ParallelBuffer_0/inst/buff1/holdData_reg[0]/C is not reached by a timing clock
Related violations: <none>

TIMING-17#89 Critical Warning
Non-clocked sequential cell  
The clock pin genblk4[2].m_computeBlock_out/psWrap/ParallelBuffer_0/inst/buff1/holdData_reg[1]/C is not reached by a timing clock
Related violations: <none>

TIMING-17#90 Critical Warning
Non-clocked sequential cell  
The clock pin genblk4[2].m_computeBlock_out/psWrap/ParallelBuffer_0/inst/buff1/holdData_reg[2]/C is not reached by a timing clock
Related violations: <none>

TIMING-17#91 Critical Warning
Non-clocked sequential cell  
The clock pin genblk4[2].m_computeBlock_out/psWrap/ParallelBuffer_0/inst/buff1/holdData_reg[3]/C is not reached by a timing clock
Related violations: <none>

TIMING-17#92 Critical Warning
Non-clocked sequential cell  
The clock pin genblk4[3].m_computeBlock_out/mCompute/product_reg[0]/C is not reached by a timing clock
Related violations: <none>

TIMING-17#93 Critical Warning
Non-clocked sequential cell  
The clock pin genblk4[3].m_computeBlock_out/mCompute/product_reg[1]/C is not reached by a timing clock
Related violations: <none>

TIMING-17#94 Critical Warning
Non-clocked sequential cell  
The clock pin genblk4[3].m_computeBlock_out/mCompute/product_reg[2]/C is not reached by a timing clock
Related violations: <none>

TIMING-17#95 Critical Warning
Non-clocked sequential cell  
The clock pin genblk4[3].m_computeBlock_out/mCompute/product_reg[3]/C is not reached by a timing clock
Related violations: <none>

TIMING-17#96 Critical Warning
Non-clocked sequential cell  
The clock pin genblk4[3].m_computeBlock_out/mCompute/ready_reg/C is not reached by a timing clock
Related violations: <none>

TIMING-17#97 Critical Warning
Non-clocked sequential cell  
The clock pin genblk4[3].m_computeBlock_out/psWrap/ParallelBuffer_0/inst/buff0/holdData_reg[0]/C is not reached by a timing clock
Related violations: <none>

TIMING-17#98 Critical Warning
Non-clocked sequential cell  
The clock pin genblk4[3].m_computeBlock_out/psWrap/ParallelBuffer_0/inst/buff0/holdData_reg[1]/C is not reached by a timing clock
Related violations: <none>

TIMING-17#99 Critical Warning
Non-clocked sequential cell  
The clock pin genblk4[3].m_computeBlock_out/psWrap/ParallelBuffer_0/inst/buff0/holdData_reg[2]/C is not reached by a timing clock
Related violations: <none>

TIMING-17#100 Critical Warning
Non-clocked sequential cell  
The clock pin genblk4[3].m_computeBlock_out/psWrap/ParallelBuffer_0/inst/buff0/holdData_reg[3]/C is not reached by a timing clock
Related violations: <none>

TIMING-17#101 Critical Warning
Non-clocked sequential cell  
The clock pin genblk4[3].m_computeBlock_out/psWrap/ParallelBuffer_0/inst/buff1/holdData_reg[0]/C is not reached by a timing clock
Related violations: <none>

TIMING-17#102 Critical Warning
Non-clocked sequential cell  
The clock pin genblk4[3].m_computeBlock_out/psWrap/ParallelBuffer_0/inst/buff1/holdData_reg[1]/C is not reached by a timing clock
Related violations: <none>

TIMING-17#103 Critical Warning
Non-clocked sequential cell  
The clock pin genblk4[3].m_computeBlock_out/psWrap/ParallelBuffer_0/inst/buff1/holdData_reg[2]/C is not reached by a timing clock
Related violations: <none>

TIMING-17#104 Critical Warning
Non-clocked sequential cell  
The clock pin genblk4[3].m_computeBlock_out/psWrap/ParallelBuffer_0/inst/buff1/holdData_reg[3]/C is not reached by a timing clock
Related violations: <none>

LUTAR-1#1 Warning
LUT drives async reset alert  
LUT cell xbar/OutputSave_reg[0][3]_i_2, with 2 or more inputs, drives asynchronous preset/clear pin(s) xbar/OutputSave_reg[0][0]/CLR, xbar/OutputSave_reg[0][1]/CLR, xbar/OutputSave_reg[0][2]/CLR, xbar/OutputSave_reg[0][3]/CLR. The LUT may glitch and trigger an unexpected reset, even if it is a properly timed path.
Related violations: <none>

LUTAR-1#2 Warning
LUT drives async reset alert  
LUT cell xbar/OutputSave_reg[1][3]_i_2, with 2 or more inputs, drives asynchronous preset/clear pin(s) xbar/OutputSave_reg[1][0]/CLR, xbar/OutputSave_reg[1][1]/CLR, xbar/OutputSave_reg[1][2]/CLR, xbar/OutputSave_reg[1][3]/CLR. The LUT may glitch and trigger an unexpected reset, even if it is a properly timed path.
Related violations: <none>

LUTAR-1#3 Warning
LUT drives async reset alert  
LUT cell xbar/OutputSave_reg[2][3]_i_2, with 2 or more inputs, drives asynchronous preset/clear pin(s) xbar/OutputSave_reg[2][0]/CLR, xbar/OutputSave_reg[2][1]/CLR, xbar/OutputSave_reg[2][2]/CLR, xbar/OutputSave_reg[2][3]/CLR. The LUT may glitch and trigger an unexpected reset, even if it is a properly timed path.
Related violations: <none>

LUTAR-1#4 Warning
LUT drives async reset alert  
LUT cell xbar/OutputSave_reg[3][3]_i_2, with 2 or more inputs, drives asynchronous preset/clear pin(s) xbar/OutputSave_reg[3][0]/CLR, xbar/OutputSave_reg[3][1]/CLR, xbar/OutputSave_reg[3][2]/CLR, xbar/OutputSave_reg[3][3]/CLR. The LUT may glitch and trigger an unexpected reset, even if it is a properly timed path.
Related violations: <none>

TIMING-20#1 Warning
Non-clocked latch  
The latch xbar/AddressSave_reg[0][0] cannot be properly analyzed as its control pin xbar/AddressSave_reg[0][0]/G is not reached by a timing clock
Related violations: <none>

TIMING-20#2 Warning
Non-clocked latch  
The latch xbar/AddressSave_reg[0][1] cannot be properly analyzed as its control pin xbar/AddressSave_reg[0][1]/G is not reached by a timing clock
Related violations: <none>

TIMING-20#3 Warning
Non-clocked latch  
The latch xbar/AddressSave_reg[0][2] cannot be properly analyzed as its control pin xbar/AddressSave_reg[0][2]/G is not reached by a timing clock
Related violations: <none>

TIMING-20#4 Warning
Non-clocked latch  
The latch xbar/AddressSave_reg[0][3] cannot be properly analyzed as its control pin xbar/AddressSave_reg[0][3]/G is not reached by a timing clock
Related violations: <none>

TIMING-20#5 Warning
Non-clocked latch  
The latch xbar/AddressSave_reg[1][0] cannot be properly analyzed as its control pin xbar/AddressSave_reg[1][0]/G is not reached by a timing clock
Related violations: <none>

TIMING-20#6 Warning
Non-clocked latch  
The latch xbar/AddressSave_reg[1][1] cannot be properly analyzed as its control pin xbar/AddressSave_reg[1][1]/G is not reached by a timing clock
Related violations: <none>

TIMING-20#7 Warning
Non-clocked latch  
The latch xbar/AddressSave_reg[1][2] cannot be properly analyzed as its control pin xbar/AddressSave_reg[1][2]/G is not reached by a timing clock
Related violations: <none>

TIMING-20#8 Warning
Non-clocked latch  
The latch xbar/AddressSave_reg[1][3] cannot be properly analyzed as its control pin xbar/AddressSave_reg[1][3]/G is not reached by a timing clock
Related violations: <none>

TIMING-20#9 Warning
Non-clocked latch  
The latch xbar/AddressSave_reg[2][0] cannot be properly analyzed as its control pin xbar/AddressSave_reg[2][0]/G is not reached by a timing clock
Related violations: <none>

TIMING-20#10 Warning
Non-clocked latch  
The latch xbar/AddressSave_reg[2][1] cannot be properly analyzed as its control pin xbar/AddressSave_reg[2][1]/G is not reached by a timing clock
Related violations: <none>

TIMING-20#11 Warning
Non-clocked latch  
The latch xbar/AddressSave_reg[2][2] cannot be properly analyzed as its control pin xbar/AddressSave_reg[2][2]/G is not reached by a timing clock
Related violations: <none>

TIMING-20#12 Warning
Non-clocked latch  
The latch xbar/AddressSave_reg[2][3] cannot be properly analyzed as its control pin xbar/AddressSave_reg[2][3]/G is not reached by a timing clock
Related violations: <none>

TIMING-20#13 Warning
Non-clocked latch  
The latch xbar/AddressSave_reg[3][0] cannot be properly analyzed as its control pin xbar/AddressSave_reg[3][0]/G is not reached by a timing clock
Related violations: <none>

TIMING-20#14 Warning
Non-clocked latch  
The latch xbar/AddressSave_reg[3][1] cannot be properly analyzed as its control pin xbar/AddressSave_reg[3][1]/G is not reached by a timing clock
Related violations: <none>

TIMING-20#15 Warning
Non-clocked latch  
The latch xbar/AddressSave_reg[3][2] cannot be properly analyzed as its control pin xbar/AddressSave_reg[3][2]/G is not reached by a timing clock
Related violations: <none>

TIMING-20#16 Warning
Non-clocked latch  
The latch xbar/AddressSave_reg[3][3] cannot be properly analyzed as its control pin xbar/AddressSave_reg[3][3]/G is not reached by a timing clock
Related violations: <none>


