Copyright 1986-2019 Xilinx, Inc. All Rights Reserved.
---------------------------------------------------------------------------------------------------------------------------
| Tool Version : Vivado v.2019.2 (win64) Build 2708876 Wed Nov  6 21:40:23 MST 2019
| Date         : Fri Jul  3 17:56:24 2020
| Host         : DESKTOP-D9F9TPQ running 64-bit major release  (build 9200)
| Command      : report_drc -file multiplyXBar_drc_opted.rpt -pb multiplyXBar_drc_opted.pb -rpx multiplyXBar_drc_opted.rpx
| Design       : multiplyXBar
| Device       : xc7z020clg400-1
| Speed File   : -1
| Design State : Synthesized
---------------------------------------------------------------------------------------------------------------------------

Report DRC

Table of Contents
-----------------
1. REPORT SUMMARY
2. REPORT DETAILS

1. REPORT SUMMARY
-----------------
            Netlist: netlist
          Floorplan: checkpoint_multiplyXBar
      Design limits: <entire design considered>
           Ruledeck: default
             Max violations: <unlimited>
             Violations found: 289
+---------+------------------+-------------------------------------------------------------+------------+
| Rule    | Severity         | Description                                                 | Violations |
+---------+------------------+-------------------------------------------------------------+------------+
| HDPR-4  | Error            | Pblock must not mix hierarchical logic                      | 1          |
| HDPR-12 | Error            | A Partition Pblock cannot reference more than one partition | 1          |
| HDPR-18 | Error            | No Pblock range for cell                                    | 280        |
| PLCK-12 | Error            | Clock Placer Checks                                         | 1          |
| UCIO-1  | Critical Warning | Unconstrained Logical Port                                  | 1          |
| IOSR-1  | Warning          | IOB set reset sharing                                       | 4          |
| ZPS7-1  | Warning          | PS7 block required                                          | 1          |
+---------+------------------+-------------------------------------------------------------+------------+

2. REPORT DETAILS
-----------------
HDPR-4#1 Error
Pblock must not mix hierarchical logic  
Pblock 'pblock_1' contains logic from multiple HD.RECONFIGURABLE cells or STATIC.  The Pblock has cell 'genblk3[1].m_computeBlock_in/mCompute/GND' which belongs to HD.RECONFIGURABLE cell 'mCompute'.  The Pblock also has cell 'genblk3[0].m_computeBlock_in/mCompute/GND' which belongs to HD.RECONFIGURABLE cell 'mCompute'.  Resolve by directly associating a Pblock with the HD.RECONFIGURABLE cell.
Related violations: <none>

HDPR-12#1 Error
A Partition Pblock cannot reference more than one partition  
The Pblock 'pblock_1' references more than one partition instance. The Pblock references both partition instance 'genblk3[0].m_computeBlock_in/mCompute' and partition instance 'genblk3[1].m_computeBlock_in/mCompute'.
Related violations: <none>

HDPR-18#1 Error
No Pblock range for cell  
HD.RECONFIGURABLE primitive cell 'genblk3[0].m_computeBlock_in/mCompute/product[3]_i_2' is not ranged by Pblock 'pblock_1'.  A reconfigurable Pblock must range all of its cell primitive types. A 'SLICE' range needs to be added to the Pblock.
Related violations: <none>

HDPR-18#2 Error
No Pblock range for cell  
HD.RECONFIGURABLE primitive cell 'genblk3[0].m_computeBlock_in/mCompute/product[3]_i_3' is not ranged by Pblock 'pblock_1'.  A reconfigurable Pblock must range all of its cell primitive types. A 'SLICE' range needs to be added to the Pblock.
Related violations: <none>

HDPR-18#3 Error
No Pblock range for cell  
HD.RECONFIGURABLE primitive cell 'genblk3[0].m_computeBlock_in/mCompute/product[3]_i_4' is not ranged by Pblock 'pblock_1'.  A reconfigurable Pblock must range all of its cell primitive types. A 'SLICE' range needs to be added to the Pblock.
Related violations: <none>

HDPR-18#4 Error
No Pblock range for cell  
HD.RECONFIGURABLE primitive cell 'genblk3[0].m_computeBlock_in/mCompute/product[3]_i_5' is not ranged by Pblock 'pblock_1'.  A reconfigurable Pblock must range all of its cell primitive types. A 'SLICE' range needs to be added to the Pblock.
Related violations: <none>

HDPR-18#5 Error
No Pblock range for cell  
HD.RECONFIGURABLE primitive cell 'genblk3[0].m_computeBlock_in/mCompute/product[3]_i_6' is not ranged by Pblock 'pblock_1'.  A reconfigurable Pblock must range all of its cell primitive types. A 'SLICE' range needs to be added to the Pblock.
Related violations: <none>

HDPR-18#6 Error
No Pblock range for cell  
HD.RECONFIGURABLE primitive cell 'genblk3[0].m_computeBlock_in/mCompute/product[3]_i_7' is not ranged by Pblock 'pblock_1'.  A reconfigurable Pblock must range all of its cell primitive types. A 'SLICE' range needs to be added to the Pblock.
Related violations: <none>

HDPR-18#7 Error
No Pblock range for cell  
HD.RECONFIGURABLE primitive cell 'genblk3[0].m_computeBlock_in/mCompute/product[3]_i_8' is not ranged by Pblock 'pblock_1'.  A reconfigurable Pblock must range all of its cell primitive types. A 'SLICE' range needs to be added to the Pblock.
Related violations: <none>

HDPR-18#8 Error
No Pblock range for cell  
HD.RECONFIGURABLE primitive cell 'genblk3[0].m_computeBlock_in/mCompute/product[3]_i_9' is not ranged by Pblock 'pblock_1'.  A reconfigurable Pblock must range all of its cell primitive types. A 'SLICE' range needs to be added to the Pblock.
Related violations: <none>

HDPR-18#9 Error
No Pblock range for cell  
HD.RECONFIGURABLE primitive cell 'genblk3[0].m_computeBlock_in/mCompute/product[7]_i_1' is not ranged by Pblock 'pblock_1'.  A reconfigurable Pblock must range all of its cell primitive types. A 'SLICE' range needs to be added to the Pblock.
Related violations: <none>

HDPR-18#10 Error
No Pblock range for cell  
HD.RECONFIGURABLE primitive cell 'genblk3[0].m_computeBlock_in/mCompute/product[7]_i_10' is not ranged by Pblock 'pblock_1'.  A reconfigurable Pblock must range all of its cell primitive types. A 'SLICE' range needs to be added to the Pblock.
Related violations: <none>

HDPR-18#11 Error
No Pblock range for cell  
HD.RECONFIGURABLE primitive cell 'genblk3[0].m_computeBlock_in/mCompute/product[7]_i_11' is not ranged by Pblock 'pblock_1'.  A reconfigurable Pblock must range all of its cell primitive types. A 'SLICE' range needs to be added to the Pblock.
Related violations: <none>

HDPR-18#12 Error
No Pblock range for cell  
HD.RECONFIGURABLE primitive cell 'genblk3[0].m_computeBlock_in/mCompute/product[7]_i_12' is not ranged by Pblock 'pblock_1'.  A reconfigurable Pblock must range all of its cell primitive types. A 'SLICE' range needs to be added to the Pblock.
Related violations: <none>

HDPR-18#13 Error
No Pblock range for cell  
HD.RECONFIGURABLE primitive cell 'genblk3[0].m_computeBlock_in/mCompute/product[7]_i_13' is not ranged by Pblock 'pblock_1'.  A reconfigurable Pblock must range all of its cell primitive types. A 'SLICE' range needs to be added to the Pblock.
Related violations: <none>

HDPR-18#14 Error
No Pblock range for cell  
HD.RECONFIGURABLE primitive cell 'genblk3[0].m_computeBlock_in/mCompute/product[7]_i_14' is not ranged by Pblock 'pblock_1'.  A reconfigurable Pblock must range all of its cell primitive types. A 'SLICE' range needs to be added to the Pblock.
Related violations: <none>

HDPR-18#15 Error
No Pblock range for cell  
HD.RECONFIGURABLE primitive cell 'genblk3[0].m_computeBlock_in/mCompute/product[7]_i_15' is not ranged by Pblock 'pblock_1'.  A reconfigurable Pblock must range all of its cell primitive types. A 'SLICE' range needs to be added to the Pblock.
Related violations: <none>

HDPR-18#16 Error
No Pblock range for cell  
HD.RECONFIGURABLE primitive cell 'genblk3[0].m_computeBlock_in/mCompute/product[7]_i_3' is not ranged by Pblock 'pblock_1'.  A reconfigurable Pblock must range all of its cell primitive types. A 'SLICE' range needs to be added to the Pblock.
Related violations: <none>

HDPR-18#17 Error
No Pblock range for cell  
HD.RECONFIGURABLE primitive cell 'genblk3[0].m_computeBlock_in/mCompute/product[7]_i_4' is not ranged by Pblock 'pblock_1'.  A reconfigurable Pblock must range all of its cell primitive types. A 'SLICE' range needs to be added to the Pblock.
Related violations: <none>

HDPR-18#18 Error
No Pblock range for cell  
HD.RECONFIGURABLE primitive cell 'genblk3[0].m_computeBlock_in/mCompute/product[7]_i_5' is not ranged by Pblock 'pblock_1'.  A reconfigurable Pblock must range all of its cell primitive types. A 'SLICE' range needs to be added to the Pblock.
Related violations: <none>

HDPR-18#19 Error
No Pblock range for cell  
HD.RECONFIGURABLE primitive cell 'genblk3[0].m_computeBlock_in/mCompute/product[7]_i_6' is not ranged by Pblock 'pblock_1'.  A reconfigurable Pblock must range all of its cell primitive types. A 'SLICE' range needs to be added to the Pblock.
Related violations: <none>

HDPR-18#20 Error
No Pblock range for cell  
HD.RECONFIGURABLE primitive cell 'genblk3[0].m_computeBlock_in/mCompute/product[7]_i_7' is not ranged by Pblock 'pblock_1'.  A reconfigurable Pblock must range all of its cell primitive types. A 'SLICE' range needs to be added to the Pblock.
Related violations: <none>

HDPR-18#21 Error
No Pblock range for cell  
HD.RECONFIGURABLE primitive cell 'genblk3[0].m_computeBlock_in/mCompute/product[7]_i_8' is not ranged by Pblock 'pblock_1'.  A reconfigurable Pblock must range all of its cell primitive types. A 'SLICE' range needs to be added to the Pblock.
Related violations: <none>

HDPR-18#22 Error
No Pblock range for cell  
HD.RECONFIGURABLE primitive cell 'genblk3[0].m_computeBlock_in/mCompute/product[7]_i_9' is not ranged by Pblock 'pblock_1'.  A reconfigurable Pblock must range all of its cell primitive types. A 'SLICE' range needs to be added to the Pblock.
Related violations: <none>

HDPR-18#23 Error
No Pblock range for cell  
HD.RECONFIGURABLE primitive cell 'genblk3[0].m_computeBlock_in/mCompute/product_reg[0]' is not ranged by Pblock 'pblock_1'.  A reconfigurable Pblock must range all of its cell primitive types. A 'SLICE' range needs to be added to the Pblock.
Related violations: <none>

HDPR-18#24 Error
No Pblock range for cell  
HD.RECONFIGURABLE primitive cell 'genblk3[0].m_computeBlock_in/mCompute/product_reg[1]' is not ranged by Pblock 'pblock_1'.  A reconfigurable Pblock must range all of its cell primitive types. A 'SLICE' range needs to be added to the Pblock.
Related violations: <none>

HDPR-18#25 Error
No Pblock range for cell  
HD.RECONFIGURABLE primitive cell 'genblk3[0].m_computeBlock_in/mCompute/product_reg[2]' is not ranged by Pblock 'pblock_1'.  A reconfigurable Pblock must range all of its cell primitive types. A 'SLICE' range needs to be added to the Pblock.
Related violations: <none>

HDPR-18#26 Error
No Pblock range for cell  
HD.RECONFIGURABLE primitive cell 'genblk3[0].m_computeBlock_in/mCompute/product_reg[3]' is not ranged by Pblock 'pblock_1'.  A reconfigurable Pblock must range all of its cell primitive types. A 'SLICE' range needs to be added to the Pblock.
Related violations: <none>

HDPR-18#27 Error
No Pblock range for cell  
HD.RECONFIGURABLE primitive cell 'genblk3[0].m_computeBlock_in/mCompute/product_reg[3]_i_1' is not ranged by Pblock 'pblock_1'.  A reconfigurable Pblock must range all of its cell primitive types. A 'SLICE' range needs to be added to the Pblock.
Related violations: <none>

HDPR-18#28 Error
No Pblock range for cell  
HD.RECONFIGURABLE primitive cell 'genblk3[0].m_computeBlock_in/mCompute/product_reg[4]' is not ranged by Pblock 'pblock_1'.  A reconfigurable Pblock must range all of its cell primitive types. A 'SLICE' range needs to be added to the Pblock.
Related violations: <none>

HDPR-18#29 Error
No Pblock range for cell  
HD.RECONFIGURABLE primitive cell 'genblk3[0].m_computeBlock_in/mCompute/product_reg[5]' is not ranged by Pblock 'pblock_1'.  A reconfigurable Pblock must range all of its cell primitive types. A 'SLICE' range needs to be added to the Pblock.
Related violations: <none>

HDPR-18#30 Error
No Pblock range for cell  
HD.RECONFIGURABLE primitive cell 'genblk3[0].m_computeBlock_in/mCompute/product_reg[6]' is not ranged by Pblock 'pblock_1'.  A reconfigurable Pblock must range all of its cell primitive types. A 'SLICE' range needs to be added to the Pblock.
Related violations: <none>

HDPR-18#31 Error
No Pblock range for cell  
HD.RECONFIGURABLE primitive cell 'genblk3[0].m_computeBlock_in/mCompute/product_reg[7]' is not ranged by Pblock 'pblock_1'.  A reconfigurable Pblock must range all of its cell primitive types. A 'SLICE' range needs to be added to the Pblock.
Related violations: <none>

HDPR-18#32 Error
No Pblock range for cell  
HD.RECONFIGURABLE primitive cell 'genblk3[0].m_computeBlock_in/mCompute/product_reg[7]_i_2' is not ranged by Pblock 'pblock_1'.  A reconfigurable Pblock must range all of its cell primitive types. A 'SLICE' range needs to be added to the Pblock.
Related violations: <none>

HDPR-18#33 Error
No Pblock range for cell  
HD.RECONFIGURABLE primitive cell 'genblk3[0].m_computeBlock_in/mCompute/ready_i_1' is not ranged by Pblock 'pblock_1'.  A reconfigurable Pblock must range all of its cell primitive types. A 'SLICE' range needs to be added to the Pblock.
Related violations: <none>

HDPR-18#34 Error
No Pblock range for cell  
HD.RECONFIGURABLE primitive cell 'genblk3[0].m_computeBlock_in/mCompute/ready_i_2' is not ranged by Pblock 'pblock_1'.  A reconfigurable Pblock must range all of its cell primitive types. A 'SLICE' range needs to be added to the Pblock.
Related violations: <none>

HDPR-18#35 Error
No Pblock range for cell  
HD.RECONFIGURABLE primitive cell 'genblk3[0].m_computeBlock_in/mCompute/ready_reg' is not ranged by Pblock 'pblock_1'.  A reconfigurable Pblock must range all of its cell primitive types. A 'SLICE' range needs to be added to the Pblock.
Related violations: <none>

HDPR-18#36 Error
No Pblock range for cell  
HD.RECONFIGURABLE primitive cell 'genblk3[1].m_computeBlock_in/mCompute/product[3]_i_2' is not ranged by Pblock 'pblock_1'.  A reconfigurable Pblock must range all of its cell primitive types. A 'SLICE' range needs to be added to the Pblock.
Related violations: <none>

HDPR-18#37 Error
No Pblock range for cell  
HD.RECONFIGURABLE primitive cell 'genblk3[1].m_computeBlock_in/mCompute/product[3]_i_3' is not ranged by Pblock 'pblock_1'.  A reconfigurable Pblock must range all of its cell primitive types. A 'SLICE' range needs to be added to the Pblock.
Related violations: <none>

HDPR-18#38 Error
No Pblock range for cell  
HD.RECONFIGURABLE primitive cell 'genblk3[1].m_computeBlock_in/mCompute/product[3]_i_4' is not ranged by Pblock 'pblock_1'.  A reconfigurable Pblock must range all of its cell primitive types. A 'SLICE' range needs to be added to the Pblock.
Related violations: <none>

HDPR-18#39 Error
No Pblock range for cell  
HD.RECONFIGURABLE primitive cell 'genblk3[1].m_computeBlock_in/mCompute/product[3]_i_5' is not ranged by Pblock 'pblock_1'.  A reconfigurable Pblock must range all of its cell primitive types. A 'SLICE' range needs to be added to the Pblock.
Related violations: <none>

HDPR-18#40 Error
No Pblock range for cell  
HD.RECONFIGURABLE primitive cell 'genblk3[1].m_computeBlock_in/mCompute/product[3]_i_6' is not ranged by Pblock 'pblock_1'.  A reconfigurable Pblock must range all of its cell primitive types. A 'SLICE' range needs to be added to the Pblock.
Related violations: <none>

HDPR-18#41 Error
No Pblock range for cell  
HD.RECONFIGURABLE primitive cell 'genblk3[1].m_computeBlock_in/mCompute/product[3]_i_7' is not ranged by Pblock 'pblock_1'.  A reconfigurable Pblock must range all of its cell primitive types. A 'SLICE' range needs to be added to the Pblock.
Related violations: <none>

HDPR-18#42 Error
No Pblock range for cell  
HD.RECONFIGURABLE primitive cell 'genblk3[1].m_computeBlock_in/mCompute/product[3]_i_8' is not ranged by Pblock 'pblock_1'.  A reconfigurable Pblock must range all of its cell primitive types. A 'SLICE' range needs to be added to the Pblock.
Related violations: <none>

HDPR-18#43 Error
No Pblock range for cell  
HD.RECONFIGURABLE primitive cell 'genblk3[1].m_computeBlock_in/mCompute/product[3]_i_9' is not ranged by Pblock 'pblock_1'.  A reconfigurable Pblock must range all of its cell primitive types. A 'SLICE' range needs to be added to the Pblock.
Related violations: <none>

HDPR-18#44 Error
No Pblock range for cell  
HD.RECONFIGURABLE primitive cell 'genblk3[1].m_computeBlock_in/mCompute/product[7]_i_1' is not ranged by Pblock 'pblock_1'.  A reconfigurable Pblock must range all of its cell primitive types. A 'SLICE' range needs to be added to the Pblock.
Related violations: <none>

HDPR-18#45 Error
No Pblock range for cell  
HD.RECONFIGURABLE primitive cell 'genblk3[1].m_computeBlock_in/mCompute/product[7]_i_10' is not ranged by Pblock 'pblock_1'.  A reconfigurable Pblock must range all of its cell primitive types. A 'SLICE' range needs to be added to the Pblock.
Related violations: <none>

HDPR-18#46 Error
No Pblock range for cell  
HD.RECONFIGURABLE primitive cell 'genblk3[1].m_computeBlock_in/mCompute/product[7]_i_11' is not ranged by Pblock 'pblock_1'.  A reconfigurable Pblock must range all of its cell primitive types. A 'SLICE' range needs to be added to the Pblock.
Related violations: <none>

HDPR-18#47 Error
No Pblock range for cell  
HD.RECONFIGURABLE primitive cell 'genblk3[1].m_computeBlock_in/mCompute/product[7]_i_12' is not ranged by Pblock 'pblock_1'.  A reconfigurable Pblock must range all of its cell primitive types. A 'SLICE' range needs to be added to the Pblock.
Related violations: <none>

HDPR-18#48 Error
No Pblock range for cell  
HD.RECONFIGURABLE primitive cell 'genblk3[1].m_computeBlock_in/mCompute/product[7]_i_13' is not ranged by Pblock 'pblock_1'.  A reconfigurable Pblock must range all of its cell primitive types. A 'SLICE' range needs to be added to the Pblock.
Related violations: <none>

HDPR-18#49 Error
No Pblock range for cell  
HD.RECONFIGURABLE primitive cell 'genblk3[1].m_computeBlock_in/mCompute/product[7]_i_14' is not ranged by Pblock 'pblock_1'.  A reconfigurable Pblock must range all of its cell primitive types. A 'SLICE' range needs to be added to the Pblock.
Related violations: <none>

HDPR-18#50 Error
No Pblock range for cell  
HD.RECONFIGURABLE primitive cell 'genblk3[1].m_computeBlock_in/mCompute/product[7]_i_15' is not ranged by Pblock 'pblock_1'.  A reconfigurable Pblock must range all of its cell primitive types. A 'SLICE' range needs to be added to the Pblock.
Related violations: <none>

HDPR-18#51 Error
No Pblock range for cell  
HD.RECONFIGURABLE primitive cell 'genblk3[1].m_computeBlock_in/mCompute/product[7]_i_3' is not ranged by Pblock 'pblock_1'.  A reconfigurable Pblock must range all of its cell primitive types. A 'SLICE' range needs to be added to the Pblock.
Related violations: <none>

HDPR-18#52 Error
No Pblock range for cell  
HD.RECONFIGURABLE primitive cell 'genblk3[1].m_computeBlock_in/mCompute/product[7]_i_4' is not ranged by Pblock 'pblock_1'.  A reconfigurable Pblock must range all of its cell primitive types. A 'SLICE' range needs to be added to the Pblock.
Related violations: <none>

HDPR-18#53 Error
No Pblock range for cell  
HD.RECONFIGURABLE primitive cell 'genblk3[1].m_computeBlock_in/mCompute/product[7]_i_5' is not ranged by Pblock 'pblock_1'.  A reconfigurable Pblock must range all of its cell primitive types. A 'SLICE' range needs to be added to the Pblock.
Related violations: <none>

HDPR-18#54 Error
No Pblock range for cell  
HD.RECONFIGURABLE primitive cell 'genblk3[1].m_computeBlock_in/mCompute/product[7]_i_6' is not ranged by Pblock 'pblock_1'.  A reconfigurable Pblock must range all of its cell primitive types. A 'SLICE' range needs to be added to the Pblock.
Related violations: <none>

HDPR-18#55 Error
No Pblock range for cell  
HD.RECONFIGURABLE primitive cell 'genblk3[1].m_computeBlock_in/mCompute/product[7]_i_7' is not ranged by Pblock 'pblock_1'.  A reconfigurable Pblock must range all of its cell primitive types. A 'SLICE' range needs to be added to the Pblock.
Related violations: <none>

HDPR-18#56 Error
No Pblock range for cell  
HD.RECONFIGURABLE primitive cell 'genblk3[1].m_computeBlock_in/mCompute/product[7]_i_8' is not ranged by Pblock 'pblock_1'.  A reconfigurable Pblock must range all of its cell primitive types. A 'SLICE' range needs to be added to the Pblock.
Related violations: <none>

HDPR-18#57 Error
No Pblock range for cell  
HD.RECONFIGURABLE primitive cell 'genblk3[1].m_computeBlock_in/mCompute/product[7]_i_9' is not ranged by Pblock 'pblock_1'.  A reconfigurable Pblock must range all of its cell primitive types. A 'SLICE' range needs to be added to the Pblock.
Related violations: <none>

HDPR-18#58 Error
No Pblock range for cell  
HD.RECONFIGURABLE primitive cell 'genblk3[1].m_computeBlock_in/mCompute/product_reg[0]' is not ranged by Pblock 'pblock_1'.  A reconfigurable Pblock must range all of its cell primitive types. A 'SLICE' range needs to be added to the Pblock.
Related violations: <none>

HDPR-18#59 Error
No Pblock range for cell  
HD.RECONFIGURABLE primitive cell 'genblk3[1].m_computeBlock_in/mCompute/product_reg[1]' is not ranged by Pblock 'pblock_1'.  A reconfigurable Pblock must range all of its cell primitive types. A 'SLICE' range needs to be added to the Pblock.
Related violations: <none>

HDPR-18#60 Error
No Pblock range for cell  
HD.RECONFIGURABLE primitive cell 'genblk3[1].m_computeBlock_in/mCompute/product_reg[2]' is not ranged by Pblock 'pblock_1'.  A reconfigurable Pblock must range all of its cell primitive types. A 'SLICE' range needs to be added to the Pblock.
Related violations: <none>

HDPR-18#61 Error
No Pblock range for cell  
HD.RECONFIGURABLE primitive cell 'genblk3[1].m_computeBlock_in/mCompute/product_reg[3]' is not ranged by Pblock 'pblock_1'.  A reconfigurable Pblock must range all of its cell primitive types. A 'SLICE' range needs to be added to the Pblock.
Related violations: <none>

HDPR-18#62 Error
No Pblock range for cell  
HD.RECONFIGURABLE primitive cell 'genblk3[1].m_computeBlock_in/mCompute/product_reg[3]_i_1' is not ranged by Pblock 'pblock_1'.  A reconfigurable Pblock must range all of its cell primitive types. A 'SLICE' range needs to be added to the Pblock.
Related violations: <none>

HDPR-18#63 Error
No Pblock range for cell  
HD.RECONFIGURABLE primitive cell 'genblk3[1].m_computeBlock_in/mCompute/product_reg[4]' is not ranged by Pblock 'pblock_1'.  A reconfigurable Pblock must range all of its cell primitive types. A 'SLICE' range needs to be added to the Pblock.
Related violations: <none>

HDPR-18#64 Error
No Pblock range for cell  
HD.RECONFIGURABLE primitive cell 'genblk3[1].m_computeBlock_in/mCompute/product_reg[5]' is not ranged by Pblock 'pblock_1'.  A reconfigurable Pblock must range all of its cell primitive types. A 'SLICE' range needs to be added to the Pblock.
Related violations: <none>

HDPR-18#65 Error
No Pblock range for cell  
HD.RECONFIGURABLE primitive cell 'genblk3[1].m_computeBlock_in/mCompute/product_reg[6]' is not ranged by Pblock 'pblock_1'.  A reconfigurable Pblock must range all of its cell primitive types. A 'SLICE' range needs to be added to the Pblock.
Related violations: <none>

HDPR-18#66 Error
No Pblock range for cell  
HD.RECONFIGURABLE primitive cell 'genblk3[1].m_computeBlock_in/mCompute/product_reg[7]' is not ranged by Pblock 'pblock_1'.  A reconfigurable Pblock must range all of its cell primitive types. A 'SLICE' range needs to be added to the Pblock.
Related violations: <none>

HDPR-18#67 Error
No Pblock range for cell  
HD.RECONFIGURABLE primitive cell 'genblk3[1].m_computeBlock_in/mCompute/product_reg[7]_i_2' is not ranged by Pblock 'pblock_1'.  A reconfigurable Pblock must range all of its cell primitive types. A 'SLICE' range needs to be added to the Pblock.
Related violations: <none>

HDPR-18#68 Error
No Pblock range for cell  
HD.RECONFIGURABLE primitive cell 'genblk3[1].m_computeBlock_in/mCompute/ready_i_1' is not ranged by Pblock 'pblock_1'.  A reconfigurable Pblock must range all of its cell primitive types. A 'SLICE' range needs to be added to the Pblock.
Related violations: <none>

HDPR-18#69 Error
No Pblock range for cell  
HD.RECONFIGURABLE primitive cell 'genblk3[1].m_computeBlock_in/mCompute/ready_i_2' is not ranged by Pblock 'pblock_1'.  A reconfigurable Pblock must range all of its cell primitive types. A 'SLICE' range needs to be added to the Pblock.
Related violations: <none>

HDPR-18#70 Error
No Pblock range for cell  
HD.RECONFIGURABLE primitive cell 'genblk3[1].m_computeBlock_in/mCompute/ready_reg' is not ranged by Pblock 'pblock_1'.  A reconfigurable Pblock must range all of its cell primitive types. A 'SLICE' range needs to be added to the Pblock.
Related violations: <none>

HDPR-18#71 Error
No Pblock range for cell  
HD.RECONFIGURABLE primitive cell 'genblk3[2].m_computeBlock_in/mCompute/product[3]_i_2' is not ranged by Pblock 'pblock_1'.  A reconfigurable Pblock must range all of its cell primitive types. A 'SLICE' range needs to be added to the Pblock.
Related violations: <none>

HDPR-18#72 Error
No Pblock range for cell  
HD.RECONFIGURABLE primitive cell 'genblk3[2].m_computeBlock_in/mCompute/product[3]_i_3' is not ranged by Pblock 'pblock_1'.  A reconfigurable Pblock must range all of its cell primitive types. A 'SLICE' range needs to be added to the Pblock.
Related violations: <none>

HDPR-18#73 Error
No Pblock range for cell  
HD.RECONFIGURABLE primitive cell 'genblk3[2].m_computeBlock_in/mCompute/product[3]_i_4' is not ranged by Pblock 'pblock_1'.  A reconfigurable Pblock must range all of its cell primitive types. A 'SLICE' range needs to be added to the Pblock.
Related violations: <none>

HDPR-18#74 Error
No Pblock range for cell  
HD.RECONFIGURABLE primitive cell 'genblk3[2].m_computeBlock_in/mCompute/product[3]_i_5' is not ranged by Pblock 'pblock_1'.  A reconfigurable Pblock must range all of its cell primitive types. A 'SLICE' range needs to be added to the Pblock.
Related violations: <none>

HDPR-18#75 Error
No Pblock range for cell  
HD.RECONFIGURABLE primitive cell 'genblk3[2].m_computeBlock_in/mCompute/product[3]_i_6' is not ranged by Pblock 'pblock_1'.  A reconfigurable Pblock must range all of its cell primitive types. A 'SLICE' range needs to be added to the Pblock.
Related violations: <none>

HDPR-18#76 Error
No Pblock range for cell  
HD.RECONFIGURABLE primitive cell 'genblk3[2].m_computeBlock_in/mCompute/product[3]_i_7' is not ranged by Pblock 'pblock_1'.  A reconfigurable Pblock must range all of its cell primitive types. A 'SLICE' range needs to be added to the Pblock.
Related violations: <none>

HDPR-18#77 Error
No Pblock range for cell  
HD.RECONFIGURABLE primitive cell 'genblk3[2].m_computeBlock_in/mCompute/product[3]_i_8' is not ranged by Pblock 'pblock_1'.  A reconfigurable Pblock must range all of its cell primitive types. A 'SLICE' range needs to be added to the Pblock.
Related violations: <none>

HDPR-18#78 Error
No Pblock range for cell  
HD.RECONFIGURABLE primitive cell 'genblk3[2].m_computeBlock_in/mCompute/product[3]_i_9' is not ranged by Pblock 'pblock_1'.  A reconfigurable Pblock must range all of its cell primitive types. A 'SLICE' range needs to be added to the Pblock.
Related violations: <none>

HDPR-18#79 Error
No Pblock range for cell  
HD.RECONFIGURABLE primitive cell 'genblk3[2].m_computeBlock_in/mCompute/product[7]_i_1' is not ranged by Pblock 'pblock_1'.  A reconfigurable Pblock must range all of its cell primitive types. A 'SLICE' range needs to be added to the Pblock.
Related violations: <none>

HDPR-18#80 Error
No Pblock range for cell  
HD.RECONFIGURABLE primitive cell 'genblk3[2].m_computeBlock_in/mCompute/product[7]_i_10' is not ranged by Pblock 'pblock_1'.  A reconfigurable Pblock must range all of its cell primitive types. A 'SLICE' range needs to be added to the Pblock.
Related violations: <none>

HDPR-18#81 Error
No Pblock range for cell  
HD.RECONFIGURABLE primitive cell 'genblk3[2].m_computeBlock_in/mCompute/product[7]_i_11' is not ranged by Pblock 'pblock_1'.  A reconfigurable Pblock must range all of its cell primitive types. A 'SLICE' range needs to be added to the Pblock.
Related violations: <none>

HDPR-18#82 Error
No Pblock range for cell  
HD.RECONFIGURABLE primitive cell 'genblk3[2].m_computeBlock_in/mCompute/product[7]_i_12' is not ranged by Pblock 'pblock_1'.  A reconfigurable Pblock must range all of its cell primitive types. A 'SLICE' range needs to be added to the Pblock.
Related violations: <none>

HDPR-18#83 Error
No Pblock range for cell  
HD.RECONFIGURABLE primitive cell 'genblk3[2].m_computeBlock_in/mCompute/product[7]_i_13' is not ranged by Pblock 'pblock_1'.  A reconfigurable Pblock must range all of its cell primitive types. A 'SLICE' range needs to be added to the Pblock.
Related violations: <none>

HDPR-18#84 Error
No Pblock range for cell  
HD.RECONFIGURABLE primitive cell 'genblk3[2].m_computeBlock_in/mCompute/product[7]_i_14' is not ranged by Pblock 'pblock_1'.  A reconfigurable Pblock must range all of its cell primitive types. A 'SLICE' range needs to be added to the Pblock.
Related violations: <none>

HDPR-18#85 Error
No Pblock range for cell  
HD.RECONFIGURABLE primitive cell 'genblk3[2].m_computeBlock_in/mCompute/product[7]_i_15' is not ranged by Pblock 'pblock_1'.  A reconfigurable Pblock must range all of its cell primitive types. A 'SLICE' range needs to be added to the Pblock.
Related violations: <none>

HDPR-18#86 Error
No Pblock range for cell  
HD.RECONFIGURABLE primitive cell 'genblk3[2].m_computeBlock_in/mCompute/product[7]_i_3' is not ranged by Pblock 'pblock_1'.  A reconfigurable Pblock must range all of its cell primitive types. A 'SLICE' range needs to be added to the Pblock.
Related violations: <none>

HDPR-18#87 Error
No Pblock range for cell  
HD.RECONFIGURABLE primitive cell 'genblk3[2].m_computeBlock_in/mCompute/product[7]_i_4' is not ranged by Pblock 'pblock_1'.  A reconfigurable Pblock must range all of its cell primitive types. A 'SLICE' range needs to be added to the Pblock.
Related violations: <none>

HDPR-18#88 Error
No Pblock range for cell  
HD.RECONFIGURABLE primitive cell 'genblk3[2].m_computeBlock_in/mCompute/product[7]_i_5' is not ranged by Pblock 'pblock_1'.  A reconfigurable Pblock must range all of its cell primitive types. A 'SLICE' range needs to be added to the Pblock.
Related violations: <none>

HDPR-18#89 Error
No Pblock range for cell  
HD.RECONFIGURABLE primitive cell 'genblk3[2].m_computeBlock_in/mCompute/product[7]_i_6' is not ranged by Pblock 'pblock_1'.  A reconfigurable Pblock must range all of its cell primitive types. A 'SLICE' range needs to be added to the Pblock.
Related violations: <none>

HDPR-18#90 Error
No Pblock range for cell  
HD.RECONFIGURABLE primitive cell 'genblk3[2].m_computeBlock_in/mCompute/product[7]_i_7' is not ranged by Pblock 'pblock_1'.  A reconfigurable Pblock must range all of its cell primitive types. A 'SLICE' range needs to be added to the Pblock.
Related violations: <none>

HDPR-18#91 Error
No Pblock range for cell  
HD.RECONFIGURABLE primitive cell 'genblk3[2].m_computeBlock_in/mCompute/product[7]_i_8' is not ranged by Pblock 'pblock_1'.  A reconfigurable Pblock must range all of its cell primitive types. A 'SLICE' range needs to be added to the Pblock.
Related violations: <none>

HDPR-18#92 Error
No Pblock range for cell  
HD.RECONFIGURABLE primitive cell 'genblk3[2].m_computeBlock_in/mCompute/product[7]_i_9' is not ranged by Pblock 'pblock_1'.  A reconfigurable Pblock must range all of its cell primitive types. A 'SLICE' range needs to be added to the Pblock.
Related violations: <none>

HDPR-18#93 Error
No Pblock range for cell  
HD.RECONFIGURABLE primitive cell 'genblk3[2].m_computeBlock_in/mCompute/product_reg[0]' is not ranged by Pblock 'pblock_1'.  A reconfigurable Pblock must range all of its cell primitive types. A 'SLICE' range needs to be added to the Pblock.
Related violations: <none>

HDPR-18#94 Error
No Pblock range for cell  
HD.RECONFIGURABLE primitive cell 'genblk3[2].m_computeBlock_in/mCompute/product_reg[1]' is not ranged by Pblock 'pblock_1'.  A reconfigurable Pblock must range all of its cell primitive types. A 'SLICE' range needs to be added to the Pblock.
Related violations: <none>

HDPR-18#95 Error
No Pblock range for cell  
HD.RECONFIGURABLE primitive cell 'genblk3[2].m_computeBlock_in/mCompute/product_reg[2]' is not ranged by Pblock 'pblock_1'.  A reconfigurable Pblock must range all of its cell primitive types. A 'SLICE' range needs to be added to the Pblock.
Related violations: <none>

HDPR-18#96 Error
No Pblock range for cell  
HD.RECONFIGURABLE primitive cell 'genblk3[2].m_computeBlock_in/mCompute/product_reg[3]' is not ranged by Pblock 'pblock_1'.  A reconfigurable Pblock must range all of its cell primitive types. A 'SLICE' range needs to be added to the Pblock.
Related violations: <none>

HDPR-18#97 Error
No Pblock range for cell  
HD.RECONFIGURABLE primitive cell 'genblk3[2].m_computeBlock_in/mCompute/product_reg[3]_i_1' is not ranged by Pblock 'pblock_1'.  A reconfigurable Pblock must range all of its cell primitive types. A 'SLICE' range needs to be added to the Pblock.
Related violations: <none>

HDPR-18#98 Error
No Pblock range for cell  
HD.RECONFIGURABLE primitive cell 'genblk3[2].m_computeBlock_in/mCompute/product_reg[4]' is not ranged by Pblock 'pblock_1'.  A reconfigurable Pblock must range all of its cell primitive types. A 'SLICE' range needs to be added to the Pblock.
Related violations: <none>

HDPR-18#99 Error
No Pblock range for cell  
HD.RECONFIGURABLE primitive cell 'genblk3[2].m_computeBlock_in/mCompute/product_reg[5]' is not ranged by Pblock 'pblock_1'.  A reconfigurable Pblock must range all of its cell primitive types. A 'SLICE' range needs to be added to the Pblock.
Related violations: <none>

HDPR-18#100 Error
No Pblock range for cell  
HD.RECONFIGURABLE primitive cell 'genblk3[2].m_computeBlock_in/mCompute/product_reg[6]' is not ranged by Pblock 'pblock_1'.  A reconfigurable Pblock must range all of its cell primitive types. A 'SLICE' range needs to be added to the Pblock.
Related violations: <none>

HDPR-18#101 Error
No Pblock range for cell  
HD.RECONFIGURABLE primitive cell 'genblk3[2].m_computeBlock_in/mCompute/product_reg[7]' is not ranged by Pblock 'pblock_1'.  A reconfigurable Pblock must range all of its cell primitive types. A 'SLICE' range needs to be added to the Pblock.
Related violations: <none>

HDPR-18#102 Error
No Pblock range for cell  
HD.RECONFIGURABLE primitive cell 'genblk3[2].m_computeBlock_in/mCompute/product_reg[7]_i_2' is not ranged by Pblock 'pblock_1'.  A reconfigurable Pblock must range all of its cell primitive types. A 'SLICE' range needs to be added to the Pblock.
Related violations: <none>

HDPR-18#103 Error
No Pblock range for cell  
HD.RECONFIGURABLE primitive cell 'genblk3[2].m_computeBlock_in/mCompute/ready_i_1' is not ranged by Pblock 'pblock_1'.  A reconfigurable Pblock must range all of its cell primitive types. A 'SLICE' range needs to be added to the Pblock.
Related violations: <none>

HDPR-18#104 Error
No Pblock range for cell  
HD.RECONFIGURABLE primitive cell 'genblk3[2].m_computeBlock_in/mCompute/ready_i_2' is not ranged by Pblock 'pblock_1'.  A reconfigurable Pblock must range all of its cell primitive types. A 'SLICE' range needs to be added to the Pblock.
Related violations: <none>

HDPR-18#105 Error
No Pblock range for cell  
HD.RECONFIGURABLE primitive cell 'genblk3[2].m_computeBlock_in/mCompute/ready_reg' is not ranged by Pblock 'pblock_1'.  A reconfigurable Pblock must range all of its cell primitive types. A 'SLICE' range needs to be added to the Pblock.
Related violations: <none>

HDPR-18#106 Error
No Pblock range for cell  
HD.RECONFIGURABLE primitive cell 'genblk3[3].m_computeBlock_in/mCompute/product[3]_i_2' is not ranged by Pblock 'pblock_1'.  A reconfigurable Pblock must range all of its cell primitive types. A 'SLICE' range needs to be added to the Pblock.
Related violations: <none>

HDPR-18#107 Error
No Pblock range for cell  
HD.RECONFIGURABLE primitive cell 'genblk3[3].m_computeBlock_in/mCompute/product[3]_i_3' is not ranged by Pblock 'pblock_1'.  A reconfigurable Pblock must range all of its cell primitive types. A 'SLICE' range needs to be added to the Pblock.
Related violations: <none>

HDPR-18#108 Error
No Pblock range for cell  
HD.RECONFIGURABLE primitive cell 'genblk3[3].m_computeBlock_in/mCompute/product[3]_i_4' is not ranged by Pblock 'pblock_1'.  A reconfigurable Pblock must range all of its cell primitive types. A 'SLICE' range needs to be added to the Pblock.
Related violations: <none>

HDPR-18#109 Error
No Pblock range for cell  
HD.RECONFIGURABLE primitive cell 'genblk3[3].m_computeBlock_in/mCompute/product[3]_i_5' is not ranged by Pblock 'pblock_1'.  A reconfigurable Pblock must range all of its cell primitive types. A 'SLICE' range needs to be added to the Pblock.
Related violations: <none>

HDPR-18#110 Error
No Pblock range for cell  
HD.RECONFIGURABLE primitive cell 'genblk3[3].m_computeBlock_in/mCompute/product[3]_i_6' is not ranged by Pblock 'pblock_1'.  A reconfigurable Pblock must range all of its cell primitive types. A 'SLICE' range needs to be added to the Pblock.
Related violations: <none>

HDPR-18#111 Error
No Pblock range for cell  
HD.RECONFIGURABLE primitive cell 'genblk3[3].m_computeBlock_in/mCompute/product[3]_i_7' is not ranged by Pblock 'pblock_1'.  A reconfigurable Pblock must range all of its cell primitive types. A 'SLICE' range needs to be added to the Pblock.
Related violations: <none>

HDPR-18#112 Error
No Pblock range for cell  
HD.RECONFIGURABLE primitive cell 'genblk3[3].m_computeBlock_in/mCompute/product[3]_i_8' is not ranged by Pblock 'pblock_1'.  A reconfigurable Pblock must range all of its cell primitive types. A 'SLICE' range needs to be added to the Pblock.
Related violations: <none>

HDPR-18#113 Error
No Pblock range for cell  
HD.RECONFIGURABLE primitive cell 'genblk3[3].m_computeBlock_in/mCompute/product[3]_i_9' is not ranged by Pblock 'pblock_1'.  A reconfigurable Pblock must range all of its cell primitive types. A 'SLICE' range needs to be added to the Pblock.
Related violations: <none>

HDPR-18#114 Error
No Pblock range for cell  
HD.RECONFIGURABLE primitive cell 'genblk3[3].m_computeBlock_in/mCompute/product[7]_i_1' is not ranged by Pblock 'pblock_1'.  A reconfigurable Pblock must range all of its cell primitive types. A 'SLICE' range needs to be added to the Pblock.
Related violations: <none>

HDPR-18#115 Error
No Pblock range for cell  
HD.RECONFIGURABLE primitive cell 'genblk3[3].m_computeBlock_in/mCompute/product[7]_i_10' is not ranged by Pblock 'pblock_1'.  A reconfigurable Pblock must range all of its cell primitive types. A 'SLICE' range needs to be added to the Pblock.
Related violations: <none>

HDPR-18#116 Error
No Pblock range for cell  
HD.RECONFIGURABLE primitive cell 'genblk3[3].m_computeBlock_in/mCompute/product[7]_i_11' is not ranged by Pblock 'pblock_1'.  A reconfigurable Pblock must range all of its cell primitive types. A 'SLICE' range needs to be added to the Pblock.
Related violations: <none>

HDPR-18#117 Error
No Pblock range for cell  
HD.RECONFIGURABLE primitive cell 'genblk3[3].m_computeBlock_in/mCompute/product[7]_i_12' is not ranged by Pblock 'pblock_1'.  A reconfigurable Pblock must range all of its cell primitive types. A 'SLICE' range needs to be added to the Pblock.
Related violations: <none>

HDPR-18#118 Error
No Pblock range for cell  
HD.RECONFIGURABLE primitive cell 'genblk3[3].m_computeBlock_in/mCompute/product[7]_i_13' is not ranged by Pblock 'pblock_1'.  A reconfigurable Pblock must range all of its cell primitive types. A 'SLICE' range needs to be added to the Pblock.
Related violations: <none>

HDPR-18#119 Error
No Pblock range for cell  
HD.RECONFIGURABLE primitive cell 'genblk3[3].m_computeBlock_in/mCompute/product[7]_i_14' is not ranged by Pblock 'pblock_1'.  A reconfigurable Pblock must range all of its cell primitive types. A 'SLICE' range needs to be added to the Pblock.
Related violations: <none>

HDPR-18#120 Error
No Pblock range for cell  
HD.RECONFIGURABLE primitive cell 'genblk3[3].m_computeBlock_in/mCompute/product[7]_i_15' is not ranged by Pblock 'pblock_1'.  A reconfigurable Pblock must range all of its cell primitive types. A 'SLICE' range needs to be added to the Pblock.
Related violations: <none>

HDPR-18#121 Error
No Pblock range for cell  
HD.RECONFIGURABLE primitive cell 'genblk3[3].m_computeBlock_in/mCompute/product[7]_i_3' is not ranged by Pblock 'pblock_1'.  A reconfigurable Pblock must range all of its cell primitive types. A 'SLICE' range needs to be added to the Pblock.
Related violations: <none>

HDPR-18#122 Error
No Pblock range for cell  
HD.RECONFIGURABLE primitive cell 'genblk3[3].m_computeBlock_in/mCompute/product[7]_i_4' is not ranged by Pblock 'pblock_1'.  A reconfigurable Pblock must range all of its cell primitive types. A 'SLICE' range needs to be added to the Pblock.
Related violations: <none>

HDPR-18#123 Error
No Pblock range for cell  
HD.RECONFIGURABLE primitive cell 'genblk3[3].m_computeBlock_in/mCompute/product[7]_i_5' is not ranged by Pblock 'pblock_1'.  A reconfigurable Pblock must range all of its cell primitive types. A 'SLICE' range needs to be added to the Pblock.
Related violations: <none>

HDPR-18#124 Error
No Pblock range for cell  
HD.RECONFIGURABLE primitive cell 'genblk3[3].m_computeBlock_in/mCompute/product[7]_i_6' is not ranged by Pblock 'pblock_1'.  A reconfigurable Pblock must range all of its cell primitive types. A 'SLICE' range needs to be added to the Pblock.
Related violations: <none>

HDPR-18#125 Error
No Pblock range for cell  
HD.RECONFIGURABLE primitive cell 'genblk3[3].m_computeBlock_in/mCompute/product[7]_i_7' is not ranged by Pblock 'pblock_1'.  A reconfigurable Pblock must range all of its cell primitive types. A 'SLICE' range needs to be added to the Pblock.
Related violations: <none>

HDPR-18#126 Error
No Pblock range for cell  
HD.RECONFIGURABLE primitive cell 'genblk3[3].m_computeBlock_in/mCompute/product[7]_i_8' is not ranged by Pblock 'pblock_1'.  A reconfigurable Pblock must range all of its cell primitive types. A 'SLICE' range needs to be added to the Pblock.
Related violations: <none>

HDPR-18#127 Error
No Pblock range for cell  
HD.RECONFIGURABLE primitive cell 'genblk3[3].m_computeBlock_in/mCompute/product[7]_i_9' is not ranged by Pblock 'pblock_1'.  A reconfigurable Pblock must range all of its cell primitive types. A 'SLICE' range needs to be added to the Pblock.
Related violations: <none>

HDPR-18#128 Error
No Pblock range for cell  
HD.RECONFIGURABLE primitive cell 'genblk3[3].m_computeBlock_in/mCompute/product_reg[0]' is not ranged by Pblock 'pblock_1'.  A reconfigurable Pblock must range all of its cell primitive types. A 'SLICE' range needs to be added to the Pblock.
Related violations: <none>

HDPR-18#129 Error
No Pblock range for cell  
HD.RECONFIGURABLE primitive cell 'genblk3[3].m_computeBlock_in/mCompute/product_reg[1]' is not ranged by Pblock 'pblock_1'.  A reconfigurable Pblock must range all of its cell primitive types. A 'SLICE' range needs to be added to the Pblock.
Related violations: <none>

HDPR-18#130 Error
No Pblock range for cell  
HD.RECONFIGURABLE primitive cell 'genblk3[3].m_computeBlock_in/mCompute/product_reg[2]' is not ranged by Pblock 'pblock_1'.  A reconfigurable Pblock must range all of its cell primitive types. A 'SLICE' range needs to be added to the Pblock.
Related violations: <none>

HDPR-18#131 Error
No Pblock range for cell  
HD.RECONFIGURABLE primitive cell 'genblk3[3].m_computeBlock_in/mCompute/product_reg[3]' is not ranged by Pblock 'pblock_1'.  A reconfigurable Pblock must range all of its cell primitive types. A 'SLICE' range needs to be added to the Pblock.
Related violations: <none>

HDPR-18#132 Error
No Pblock range for cell  
HD.RECONFIGURABLE primitive cell 'genblk3[3].m_computeBlock_in/mCompute/product_reg[3]_i_1' is not ranged by Pblock 'pblock_1'.  A reconfigurable Pblock must range all of its cell primitive types. A 'SLICE' range needs to be added to the Pblock.
Related violations: <none>

HDPR-18#133 Error
No Pblock range for cell  
HD.RECONFIGURABLE primitive cell 'genblk3[3].m_computeBlock_in/mCompute/product_reg[4]' is not ranged by Pblock 'pblock_1'.  A reconfigurable Pblock must range all of its cell primitive types. A 'SLICE' range needs to be added to the Pblock.
Related violations: <none>

HDPR-18#134 Error
No Pblock range for cell  
HD.RECONFIGURABLE primitive cell 'genblk3[3].m_computeBlock_in/mCompute/product_reg[5]' is not ranged by Pblock 'pblock_1'.  A reconfigurable Pblock must range all of its cell primitive types. A 'SLICE' range needs to be added to the Pblock.
Related violations: <none>

HDPR-18#135 Error
No Pblock range for cell  
HD.RECONFIGURABLE primitive cell 'genblk3[3].m_computeBlock_in/mCompute/product_reg[6]' is not ranged by Pblock 'pblock_1'.  A reconfigurable Pblock must range all of its cell primitive types. A 'SLICE' range needs to be added to the Pblock.
Related violations: <none>

HDPR-18#136 Error
No Pblock range for cell  
HD.RECONFIGURABLE primitive cell 'genblk3[3].m_computeBlock_in/mCompute/product_reg[7]' is not ranged by Pblock 'pblock_1'.  A reconfigurable Pblock must range all of its cell primitive types. A 'SLICE' range needs to be added to the Pblock.
Related violations: <none>

HDPR-18#137 Error
No Pblock range for cell  
HD.RECONFIGURABLE primitive cell 'genblk3[3].m_computeBlock_in/mCompute/product_reg[7]_i_2' is not ranged by Pblock 'pblock_1'.  A reconfigurable Pblock must range all of its cell primitive types. A 'SLICE' range needs to be added to the Pblock.
Related violations: <none>

HDPR-18#138 Error
No Pblock range for cell  
HD.RECONFIGURABLE primitive cell 'genblk3[3].m_computeBlock_in/mCompute/ready_i_1' is not ranged by Pblock 'pblock_1'.  A reconfigurable Pblock must range all of its cell primitive types. A 'SLICE' range needs to be added to the Pblock.
Related violations: <none>

HDPR-18#139 Error
No Pblock range for cell  
HD.RECONFIGURABLE primitive cell 'genblk3[3].m_computeBlock_in/mCompute/ready_i_2' is not ranged by Pblock 'pblock_1'.  A reconfigurable Pblock must range all of its cell primitive types. A 'SLICE' range needs to be added to the Pblock.
Related violations: <none>

HDPR-18#140 Error
No Pblock range for cell  
HD.RECONFIGURABLE primitive cell 'genblk3[3].m_computeBlock_in/mCompute/ready_reg' is not ranged by Pblock 'pblock_1'.  A reconfigurable Pblock must range all of its cell primitive types. A 'SLICE' range needs to be added to the Pblock.
Related violations: <none>

HDPR-18#141 Error
No Pblock range for cell  
HD.RECONFIGURABLE primitive cell 'genblk4[0].m_computeBlock_out/mCompute/product[3]_i_2' is not ranged by Pblock 'pblock_1'.  A reconfigurable Pblock must range all of its cell primitive types. A 'SLICE' range needs to be added to the Pblock.
Related violations: <none>

HDPR-18#142 Error
No Pblock range for cell  
HD.RECONFIGURABLE primitive cell 'genblk4[0].m_computeBlock_out/mCompute/product[3]_i_3' is not ranged by Pblock 'pblock_1'.  A reconfigurable Pblock must range all of its cell primitive types. A 'SLICE' range needs to be added to the Pblock.
Related violations: <none>

HDPR-18#143 Error
No Pblock range for cell  
HD.RECONFIGURABLE primitive cell 'genblk4[0].m_computeBlock_out/mCompute/product[3]_i_4' is not ranged by Pblock 'pblock_1'.  A reconfigurable Pblock must range all of its cell primitive types. A 'SLICE' range needs to be added to the Pblock.
Related violations: <none>

HDPR-18#144 Error
No Pblock range for cell  
HD.RECONFIGURABLE primitive cell 'genblk4[0].m_computeBlock_out/mCompute/product[3]_i_5' is not ranged by Pblock 'pblock_1'.  A reconfigurable Pblock must range all of its cell primitive types. A 'SLICE' range needs to be added to the Pblock.
Related violations: <none>

HDPR-18#145 Error
No Pblock range for cell  
HD.RECONFIGURABLE primitive cell 'genblk4[0].m_computeBlock_out/mCompute/product[3]_i_6' is not ranged by Pblock 'pblock_1'.  A reconfigurable Pblock must range all of its cell primitive types. A 'SLICE' range needs to be added to the Pblock.
Related violations: <none>

HDPR-18#146 Error
No Pblock range for cell  
HD.RECONFIGURABLE primitive cell 'genblk4[0].m_computeBlock_out/mCompute/product[3]_i_7' is not ranged by Pblock 'pblock_1'.  A reconfigurable Pblock must range all of its cell primitive types. A 'SLICE' range needs to be added to the Pblock.
Related violations: <none>

HDPR-18#147 Error
No Pblock range for cell  
HD.RECONFIGURABLE primitive cell 'genblk4[0].m_computeBlock_out/mCompute/product[3]_i_8' is not ranged by Pblock 'pblock_1'.  A reconfigurable Pblock must range all of its cell primitive types. A 'SLICE' range needs to be added to the Pblock.
Related violations: <none>

HDPR-18#148 Error
No Pblock range for cell  
HD.RECONFIGURABLE primitive cell 'genblk4[0].m_computeBlock_out/mCompute/product[3]_i_9' is not ranged by Pblock 'pblock_1'.  A reconfigurable Pblock must range all of its cell primitive types. A 'SLICE' range needs to be added to the Pblock.
Related violations: <none>

HDPR-18#149 Error
No Pblock range for cell  
HD.RECONFIGURABLE primitive cell 'genblk4[0].m_computeBlock_out/mCompute/product[7]_i_1' is not ranged by Pblock 'pblock_1'.  A reconfigurable Pblock must range all of its cell primitive types. A 'SLICE' range needs to be added to the Pblock.
Related violations: <none>

HDPR-18#150 Error
No Pblock range for cell  
HD.RECONFIGURABLE primitive cell 'genblk4[0].m_computeBlock_out/mCompute/product[7]_i_10' is not ranged by Pblock 'pblock_1'.  A reconfigurable Pblock must range all of its cell primitive types. A 'SLICE' range needs to be added to the Pblock.
Related violations: <none>

HDPR-18#151 Error
No Pblock range for cell  
HD.RECONFIGURABLE primitive cell 'genblk4[0].m_computeBlock_out/mCompute/product[7]_i_11' is not ranged by Pblock 'pblock_1'.  A reconfigurable Pblock must range all of its cell primitive types. A 'SLICE' range needs to be added to the Pblock.
Related violations: <none>

HDPR-18#152 Error
No Pblock range for cell  
HD.RECONFIGURABLE primitive cell 'genblk4[0].m_computeBlock_out/mCompute/product[7]_i_12' is not ranged by Pblock 'pblock_1'.  A reconfigurable Pblock must range all of its cell primitive types. A 'SLICE' range needs to be added to the Pblock.
Related violations: <none>

HDPR-18#153 Error
No Pblock range for cell  
HD.RECONFIGURABLE primitive cell 'genblk4[0].m_computeBlock_out/mCompute/product[7]_i_13' is not ranged by Pblock 'pblock_1'.  A reconfigurable Pblock must range all of its cell primitive types. A 'SLICE' range needs to be added to the Pblock.
Related violations: <none>

HDPR-18#154 Error
No Pblock range for cell  
HD.RECONFIGURABLE primitive cell 'genblk4[0].m_computeBlock_out/mCompute/product[7]_i_14' is not ranged by Pblock 'pblock_1'.  A reconfigurable Pblock must range all of its cell primitive types. A 'SLICE' range needs to be added to the Pblock.
Related violations: <none>

HDPR-18#155 Error
No Pblock range for cell  
HD.RECONFIGURABLE primitive cell 'genblk4[0].m_computeBlock_out/mCompute/product[7]_i_15' is not ranged by Pblock 'pblock_1'.  A reconfigurable Pblock must range all of its cell primitive types. A 'SLICE' range needs to be added to the Pblock.
Related violations: <none>

HDPR-18#156 Error
No Pblock range for cell  
HD.RECONFIGURABLE primitive cell 'genblk4[0].m_computeBlock_out/mCompute/product[7]_i_3' is not ranged by Pblock 'pblock_1'.  A reconfigurable Pblock must range all of its cell primitive types. A 'SLICE' range needs to be added to the Pblock.
Related violations: <none>

HDPR-18#157 Error
No Pblock range for cell  
HD.RECONFIGURABLE primitive cell 'genblk4[0].m_computeBlock_out/mCompute/product[7]_i_4' is not ranged by Pblock 'pblock_1'.  A reconfigurable Pblock must range all of its cell primitive types. A 'SLICE' range needs to be added to the Pblock.
Related violations: <none>

HDPR-18#158 Error
No Pblock range for cell  
HD.RECONFIGURABLE primitive cell 'genblk4[0].m_computeBlock_out/mCompute/product[7]_i_5' is not ranged by Pblock 'pblock_1'.  A reconfigurable Pblock must range all of its cell primitive types. A 'SLICE' range needs to be added to the Pblock.
Related violations: <none>

HDPR-18#159 Error
No Pblock range for cell  
HD.RECONFIGURABLE primitive cell 'genblk4[0].m_computeBlock_out/mCompute/product[7]_i_6' is not ranged by Pblock 'pblock_1'.  A reconfigurable Pblock must range all of its cell primitive types. A 'SLICE' range needs to be added to the Pblock.
Related violations: <none>

HDPR-18#160 Error
No Pblock range for cell  
HD.RECONFIGURABLE primitive cell 'genblk4[0].m_computeBlock_out/mCompute/product[7]_i_7' is not ranged by Pblock 'pblock_1'.  A reconfigurable Pblock must range all of its cell primitive types. A 'SLICE' range needs to be added to the Pblock.
Related violations: <none>

HDPR-18#161 Error
No Pblock range for cell  
HD.RECONFIGURABLE primitive cell 'genblk4[0].m_computeBlock_out/mCompute/product[7]_i_8' is not ranged by Pblock 'pblock_1'.  A reconfigurable Pblock must range all of its cell primitive types. A 'SLICE' range needs to be added to the Pblock.
Related violations: <none>

HDPR-18#162 Error
No Pblock range for cell  
HD.RECONFIGURABLE primitive cell 'genblk4[0].m_computeBlock_out/mCompute/product[7]_i_9' is not ranged by Pblock 'pblock_1'.  A reconfigurable Pblock must range all of its cell primitive types. A 'SLICE' range needs to be added to the Pblock.
Related violations: <none>

HDPR-18#163 Error
No Pblock range for cell  
HD.RECONFIGURABLE primitive cell 'genblk4[0].m_computeBlock_out/mCompute/product_reg[0]' is not ranged by Pblock 'pblock_1'.  A reconfigurable Pblock must range all of its cell primitive types. A 'SLICE' range needs to be added to the Pblock.
Related violations: <none>

HDPR-18#164 Error
No Pblock range for cell  
HD.RECONFIGURABLE primitive cell 'genblk4[0].m_computeBlock_out/mCompute/product_reg[1]' is not ranged by Pblock 'pblock_1'.  A reconfigurable Pblock must range all of its cell primitive types. A 'SLICE' range needs to be added to the Pblock.
Related violations: <none>

HDPR-18#165 Error
No Pblock range for cell  
HD.RECONFIGURABLE primitive cell 'genblk4[0].m_computeBlock_out/mCompute/product_reg[2]' is not ranged by Pblock 'pblock_1'.  A reconfigurable Pblock must range all of its cell primitive types. A 'SLICE' range needs to be added to the Pblock.
Related violations: <none>

HDPR-18#166 Error
No Pblock range for cell  
HD.RECONFIGURABLE primitive cell 'genblk4[0].m_computeBlock_out/mCompute/product_reg[3]' is not ranged by Pblock 'pblock_1'.  A reconfigurable Pblock must range all of its cell primitive types. A 'SLICE' range needs to be added to the Pblock.
Related violations: <none>

HDPR-18#167 Error
No Pblock range for cell  
HD.RECONFIGURABLE primitive cell 'genblk4[0].m_computeBlock_out/mCompute/product_reg[3]_i_1' is not ranged by Pblock 'pblock_1'.  A reconfigurable Pblock must range all of its cell primitive types. A 'SLICE' range needs to be added to the Pblock.
Related violations: <none>

HDPR-18#168 Error
No Pblock range for cell  
HD.RECONFIGURABLE primitive cell 'genblk4[0].m_computeBlock_out/mCompute/product_reg[4]' is not ranged by Pblock 'pblock_1'.  A reconfigurable Pblock must range all of its cell primitive types. A 'SLICE' range needs to be added to the Pblock.
Related violations: <none>

HDPR-18#169 Error
No Pblock range for cell  
HD.RECONFIGURABLE primitive cell 'genblk4[0].m_computeBlock_out/mCompute/product_reg[5]' is not ranged by Pblock 'pblock_1'.  A reconfigurable Pblock must range all of its cell primitive types. A 'SLICE' range needs to be added to the Pblock.
Related violations: <none>

HDPR-18#170 Error
No Pblock range for cell  
HD.RECONFIGURABLE primitive cell 'genblk4[0].m_computeBlock_out/mCompute/product_reg[6]' is not ranged by Pblock 'pblock_1'.  A reconfigurable Pblock must range all of its cell primitive types. A 'SLICE' range needs to be added to the Pblock.
Related violations: <none>

HDPR-18#171 Error
No Pblock range for cell  
HD.RECONFIGURABLE primitive cell 'genblk4[0].m_computeBlock_out/mCompute/product_reg[7]' is not ranged by Pblock 'pblock_1'.  A reconfigurable Pblock must range all of its cell primitive types. A 'SLICE' range needs to be added to the Pblock.
Related violations: <none>

HDPR-18#172 Error
No Pblock range for cell  
HD.RECONFIGURABLE primitive cell 'genblk4[0].m_computeBlock_out/mCompute/product_reg[7]_i_2' is not ranged by Pblock 'pblock_1'.  A reconfigurable Pblock must range all of its cell primitive types. A 'SLICE' range needs to be added to the Pblock.
Related violations: <none>

HDPR-18#173 Error
No Pblock range for cell  
HD.RECONFIGURABLE primitive cell 'genblk4[0].m_computeBlock_out/mCompute/ready_i_1' is not ranged by Pblock 'pblock_1'.  A reconfigurable Pblock must range all of its cell primitive types. A 'SLICE' range needs to be added to the Pblock.
Related violations: <none>

HDPR-18#174 Error
No Pblock range for cell  
HD.RECONFIGURABLE primitive cell 'genblk4[0].m_computeBlock_out/mCompute/ready_i_2' is not ranged by Pblock 'pblock_1'.  A reconfigurable Pblock must range all of its cell primitive types. A 'SLICE' range needs to be added to the Pblock.
Related violations: <none>

HDPR-18#175 Error
No Pblock range for cell  
HD.RECONFIGURABLE primitive cell 'genblk4[0].m_computeBlock_out/mCompute/ready_reg' is not ranged by Pblock 'pblock_1'.  A reconfigurable Pblock must range all of its cell primitive types. A 'SLICE' range needs to be added to the Pblock.
Related violations: <none>

HDPR-18#176 Error
No Pblock range for cell  
HD.RECONFIGURABLE primitive cell 'genblk4[1].m_computeBlock_out/mCompute/product[3]_i_2' is not ranged by Pblock 'pblock_1'.  A reconfigurable Pblock must range all of its cell primitive types. A 'SLICE' range needs to be added to the Pblock.
Related violations: <none>

HDPR-18#177 Error
No Pblock range for cell  
HD.RECONFIGURABLE primitive cell 'genblk4[1].m_computeBlock_out/mCompute/product[3]_i_3' is not ranged by Pblock 'pblock_1'.  A reconfigurable Pblock must range all of its cell primitive types. A 'SLICE' range needs to be added to the Pblock.
Related violations: <none>

HDPR-18#178 Error
No Pblock range for cell  
HD.RECONFIGURABLE primitive cell 'genblk4[1].m_computeBlock_out/mCompute/product[3]_i_4' is not ranged by Pblock 'pblock_1'.  A reconfigurable Pblock must range all of its cell primitive types. A 'SLICE' range needs to be added to the Pblock.
Related violations: <none>

HDPR-18#179 Error
No Pblock range for cell  
HD.RECONFIGURABLE primitive cell 'genblk4[1].m_computeBlock_out/mCompute/product[3]_i_5' is not ranged by Pblock 'pblock_1'.  A reconfigurable Pblock must range all of its cell primitive types. A 'SLICE' range needs to be added to the Pblock.
Related violations: <none>

HDPR-18#180 Error
No Pblock range for cell  
HD.RECONFIGURABLE primitive cell 'genblk4[1].m_computeBlock_out/mCompute/product[3]_i_6' is not ranged by Pblock 'pblock_1'.  A reconfigurable Pblock must range all of its cell primitive types. A 'SLICE' range needs to be added to the Pblock.
Related violations: <none>

HDPR-18#181 Error
No Pblock range for cell  
HD.RECONFIGURABLE primitive cell 'genblk4[1].m_computeBlock_out/mCompute/product[3]_i_7' is not ranged by Pblock 'pblock_1'.  A reconfigurable Pblock must range all of its cell primitive types. A 'SLICE' range needs to be added to the Pblock.
Related violations: <none>

HDPR-18#182 Error
No Pblock range for cell  
HD.RECONFIGURABLE primitive cell 'genblk4[1].m_computeBlock_out/mCompute/product[3]_i_8' is not ranged by Pblock 'pblock_1'.  A reconfigurable Pblock must range all of its cell primitive types. A 'SLICE' range needs to be added to the Pblock.
Related violations: <none>

HDPR-18#183 Error
No Pblock range for cell  
HD.RECONFIGURABLE primitive cell 'genblk4[1].m_computeBlock_out/mCompute/product[3]_i_9' is not ranged by Pblock 'pblock_1'.  A reconfigurable Pblock must range all of its cell primitive types. A 'SLICE' range needs to be added to the Pblock.
Related violations: <none>

HDPR-18#184 Error
No Pblock range for cell  
HD.RECONFIGURABLE primitive cell 'genblk4[1].m_computeBlock_out/mCompute/product[7]_i_1' is not ranged by Pblock 'pblock_1'.  A reconfigurable Pblock must range all of its cell primitive types. A 'SLICE' range needs to be added to the Pblock.
Related violations: <none>

HDPR-18#185 Error
No Pblock range for cell  
HD.RECONFIGURABLE primitive cell 'genblk4[1].m_computeBlock_out/mCompute/product[7]_i_10' is not ranged by Pblock 'pblock_1'.  A reconfigurable Pblock must range all of its cell primitive types. A 'SLICE' range needs to be added to the Pblock.
Related violations: <none>

HDPR-18#186 Error
No Pblock range for cell  
HD.RECONFIGURABLE primitive cell 'genblk4[1].m_computeBlock_out/mCompute/product[7]_i_11' is not ranged by Pblock 'pblock_1'.  A reconfigurable Pblock must range all of its cell primitive types. A 'SLICE' range needs to be added to the Pblock.
Related violations: <none>

HDPR-18#187 Error
No Pblock range for cell  
HD.RECONFIGURABLE primitive cell 'genblk4[1].m_computeBlock_out/mCompute/product[7]_i_12' is not ranged by Pblock 'pblock_1'.  A reconfigurable Pblock must range all of its cell primitive types. A 'SLICE' range needs to be added to the Pblock.
Related violations: <none>

HDPR-18#188 Error
No Pblock range for cell  
HD.RECONFIGURABLE primitive cell 'genblk4[1].m_computeBlock_out/mCompute/product[7]_i_13' is not ranged by Pblock 'pblock_1'.  A reconfigurable Pblock must range all of its cell primitive types. A 'SLICE' range needs to be added to the Pblock.
Related violations: <none>

HDPR-18#189 Error
No Pblock range for cell  
HD.RECONFIGURABLE primitive cell 'genblk4[1].m_computeBlock_out/mCompute/product[7]_i_14' is not ranged by Pblock 'pblock_1'.  A reconfigurable Pblock must range all of its cell primitive types. A 'SLICE' range needs to be added to the Pblock.
Related violations: <none>

HDPR-18#190 Error
No Pblock range for cell  
HD.RECONFIGURABLE primitive cell 'genblk4[1].m_computeBlock_out/mCompute/product[7]_i_15' is not ranged by Pblock 'pblock_1'.  A reconfigurable Pblock must range all of its cell primitive types. A 'SLICE' range needs to be added to the Pblock.
Related violations: <none>

HDPR-18#191 Error
No Pblock range for cell  
HD.RECONFIGURABLE primitive cell 'genblk4[1].m_computeBlock_out/mCompute/product[7]_i_3' is not ranged by Pblock 'pblock_1'.  A reconfigurable Pblock must range all of its cell primitive types. A 'SLICE' range needs to be added to the Pblock.
Related violations: <none>

HDPR-18#192 Error
No Pblock range for cell  
HD.RECONFIGURABLE primitive cell 'genblk4[1].m_computeBlock_out/mCompute/product[7]_i_4' is not ranged by Pblock 'pblock_1'.  A reconfigurable Pblock must range all of its cell primitive types. A 'SLICE' range needs to be added to the Pblock.
Related violations: <none>

HDPR-18#193 Error
No Pblock range for cell  
HD.RECONFIGURABLE primitive cell 'genblk4[1].m_computeBlock_out/mCompute/product[7]_i_5' is not ranged by Pblock 'pblock_1'.  A reconfigurable Pblock must range all of its cell primitive types. A 'SLICE' range needs to be added to the Pblock.
Related violations: <none>

HDPR-18#194 Error
No Pblock range for cell  
HD.RECONFIGURABLE primitive cell 'genblk4[1].m_computeBlock_out/mCompute/product[7]_i_6' is not ranged by Pblock 'pblock_1'.  A reconfigurable Pblock must range all of its cell primitive types. A 'SLICE' range needs to be added to the Pblock.
Related violations: <none>

HDPR-18#195 Error
No Pblock range for cell  
HD.RECONFIGURABLE primitive cell 'genblk4[1].m_computeBlock_out/mCompute/product[7]_i_7' is not ranged by Pblock 'pblock_1'.  A reconfigurable Pblock must range all of its cell primitive types. A 'SLICE' range needs to be added to the Pblock.
Related violations: <none>

HDPR-18#196 Error
No Pblock range for cell  
HD.RECONFIGURABLE primitive cell 'genblk4[1].m_computeBlock_out/mCompute/product[7]_i_8' is not ranged by Pblock 'pblock_1'.  A reconfigurable Pblock must range all of its cell primitive types. A 'SLICE' range needs to be added to the Pblock.
Related violations: <none>

HDPR-18#197 Error
No Pblock range for cell  
HD.RECONFIGURABLE primitive cell 'genblk4[1].m_computeBlock_out/mCompute/product[7]_i_9' is not ranged by Pblock 'pblock_1'.  A reconfigurable Pblock must range all of its cell primitive types. A 'SLICE' range needs to be added to the Pblock.
Related violations: <none>

HDPR-18#198 Error
No Pblock range for cell  
HD.RECONFIGURABLE primitive cell 'genblk4[1].m_computeBlock_out/mCompute/product_reg[0]' is not ranged by Pblock 'pblock_1'.  A reconfigurable Pblock must range all of its cell primitive types. A 'SLICE' range needs to be added to the Pblock.
Related violations: <none>

HDPR-18#199 Error
No Pblock range for cell  
HD.RECONFIGURABLE primitive cell 'genblk4[1].m_computeBlock_out/mCompute/product_reg[1]' is not ranged by Pblock 'pblock_1'.  A reconfigurable Pblock must range all of its cell primitive types. A 'SLICE' range needs to be added to the Pblock.
Related violations: <none>

HDPR-18#200 Error
No Pblock range for cell  
HD.RECONFIGURABLE primitive cell 'genblk4[1].m_computeBlock_out/mCompute/product_reg[2]' is not ranged by Pblock 'pblock_1'.  A reconfigurable Pblock must range all of its cell primitive types. A 'SLICE' range needs to be added to the Pblock.
Related violations: <none>

HDPR-18#201 Error
No Pblock range for cell  
HD.RECONFIGURABLE primitive cell 'genblk4[1].m_computeBlock_out/mCompute/product_reg[3]' is not ranged by Pblock 'pblock_1'.  A reconfigurable Pblock must range all of its cell primitive types. A 'SLICE' range needs to be added to the Pblock.
Related violations: <none>

HDPR-18#202 Error
No Pblock range for cell  
HD.RECONFIGURABLE primitive cell 'genblk4[1].m_computeBlock_out/mCompute/product_reg[3]_i_1' is not ranged by Pblock 'pblock_1'.  A reconfigurable Pblock must range all of its cell primitive types. A 'SLICE' range needs to be added to the Pblock.
Related violations: <none>

HDPR-18#203 Error
No Pblock range for cell  
HD.RECONFIGURABLE primitive cell 'genblk4[1].m_computeBlock_out/mCompute/product_reg[4]' is not ranged by Pblock 'pblock_1'.  A reconfigurable Pblock must range all of its cell primitive types. A 'SLICE' range needs to be added to the Pblock.
Related violations: <none>

HDPR-18#204 Error
No Pblock range for cell  
HD.RECONFIGURABLE primitive cell 'genblk4[1].m_computeBlock_out/mCompute/product_reg[5]' is not ranged by Pblock 'pblock_1'.  A reconfigurable Pblock must range all of its cell primitive types. A 'SLICE' range needs to be added to the Pblock.
Related violations: <none>

HDPR-18#205 Error
No Pblock range for cell  
HD.RECONFIGURABLE primitive cell 'genblk4[1].m_computeBlock_out/mCompute/product_reg[6]' is not ranged by Pblock 'pblock_1'.  A reconfigurable Pblock must range all of its cell primitive types. A 'SLICE' range needs to be added to the Pblock.
Related violations: <none>

HDPR-18#206 Error
No Pblock range for cell  
HD.RECONFIGURABLE primitive cell 'genblk4[1].m_computeBlock_out/mCompute/product_reg[7]' is not ranged by Pblock 'pblock_1'.  A reconfigurable Pblock must range all of its cell primitive types. A 'SLICE' range needs to be added to the Pblock.
Related violations: <none>

HDPR-18#207 Error
No Pblock range for cell  
HD.RECONFIGURABLE primitive cell 'genblk4[1].m_computeBlock_out/mCompute/product_reg[7]_i_2' is not ranged by Pblock 'pblock_1'.  A reconfigurable Pblock must range all of its cell primitive types. A 'SLICE' range needs to be added to the Pblock.
Related violations: <none>

HDPR-18#208 Error
No Pblock range for cell  
HD.RECONFIGURABLE primitive cell 'genblk4[1].m_computeBlock_out/mCompute/ready_i_1' is not ranged by Pblock 'pblock_1'.  A reconfigurable Pblock must range all of its cell primitive types. A 'SLICE' range needs to be added to the Pblock.
Related violations: <none>

HDPR-18#209 Error
No Pblock range for cell  
HD.RECONFIGURABLE primitive cell 'genblk4[1].m_computeBlock_out/mCompute/ready_i_2' is not ranged by Pblock 'pblock_1'.  A reconfigurable Pblock must range all of its cell primitive types. A 'SLICE' range needs to be added to the Pblock.
Related violations: <none>

HDPR-18#210 Error
No Pblock range for cell  
HD.RECONFIGURABLE primitive cell 'genblk4[1].m_computeBlock_out/mCompute/ready_reg' is not ranged by Pblock 'pblock_1'.  A reconfigurable Pblock must range all of its cell primitive types. A 'SLICE' range needs to be added to the Pblock.
Related violations: <none>

HDPR-18#211 Error
No Pblock range for cell  
HD.RECONFIGURABLE primitive cell 'genblk4[2].m_computeBlock_out/mCompute/product[3]_i_2' is not ranged by Pblock 'pblock_1'.  A reconfigurable Pblock must range all of its cell primitive types. A 'SLICE' range needs to be added to the Pblock.
Related violations: <none>

HDPR-18#212 Error
No Pblock range for cell  
HD.RECONFIGURABLE primitive cell 'genblk4[2].m_computeBlock_out/mCompute/product[3]_i_3' is not ranged by Pblock 'pblock_1'.  A reconfigurable Pblock must range all of its cell primitive types. A 'SLICE' range needs to be added to the Pblock.
Related violations: <none>

HDPR-18#213 Error
No Pblock range for cell  
HD.RECONFIGURABLE primitive cell 'genblk4[2].m_computeBlock_out/mCompute/product[3]_i_4' is not ranged by Pblock 'pblock_1'.  A reconfigurable Pblock must range all of its cell primitive types. A 'SLICE' range needs to be added to the Pblock.
Related violations: <none>

HDPR-18#214 Error
No Pblock range for cell  
HD.RECONFIGURABLE primitive cell 'genblk4[2].m_computeBlock_out/mCompute/product[3]_i_5' is not ranged by Pblock 'pblock_1'.  A reconfigurable Pblock must range all of its cell primitive types. A 'SLICE' range needs to be added to the Pblock.
Related violations: <none>

HDPR-18#215 Error
No Pblock range for cell  
HD.RECONFIGURABLE primitive cell 'genblk4[2].m_computeBlock_out/mCompute/product[3]_i_6' is not ranged by Pblock 'pblock_1'.  A reconfigurable Pblock must range all of its cell primitive types. A 'SLICE' range needs to be added to the Pblock.
Related violations: <none>

HDPR-18#216 Error
No Pblock range for cell  
HD.RECONFIGURABLE primitive cell 'genblk4[2].m_computeBlock_out/mCompute/product[3]_i_7' is not ranged by Pblock 'pblock_1'.  A reconfigurable Pblock must range all of its cell primitive types. A 'SLICE' range needs to be added to the Pblock.
Related violations: <none>

HDPR-18#217 Error
No Pblock range for cell  
HD.RECONFIGURABLE primitive cell 'genblk4[2].m_computeBlock_out/mCompute/product[3]_i_8' is not ranged by Pblock 'pblock_1'.  A reconfigurable Pblock must range all of its cell primitive types. A 'SLICE' range needs to be added to the Pblock.
Related violations: <none>

HDPR-18#218 Error
No Pblock range for cell  
HD.RECONFIGURABLE primitive cell 'genblk4[2].m_computeBlock_out/mCompute/product[3]_i_9' is not ranged by Pblock 'pblock_1'.  A reconfigurable Pblock must range all of its cell primitive types. A 'SLICE' range needs to be added to the Pblock.
Related violations: <none>

HDPR-18#219 Error
No Pblock range for cell  
HD.RECONFIGURABLE primitive cell 'genblk4[2].m_computeBlock_out/mCompute/product[7]_i_1' is not ranged by Pblock 'pblock_1'.  A reconfigurable Pblock must range all of its cell primitive types. A 'SLICE' range needs to be added to the Pblock.
Related violations: <none>

HDPR-18#220 Error
No Pblock range for cell  
HD.RECONFIGURABLE primitive cell 'genblk4[2].m_computeBlock_out/mCompute/product[7]_i_10' is not ranged by Pblock 'pblock_1'.  A reconfigurable Pblock must range all of its cell primitive types. A 'SLICE' range needs to be added to the Pblock.
Related violations: <none>

HDPR-18#221 Error
No Pblock range for cell  
HD.RECONFIGURABLE primitive cell 'genblk4[2].m_computeBlock_out/mCompute/product[7]_i_11' is not ranged by Pblock 'pblock_1'.  A reconfigurable Pblock must range all of its cell primitive types. A 'SLICE' range needs to be added to the Pblock.
Related violations: <none>

HDPR-18#222 Error
No Pblock range for cell  
HD.RECONFIGURABLE primitive cell 'genblk4[2].m_computeBlock_out/mCompute/product[7]_i_12' is not ranged by Pblock 'pblock_1'.  A reconfigurable Pblock must range all of its cell primitive types. A 'SLICE' range needs to be added to the Pblock.
Related violations: <none>

HDPR-18#223 Error
No Pblock range for cell  
HD.RECONFIGURABLE primitive cell 'genblk4[2].m_computeBlock_out/mCompute/product[7]_i_13' is not ranged by Pblock 'pblock_1'.  A reconfigurable Pblock must range all of its cell primitive types. A 'SLICE' range needs to be added to the Pblock.
Related violations: <none>

HDPR-18#224 Error
No Pblock range for cell  
HD.RECONFIGURABLE primitive cell 'genblk4[2].m_computeBlock_out/mCompute/product[7]_i_14' is not ranged by Pblock 'pblock_1'.  A reconfigurable Pblock must range all of its cell primitive types. A 'SLICE' range needs to be added to the Pblock.
Related violations: <none>

HDPR-18#225 Error
No Pblock range for cell  
HD.RECONFIGURABLE primitive cell 'genblk4[2].m_computeBlock_out/mCompute/product[7]_i_15' is not ranged by Pblock 'pblock_1'.  A reconfigurable Pblock must range all of its cell primitive types. A 'SLICE' range needs to be added to the Pblock.
Related violations: <none>

HDPR-18#226 Error
No Pblock range for cell  
HD.RECONFIGURABLE primitive cell 'genblk4[2].m_computeBlock_out/mCompute/product[7]_i_3' is not ranged by Pblock 'pblock_1'.  A reconfigurable Pblock must range all of its cell primitive types. A 'SLICE' range needs to be added to the Pblock.
Related violations: <none>

HDPR-18#227 Error
No Pblock range for cell  
HD.RECONFIGURABLE primitive cell 'genblk4[2].m_computeBlock_out/mCompute/product[7]_i_4' is not ranged by Pblock 'pblock_1'.  A reconfigurable Pblock must range all of its cell primitive types. A 'SLICE' range needs to be added to the Pblock.
Related violations: <none>

HDPR-18#228 Error
No Pblock range for cell  
HD.RECONFIGURABLE primitive cell 'genblk4[2].m_computeBlock_out/mCompute/product[7]_i_5' is not ranged by Pblock 'pblock_1'.  A reconfigurable Pblock must range all of its cell primitive types. A 'SLICE' range needs to be added to the Pblock.
Related violations: <none>

HDPR-18#229 Error
No Pblock range for cell  
HD.RECONFIGURABLE primitive cell 'genblk4[2].m_computeBlock_out/mCompute/product[7]_i_6' is not ranged by Pblock 'pblock_1'.  A reconfigurable Pblock must range all of its cell primitive types. A 'SLICE' range needs to be added to the Pblock.
Related violations: <none>

HDPR-18#230 Error
No Pblock range for cell  
HD.RECONFIGURABLE primitive cell 'genblk4[2].m_computeBlock_out/mCompute/product[7]_i_7' is not ranged by Pblock 'pblock_1'.  A reconfigurable Pblock must range all of its cell primitive types. A 'SLICE' range needs to be added to the Pblock.
Related violations: <none>

HDPR-18#231 Error
No Pblock range for cell  
HD.RECONFIGURABLE primitive cell 'genblk4[2].m_computeBlock_out/mCompute/product[7]_i_8' is not ranged by Pblock 'pblock_1'.  A reconfigurable Pblock must range all of its cell primitive types. A 'SLICE' range needs to be added to the Pblock.
Related violations: <none>

HDPR-18#232 Error
No Pblock range for cell  
HD.RECONFIGURABLE primitive cell 'genblk4[2].m_computeBlock_out/mCompute/product[7]_i_9' is not ranged by Pblock 'pblock_1'.  A reconfigurable Pblock must range all of its cell primitive types. A 'SLICE' range needs to be added to the Pblock.
Related violations: <none>

HDPR-18#233 Error
No Pblock range for cell  
HD.RECONFIGURABLE primitive cell 'genblk4[2].m_computeBlock_out/mCompute/product_reg[0]' is not ranged by Pblock 'pblock_1'.  A reconfigurable Pblock must range all of its cell primitive types. A 'SLICE' range needs to be added to the Pblock.
Related violations: <none>

HDPR-18#234 Error
No Pblock range for cell  
HD.RECONFIGURABLE primitive cell 'genblk4[2].m_computeBlock_out/mCompute/product_reg[1]' is not ranged by Pblock 'pblock_1'.  A reconfigurable Pblock must range all of its cell primitive types. A 'SLICE' range needs to be added to the Pblock.
Related violations: <none>

HDPR-18#235 Error
No Pblock range for cell  
HD.RECONFIGURABLE primitive cell 'genblk4[2].m_computeBlock_out/mCompute/product_reg[2]' is not ranged by Pblock 'pblock_1'.  A reconfigurable Pblock must range all of its cell primitive types. A 'SLICE' range needs to be added to the Pblock.
Related violations: <none>

HDPR-18#236 Error
No Pblock range for cell  
HD.RECONFIGURABLE primitive cell 'genblk4[2].m_computeBlock_out/mCompute/product_reg[3]' is not ranged by Pblock 'pblock_1'.  A reconfigurable Pblock must range all of its cell primitive types. A 'SLICE' range needs to be added to the Pblock.
Related violations: <none>

HDPR-18#237 Error
No Pblock range for cell  
HD.RECONFIGURABLE primitive cell 'genblk4[2].m_computeBlock_out/mCompute/product_reg[3]_i_1' is not ranged by Pblock 'pblock_1'.  A reconfigurable Pblock must range all of its cell primitive types. A 'SLICE' range needs to be added to the Pblock.
Related violations: <none>

HDPR-18#238 Error
No Pblock range for cell  
HD.RECONFIGURABLE primitive cell 'genblk4[2].m_computeBlock_out/mCompute/product_reg[4]' is not ranged by Pblock 'pblock_1'.  A reconfigurable Pblock must range all of its cell primitive types. A 'SLICE' range needs to be added to the Pblock.
Related violations: <none>

HDPR-18#239 Error
No Pblock range for cell  
HD.RECONFIGURABLE primitive cell 'genblk4[2].m_computeBlock_out/mCompute/product_reg[5]' is not ranged by Pblock 'pblock_1'.  A reconfigurable Pblock must range all of its cell primitive types. A 'SLICE' range needs to be added to the Pblock.
Related violations: <none>

HDPR-18#240 Error
No Pblock range for cell  
HD.RECONFIGURABLE primitive cell 'genblk4[2].m_computeBlock_out/mCompute/product_reg[6]' is not ranged by Pblock 'pblock_1'.  A reconfigurable Pblock must range all of its cell primitive types. A 'SLICE' range needs to be added to the Pblock.
Related violations: <none>

HDPR-18#241 Error
No Pblock range for cell  
HD.RECONFIGURABLE primitive cell 'genblk4[2].m_computeBlock_out/mCompute/product_reg[7]' is not ranged by Pblock 'pblock_1'.  A reconfigurable Pblock must range all of its cell primitive types. A 'SLICE' range needs to be added to the Pblock.
Related violations: <none>

HDPR-18#242 Error
No Pblock range for cell  
HD.RECONFIGURABLE primitive cell 'genblk4[2].m_computeBlock_out/mCompute/product_reg[7]_i_2' is not ranged by Pblock 'pblock_1'.  A reconfigurable Pblock must range all of its cell primitive types. A 'SLICE' range needs to be added to the Pblock.
Related violations: <none>

HDPR-18#243 Error
No Pblock range for cell  
HD.RECONFIGURABLE primitive cell 'genblk4[2].m_computeBlock_out/mCompute/ready_i_1' is not ranged by Pblock 'pblock_1'.  A reconfigurable Pblock must range all of its cell primitive types. A 'SLICE' range needs to be added to the Pblock.
Related violations: <none>

HDPR-18#244 Error
No Pblock range for cell  
HD.RECONFIGURABLE primitive cell 'genblk4[2].m_computeBlock_out/mCompute/ready_i_2' is not ranged by Pblock 'pblock_1'.  A reconfigurable Pblock must range all of its cell primitive types. A 'SLICE' range needs to be added to the Pblock.
Related violations: <none>

HDPR-18#245 Error
No Pblock range for cell  
HD.RECONFIGURABLE primitive cell 'genblk4[2].m_computeBlock_out/mCompute/ready_reg' is not ranged by Pblock 'pblock_1'.  A reconfigurable Pblock must range all of its cell primitive types. A 'SLICE' range needs to be added to the Pblock.
Related violations: <none>

HDPR-18#246 Error
No Pblock range for cell  
HD.RECONFIGURABLE primitive cell 'genblk4[3].m_computeBlock_out/mCompute/product[3]_i_2' is not ranged by Pblock 'pblock_1'.  A reconfigurable Pblock must range all of its cell primitive types. A 'SLICE' range needs to be added to the Pblock.
Related violations: <none>

HDPR-18#247 Error
No Pblock range for cell  
HD.RECONFIGURABLE primitive cell 'genblk4[3].m_computeBlock_out/mCompute/product[3]_i_3' is not ranged by Pblock 'pblock_1'.  A reconfigurable Pblock must range all of its cell primitive types. A 'SLICE' range needs to be added to the Pblock.
Related violations: <none>

HDPR-18#248 Error
No Pblock range for cell  
HD.RECONFIGURABLE primitive cell 'genblk4[3].m_computeBlock_out/mCompute/product[3]_i_4' is not ranged by Pblock 'pblock_1'.  A reconfigurable Pblock must range all of its cell primitive types. A 'SLICE' range needs to be added to the Pblock.
Related violations: <none>

HDPR-18#249 Error
No Pblock range for cell  
HD.RECONFIGURABLE primitive cell 'genblk4[3].m_computeBlock_out/mCompute/product[3]_i_5' is not ranged by Pblock 'pblock_1'.  A reconfigurable Pblock must range all of its cell primitive types. A 'SLICE' range needs to be added to the Pblock.
Related violations: <none>

HDPR-18#250 Error
No Pblock range for cell  
HD.RECONFIGURABLE primitive cell 'genblk4[3].m_computeBlock_out/mCompute/product[3]_i_6' is not ranged by Pblock 'pblock_1'.  A reconfigurable Pblock must range all of its cell primitive types. A 'SLICE' range needs to be added to the Pblock.
Related violations: <none>

HDPR-18#251 Error
No Pblock range for cell  
HD.RECONFIGURABLE primitive cell 'genblk4[3].m_computeBlock_out/mCompute/product[3]_i_7' is not ranged by Pblock 'pblock_1'.  A reconfigurable Pblock must range all of its cell primitive types. A 'SLICE' range needs to be added to the Pblock.
Related violations: <none>

HDPR-18#252 Error
No Pblock range for cell  
HD.RECONFIGURABLE primitive cell 'genblk4[3].m_computeBlock_out/mCompute/product[3]_i_8' is not ranged by Pblock 'pblock_1'.  A reconfigurable Pblock must range all of its cell primitive types. A 'SLICE' range needs to be added to the Pblock.
Related violations: <none>

HDPR-18#253 Error
No Pblock range for cell  
HD.RECONFIGURABLE primitive cell 'genblk4[3].m_computeBlock_out/mCompute/product[3]_i_9' is not ranged by Pblock 'pblock_1'.  A reconfigurable Pblock must range all of its cell primitive types. A 'SLICE' range needs to be added to the Pblock.
Related violations: <none>

HDPR-18#254 Error
No Pblock range for cell  
HD.RECONFIGURABLE primitive cell 'genblk4[3].m_computeBlock_out/mCompute/product[7]_i_1' is not ranged by Pblock 'pblock_1'.  A reconfigurable Pblock must range all of its cell primitive types. A 'SLICE' range needs to be added to the Pblock.
Related violations: <none>

HDPR-18#255 Error
No Pblock range for cell  
HD.RECONFIGURABLE primitive cell 'genblk4[3].m_computeBlock_out/mCompute/product[7]_i_10' is not ranged by Pblock 'pblock_1'.  A reconfigurable Pblock must range all of its cell primitive types. A 'SLICE' range needs to be added to the Pblock.
Related violations: <none>

HDPR-18#256 Error
No Pblock range for cell  
HD.RECONFIGURABLE primitive cell 'genblk4[3].m_computeBlock_out/mCompute/product[7]_i_11' is not ranged by Pblock 'pblock_1'.  A reconfigurable Pblock must range all of its cell primitive types. A 'SLICE' range needs to be added to the Pblock.
Related violations: <none>

HDPR-18#257 Error
No Pblock range for cell  
HD.RECONFIGURABLE primitive cell 'genblk4[3].m_computeBlock_out/mCompute/product[7]_i_12' is not ranged by Pblock 'pblock_1'.  A reconfigurable Pblock must range all of its cell primitive types. A 'SLICE' range needs to be added to the Pblock.
Related violations: <none>

HDPR-18#258 Error
No Pblock range for cell  
HD.RECONFIGURABLE primitive cell 'genblk4[3].m_computeBlock_out/mCompute/product[7]_i_13' is not ranged by Pblock 'pblock_1'.  A reconfigurable Pblock must range all of its cell primitive types. A 'SLICE' range needs to be added to the Pblock.
Related violations: <none>

HDPR-18#259 Error
No Pblock range for cell  
HD.RECONFIGURABLE primitive cell 'genblk4[3].m_computeBlock_out/mCompute/product[7]_i_14' is not ranged by Pblock 'pblock_1'.  A reconfigurable Pblock must range all of its cell primitive types. A 'SLICE' range needs to be added to the Pblock.
Related violations: <none>

HDPR-18#260 Error
No Pblock range for cell  
HD.RECONFIGURABLE primitive cell 'genblk4[3].m_computeBlock_out/mCompute/product[7]_i_15' is not ranged by Pblock 'pblock_1'.  A reconfigurable Pblock must range all of its cell primitive types. A 'SLICE' range needs to be added to the Pblock.
Related violations: <none>

HDPR-18#261 Error
No Pblock range for cell  
HD.RECONFIGURABLE primitive cell 'genblk4[3].m_computeBlock_out/mCompute/product[7]_i_3' is not ranged by Pblock 'pblock_1'.  A reconfigurable Pblock must range all of its cell primitive types. A 'SLICE' range needs to be added to the Pblock.
Related violations: <none>

HDPR-18#262 Error
No Pblock range for cell  
HD.RECONFIGURABLE primitive cell 'genblk4[3].m_computeBlock_out/mCompute/product[7]_i_4' is not ranged by Pblock 'pblock_1'.  A reconfigurable Pblock must range all of its cell primitive types. A 'SLICE' range needs to be added to the Pblock.
Related violations: <none>

HDPR-18#263 Error
No Pblock range for cell  
HD.RECONFIGURABLE primitive cell 'genblk4[3].m_computeBlock_out/mCompute/product[7]_i_5' is not ranged by Pblock 'pblock_1'.  A reconfigurable Pblock must range all of its cell primitive types. A 'SLICE' range needs to be added to the Pblock.
Related violations: <none>

HDPR-18#264 Error
No Pblock range for cell  
HD.RECONFIGURABLE primitive cell 'genblk4[3].m_computeBlock_out/mCompute/product[7]_i_6' is not ranged by Pblock 'pblock_1'.  A reconfigurable Pblock must range all of its cell primitive types. A 'SLICE' range needs to be added to the Pblock.
Related violations: <none>

HDPR-18#265 Error
No Pblock range for cell  
HD.RECONFIGURABLE primitive cell 'genblk4[3].m_computeBlock_out/mCompute/product[7]_i_7' is not ranged by Pblock 'pblock_1'.  A reconfigurable Pblock must range all of its cell primitive types. A 'SLICE' range needs to be added to the Pblock.
Related violations: <none>

HDPR-18#266 Error
No Pblock range for cell  
HD.RECONFIGURABLE primitive cell 'genblk4[3].m_computeBlock_out/mCompute/product[7]_i_8' is not ranged by Pblock 'pblock_1'.  A reconfigurable Pblock must range all of its cell primitive types. A 'SLICE' range needs to be added to the Pblock.
Related violations: <none>

HDPR-18#267 Error
No Pblock range for cell  
HD.RECONFIGURABLE primitive cell 'genblk4[3].m_computeBlock_out/mCompute/product[7]_i_9' is not ranged by Pblock 'pblock_1'.  A reconfigurable Pblock must range all of its cell primitive types. A 'SLICE' range needs to be added to the Pblock.
Related violations: <none>

HDPR-18#268 Error
No Pblock range for cell  
HD.RECONFIGURABLE primitive cell 'genblk4[3].m_computeBlock_out/mCompute/product_reg[0]' is not ranged by Pblock 'pblock_1'.  A reconfigurable Pblock must range all of its cell primitive types. A 'SLICE' range needs to be added to the Pblock.
Related violations: <none>

HDPR-18#269 Error
No Pblock range for cell  
HD.RECONFIGURABLE primitive cell 'genblk4[3].m_computeBlock_out/mCompute/product_reg[1]' is not ranged by Pblock 'pblock_1'.  A reconfigurable Pblock must range all of its cell primitive types. A 'SLICE' range needs to be added to the Pblock.
Related violations: <none>

HDPR-18#270 Error
No Pblock range for cell  
HD.RECONFIGURABLE primitive cell 'genblk4[3].m_computeBlock_out/mCompute/product_reg[2]' is not ranged by Pblock 'pblock_1'.  A reconfigurable Pblock must range all of its cell primitive types. A 'SLICE' range needs to be added to the Pblock.
Related violations: <none>

HDPR-18#271 Error
No Pblock range for cell  
HD.RECONFIGURABLE primitive cell 'genblk4[3].m_computeBlock_out/mCompute/product_reg[3]' is not ranged by Pblock 'pblock_1'.  A reconfigurable Pblock must range all of its cell primitive types. A 'SLICE' range needs to be added to the Pblock.
Related violations: <none>

HDPR-18#272 Error
No Pblock range for cell  
HD.RECONFIGURABLE primitive cell 'genblk4[3].m_computeBlock_out/mCompute/product_reg[3]_i_1' is not ranged by Pblock 'pblock_1'.  A reconfigurable Pblock must range all of its cell primitive types. A 'SLICE' range needs to be added to the Pblock.
Related violations: <none>

HDPR-18#273 Error
No Pblock range for cell  
HD.RECONFIGURABLE primitive cell 'genblk4[3].m_computeBlock_out/mCompute/product_reg[4]' is not ranged by Pblock 'pblock_1'.  A reconfigurable Pblock must range all of its cell primitive types. A 'SLICE' range needs to be added to the Pblock.
Related violations: <none>

HDPR-18#274 Error
No Pblock range for cell  
HD.RECONFIGURABLE primitive cell 'genblk4[3].m_computeBlock_out/mCompute/product_reg[5]' is not ranged by Pblock 'pblock_1'.  A reconfigurable Pblock must range all of its cell primitive types. A 'SLICE' range needs to be added to the Pblock.
Related violations: <none>

HDPR-18#275 Error
No Pblock range for cell  
HD.RECONFIGURABLE primitive cell 'genblk4[3].m_computeBlock_out/mCompute/product_reg[6]' is not ranged by Pblock 'pblock_1'.  A reconfigurable Pblock must range all of its cell primitive types. A 'SLICE' range needs to be added to the Pblock.
Related violations: <none>

HDPR-18#276 Error
No Pblock range for cell  
HD.RECONFIGURABLE primitive cell 'genblk4[3].m_computeBlock_out/mCompute/product_reg[7]' is not ranged by Pblock 'pblock_1'.  A reconfigurable Pblock must range all of its cell primitive types. A 'SLICE' range needs to be added to the Pblock.
Related violations: <none>

HDPR-18#277 Error
No Pblock range for cell  
HD.RECONFIGURABLE primitive cell 'genblk4[3].m_computeBlock_out/mCompute/product_reg[7]_i_2' is not ranged by Pblock 'pblock_1'.  A reconfigurable Pblock must range all of its cell primitive types. A 'SLICE' range needs to be added to the Pblock.
Related violations: <none>

HDPR-18#278 Error
No Pblock range for cell  
HD.RECONFIGURABLE primitive cell 'genblk4[3].m_computeBlock_out/mCompute/ready_i_1' is not ranged by Pblock 'pblock_1'.  A reconfigurable Pblock must range all of its cell primitive types. A 'SLICE' range needs to be added to the Pblock.
Related violations: <none>

HDPR-18#279 Error
No Pblock range for cell  
HD.RECONFIGURABLE primitive cell 'genblk4[3].m_computeBlock_out/mCompute/ready_i_2' is not ranged by Pblock 'pblock_1'.  A reconfigurable Pblock must range all of its cell primitive types. A 'SLICE' range needs to be added to the Pblock.
Related violations: <none>

HDPR-18#280 Error
No Pblock range for cell  
HD.RECONFIGURABLE primitive cell 'genblk4[3].m_computeBlock_out/mCompute/ready_reg' is not ranged by Pblock 'pblock_1'.  A reconfigurable Pblock must range all of its cell primitive types. A 'SLICE' range needs to be added to the Pblock.
Related violations: <none>

PLCK-12#1 Error
Clock Placer Checks  
Poor placement for routing between an IO pin and BUFG. 
Resolution: Poor placement of an IO pin and a BUFG has resulted in the router using a non-dedicated path between the two.  There are several things that could trigger this DRC, each of which can cause unpredictable clock insertion delays that result in poor timing.  This DRC could be caused by any of the following: (a) a clock port was placed on a pin that is not a CCIO-pin (b)the BUFG has not been placed in the same half of the device or SLR as the CCIO-pin (c) a single ended clock has been placed on the N-Side of a differential pair CCIO-pin.
 If this sub optimal condition is acceptable for this design, you may use the CLOCK_DEDICATED_ROUTE constraint in the .xdc file to demote this message to a WARNING. However, the use of this override is highly discouraged. These examples can be used directly in the .xdc file to override this clock rule.
	< set_property CLOCK_DEDICATED_ROUTE FALSE [get_nets Clk_IBUF] >

	Clk_IBUF_inst (IBUF.O) is locked to U17
	Clk_IBUF_BUFG_inst (BUFG.I) cannot be placed

Related violations: <none>

UCIO-1#1 Critical Warning
Unconstrained Logical Port  
24 out of 36 logical ports have no user assigned specific location constraint (LOC). This may cause I/O contention or incompatibility with the board power or connectivity affecting performance, signal integrity or in extreme cases cause damage to the device or the components to which it is connected. To correct this violation, specify all pin locations. This design will fail to generate a bitstream unless all logical ports have a user specified site LOC constraint defined.  To allow bitstream creation with unspecified pin locations (not recommended), use this command: set_property SEVERITY {Warning} [get_drc_checks UCIO-1].  NOTE: When using the Vivado Runs infrastructure (e.g. launch_runs Tcl command), add this command to a .tcl file and add that file as a pre-hook for write_bitstream step for the implementation run.  Problem ports: AddressSelect[4:0], bufferRD_in[3:0], bufferRD_out[3:0], mReady_in[3:0], mReady_out[3:0], outputSelect[1:0], mStart_out.
Related violations: <none>

IOSR-1#1 Warning
IOB set reset sharing  
IO dataIn[0] connects to flops which have these genblk3[0].m_computeBlock_in/psWrap/ParallelBuffer_0/inst/buff1/SR[0], genblk3[1].m_computeBlock_in/psWrap/ParallelBuffer_0/inst/buff1/SR[0], genblk3[3].m_computeBlock_in/psWrap/ParallelBuffer_0/inst/buff1/SR[0], genblk3[2].m_computeBlock_in/psWrap/ParallelBuffer_0/inst/buff1/SR[0] set/reset signals.  For optimal IOB flop packing there should be only one set/reset signal coming into the IOB.
Related violations: <none>

IOSR-1#2 Warning
IOB set reset sharing  
IO dataIn[1] connects to flops which have these genblk3[0].m_computeBlock_in/psWrap/ParallelBuffer_0/inst/buff1/SR[0], genblk3[1].m_computeBlock_in/psWrap/ParallelBuffer_0/inst/buff1/SR[0], genblk3[3].m_computeBlock_in/psWrap/ParallelBuffer_0/inst/buff1/SR[0], genblk3[2].m_computeBlock_in/psWrap/ParallelBuffer_0/inst/buff1/SR[0] set/reset signals.  For optimal IOB flop packing there should be only one set/reset signal coming into the IOB.
Related violations: <none>

IOSR-1#3 Warning
IOB set reset sharing  
IO dataIn[2] connects to flops which have these genblk3[0].m_computeBlock_in/psWrap/ParallelBuffer_0/inst/buff1/SR[0], genblk3[1].m_computeBlock_in/psWrap/ParallelBuffer_0/inst/buff1/SR[0], genblk3[3].m_computeBlock_in/psWrap/ParallelBuffer_0/inst/buff1/SR[0], genblk3[2].m_computeBlock_in/psWrap/ParallelBuffer_0/inst/buff1/SR[0] set/reset signals.  For optimal IOB flop packing there should be only one set/reset signal coming into the IOB.
Related violations: <none>

IOSR-1#4 Warning
IOB set reset sharing  
IO dataIn[3] connects to flops which have these genblk3[0].m_computeBlock_in/psWrap/ParallelBuffer_0/inst/buff1/SR[0], genblk3[1].m_computeBlock_in/psWrap/ParallelBuffer_0/inst/buff1/SR[0], genblk3[3].m_computeBlock_in/psWrap/ParallelBuffer_0/inst/buff1/SR[0], genblk3[2].m_computeBlock_in/psWrap/ParallelBuffer_0/inst/buff1/SR[0] set/reset signals.  For optimal IOB flop packing there should be only one set/reset signal coming into the IOB.
Related violations: <none>

ZPS7-1#1 Warning
PS7 block required  
The PS7 cell must be used in this Zynq design in order to enable correct default configuration.
Related violations: <none>


