Nothing to build in platform 'aFIFO_BUFFER_HW'

23:09:15 **** Incremental Build of configuration Debug for project aFIFO_BUFFER_APP ****
make all 
make --no-print-directory pre-build
a9-linaro-pre-build-step
' '
make --no-print-directory main-build
'Building file: ../src/helloworld.c'
'Invoking: ARM v7 gcc compiler'
arm-none-eabi-gcc -Wall -O0 -g3 -c -fmessage-length=0 -MT"src/helloworld.o" -mcpu=cortex-a9 -mfpu=vfpv3 -mfloat-abi=hard -IC:/GitHub/ReconHardware/FPGA_Files/Software/aFIFO_BUFFER_HW/export/aFIFO_BUFFER_HW/sw/aFIFO_BUFFER_HW/standalone_domain/bspinclude/include -MMD -MP -MF"src/helloworld.d" -MT"src/helloworld.o" -o "src/helloworld.o" "../src/helloworld.c"
../src/helloworld.c:224:1: warning: return type defaults to 'int' [-Wimplicit-int]
 read_buffer(){
 ^~~~~~~~~~~
../src/helloworld.c: In function 'read_buffer':
../src/helloworld.c:240:1: warning: control reaches end of non-void function [-Wreturn-type]
 }
 ^
'Finished building: ../src/helloworld.c'
' '
'Building target: aFIFO_BUFFER_APP.elf'
'Invoking: ARM v7 gcc linker'
arm-none-eabi-gcc -mcpu=cortex-a9 -mfpu=vfpv3 -mfloat-abi=hard -Wl,-build-id=none -specs=Xilinx.spec -Wl,-T -Wl,../src/lscript.ld -LC:/GitHub/ReconHardware/FPGA_Files/Software/aFIFO_BUFFER_HW/export/aFIFO_BUFFER_HW/sw/aFIFO_BUFFER_HW/standalone_domain/bsplib/lib -o "aFIFO_BUFFER_APP.elf"  ./src/helloworld.o ./src/platform.o   -Wl,--start-group,-lxil,-lgcc,-lc,--end-group
'Finished building target: aFIFO_BUFFER_APP.elf'
' '
'Invoking: ARM v7 Print Size'
arm-none-eabi-size aFIFO_BUFFER_APP.elf  |tee "aFIFO_BUFFER_APP.elf.size"
   text	   data	    bss	    dec	    hex	filename
  60112	   2744	  23488	  86344	  15148	aFIFO_BUFFER_APP.elf
'Finished building: aFIFO_BUFFER_APP.elf.size'
' '
23:09:16 **** Incremental Build of configuration Debug for project aFIFO_BUFFER_APP_system ****
make all 
Generating bif file for the system project
generate_system_bif.bat 54692 C:/GitHub/ReconHardware/FPGA_Files/Software/aFIFO_BUFFER_HW/export/aFIFO_BUFFER_HW/aFIFO_BUFFER_HW.xpfm standalone_domain C:/GitHub/ReconHardware/FPGA_Files/Software/aFIFO_BUFFER_APP_system/Debug/system.bif
sdcard_gen --xpfm C:/GitHub/ReconHardware/FPGA_Files/Software/aFIFO_BUFFER_HW/export/aFIFO_BUFFER_HW/aFIFO_BUFFER_HW.xpfm --sys_config aFIFO_BUFFER_HW --bif C:/GitHub/ReconHardware/FPGA_Files/Software/aFIFO_BUFFER_APP_system/Debug/system.bif --bitstream C:/GitHub/ReconHardware/FPGA_Files/Software/aFIFO_BUFFER_APP/_ide/bitstream/aFIFO.bit --elf C:/GitHub/ReconHardware/FPGA_Files/Software/aFIFO_BUFFER_APP/Debug/aFIFO_BUFFER_APP.elf,ps7_cortexa9_0
creating BOOT.BIN using C:/GitHub/ReconHardware/FPGA_Files/Software/aFIFO_BUFFER_APP/_ide/bitstream/aFIFO.bit
Running C:/Xilinx/Vitis/2019.2/bin/bootgen  -image C:/GitHub/ReconHardware/FPGA_Files/Software/aFIFO_BUFFER_APP_system/Debug/sd_card_temp/boot.bif -w -o i BOOT.BIN
